[  8%] Built target vda5050_connector__rosidl_generator_c
[  9%] Built target vda5050_connector__cpp
[ 15%] Built target gtest_main
[ 15%] Built target gtest
[ 15%] Built target ament_cmake_python_copy_vda5050_connector_py
[ 15%] Built target ament_cmake_python_copy_vda5050_connector
[ 23%] Built target vda5050_connector__rosidl_typesupport_fastrtps_c
[ 31%] Built target vda5050_connector__rosidl_typesupport_introspection_cpp
[ 43%] Built target vda5050_connector__rosidl_typesupport_c
[ 48%] Built target vda5050_connector__rosidl_typesupport_cpp
[ 56%] Built target vda5050_connector__rosidl_typesupport_introspection_c
[ 65%] Built target vda5050_connector__rosidl_typesupport_fastrtps_cpp
[ 65%] Built target vda5050_connector
[ 69%] Built target adapter
[ 70%] Built target vda5050_connector__py
[ 73%] Built target test_plugin_load
[ 79%] Built target test_node_config
[ 79%] Built target test_handler_execution
[ 84%] Built target test_plugins
[ 91%] Built target vda5050_connector__rosidl_generator_py
[ 94%] Built target vda5050_connector__rosidl_typesupport_fastrtps_c__pyext
[ 97%] Built target vda5050_connector__rosidl_typesupport_c__pyext
[100%] Built target vda5050_connector__rosidl_typesupport_introspection_c__pyext
running egg_info
writing vda5050_connector.egg-info/PKG-INFO
writing dependency_links to vda5050_connector.egg-info/dependency_links.txt
writing top-level names to vda5050_connector.egg-info/top_level.txt
reading manifest file 'vda5050_connector.egg-info/SOURCES.txt'
writing manifest file 'vda5050_connector.egg-info/SOURCES.txt'
running egg_info
writing vda5050_connector_py.egg-info/PKG-INFO
writing dependency_links to vda5050_connector_py.egg-info/dependency_links.txt
writing top-level names to vda5050_connector_py.egg-info/top_level.txt
reading manifest file 'vda5050_connector_py.egg-info/SOURCES.txt'
writing manifest file 'vda5050_connector_py.egg-info/SOURCES.txt'
[100%] Built target ament_cmake_python_build_vda5050_connector_egg
[100%] Built target ament_cmake_python_build_vda5050_connector_py_egg
-- Install configuration: ""
-- Up-to-date: /home/thegodset/fyp/install/vda5050_connector/share/ament_index/resource_index/rosidl_interfaces/vda5050_connector
-- Up-to-date: /home/thegodset/fyp/install/vda5050_connector/include/vda5050_connector/vda5050_connector
-- Up-to-date: /home/thegodset/fyp/install/vda5050_connector/include/vda5050_connector/vda5050_connector/msg
-- Up-to-date: /home/thegodset/fyp/install/vda5050_connector/include/vda5050_connector/vda5050_connector/msg/rosidl_generator_c__visibility_control.h
-- Up-to-date: /home/thegodset/fyp/install/vda5050_connector/include/vda5050_connector/vda5050_connector/srv
-- Up-to-date: /home/thegodset/fyp/install/vda5050_connector/include/vda5050_connector/vda5050_connector/srv/detail
-- Up-to-date: /home/thegodset/fyp/install/vda5050_connector/include/vda5050_connector/vda5050_connector/srv/detail/get_state__struct.h
-- Up-to-date: /home/thegodset/fyp/install/vda5050_connector/include/vda5050_connector/vda5050_connector/srv/detail/get_state__functions.h
-- Up-to-date: /home/thegodset/fyp/install/vda5050_connector/include/vda5050_connector/vda5050_connector/srv/detail/supported_actions__functions.h
-- Up-to-date: /home/thegodset/fyp/install/vda5050_connector/include/vda5050_connector/vda5050_connector/srv/detail/get_state__functions.c
-- Up-to-date: /home/thegodset/fyp/install/vda5050_connector/include/vda5050_connector/vda5050_connector/srv/detail/get_state__type_support.h
-- Up-to-date: /home/thegodset/fyp/install/vda5050_connector/include/vda5050_connector/vda5050_connector/srv/detail/supported_actions__functions.c
-- Up-to-date: /home/thegodset/fyp/install/vda5050_connector/include/vda5050_connector/vda5050_connector/srv/detail/supported_actions__struct.h
-- Up-to-date: /home/thegodset/fyp/install/vda5050_connector/include/vda5050_connector/vda5050_connector/srv/detail/supported_actions__type_support.h
-- Up-to-date: /home/thegodset/fyp/install/vda5050_connector/include/vda5050_connector/vda5050_connector/srv/supported_actions.h
-- Up-to-date: /home/thegodset/fyp/install/vda5050_connector/include/vda5050_connector/vda5050_connector/srv/get_state.h
-- Up-to-date: /home/thegodset/fyp/install/vda5050_connector/include/vda5050_connector/vda5050_connector/action
-- Up-to-date: /home/thegodset/fyp/install/vda5050_connector/include/vda5050_connector/vda5050_connector/action/detail
-- Up-to-date: /home/thegodset/fyp/install/vda5050_connector/include/vda5050_connector/vda5050_connector/action/detail/navigate_to_node__functions.c
-- Up-to-date: /home/thegodset/fyp/install/vda5050_connector/include/vda5050_connector/vda5050_connector/action/detail/process_vda_action__functions.c
-- Up-to-date: /home/thegodset/fyp/install/vda5050_connector/include/vda5050_connector/vda5050_connector/action/detail/navigate_to_node__struct.h
-- Up-to-date: /home/thegodset/fyp/install/vda5050_connector/include/vda5050_connector/vda5050_connector/action/detail/process_vda_action__struct.h
-- Up-to-date: /home/thegodset/fyp/install/vda5050_connector/include/vda5050_connector/vda5050_connector/action/detail/navigate_to_node__functions.h
-- Up-to-date: /home/thegodset/fyp/install/vda5050_connector/include/vda5050_connector/vda5050_connector/action/detail/navigate_to_node__type_support.h
-- Up-to-date: /home/thegodset/fyp/install/vda5050_connector/include/vda5050_connector/vda5050_connector/action/detail/process_vda_action__type_support.h
-- Up-to-date: /home/thegodset/fyp/install/vda5050_connector/include/vda5050_connector/vda5050_connector/action/detail/process_vda_action__functions.h
-- Up-to-date: /home/thegodset/fyp/install/vda5050_connector/include/vda5050_connector/vda5050_connector/action/navigate_to_node.h
-- Up-to-date: /home/thegodset/fyp/install/vda5050_connector/include/vda5050_connector/vda5050_connector/action/process_vda_action.h
-- Up-to-date: /home/thegodset/fyp/install/vda5050_connector/share/vda5050_connector/environment/library_path.sh
-- Up-to-date: /home/thegodset/fyp/install/vda5050_connector/share/vda5050_connector/environment/library_path.dsv
-- Up-to-date: /home/thegodset/fyp/install/vda5050_connector/lib/libvda5050_connector__rosidl_generator_c.so
-- Up-to-date: /home/thegodset/fyp/install/vda5050_connector/include/vda5050_connector/vda5050_connector
-- Up-to-date: /home/thegodset/fyp/install/vda5050_connector/include/vda5050_connector/vda5050_connector/msg
-- Up-to-date: /home/thegodset/fyp/install/vda5050_connector/include/vda5050_connector/vda5050_connector/msg/rosidl_typesupport_fastrtps_c__visibility_control.h
-- Up-to-date: /home/thegodset/fyp/install/vda5050_connector/include/vda5050_connector/vda5050_connector/srv
-- Up-to-date: /home/thegodset/fyp/install/vda5050_connector/include/vda5050_connector/vda5050_connector/srv/detail
-- Up-to-date: /home/thegodset/fyp/install/vda5050_connector/include/vda5050_connector/vda5050_connector/srv/detail/supported_actions__rosidl_typesupport_fastrtps_c.h
-- Up-to-date: /home/thegodset/fyp/install/vda5050_connector/include/vda5050_connector/vda5050_connector/srv/detail/get_state__rosidl_typesupport_fastrtps_c.h
-- Up-to-date: /home/thegodset/fyp/install/vda5050_connector/include/vda5050_connector/vda5050_connector/action
-- Up-to-date: /home/thegodset/fyp/install/vda5050_connector/include/vda5050_connector/vda5050_connector/action/detail
-- Up-to-date: /home/thegodset/fyp/install/vda5050_connector/include/vda5050_connector/vda5050_connector/action/detail/navigate_to_node__rosidl_typesupport_fastrtps_c.h
-- Up-to-date: /home/thegodset/fyp/install/vda5050_connector/include/vda5050_connector/vda5050_connector/action/detail/process_vda_action__rosidl_typesupport_fastrtps_c.h
-- Up-to-date: /home/thegodset/fyp/install/vda5050_connector/lib/libvda5050_connector__rosidl_typesupport_fastrtps_c.so
-- Up-to-date: /home/thegodset/fyp/install/vda5050_connector/include/vda5050_connector/vda5050_connector
-- Up-to-date: /home/thegodset/fyp/install/vda5050_connector/include/vda5050_connector/vda5050_connector/msg
-- Up-to-date: /home/thegodset/fyp/install/vda5050_connector/include/vda5050_connector/vda5050_connector/msg/rosidl_generator_cpp__visibility_control.hpp
-- Up-to-date: /home/thegodset/fyp/install/vda5050_connector/include/vda5050_connector/vda5050_connector/srv
-- Up-to-date: /home/thegodset/fyp/install/vda5050_connector/include/vda5050_connector/vda5050_connector/srv/detail
-- Up-to-date: /home/thegodset/fyp/install/vda5050_connector/include/vda5050_connector/vda5050_connector/srv/detail/supported_actions__traits.hpp
-- Up-to-date: /home/thegodset/fyp/install/vda5050_connector/include/vda5050_connector/vda5050_connector/srv/detail/supported_actions__type_support.hpp
-- Up-to-date: /home/thegodset/fyp/install/vda5050_connector/include/vda5050_connector/vda5050_connector/srv/detail/supported_actions__struct.hpp
-- Up-to-date: /home/thegodset/fyp/install/vda5050_connector/include/vda5050_connector/vda5050_connector/srv/detail/get_state__struct.hpp
-- Up-to-date: /home/thegodset/fyp/install/vda5050_connector/include/vda5050_connector/vda5050_connector/srv/detail/supported_actions__builder.hpp
-- Up-to-date: /home/thegodset/fyp/install/vda5050_connector/include/vda5050_connector/vda5050_connector/srv/detail/get_state__type_support.hpp
-- Up-to-date: /home/thegodset/fyp/install/vda5050_connector/include/vda5050_connector/vda5050_connector/srv/detail/get_state__builder.hpp
-- Up-to-date: /home/thegodset/fyp/install/vda5050_connector/include/vda5050_connector/vda5050_connector/srv/detail/get_state__traits.hpp
-- Up-to-date: /home/thegodset/fyp/install/vda5050_connector/include/vda5050_connector/vda5050_connector/srv/supported_actions.hpp
-- Up-to-date: /home/thegodset/fyp/install/vda5050_connector/include/vda5050_connector/vda5050_connector/srv/get_state.hpp
-- Up-to-date: /home/thegodset/fyp/install/vda5050_connector/include/vda5050_connector/vda5050_connector/action
-- Up-to-date: /home/thegodset/fyp/install/vda5050_connector/include/vda5050_connector/vda5050_connector/action/detail
-- Up-to-date: /home/thegodset/fyp/install/vda5050_connector/include/vda5050_connector/vda5050_connector/action/detail/navigate_to_node__struct.hpp
-- Up-to-date: /home/thegodset/fyp/install/vda5050_connector/include/vda5050_connector/vda5050_connector/action/detail/navigate_to_node__traits.hpp
-- Up-to-date: /home/thegodset/fyp/install/vda5050_connector/include/vda5050_connector/vda5050_connector/action/detail/process_vda_action__type_support.hpp
-- Up-to-date: /home/thegodset/fyp/install/vda5050_connector/include/vda5050_connector/vda5050_connector/action/detail/process_vda_action__builder.hpp
-- Up-to-date: /home/thegodset/fyp/install/vda5050_connector/include/vda5050_connector/vda5050_connector/action/detail/process_vda_action__struct.hpp
-- Up-to-date: /home/thegodset/fyp/install/vda5050_connector/include/vda5050_connector/vda5050_connector/action/detail/process_vda_action__traits.hpp
-- Up-to-date: /home/thegodset/fyp/install/vda5050_connector/include/vda5050_connector/vda5050_connector/action/detail/navigate_to_node__builder.hpp
-- Up-to-date: /home/thegodset/fyp/install/vda5050_connector/include/vda5050_connector/vda5050_connector/action/detail/navigate_to_node__type_support.hpp
-- Up-to-date: /home/thegodset/fyp/install/vda5050_connector/include/vda5050_connector/vda5050_connector/action/process_vda_action.hpp
-- Up-to-date: /home/thegodset/fyp/install/vda5050_connector/include/vda5050_connector/vda5050_connector/action/navigate_to_node.hpp
-- Up-to-date: /home/thegodset/fyp/install/vda5050_connector/include/vda5050_connector/vda5050_connector
-- Up-to-date: /home/thegodset/fyp/install/vda5050_connector/include/vda5050_connector/vda5050_connector/msg
-- Up-to-date: /home/thegodset/fyp/install/vda5050_connector/include/vda5050_connector/vda5050_connector/msg/rosidl_typesupport_fastrtps_cpp__visibility_control.h
-- Up-to-date: /home/thegodset/fyp/install/vda5050_connector/include/vda5050_connector/vda5050_connector/srv
-- Up-to-date: /home/thegodset/fyp/install/vda5050_connector/include/vda5050_connector/vda5050_connector/srv/detail
-- Up-to-date: /home/thegodset/fyp/install/vda5050_connector/include/vda5050_connector/vda5050_connector/srv/detail/supported_actions__rosidl_typesupport_fastrtps_cpp.hpp
-- Up-to-date: /home/thegodset/fyp/install/vda5050_connector/include/vda5050_connector/vda5050_connector/srv/detail/get_state__rosidl_typesupport_fastrtps_cpp.hpp
-- Up-to-date: /home/thegodset/fyp/install/vda5050_connector/include/vda5050_connector/vda5050_connector/srv/detail/dds_fastrtps
-- Up-to-date: /home/thegodset/fyp/install/vda5050_connector/include/vda5050_connector/vda5050_connector/action
-- Up-to-date: /home/thegodset/fyp/install/vda5050_connector/include/vda5050_connector/vda5050_connector/action/detail
-- Up-to-date: /home/thegodset/fyp/install/vda5050_connector/include/vda5050_connector/vda5050_connector/action/detail/process_vda_action__rosidl_typesupport_fastrtps_cpp.hpp
-- Up-to-date: /home/thegodset/fyp/install/vda5050_connector/include/vda5050_connector/vda5050_connector/action/detail/navigate_to_node__rosidl_typesupport_fastrtps_cpp.hpp
-- Up-to-date: /home/thegodset/fyp/install/vda5050_connector/include/vda5050_connector/vda5050_connector/action/detail/dds_fastrtps
-- Up-to-date: /home/thegodset/fyp/install/vda5050_connector/lib/libvda5050_connector__rosidl_typesupport_fastrtps_cpp.so
-- Up-to-date: /home/thegodset/fyp/install/vda5050_connector/include/vda5050_connector/vda5050_connector
-- Up-to-date: /home/thegodset/fyp/install/vda5050_connector/include/vda5050_connector/vda5050_connector/msg
-- Up-to-date: /home/thegodset/fyp/install/vda5050_connector/include/vda5050_connector/vda5050_connector/msg/rosidl_typesupport_introspection_c__visibility_control.h
-- Up-to-date: /home/thegodset/fyp/install/vda5050_connector/include/vda5050_connector/vda5050_connector/srv
-- Up-to-date: /home/thegodset/fyp/install/vda5050_connector/include/vda5050_connector/vda5050_connector/srv/detail
-- Up-to-date: /home/thegodset/fyp/install/vda5050_connector/include/vda5050_connector/vda5050_connector/srv/detail/get_state__type_support.c
-- Up-to-date: /home/thegodset/fyp/install/vda5050_connector/include/vda5050_connector/vda5050_connector/srv/detail/get_state__rosidl_typesupport_introspection_c.h
-- Up-to-date: /home/thegodset/fyp/install/vda5050_connector/include/vda5050_connector/vda5050_connector/srv/detail/supported_actions__type_support.c
-- Up-to-date: /home/thegodset/fyp/install/vda5050_connector/include/vda5050_connector/vda5050_connector/srv/detail/supported_actions__rosidl_typesupport_introspection_c.h
-- Up-to-date: /home/thegodset/fyp/install/vda5050_connector/include/vda5050_connector/vda5050_connector/action
-- Up-to-date: /home/thegodset/fyp/install/vda5050_connector/include/vda5050_connector/vda5050_connector/action/detail
-- Up-to-date: /home/thegodset/fyp/install/vda5050_connector/include/vda5050_connector/vda5050_connector/action/detail/navigate_to_node__type_support.c
-- Up-to-date: /home/thegodset/fyp/install/vda5050_connector/include/vda5050_connector/vda5050_connector/action/detail/process_vda_action__rosidl_typesupport_introspection_c.h
-- Up-to-date: /home/thegodset/fyp/install/vda5050_connector/include/vda5050_connector/vda5050_connector/action/detail/navigate_to_node__rosidl_typesupport_introspection_c.h
-- Up-to-date: /home/thegodset/fyp/install/vda5050_connector/include/vda5050_connector/vda5050_connector/action/detail/process_vda_action__type_support.c
-- Up-to-date: /home/thegodset/fyp/install/vda5050_connector/lib/libvda5050_connector__rosidl_typesupport_introspection_c.so
-- Up-to-date: /home/thegodset/fyp/install/vda5050_connector/lib/libvda5050_connector__rosidl_typesupport_c.so
-- Up-to-date: /home/thegodset/fyp/install/vda5050_connector/include/vda5050_connector/vda5050_connector
-- Up-to-date: /home/thegodset/fyp/install/vda5050_connector/include/vda5050_connector/vda5050_connector/srv
-- Up-to-date: /home/thegodset/fyp/install/vda5050_connector/include/vda5050_connector/vda5050_connector/srv/detail
-- Up-to-date: /home/thegodset/fyp/install/vda5050_connector/include/vda5050_connector/vda5050_connector/srv/detail/get_state__rosidl_typesupport_introspection_cpp.hpp
-- Up-to-date: /home/thegodset/fyp/install/vda5050_connector/include/vda5050_connector/vda5050_connector/srv/detail/get_state__type_support.cpp
-- Up-to-date: /home/thegodset/fyp/install/vda5050_connector/include/vda5050_connector/vda5050_connector/srv/detail/supported_actions__type_support.cpp
-- Up-to-date: /home/thegodset/fyp/install/vda5050_connector/include/vda5050_connector/vda5050_connector/srv/detail/supported_actions__rosidl_typesupport_introspection_cpp.hpp
-- Up-to-date: /home/thegodset/fyp/install/vda5050_connector/include/vda5050_connector/vda5050_connector/action
-- Up-to-date: /home/thegodset/fyp/install/vda5050_connector/include/vda5050_connector/vda5050_connector/action/detail
-- Up-to-date: /home/thegodset/fyp/install/vda5050_connector/include/vda5050_connector/vda5050_connector/action/detail/process_vda_action__rosidl_typesupport_introspection_cpp.hpp
-- Up-to-date: /home/thegodset/fyp/install/vda5050_connector/include/vda5050_connector/vda5050_connector/action/detail/process_vda_action__type_support.cpp
-- Up-to-date: /home/thegodset/fyp/install/vda5050_connector/include/vda5050_connector/vda5050_connector/action/detail/navigate_to_node__type_support.cpp
-- Up-to-date: /home/thegodset/fyp/install/vda5050_connector/include/vda5050_connector/vda5050_connector/action/detail/navigate_to_node__rosidl_typesupport_introspection_cpp.hpp
-- Up-to-date: /home/thegodset/fyp/install/vda5050_connector/lib/libvda5050_connector__rosidl_typesupport_introspection_cpp.so
-- Up-to-date: /home/thegodset/fyp/install/vda5050_connector/lib/libvda5050_connector__rosidl_typesupport_cpp.so
-- Up-to-date: /home/thegodset/fyp/install/vda5050_connector/share/vda5050_connector/environment/pythonpath.sh
-- Up-to-date: /home/thegodset/fyp/install/vda5050_connector/share/vda5050_connector/environment/pythonpath.dsv
-- Up-to-date: /home/thegodset/fyp/install/vda5050_connector/local/lib/python3.10/dist-packages/vda5050_connector-1.1.1-py3.10.egg-info
-- Installing: /home/thegodset/fyp/install/vda5050_connector/local/lib/python3.10/dist-packages/vda5050_connector-1.1.1-py3.10.egg-info/dependency_links.txt
-- Installing: /home/thegodset/fyp/install/vda5050_connector/local/lib/python3.10/dist-packages/vda5050_connector-1.1.1-py3.10.egg-info/SOURCES.txt
-- Installing: /home/thegodset/fyp/install/vda5050_connector/local/lib/python3.10/dist-packages/vda5050_connector-1.1.1-py3.10.egg-info/top_level.txt
-- Installing: /home/thegodset/fyp/install/vda5050_connector/local/lib/python3.10/dist-packages/vda5050_connector-1.1.1-py3.10.egg-info/PKG-INFO
-- Up-to-date: /home/thegodset/fyp/install/vda5050_connector/local/lib/python3.10/dist-packages/vda5050_connector
-- Up-to-date: /home/thegodset/fyp/install/vda5050_connector/local/lib/python3.10/dist-packages/vda5050_connector/__init__.py
-- Up-to-date: /home/thegodset/fyp/install/vda5050_connector/local/lib/python3.10/dist-packages/vda5050_connector/libvda5050_connector__rosidl_generator_py.so
-- Up-to-date: /home/thegodset/fyp/install/vda5050_connector/local/lib/python3.10/dist-packages/vda5050_connector/vda5050_connector_s__rosidl_typesupport_introspection_c.cpython-310-x86_64-linux-gnu.so
-- Up-to-date: /home/thegodset/fyp/install/vda5050_connector/local/lib/python3.10/dist-packages/vda5050_connector/vda5050_connector_s__rosidl_typesupport_fastrtps_c.cpython-310-x86_64-linux-gnu.so
-- Up-to-date: /home/thegodset/fyp/install/vda5050_connector/local/lib/python3.10/dist-packages/vda5050_connector/srv
-- Up-to-date: /home/thegodset/fyp/install/vda5050_connector/local/lib/python3.10/dist-packages/vda5050_connector/srv/__init__.py
-- Up-to-date: /home/thegodset/fyp/install/vda5050_connector/local/lib/python3.10/dist-packages/vda5050_connector/srv/_get_state_s.c
-- Up-to-date: /home/thegodset/fyp/install/vda5050_connector/local/lib/python3.10/dist-packages/vda5050_connector/srv/_supported_actions.py
-- Up-to-date: /home/thegodset/fyp/install/vda5050_connector/local/lib/python3.10/dist-packages/vda5050_connector/srv/_supported_actions_s.c
-- Up-to-date: /home/thegodset/fyp/install/vda5050_connector/local/lib/python3.10/dist-packages/vda5050_connector/srv/_get_state.py
-- Up-to-date: /home/thegodset/fyp/install/vda5050_connector/local/lib/python3.10/dist-packages/vda5050_connector/vda5050_connector_s__rosidl_typesupport_c.cpython-310-x86_64-linux-gnu.so
-- Up-to-date: /home/thegodset/fyp/install/vda5050_connector/local/lib/python3.10/dist-packages/vda5050_connector/_vda5050_connector_s.ep.rosidl_typesupport_fastrtps_c.c
-- Up-to-date: /home/thegodset/fyp/install/vda5050_connector/local/lib/python3.10/dist-packages/vda5050_connector/action
-- Up-to-date: /home/thegodset/fyp/install/vda5050_connector/local/lib/python3.10/dist-packages/vda5050_connector/action/_process_vda_action_s.c
-- Up-to-date: /home/thegodset/fyp/install/vda5050_connector/local/lib/python3.10/dist-packages/vda5050_connector/action/__init__.py
-- Up-to-date: /home/thegodset/fyp/install/vda5050_connector/local/lib/python3.10/dist-packages/vda5050_connector/action/_process_vda_action.py
-- Up-to-date: /home/thegodset/fyp/install/vda5050_connector/local/lib/python3.10/dist-packages/vda5050_connector/action/_navigate_to_node_s.c
-- Up-to-date: /home/thegodset/fyp/install/vda5050_connector/local/lib/python3.10/dist-packages/vda5050_connector/action/_navigate_to_node.py
-- Up-to-date: /home/thegodset/fyp/install/vda5050_connector/local/lib/python3.10/dist-packages/vda5050_connector/_vda5050_connector_s.ep.rosidl_typesupport_introspection_c.c
-- Up-to-date: /home/thegodset/fyp/install/vda5050_connector/local/lib/python3.10/dist-packages/vda5050_connector/_vda5050_connector_s.ep.rosidl_typesupport_c.c
Listing '/home/thegodset/fyp/install/vda5050_connector/local/lib/python3.10/dist-packages/vda5050_connector'...
Listing '/home/thegodset/fyp/install/vda5050_connector/local/lib/python3.10/dist-packages/vda5050_connector/action'...
Listing '/home/thegodset/fyp/install/vda5050_connector/local/lib/python3.10/dist-packages/vda5050_connector/srv'...
-- Up-to-date: /home/thegodset/fyp/install/vda5050_connector/local/lib/python3.10/dist-packages/vda5050_connector/vda5050_connector_s__rosidl_typesupport_fastrtps_c.cpython-310-x86_64-linux-gnu.so
-- Up-to-date: /home/thegodset/fyp/install/vda5050_connector/local/lib/python3.10/dist-packages/vda5050_connector/vda5050_connector_s__rosidl_typesupport_introspection_c.cpython-310-x86_64-linux-gnu.so
-- Up-to-date: /home/thegodset/fyp/install/vda5050_connector/local/lib/python3.10/dist-packages/vda5050_connector/vda5050_connector_s__rosidl_typesupport_c.cpython-310-x86_64-linux-gnu.so
-- Up-to-date: /home/thegodset/fyp/install/vda5050_connector/lib/libvda5050_connector__rosidl_generator_py.so
-- Up-to-date: /home/thegodset/fyp/install/vda5050_connector/share/vda5050_connector/action/NavigateToNode.idl
-- Up-to-date: /home/thegodset/fyp/install/vda5050_connector/share/vda5050_connector/action/ProcessVDAAction.idl
-- Up-to-date: /home/thegodset/fyp/install/vda5050_connector/share/vda5050_connector/srv/GetState.idl
-- Up-to-date: /home/thegodset/fyp/install/vda5050_connector/share/vda5050_connector/srv/SupportedActions.idl
-- Up-to-date: /home/thegodset/fyp/install/vda5050_connector/share/vda5050_connector/action/NavigateToNode.action
-- Up-to-date: /home/thegodset/fyp/install/vda5050_connector/share/vda5050_connector/action/ProcessVDAAction.action
-- Up-to-date: /home/thegodset/fyp/install/vda5050_connector/share/vda5050_connector/srv/GetState.srv
-- Up-to-date: /home/thegodset/fyp/install/vda5050_connector/share/vda5050_connector/srv/GetState_Request.msg
-- Up-to-date: /home/thegodset/fyp/install/vda5050_connector/share/vda5050_connector/srv/GetState_Response.msg
-- Up-to-date: /home/thegodset/fyp/install/vda5050_connector/share/vda5050_connector/srv/SupportedActions.srv
-- Up-to-date: /home/thegodset/fyp/install/vda5050_connector/share/vda5050_connector/srv/SupportedActions_Request.msg
-- Up-to-date: /home/thegodset/fyp/install/vda5050_connector/share/vda5050_connector/srv/SupportedActions_Response.msg
-- Up-to-date: /home/thegodset/fyp/install/vda5050_connector/include
-- Up-to-date: /home/thegodset/fyp/install/vda5050_connector/include/vda5050_connector
-- Up-to-date: /home/thegodset/fyp/install/vda5050_connector/include/vda5050_connector/visibility_control.h
-- Up-to-date: /home/thegodset/fyp/install/vda5050_connector/include/vda5050_connector/vda_action.hpp
-- Up-to-date: /home/thegodset/fyp/install/vda5050_connector/include/vda5050_connector/adapter.hpp
-- Up-to-date: /home/thegodset/fyp/install/vda5050_connector/include/vda5050_connector/handler.hpp
-- Up-to-date: /home/thegodset/fyp/install/vda5050_connector/include/vda5050_connector/state_handler.hpp
-- Up-to-date: /home/thegodset/fyp/install/vda5050_connector/include/vda5050_connector/nav_to_node.hpp
-- Up-to-date: /home/thegodset/fyp/install/vda5050_connector/include/vda5050_connector/utils.hpp
-- Up-to-date: /home/thegodset/fyp/install/vda5050_connector/lib/libadapter.so
-- Up-to-date: /home/thegodset/fyp/install/vda5050_connector/local/lib/python3.10/dist-packages/vda5050_connector_py-1.1.1-py3.10.egg-info
-- Installing: /home/thegodset/fyp/install/vda5050_connector/local/lib/python3.10/dist-packages/vda5050_connector_py-1.1.1-py3.10.egg-info/dependency_links.txt
-- Installing: /home/thegodset/fyp/install/vda5050_connector/local/lib/python3.10/dist-packages/vda5050_connector_py-1.1.1-py3.10.egg-info/SOURCES.txt
-- Installing: /home/thegodset/fyp/install/vda5050_connector/local/lib/python3.10/dist-packages/vda5050_connector_py-1.1.1-py3.10.egg-info/top_level.txt
-- Installing: /home/thegodset/fyp/install/vda5050_connector/local/lib/python3.10/dist-packages/vda5050_connector_py-1.1.1-py3.10.egg-info/PKG-INFO
-- Up-to-date: /home/thegodset/fyp/install/vda5050_connector/local/lib/python3.10/dist-packages/vda5050_connector_py
-- Up-to-date: /home/thegodset/fyp/install/vda5050_connector/local/lib/python3.10/dist-packages/vda5050_connector_py/vda5050_controller.py
-- Up-to-date: /home/thegodset/fyp/install/vda5050_connector/local/lib/python3.10/dist-packages/vda5050_connector_py/__init__.py
-- Installing: /home/thegodset/fyp/install/vda5050_connector/local/lib/python3.10/dist-packages/vda5050_connector_py/mqtt_bridge.py
-- Up-to-date: /home/thegodset/fyp/install/vda5050_connector/local/lib/python3.10/dist-packages/vda5050_connector_py/utils.py
-- Up-to-date: /home/thegodset/fyp/install/vda5050_connector/local/lib/python3.10/dist-packages/vda5050_connector_py/rewritten_yaml.py
Listing '/home/thegodset/fyp/install/vda5050_connector/local/lib/python3.10/dist-packages/vda5050_connector_py'...
Compiling '/home/thegodset/fyp/install/vda5050_connector/local/lib/python3.10/dist-packages/vda5050_connector_py/mqtt_bridge.py'...
-- Up-to-date: /home/thegodset/fyp/install/vda5050_connector/lib/vda5050_connector/mqtt_bridge.py
-- Up-to-date: /home/thegodset/fyp/install/vda5050_connector/lib/vda5050_connector/vda5050_controller.py
-- Up-to-date: /home/thegodset/fyp/install/vda5050_connector/share/vda5050_connector//config
-- Up-to-date: /home/thegodset/fyp/install/vda5050_connector/share/vda5050_connector//config/connector_example.yaml
-- Up-to-date: /home/thegodset/fyp/install/vda5050_connector/share/vda5050_connector//launch
-- Up-to-date: /home/thegodset/fyp/install/vda5050_connector/share/vda5050_connector//launch/mqtt_bridge.launch.py
-- Up-to-date: /home/thegodset/fyp/install/vda5050_connector/share/vda5050_connector//launch/controller.launch.py
-- Up-to-date: /home/thegodset/fyp/install/vda5050_connector/share/vda5050_connector/test/adapter/plugins_test.xml
-- Up-to-date: /home/thegodset/fyp/install/vda5050_connector/share/ament_index/resource_index/package_run_dependencies/vda5050_connector
-- Up-to-date: /home/thegodset/fyp/install/vda5050_connector/share/ament_index/resource_index/parent_prefix_path/vda5050_connector
-- Up-to-date: /home/thegodset/fyp/install/vda5050_connector/share/vda5050_connector/environment/ament_prefix_path.sh
-- Up-to-date: /home/thegodset/fyp/install/vda5050_connector/share/vda5050_connector/environment/ament_prefix_path.dsv
-- Up-to-date: /home/thegodset/fyp/install/vda5050_connector/share/vda5050_connector/environment/path.sh
-- Up-to-date: /home/thegodset/fyp/install/vda5050_connector/share/vda5050_connector/environment/path.dsv
-- Up-to-date: /home/thegodset/fyp/install/vda5050_connector/share/vda5050_connector/local_setup.bash
-- Up-to-date: /home/thegodset/fyp/install/vda5050_connector/share/vda5050_connector/local_setup.sh
-- Up-to-date: /home/thegodset/fyp/install/vda5050_connector/share/vda5050_connector/local_setup.zsh
-- Up-to-date: /home/thegodset/fyp/install/vda5050_connector/share/vda5050_connector/local_setup.dsv
-- Installing: /home/thegodset/fyp/install/vda5050_connector/share/vda5050_connector/package.dsv
-- Up-to-date: /home/thegodset/fyp/install/vda5050_connector/share/ament_index/resource_index/packages/vda5050_connector
-- Up-to-date: /home/thegodset/fyp/install/vda5050_connector/share/ament_index/resource_index/vda5050_connector__pluginlib__plugin/vda5050_connector
-- Up-to-date: /home/thegodset/fyp/install/vda5050_connector/share/vda5050_connector/cmake/export_vda5050_connector__rosidl_generator_cExport.cmake
-- Up-to-date: /home/thegodset/fyp/install/vda5050_connector/share/vda5050_connector/cmake/export_vda5050_connector__rosidl_generator_cExport-noconfig.cmake
-- Up-to-date: /home/thegodset/fyp/install/vda5050_connector/share/vda5050_connector/cmake/export_vda5050_connector__rosidl_typesupport_fastrtps_cExport.cmake
-- Up-to-date: /home/thegodset/fyp/install/vda5050_connector/share/vda5050_connector/cmake/export_vda5050_connector__rosidl_typesupport_fastrtps_cExport-noconfig.cmake
-- Up-to-date: /home/thegodset/fyp/install/vda5050_connector/share/vda5050_connector/cmake/export_vda5050_connector__rosidl_generator_cppExport.cmake
-- Up-to-date: /home/thegodset/fyp/install/vda5050_connector/share/vda5050_connector/cmake/export_vda5050_connector__rosidl_typesupport_fastrtps_cppExport.cmake
-- Up-to-date: /home/thegodset/fyp/install/vda5050_connector/share/vda5050_connector/cmake/export_vda5050_connector__rosidl_typesupport_fastrtps_cppExport-noconfig.cmake
-- Up-to-date: /home/thegodset/fyp/install/vda5050_connector/share/vda5050_connector/cmake/vda5050_connector__rosidl_typesupport_introspection_cExport.cmake
-- Up-to-date: /home/thegodset/fyp/install/vda5050_connector/share/vda5050_connector/cmake/vda5050_connector__rosidl_typesupport_introspection_cExport-noconfig.cmake
-- Up-to-date: /home/thegodset/fyp/install/vda5050_connector/share/vda5050_connector/cmake/vda5050_connector__rosidl_typesupport_cExport.cmake
-- Up-to-date: /home/thegodset/fyp/install/vda5050_connector/share/vda5050_connector/cmake/vda5050_connector__rosidl_typesupport_cExport-noconfig.cmake
-- Up-to-date: /home/thegodset/fyp/install/vda5050_connector/share/vda5050_connector/cmake/vda5050_connector__rosidl_typesupport_introspection_cppExport.cmake
-- Up-to-date: /home/thegodset/fyp/install/vda5050_connector/share/vda5050_connector/cmake/vda5050_connector__rosidl_typesupport_introspection_cppExport-noconfig.cmake
-- Up-to-date: /home/thegodset/fyp/install/vda5050_connector/share/vda5050_connector/cmake/vda5050_connector__rosidl_typesupport_cppExport.cmake
-- Up-to-date: /home/thegodset/fyp/install/vda5050_connector/share/vda5050_connector/cmake/vda5050_connector__rosidl_typesupport_cppExport-noconfig.cmake
-- Up-to-date: /home/thegodset/fyp/install/vda5050_connector/share/vda5050_connector/cmake/export_vda5050_connector__rosidl_generator_pyExport.cmake
-- Up-to-date: /home/thegodset/fyp/install/vda5050_connector/share/vda5050_connector/cmake/export_vda5050_connector__rosidl_generator_pyExport-noconfig.cmake
-- Up-to-date: /home/thegodset/fyp/install/vda5050_connector/share/vda5050_connector/cmake/export_vda5050_connectorExport.cmake
-- Up-to-date: /home/thegodset/fyp/install/vda5050_connector/share/vda5050_connector/cmake/export_vda5050_connectorExport-noconfig.cmake
-- Up-to-date: /home/thegodset/fyp/install/vda5050_connector/share/vda5050_connector/cmake/rosidl_cmake-extras.cmake
-- Up-to-date: /home/thegodset/fyp/install/vda5050_connector/share/vda5050_connector/cmake/ament_cmake_export_dependencies-extras.cmake
-- Up-to-date: /home/thegodset/fyp/install/vda5050_connector/share/vda5050_connector/cmake/ament_cmake_export_include_directories-extras.cmake
-- Up-to-date: /home/thegodset/fyp/install/vda5050_connector/share/vda5050_connector/cmake/ament_cmake_export_libraries-extras.cmake
-- Up-to-date: /home/thegodset/fyp/install/vda5050_connector/share/vda5050_connector/cmake/ament_cmake_export_targets-extras.cmake
-- Up-to-date: /home/thegodset/fyp/install/vda5050_connector/share/vda5050_connector/cmake/rosidl_cmake_export_typesupport_targets-extras.cmake
-- Up-to-date: /home/thegodset/fyp/install/vda5050_connector/share/vda5050_connector/cmake/rosidl_cmake_export_typesupport_libraries-extras.cmake
-- Up-to-date: /home/thegodset/fyp/install/vda5050_connector/share/vda5050_connector/cmake/vda5050_connectorConfig.cmake
-- Up-to-date: /home/thegodset/fyp/install/vda5050_connector/share/vda5050_connector/cmake/vda5050_connectorConfig-version.cmake
-- Up-to-date: /home/thegodset/fyp/install/vda5050_connector/share/vda5050_connector/package.xml
-- Up-to-date: /home/thegodset/fyp/install/vda5050_connector/lib/libtest_plugins.so
