[0.135s] DEBUG:colcon:Command line arguments: ['/usr/bin/colcon', 'build']
[0.136s] DEBUG:colcon:Parsed command line arguments: Namespace(log_base=None, log_level=None, verb_name='build', build_base='build', install_base='install', merge_install=False, symlink_install=False, test_result_base=None, continue_on_error=False, executor='parallel', parallel_workers=16, event_handlers=None, ignore_user_meta=False, metas=['./colcon.meta'], base_paths=['.'], packages_ignore=None, packages_ignore_regex=None, paths=None, packages_up_to=None, packages_up_to_regex=None, packages_above=None, packages_above_and_dependencies=None, packages_above_depth=None, packages_select_by_dep=None, packages_skip_by_dep=None, packages_skip_up_to=None, packages_select_build_failed=False, packages_skip_build_finished=False, packages_select_test_failures=False, packages_skip_test_passed=False, packages_select=None, packages_skip=None, packages_select_regex=None, packages_skip_regex=None, packages_start=None, packages_end=None, allow_overriding=[], cmake_args=None, cmake_target=None, cmake_target_skip_unavailable=False, cmake_clean_cache=False, cmake_clean_first=False, cmake_force_configure=False, ament_cmake_args=None, catkin_cmake_args=None, catkin_skip_building_tests=False, mixin_files=None, mixin=None, verb_parser=<colcon_mixin.mixin.mixin_argument.MixinArgumentDecorator object at 0x7f5c8f0e34f0>, verb_extension=<colcon_core.verb.build.BuildVerb object at 0x7f5c8f290be0>, main=<bound method BuildVerb.main of <colcon_core.verb.build.BuildVerb object at 0x7f5c8f290be0>>, mixin_verb=('build',))
[0.266s] Level 1:colcon.colcon_core.package_discovery:discover_packages(colcon_meta) check parameters
[0.266s] Level 1:colcon.colcon_core.package_discovery:discover_packages(recursive) check parameters
[0.266s] Level 1:colcon.colcon_core.package_discovery:discover_packages(ignore) check parameters
[0.266s] Level 1:colcon.colcon_core.package_discovery:discover_packages(path) check parameters
[0.266s] Level 1:colcon.colcon_core.package_discovery:discover_packages(colcon_meta) discover
[0.266s] Level 1:colcon.colcon_core.package_discovery:discover_packages(recursive) discover
[0.266s] INFO:colcon.colcon_core.package_discovery:Crawling recursively for packages in '/home/thegodset/fyp'
[0.266s] Level 1:colcon.colcon_core.package_identification:_identify(.) by extensions ['ignore', 'ignore_ament_install']
[0.266s] Level 1:colcon.colcon_core.package_identification:_identify(.) by extension 'ignore'
[0.266s] Level 1:colcon.colcon_core.package_identification:_identify(.) by extension 'ignore_ament_install'
[0.266s] Level 1:colcon.colcon_core.package_identification:_identify(.) by extensions ['colcon_pkg']
[0.267s] Level 1:colcon.colcon_core.package_identification:_identify(.) by extension 'colcon_pkg'
[0.267s] Level 1:colcon.colcon_core.package_identification:_identify(.) by extensions ['colcon_meta']
[0.267s] Level 1:colcon.colcon_core.package_identification:_identify(.) by extension 'colcon_meta'
[0.267s] Level 1:colcon.colcon_core.package_identification:_identify(.) by extensions ['ros']
[0.267s] Level 1:colcon.colcon_core.package_identification:_identify(.) by extension 'ros'
[0.282s] Level 1:colcon.colcon_core.package_identification:_identify(.) by extensions ['cmake', 'python']
[0.282s] Level 1:colcon.colcon_core.package_identification:_identify(.) by extension 'cmake'
[0.282s] Level 1:colcon.colcon_core.package_identification:_identify(.) by extension 'python'
[0.282s] Level 1:colcon.colcon_core.package_identification:_identify(.) by extensions ['python_setup_py']
[0.282s] Level 1:colcon.colcon_core.package_identification:_identify(.) by extension 'python_setup_py'
[0.283s] Level 1:colcon.colcon_core.package_identification:_identify(build) by extensions ['ignore', 'ignore_ament_install']
[0.283s] Level 1:colcon.colcon_core.package_identification:_identify(build) by extension 'ignore'
[0.283s] Level 1:colcon.colcon_core.package_identification:_identify(build) ignored
[0.283s] Level 1:colcon.colcon_core.package_identification:_identify(install) by extensions ['ignore', 'ignore_ament_install']
[0.283s] Level 1:colcon.colcon_core.package_identification:_identify(install) by extension 'ignore'
[0.283s] Level 1:colcon.colcon_core.package_identification:_identify(install) ignored
[0.283s] Level 1:colcon.colcon_core.package_identification:_identify(log) by extensions ['ignore', 'ignore_ament_install']
[0.283s] Level 1:colcon.colcon_core.package_identification:_identify(log) by extension 'ignore'
[0.283s] Level 1:colcon.colcon_core.package_identification:_identify(log) ignored
[0.283s] Level 1:colcon.colcon_core.package_identification:_identify(src) by extensions ['ignore', 'ignore_ament_install']
[0.283s] Level 1:colcon.colcon_core.package_identification:_identify(src) by extension 'ignore'
[0.283s] Level 1:colcon.colcon_core.package_identification:_identify(src) by extension 'ignore_ament_install'
[0.283s] Level 1:colcon.colcon_core.package_identification:_identify(src) by extensions ['colcon_pkg']
[0.283s] Level 1:colcon.colcon_core.package_identification:_identify(src) by extension 'colcon_pkg'
[0.283s] Level 1:colcon.colcon_core.package_identification:_identify(src) by extensions ['colcon_meta']
[0.283s] Level 1:colcon.colcon_core.package_identification:_identify(src) by extension 'colcon_meta'
[0.283s] Level 1:colcon.colcon_core.package_identification:_identify(src) by extensions ['ros']
[0.283s] Level 1:colcon.colcon_core.package_identification:_identify(src) by extension 'ros'
[0.283s] Level 1:colcon.colcon_core.package_identification:_identify(src) by extensions ['cmake', 'python']
[0.283s] Level 1:colcon.colcon_core.package_identification:_identify(src) by extension 'cmake'
[0.284s] Level 1:colcon.colcon_core.package_identification:_identify(src) by extension 'python'
[0.284s] Level 1:colcon.colcon_core.package_identification:_identify(src) by extensions ['python_setup_py']
[0.284s] Level 1:colcon.colcon_core.package_identification:_identify(src) by extension 'python_setup_py'
[0.284s] Level 1:colcon.colcon_core.package_identification:_identify(src/turtlebot3_simulations) by extensions ['ignore', 'ignore_ament_install']
[0.284s] Level 1:colcon.colcon_core.package_identification:_identify(src/turtlebot3_simulations) by extension 'ignore'
[0.284s] Level 1:colcon.colcon_core.package_identification:_identify(src/turtlebot3_simulations) by extension 'ignore_ament_install'
[0.284s] Level 1:colcon.colcon_core.package_identification:_identify(src/turtlebot3_simulations) by extensions ['colcon_pkg']
[0.284s] Level 1:colcon.colcon_core.package_identification:_identify(src/turtlebot3_simulations) by extension 'colcon_pkg'
[0.284s] Level 1:colcon.colcon_core.package_identification:_identify(src/turtlebot3_simulations) by extensions ['colcon_meta']
[0.284s] Level 1:colcon.colcon_core.package_identification:_identify(src/turtlebot3_simulations) by extension 'colcon_meta'
[0.284s] Level 1:colcon.colcon_core.package_identification:_identify(src/turtlebot3_simulations) by extensions ['ros']
[0.284s] Level 1:colcon.colcon_core.package_identification:_identify(src/turtlebot3_simulations) by extension 'ros'
[0.284s] Level 1:colcon.colcon_core.package_identification:_identify(src/turtlebot3_simulations) by extensions ['cmake', 'python']
[0.284s] Level 1:colcon.colcon_core.package_identification:_identify(src/turtlebot3_simulations) by extension 'cmake'
[0.284s] Level 1:colcon.colcon_core.package_identification:_identify(src/turtlebot3_simulations) by extension 'python'
[0.284s] Level 1:colcon.colcon_core.package_identification:_identify(src/turtlebot3_simulations) by extensions ['python_setup_py']
[0.284s] Level 1:colcon.colcon_core.package_identification:_identify(src/turtlebot3_simulations) by extension 'python_setup_py'
[0.284s] Level 1:colcon.colcon_core.package_identification:_identify(src/turtlebot3_simulations/turtlebot3_fake_node) by extensions ['ignore', 'ignore_ament_install']
[0.284s] Level 1:colcon.colcon_core.package_identification:_identify(src/turtlebot3_simulations/turtlebot3_fake_node) by extension 'ignore'
[0.284s] Level 1:colcon.colcon_core.package_identification:_identify(src/turtlebot3_simulations/turtlebot3_fake_node) by extension 'ignore_ament_install'
[0.284s] Level 1:colcon.colcon_core.package_identification:_identify(src/turtlebot3_simulations/turtlebot3_fake_node) by extensions ['colcon_pkg']
[0.284s] Level 1:colcon.colcon_core.package_identification:_identify(src/turtlebot3_simulations/turtlebot3_fake_node) by extension 'colcon_pkg'
[0.284s] Level 1:colcon.colcon_core.package_identification:_identify(src/turtlebot3_simulations/turtlebot3_fake_node) by extensions ['colcon_meta']
[0.284s] Level 1:colcon.colcon_core.package_identification:_identify(src/turtlebot3_simulations/turtlebot3_fake_node) by extension 'colcon_meta'
[0.284s] Level 1:colcon.colcon_core.package_identification:_identify(src/turtlebot3_simulations/turtlebot3_fake_node) by extensions ['ros']
[0.284s] Level 1:colcon.colcon_core.package_identification:_identify(src/turtlebot3_simulations/turtlebot3_fake_node) by extension 'ros'
[0.286s] DEBUG:colcon.colcon_core.package_identification:Package 'src/turtlebot3_simulations/turtlebot3_fake_node' with type 'ros.ament_cmake' and name 'turtlebot3_fake_node'
[0.286s] Level 1:colcon.colcon_core.package_identification:_identify(src/turtlebot3_simulations/turtlebot3_gazebo) by extensions ['ignore', 'ignore_ament_install']
[0.286s] Level 1:colcon.colcon_core.package_identification:_identify(src/turtlebot3_simulations/turtlebot3_gazebo) by extension 'ignore'
[0.286s] Level 1:colcon.colcon_core.package_identification:_identify(src/turtlebot3_simulations/turtlebot3_gazebo) by extension 'ignore_ament_install'
[0.286s] Level 1:colcon.colcon_core.package_identification:_identify(src/turtlebot3_simulations/turtlebot3_gazebo) by extensions ['colcon_pkg']
[0.286s] Level 1:colcon.colcon_core.package_identification:_identify(src/turtlebot3_simulations/turtlebot3_gazebo) by extension 'colcon_pkg'
[0.286s] Level 1:colcon.colcon_core.package_identification:_identify(src/turtlebot3_simulations/turtlebot3_gazebo) by extensions ['colcon_meta']
[0.286s] Level 1:colcon.colcon_core.package_identification:_identify(src/turtlebot3_simulations/turtlebot3_gazebo) by extension 'colcon_meta'
[0.286s] Level 1:colcon.colcon_core.package_identification:_identify(src/turtlebot3_simulations/turtlebot3_gazebo) by extensions ['ros']
[0.286s] Level 1:colcon.colcon_core.package_identification:_identify(src/turtlebot3_simulations/turtlebot3_gazebo) by extension 'ros'
[0.287s] DEBUG:colcon.colcon_core.package_identification:Package 'src/turtlebot3_simulations/turtlebot3_gazebo' with type 'ros.ament_cmake' and name 'turtlebot3_gazebo'
[0.287s] Level 1:colcon.colcon_core.package_identification:_identify(src/turtlebot3_simulations/turtlebot3_nav) by extensions ['ignore', 'ignore_ament_install']
[0.287s] Level 1:colcon.colcon_core.package_identification:_identify(src/turtlebot3_simulations/turtlebot3_nav) by extension 'ignore'
[0.287s] Level 1:colcon.colcon_core.package_identification:_identify(src/turtlebot3_simulations/turtlebot3_nav) by extension 'ignore_ament_install'
[0.287s] Level 1:colcon.colcon_core.package_identification:_identify(src/turtlebot3_simulations/turtlebot3_nav) by extensions ['colcon_pkg']
[0.287s] Level 1:colcon.colcon_core.package_identification:_identify(src/turtlebot3_simulations/turtlebot3_nav) by extension 'colcon_pkg'
[0.287s] Level 1:colcon.colcon_core.package_identification:_identify(src/turtlebot3_simulations/turtlebot3_nav) by extensions ['colcon_meta']
[0.287s] Level 1:colcon.colcon_core.package_identification:_identify(src/turtlebot3_simulations/turtlebot3_nav) by extension 'colcon_meta'
[0.287s] Level 1:colcon.colcon_core.package_identification:_identify(src/turtlebot3_simulations/turtlebot3_nav) by extensions ['ros']
[0.287s] Level 1:colcon.colcon_core.package_identification:_identify(src/turtlebot3_simulations/turtlebot3_nav) by extension 'ros'
[0.287s] Level 1:colcon.colcon_core.package_identification:_identify(src/turtlebot3_simulations/turtlebot3_nav) by extensions ['cmake', 'python']
[0.287s] Level 1:colcon.colcon_core.package_identification:_identify(src/turtlebot3_simulations/turtlebot3_nav) by extension 'cmake'
[0.287s] Level 1:colcon.colcon_core.package_identification:_identify(src/turtlebot3_simulations/turtlebot3_nav) by extension 'python'
[0.287s] Level 1:colcon.colcon_core.package_identification:_identify(src/turtlebot3_simulations/turtlebot3_nav) by extensions ['python_setup_py']
[0.287s] Level 1:colcon.colcon_core.package_identification:_identify(src/turtlebot3_simulations/turtlebot3_nav) by extension 'python_setup_py'
[0.288s] Level 1:colcon.colcon_core.package_identification:_identify(src/turtlebot3_simulations/turtlebot3_simulations) by extensions ['ignore', 'ignore_ament_install']
[0.288s] Level 1:colcon.colcon_core.package_identification:_identify(src/turtlebot3_simulations/turtlebot3_simulations) by extension 'ignore'
[0.288s] Level 1:colcon.colcon_core.package_identification:_identify(src/turtlebot3_simulations/turtlebot3_simulations) by extension 'ignore_ament_install'
[0.288s] Level 1:colcon.colcon_core.package_identification:_identify(src/turtlebot3_simulations/turtlebot3_simulations) by extensions ['colcon_pkg']
[0.288s] Level 1:colcon.colcon_core.package_identification:_identify(src/turtlebot3_simulations/turtlebot3_simulations) by extension 'colcon_pkg'
[0.288s] Level 1:colcon.colcon_core.package_identification:_identify(src/turtlebot3_simulations/turtlebot3_simulations) by extensions ['colcon_meta']
[0.288s] Level 1:colcon.colcon_core.package_identification:_identify(src/turtlebot3_simulations/turtlebot3_simulations) by extension 'colcon_meta'
[0.288s] Level 1:colcon.colcon_core.package_identification:_identify(src/turtlebot3_simulations/turtlebot3_simulations) by extensions ['ros']
[0.288s] Level 1:colcon.colcon_core.package_identification:_identify(src/turtlebot3_simulations/turtlebot3_simulations) by extension 'ros'
[0.288s] DEBUG:colcon.colcon_core.package_identification:Package 'src/turtlebot3_simulations/turtlebot3_simulations' with type 'ros.ament_cmake' and name 'turtlebot3_simulations'
[0.288s] Level 1:colcon.colcon_core.package_identification:_identify(src/vda5050_adapter) by extensions ['ignore', 'ignore_ament_install']
[0.288s] Level 1:colcon.colcon_core.package_identification:_identify(src/vda5050_adapter) by extension 'ignore'
[0.288s] Level 1:colcon.colcon_core.package_identification:_identify(src/vda5050_adapter) by extension 'ignore_ament_install'
[0.288s] Level 1:colcon.colcon_core.package_identification:_identify(src/vda5050_adapter) by extensions ['colcon_pkg']
[0.288s] Level 1:colcon.colcon_core.package_identification:_identify(src/vda5050_adapter) by extension 'colcon_pkg'
[0.288s] Level 1:colcon.colcon_core.package_identification:_identify(src/vda5050_adapter) by extensions ['colcon_meta']
[0.288s] Level 1:colcon.colcon_core.package_identification:_identify(src/vda5050_adapter) by extension 'colcon_meta'
[0.288s] Level 1:colcon.colcon_core.package_identification:_identify(src/vda5050_adapter) by extensions ['ros']
[0.288s] Level 1:colcon.colcon_core.package_identification:_identify(src/vda5050_adapter) by extension 'ros'
[0.289s] DEBUG:colcon.colcon_core.package_identification:Package 'src/vda5050_adapter' with type 'ros.ament_python' and name 'vda5050_adapter'
[0.289s] Level 1:colcon.colcon_core.package_identification:_identify(src/vda5050_connector) by extensions ['ignore', 'ignore_ament_install']
[0.289s] Level 1:colcon.colcon_core.package_identification:_identify(src/vda5050_connector) by extension 'ignore'
[0.289s] Level 1:colcon.colcon_core.package_identification:_identify(src/vda5050_connector) by extension 'ignore_ament_install'
[0.290s] Level 1:colcon.colcon_core.package_identification:_identify(src/vda5050_connector) by extensions ['colcon_pkg']
[0.290s] Level 1:colcon.colcon_core.package_identification:_identify(src/vda5050_connector) by extension 'colcon_pkg'
[0.290s] Level 1:colcon.colcon_core.package_identification:_identify(src/vda5050_connector) by extensions ['colcon_meta']
[0.290s] Level 1:colcon.colcon_core.package_identification:_identify(src/vda5050_connector) by extension 'colcon_meta'
[0.290s] Level 1:colcon.colcon_core.package_identification:_identify(src/vda5050_connector) by extensions ['ros']
[0.290s] Level 1:colcon.colcon_core.package_identification:_identify(src/vda5050_connector) by extension 'ros'
[0.291s] DEBUG:colcon.colcon_core.package_identification:Package 'src/vda5050_connector' with type 'ros.ament_cmake' and name 'vda5050_connector'
[0.291s] Level 1:colcon.colcon_core.package_identification:_identify(src/vda5050_msgs) by extensions ['ignore', 'ignore_ament_install']
[0.291s] Level 1:colcon.colcon_core.package_identification:_identify(src/vda5050_msgs) by extension 'ignore'
[0.291s] Level 1:colcon.colcon_core.package_identification:_identify(src/vda5050_msgs) by extension 'ignore_ament_install'
[0.291s] Level 1:colcon.colcon_core.package_identification:_identify(src/vda5050_msgs) by extensions ['colcon_pkg']
[0.291s] Level 1:colcon.colcon_core.package_identification:_identify(src/vda5050_msgs) by extension 'colcon_pkg'
[0.291s] Level 1:colcon.colcon_core.package_identification:_identify(src/vda5050_msgs) by extensions ['colcon_meta']
[0.291s] Level 1:colcon.colcon_core.package_identification:_identify(src/vda5050_msgs) by extension 'colcon_meta'
[0.291s] Level 1:colcon.colcon_core.package_identification:_identify(src/vda5050_msgs) by extensions ['ros']
[0.291s] Level 1:colcon.colcon_core.package_identification:_identify(src/vda5050_msgs) by extension 'ros'
[0.291s] DEBUG:colcon.colcon_core.package_identification:Package 'src/vda5050_msgs' with type 'ros.ament_cmake' and name 'vda5050_msgs'
[0.291s] Level 1:colcon.colcon_core.package_discovery:discover_packages(recursive) using defaults
[0.291s] Level 1:colcon.colcon_core.package_discovery:discover_packages(ignore) discover
[0.291s] Level 1:colcon.colcon_core.package_discovery:discover_packages(ignore) using defaults
[0.292s] Level 1:colcon.colcon_core.package_discovery:discover_packages(path) discover
[0.292s] Level 1:colcon.colcon_core.package_discovery:discover_packages(path) using defaults
[0.314s] Level 1:colcon.colcon_core.package_discovery:discover_packages(prefix_path) check parameters
[0.315s] Level 1:colcon.colcon_core.package_discovery:discover_packages(prefix_path) discover
[0.318s] DEBUG:colcon.colcon_installed_package_information.package_discovery:Found 441 installed packages in /opt/ros/humble
[0.320s] Level 1:colcon.colcon_core.package_discovery:discover_packages(prefix_path) using defaults
[0.369s] Level 5:colcon.colcon_core.verb:set package 'turtlebot3_fake_node' build argument 'cmake_args' from command line to 'None'
[0.369s] Level 5:colcon.colcon_core.verb:set package 'turtlebot3_fake_node' build argument 'cmake_target' from command line to 'None'
[0.369s] Level 5:colcon.colcon_core.verb:set package 'turtlebot3_fake_node' build argument 'cmake_target_skip_unavailable' from command line to 'False'
[0.369s] Level 5:colcon.colcon_core.verb:set package 'turtlebot3_fake_node' build argument 'cmake_clean_cache' from command line to 'False'
[0.369s] Level 5:colcon.colcon_core.verb:set package 'turtlebot3_fake_node' build argument 'cmake_clean_first' from command line to 'False'
[0.369s] Level 5:colcon.colcon_core.verb:set package 'turtlebot3_fake_node' build argument 'cmake_force_configure' from command line to 'False'
[0.369s] Level 5:colcon.colcon_core.verb:set package 'turtlebot3_fake_node' build argument 'ament_cmake_args' from command line to 'None'
[0.369s] Level 5:colcon.colcon_core.verb:set package 'turtlebot3_fake_node' build argument 'catkin_cmake_args' from command line to 'None'
[0.369s] Level 5:colcon.colcon_core.verb:set package 'turtlebot3_fake_node' build argument 'catkin_skip_building_tests' from command line to 'False'
[0.369s] DEBUG:colcon.colcon_core.verb:Building package 'turtlebot3_fake_node' with the following arguments: {'ament_cmake_args': None, 'build_base': '/home/thegodset/fyp/build/turtlebot3_fake_node', 'catkin_cmake_args': None, 'catkin_skip_building_tests': False, 'cmake_args': None, 'cmake_clean_cache': False, 'cmake_clean_first': False, 'cmake_force_configure': False, 'cmake_target': None, 'cmake_target_skip_unavailable': False, 'install_base': '/home/thegodset/fyp/install/turtlebot3_fake_node', 'merge_install': False, 'path': '/home/thegodset/fyp/src/turtlebot3_simulations/turtlebot3_fake_node', 'symlink_install': False, 'test_result_base': None}
[0.370s] Level 5:colcon.colcon_core.verb:set package 'turtlebot3_gazebo' build argument 'cmake_args' from command line to 'None'
[0.370s] Level 5:colcon.colcon_core.verb:set package 'turtlebot3_gazebo' build argument 'cmake_target' from command line to 'None'
[0.370s] Level 5:colcon.colcon_core.verb:set package 'turtlebot3_gazebo' build argument 'cmake_target_skip_unavailable' from command line to 'False'
[0.370s] Level 5:colcon.colcon_core.verb:set package 'turtlebot3_gazebo' build argument 'cmake_clean_cache' from command line to 'False'
[0.370s] Level 5:colcon.colcon_core.verb:set package 'turtlebot3_gazebo' build argument 'cmake_clean_first' from command line to 'False'
[0.370s] Level 5:colcon.colcon_core.verb:set package 'turtlebot3_gazebo' build argument 'cmake_force_configure' from command line to 'False'
[0.370s] Level 5:colcon.colcon_core.verb:set package 'turtlebot3_gazebo' build argument 'ament_cmake_args' from command line to 'None'
[0.370s] Level 5:colcon.colcon_core.verb:set package 'turtlebot3_gazebo' build argument 'catkin_cmake_args' from command line to 'None'
[0.370s] Level 5:colcon.colcon_core.verb:set package 'turtlebot3_gazebo' build argument 'catkin_skip_building_tests' from command line to 'False'
[0.370s] DEBUG:colcon.colcon_core.verb:Building package 'turtlebot3_gazebo' with the following arguments: {'ament_cmake_args': None, 'build_base': '/home/thegodset/fyp/build/turtlebot3_gazebo', 'catkin_cmake_args': None, 'catkin_skip_building_tests': False, 'cmake_args': None, 'cmake_clean_cache': False, 'cmake_clean_first': False, 'cmake_force_configure': False, 'cmake_target': None, 'cmake_target_skip_unavailable': False, 'install_base': '/home/thegodset/fyp/install/turtlebot3_gazebo', 'merge_install': False, 'path': '/home/thegodset/fyp/src/turtlebot3_simulations/turtlebot3_gazebo', 'symlink_install': False, 'test_result_base': None}
[0.370s] Level 5:colcon.colcon_core.verb:set package 'vda5050_msgs' build argument 'cmake_args' from command line to 'None'
[0.370s] Level 5:colcon.colcon_core.verb:set package 'vda5050_msgs' build argument 'cmake_target' from command line to 'None'
[0.370s] Level 5:colcon.colcon_core.verb:set package 'vda5050_msgs' build argument 'cmake_target_skip_unavailable' from command line to 'False'
[0.370s] Level 5:colcon.colcon_core.verb:set package 'vda5050_msgs' build argument 'cmake_clean_cache' from command line to 'False'
[0.370s] Level 5:colcon.colcon_core.verb:set package 'vda5050_msgs' build argument 'cmake_clean_first' from command line to 'False'
[0.370s] Level 5:colcon.colcon_core.verb:set package 'vda5050_msgs' build argument 'cmake_force_configure' from command line to 'False'
[0.370s] Level 5:colcon.colcon_core.verb:set package 'vda5050_msgs' build argument 'ament_cmake_args' from command line to 'None'
[0.370s] Level 5:colcon.colcon_core.verb:set package 'vda5050_msgs' build argument 'catkin_cmake_args' from command line to 'None'
[0.370s] Level 5:colcon.colcon_core.verb:set package 'vda5050_msgs' build argument 'catkin_skip_building_tests' from command line to 'False'
[0.370s] DEBUG:colcon.colcon_core.verb:Building package 'vda5050_msgs' with the following arguments: {'ament_cmake_args': None, 'build_base': '/home/thegodset/fyp/build/vda5050_msgs', 'catkin_cmake_args': None, 'catkin_skip_building_tests': False, 'cmake_args': None, 'cmake_clean_cache': False, 'cmake_clean_first': False, 'cmake_force_configure': False, 'cmake_target': None, 'cmake_target_skip_unavailable': False, 'install_base': '/home/thegodset/fyp/install/vda5050_msgs', 'merge_install': False, 'path': '/home/thegodset/fyp/src/vda5050_msgs', 'symlink_install': False, 'test_result_base': None}
[0.370s] Level 5:colcon.colcon_core.verb:set package 'turtlebot3_simulations' build argument 'cmake_args' from command line to 'None'
[0.370s] Level 5:colcon.colcon_core.verb:set package 'turtlebot3_simulations' build argument 'cmake_target' from command line to 'None'
[0.370s] Level 5:colcon.colcon_core.verb:set package 'turtlebot3_simulations' build argument 'cmake_target_skip_unavailable' from command line to 'False'
[0.370s] Level 5:colcon.colcon_core.verb:set package 'turtlebot3_simulations' build argument 'cmake_clean_cache' from command line to 'False'
[0.370s] Level 5:colcon.colcon_core.verb:set package 'turtlebot3_simulations' build argument 'cmake_clean_first' from command line to 'False'
[0.371s] Level 5:colcon.colcon_core.verb:set package 'turtlebot3_simulations' build argument 'cmake_force_configure' from command line to 'False'
[0.371s] Level 5:colcon.colcon_core.verb:set package 'turtlebot3_simulations' build argument 'ament_cmake_args' from command line to 'None'
[0.371s] Level 5:colcon.colcon_core.verb:set package 'turtlebot3_simulations' build argument 'catkin_cmake_args' from command line to 'None'
[0.371s] Level 5:colcon.colcon_core.verb:set package 'turtlebot3_simulations' build argument 'catkin_skip_building_tests' from command line to 'False'
[0.371s] DEBUG:colcon.colcon_core.verb:Building package 'turtlebot3_simulations' with the following arguments: {'ament_cmake_args': None, 'build_base': '/home/thegodset/fyp/build/turtlebot3_simulations', 'catkin_cmake_args': None, 'catkin_skip_building_tests': False, 'cmake_args': None, 'cmake_clean_cache': False, 'cmake_clean_first': False, 'cmake_force_configure': False, 'cmake_target': None, 'cmake_target_skip_unavailable': False, 'install_base': '/home/thegodset/fyp/install/turtlebot3_simulations', 'merge_install': False, 'path': '/home/thegodset/fyp/src/turtlebot3_simulations/turtlebot3_simulations', 'symlink_install': False, 'test_result_base': None}
[0.371s] Level 5:colcon.colcon_core.verb:set package 'vda5050_connector' build argument 'cmake_args' from command line to 'None'
[0.371s] Level 5:colcon.colcon_core.verb:set package 'vda5050_connector' build argument 'cmake_target' from command line to 'None'
[0.371s] Level 5:colcon.colcon_core.verb:set package 'vda5050_connector' build argument 'cmake_target_skip_unavailable' from command line to 'False'
[0.371s] Level 5:colcon.colcon_core.verb:set package 'vda5050_connector' build argument 'cmake_clean_cache' from command line to 'False'
[0.371s] Level 5:colcon.colcon_core.verb:set package 'vda5050_connector' build argument 'cmake_clean_first' from command line to 'False'
[0.371s] Level 5:colcon.colcon_core.verb:set package 'vda5050_connector' build argument 'cmake_force_configure' from command line to 'False'
[0.371s] Level 5:colcon.colcon_core.verb:set package 'vda5050_connector' build argument 'ament_cmake_args' from command line to 'None'
[0.371s] Level 5:colcon.colcon_core.verb:set package 'vda5050_connector' build argument 'catkin_cmake_args' from command line to 'None'
[0.371s] Level 5:colcon.colcon_core.verb:set package 'vda5050_connector' build argument 'catkin_skip_building_tests' from command line to 'False'
[0.371s] DEBUG:colcon.colcon_core.verb:Building package 'vda5050_connector' with the following arguments: {'ament_cmake_args': None, 'build_base': '/home/thegodset/fyp/build/vda5050_connector', 'catkin_cmake_args': None, 'catkin_skip_building_tests': False, 'cmake_args': None, 'cmake_clean_cache': False, 'cmake_clean_first': False, 'cmake_force_configure': False, 'cmake_target': None, 'cmake_target_skip_unavailable': False, 'install_base': '/home/thegodset/fyp/install/vda5050_connector', 'merge_install': False, 'path': '/home/thegodset/fyp/src/vda5050_connector', 'symlink_install': False, 'test_result_base': None}
[0.371s] Level 5:colcon.colcon_core.verb:set package 'vda5050_adapter' build argument 'cmake_args' from command line to 'None'
[0.371s] Level 5:colcon.colcon_core.verb:set package 'vda5050_adapter' build argument 'cmake_target' from command line to 'None'
[0.371s] Level 5:colcon.colcon_core.verb:set package 'vda5050_adapter' build argument 'cmake_target_skip_unavailable' from command line to 'False'
[0.371s] Level 5:colcon.colcon_core.verb:set package 'vda5050_adapter' build argument 'cmake_clean_cache' from command line to 'False'
[0.371s] Level 5:colcon.colcon_core.verb:set package 'vda5050_adapter' build argument 'cmake_clean_first' from command line to 'False'
[0.371s] Level 5:colcon.colcon_core.verb:set package 'vda5050_adapter' build argument 'cmake_force_configure' from command line to 'False'
[0.371s] Level 5:colcon.colcon_core.verb:set package 'vda5050_adapter' build argument 'ament_cmake_args' from command line to 'None'
[0.371s] Level 5:colcon.colcon_core.verb:set package 'vda5050_adapter' build argument 'catkin_cmake_args' from command line to 'None'
[0.371s] Level 5:colcon.colcon_core.verb:set package 'vda5050_adapter' build argument 'catkin_skip_building_tests' from command line to 'False'
[0.371s] DEBUG:colcon.colcon_core.verb:Building package 'vda5050_adapter' with the following arguments: {'ament_cmake_args': None, 'build_base': '/home/thegodset/fyp/build/vda5050_adapter', 'catkin_cmake_args': None, 'catkin_skip_building_tests': False, 'cmake_args': None, 'cmake_clean_cache': False, 'cmake_clean_first': False, 'cmake_force_configure': False, 'cmake_target': None, 'cmake_target_skip_unavailable': False, 'install_base': '/home/thegodset/fyp/install/vda5050_adapter', 'merge_install': False, 'path': '/home/thegodset/fyp/src/vda5050_adapter', 'symlink_install': False, 'test_result_base': None}
[0.371s] INFO:colcon.colcon_core.executor:Executing jobs using 'parallel' executor
[0.372s] DEBUG:colcon.colcon_parallel_executor.executor.parallel:run_until_complete
[0.373s] INFO:colcon.colcon_ros.task.ament_cmake.build:Building ROS package in '/home/thegodset/fyp/src/vda5050_msgs' with build type 'ament_cmake'
[0.373s] INFO:colcon.colcon_cmake.task.cmake.build:Building CMake package in '/home/thegodset/fyp/src/vda5050_msgs'
[0.378s] INFO:colcon.colcon_core.plugin_system:Skipping extension 'colcon_core.shell.bat': Not used on non-Windows systems
[0.378s] INFO:colcon.colcon_core.shell:Skip shell extension 'powershell' for command environment: Not usable outside of PowerShell
[0.379s] DEBUG:colcon.colcon_core.shell:Skip shell extension 'dsv' for command environment
[0.381s] INFO:colcon.colcon_ros.task.ament_cmake.build:Building ROS package in '/home/thegodset/fyp/src/turtlebot3_simulations/turtlebot3_fake_node' with build type 'ament_cmake'
[0.382s] INFO:colcon.colcon_cmake.task.cmake.build:Building CMake package in '/home/thegodset/fyp/src/turtlebot3_simulations/turtlebot3_fake_node'
[0.382s] INFO:colcon.colcon_core.shell:Skip shell extension 'powershell' for command environment: Not usable outside of PowerShell
[0.382s] DEBUG:colcon.colcon_core.shell:Skip shell extension 'dsv' for command environment
[0.385s] INFO:colcon.colcon_ros.task.ament_cmake.build:Building ROS package in '/home/thegodset/fyp/src/turtlebot3_simulations/turtlebot3_gazebo' with build type 'ament_cmake'
[0.385s] INFO:colcon.colcon_cmake.task.cmake.build:Building CMake package in '/home/thegodset/fyp/src/turtlebot3_simulations/turtlebot3_gazebo'
[0.385s] INFO:colcon.colcon_core.shell:Skip shell extension 'powershell' for command environment: Not usable outside of PowerShell
[0.385s] DEBUG:colcon.colcon_core.shell:Skip shell extension 'dsv' for command environment
[0.396s] DEBUG:colcon.colcon_core.event_handler.log_command:Invoking command in '/home/thegodset/fyp/build/vda5050_msgs': CMAKE_PREFIX_PATH=/opt/ros/humble /usr/bin/cmake --build /home/thegodset/fyp/build/vda5050_msgs -- -j16 -l16
[0.401s] DEBUG:colcon.colcon_core.event_handler.log_command:Invoking command in '/home/thegodset/fyp/build/turtlebot3_fake_node': CMAKE_PREFIX_PATH=/opt/ros/humble /usr/bin/cmake --build /home/thegodset/fyp/build/turtlebot3_fake_node -- -j16 -l16
[0.405s] DEBUG:colcon.colcon_core.event_handler.log_command:Invoking command in '/home/thegodset/fyp/build/turtlebot3_gazebo': CMAKE_PREFIX_PATH=/opt/ros/humble /usr/bin/cmake --build /home/thegodset/fyp/build/turtlebot3_gazebo -- -j16 -l16
[0.459s] DEBUG:colcon.colcon_core.event_handler.log_command:Invoked command in '/home/thegodset/fyp/build/turtlebot3_fake_node' returned '0': CMAKE_PREFIX_PATH=/opt/ros/humble /usr/bin/cmake --build /home/thegodset/fyp/build/turtlebot3_fake_node -- -j16 -l16
[0.468s] DEBUG:colcon.colcon_core.event_handler.log_command:Invoking command in '/home/thegodset/fyp/build/turtlebot3_fake_node': CMAKE_PREFIX_PATH=/opt/ros/humble /usr/bin/cmake --install /home/thegodset/fyp/build/turtlebot3_fake_node
[0.480s] Level 1:colcon.colcon_core.environment:create_environment_scripts_only(turtlebot3_fake_node)
[0.480s] DEBUG:colcon.colcon_core.event_handler.log_command:Invoked command in '/home/thegodset/fyp/build/turtlebot3_fake_node' returned '0': CMAKE_PREFIX_PATH=/opt/ros/humble /usr/bin/cmake --install /home/thegodset/fyp/build/turtlebot3_fake_node
[0.484s] Level 1:colcon.colcon_core.environment:checking '/home/thegodset/fyp/install/turtlebot3_fake_node' for CMake module files
[0.484s] Level 1:colcon.colcon_core.environment:checking '/home/thegodset/fyp/install/turtlebot3_fake_node' for CMake config files
[0.484s] Level 1:colcon.colcon_core.shell:create_environment_hook('turtlebot3_fake_node', 'cmake_prefix_path')
[0.485s] INFO:colcon.colcon_core.shell:Creating environment hook '/home/thegodset/fyp/install/turtlebot3_fake_node/share/turtlebot3_fake_node/hook/cmake_prefix_path.ps1'
[0.486s] INFO:colcon.colcon_core.shell:Creating environment descriptor '/home/thegodset/fyp/install/turtlebot3_fake_node/share/turtlebot3_fake_node/hook/cmake_prefix_path.dsv'
[0.486s] INFO:colcon.colcon_core.shell:Creating environment hook '/home/thegodset/fyp/install/turtlebot3_fake_node/share/turtlebot3_fake_node/hook/cmake_prefix_path.sh'
[0.487s] Level 1:colcon.colcon_core.environment:checking '/home/thegodset/fyp/install/turtlebot3_fake_node/lib'
[0.487s] Level 1:colcon.colcon_core.environment:checking '/home/thegodset/fyp/install/turtlebot3_fake_node/bin'
[0.487s] Level 1:colcon.colcon_core.environment:checking '/home/thegodset/fyp/install/turtlebot3_fake_node/lib/pkgconfig/turtlebot3_fake_node.pc'
[0.487s] Level 1:colcon.colcon_core.environment:checking '/home/thegodset/fyp/install/turtlebot3_fake_node/lib/python3.10/site-packages'
[0.488s] Level 1:colcon.colcon_core.environment:checking '/home/thegodset/fyp/install/turtlebot3_fake_node/bin'
[0.488s] INFO:colcon.colcon_core.shell:Creating package script '/home/thegodset/fyp/install/turtlebot3_fake_node/share/turtlebot3_fake_node/package.ps1'
[0.489s] INFO:colcon.colcon_core.shell:Creating package descriptor '/home/thegodset/fyp/install/turtlebot3_fake_node/share/turtlebot3_fake_node/package.dsv'
[0.489s] INFO:colcon.colcon_core.shell:Creating package script '/home/thegodset/fyp/install/turtlebot3_fake_node/share/turtlebot3_fake_node/package.sh'
[0.490s] INFO:colcon.colcon_core.shell:Creating package script '/home/thegodset/fyp/install/turtlebot3_fake_node/share/turtlebot3_fake_node/package.bash'
[0.490s] INFO:colcon.colcon_core.shell:Creating package script '/home/thegodset/fyp/install/turtlebot3_fake_node/share/turtlebot3_fake_node/package.zsh'
[0.491s] Level 1:colcon.colcon_core.environment:create_file_with_runtime_dependencies(/home/thegodset/fyp/install/turtlebot3_fake_node/share/colcon-core/packages/turtlebot3_fake_node)
[0.492s] Level 1:colcon.colcon_core.environment:create_environment_scripts_only(turtlebot3_fake_node)
[0.492s] Level 1:colcon.colcon_core.environment:checking '/home/thegodset/fyp/install/turtlebot3_fake_node' for CMake module files
[0.493s] Level 1:colcon.colcon_core.environment:checking '/home/thegodset/fyp/install/turtlebot3_fake_node' for CMake config files
[0.493s] Level 1:colcon.colcon_core.shell:create_environment_hook('turtlebot3_fake_node', 'cmake_prefix_path')
[0.493s] INFO:colcon.colcon_core.shell:Creating environment hook '/home/thegodset/fyp/install/turtlebot3_fake_node/share/turtlebot3_fake_node/hook/cmake_prefix_path.ps1'
[0.493s] INFO:colcon.colcon_core.shell:Creating environment descriptor '/home/thegodset/fyp/install/turtlebot3_fake_node/share/turtlebot3_fake_node/hook/cmake_prefix_path.dsv'
[0.494s] INFO:colcon.colcon_core.shell:Creating environment hook '/home/thegodset/fyp/install/turtlebot3_fake_node/share/turtlebot3_fake_node/hook/cmake_prefix_path.sh'
[0.494s] Level 1:colcon.colcon_core.environment:checking '/home/thegodset/fyp/install/turtlebot3_fake_node/lib'
[0.495s] Level 1:colcon.colcon_core.environment:checking '/home/thegodset/fyp/install/turtlebot3_fake_node/bin'
[0.495s] Level 1:colcon.colcon_core.environment:checking '/home/thegodset/fyp/install/turtlebot3_fake_node/lib/pkgconfig/turtlebot3_fake_node.pc'
[0.495s] Level 1:colcon.colcon_core.environment:checking '/home/thegodset/fyp/install/turtlebot3_fake_node/lib/python3.10/site-packages'
[0.495s] Level 1:colcon.colcon_core.environment:checking '/home/thegodset/fyp/install/turtlebot3_fake_node/bin'
[0.496s] INFO:colcon.colcon_core.shell:Creating package script '/home/thegodset/fyp/install/turtlebot3_fake_node/share/turtlebot3_fake_node/package.ps1'
[0.497s] INFO:colcon.colcon_core.shell:Creating package descriptor '/home/thegodset/fyp/install/turtlebot3_fake_node/share/turtlebot3_fake_node/package.dsv'
[0.498s] INFO:colcon.colcon_core.shell:Creating package script '/home/thegodset/fyp/install/turtlebot3_fake_node/share/turtlebot3_fake_node/package.sh'
[0.499s] INFO:colcon.colcon_core.shell:Creating package script '/home/thegodset/fyp/install/turtlebot3_fake_node/share/turtlebot3_fake_node/package.bash'
[0.499s] INFO:colcon.colcon_core.shell:Creating package script '/home/thegodset/fyp/install/turtlebot3_fake_node/share/turtlebot3_fake_node/package.zsh'
[0.500s] Level 1:colcon.colcon_core.environment:create_file_with_runtime_dependencies(/home/thegodset/fyp/install/turtlebot3_fake_node/share/colcon-core/packages/turtlebot3_fake_node)
[0.736s] DEBUG:colcon.colcon_core.event_handler.log_command:Invoked command in '/home/thegodset/fyp/build/vda5050_msgs' returned '0': CMAKE_PREFIX_PATH=/opt/ros/humble /usr/bin/cmake --build /home/thegodset/fyp/build/vda5050_msgs -- -j16 -l16
[0.738s] DEBUG:colcon.colcon_core.event_handler.log_command:Invoking command in '/home/thegodset/fyp/build/vda5050_msgs': CMAKE_PREFIX_PATH=/opt/ros/humble /usr/bin/cmake --install /home/thegodset/fyp/build/vda5050_msgs
[0.824s] Level 1:colcon.colcon_core.environment:create_environment_scripts_only(vda5050_msgs)
[0.824s] DEBUG:colcon.colcon_core.event_handler.log_command:Invoked command in '/home/thegodset/fyp/build/vda5050_msgs' returned '0': CMAKE_PREFIX_PATH=/opt/ros/humble /usr/bin/cmake --install /home/thegodset/fyp/build/vda5050_msgs
[0.824s] Level 1:colcon.colcon_core.environment:checking '/home/thegodset/fyp/install/vda5050_msgs' for CMake module files
[0.825s] Level 1:colcon.colcon_core.environment:checking '/home/thegodset/fyp/install/vda5050_msgs' for CMake config files
[0.825s] Level 1:colcon.colcon_core.shell:create_environment_hook('vda5050_msgs', 'cmake_prefix_path')
[0.826s] INFO:colcon.colcon_core.shell:Creating environment hook '/home/thegodset/fyp/install/vda5050_msgs/share/vda5050_msgs/hook/cmake_prefix_path.ps1'
[0.826s] INFO:colcon.colcon_core.shell:Creating environment descriptor '/home/thegodset/fyp/install/vda5050_msgs/share/vda5050_msgs/hook/cmake_prefix_path.dsv'
[0.826s] INFO:colcon.colcon_core.shell:Creating environment hook '/home/thegodset/fyp/install/vda5050_msgs/share/vda5050_msgs/hook/cmake_prefix_path.sh'
[0.827s] Level 1:colcon.colcon_core.environment:checking '/home/thegodset/fyp/install/vda5050_msgs/lib'
[0.827s] Level 1:colcon.colcon_core.shell:create_environment_hook('vda5050_msgs', 'ld_library_path_lib')
[0.827s] INFO:colcon.colcon_core.shell:Creating environment hook '/home/thegodset/fyp/install/vda5050_msgs/share/vda5050_msgs/hook/ld_library_path_lib.ps1'
[0.827s] INFO:colcon.colcon_core.shell:Creating environment descriptor '/home/thegodset/fyp/install/vda5050_msgs/share/vda5050_msgs/hook/ld_library_path_lib.dsv'
[0.827s] INFO:colcon.colcon_core.shell:Creating environment hook '/home/thegodset/fyp/install/vda5050_msgs/share/vda5050_msgs/hook/ld_library_path_lib.sh'
[0.828s] Level 1:colcon.colcon_core.environment:checking '/home/thegodset/fyp/install/vda5050_msgs/bin'
[0.828s] Level 1:colcon.colcon_core.environment:checking '/home/thegodset/fyp/install/vda5050_msgs/lib/pkgconfig/vda5050_msgs.pc'
[0.828s] Level 1:colcon.colcon_core.environment:checking '/home/thegodset/fyp/install/vda5050_msgs/lib/python3.10/site-packages'
[0.828s] Level 1:colcon.colcon_core.environment:checking '/home/thegodset/fyp/install/vda5050_msgs/bin'
[0.828s] INFO:colcon.colcon_core.shell:Creating package script '/home/thegodset/fyp/install/vda5050_msgs/share/vda5050_msgs/package.ps1'
[0.829s] INFO:colcon.colcon_core.shell:Creating package descriptor '/home/thegodset/fyp/install/vda5050_msgs/share/vda5050_msgs/package.dsv'
[0.829s] INFO:colcon.colcon_core.shell:Creating package script '/home/thegodset/fyp/install/vda5050_msgs/share/vda5050_msgs/package.sh'
[0.829s] INFO:colcon.colcon_core.shell:Creating package script '/home/thegodset/fyp/install/vda5050_msgs/share/vda5050_msgs/package.bash'
[0.830s] INFO:colcon.colcon_core.shell:Creating package script '/home/thegodset/fyp/install/vda5050_msgs/share/vda5050_msgs/package.zsh'
[0.830s] Level 1:colcon.colcon_core.environment:create_file_with_runtime_dependencies(/home/thegodset/fyp/install/vda5050_msgs/share/colcon-core/packages/vda5050_msgs)
[0.830s] Level 1:colcon.colcon_core.environment:create_environment_scripts_only(vda5050_msgs)
[0.830s] Level 1:colcon.colcon_core.environment:checking '/home/thegodset/fyp/install/vda5050_msgs' for CMake module files
[0.831s] Level 1:colcon.colcon_core.environment:checking '/home/thegodset/fyp/install/vda5050_msgs' for CMake config files
[0.832s] Level 1:colcon.colcon_core.shell:create_environment_hook('vda5050_msgs', 'cmake_prefix_path')
[0.832s] INFO:colcon.colcon_core.shell:Creating environment hook '/home/thegodset/fyp/install/vda5050_msgs/share/vda5050_msgs/hook/cmake_prefix_path.ps1'
[0.833s] INFO:colcon.colcon_core.shell:Creating environment descriptor '/home/thegodset/fyp/install/vda5050_msgs/share/vda5050_msgs/hook/cmake_prefix_path.dsv'
[0.833s] INFO:colcon.colcon_core.shell:Creating environment hook '/home/thegodset/fyp/install/vda5050_msgs/share/vda5050_msgs/hook/cmake_prefix_path.sh'
[0.833s] Level 1:colcon.colcon_core.environment:checking '/home/thegodset/fyp/install/vda5050_msgs/lib'
[0.833s] Level 1:colcon.colcon_core.shell:create_environment_hook('vda5050_msgs', 'ld_library_path_lib')
[0.833s] INFO:colcon.colcon_core.shell:Creating environment hook '/home/thegodset/fyp/install/vda5050_msgs/share/vda5050_msgs/hook/ld_library_path_lib.ps1'
[0.834s] INFO:colcon.colcon_core.shell:Creating environment descriptor '/home/thegodset/fyp/install/vda5050_msgs/share/vda5050_msgs/hook/ld_library_path_lib.dsv'
[0.834s] INFO:colcon.colcon_core.shell:Creating environment hook '/home/thegodset/fyp/install/vda5050_msgs/share/vda5050_msgs/hook/ld_library_path_lib.sh'
[0.834s] Level 1:colcon.colcon_core.environment:checking '/home/thegodset/fyp/install/vda5050_msgs/bin'
[0.834s] Level 1:colcon.colcon_core.environment:checking '/home/thegodset/fyp/install/vda5050_msgs/lib/pkgconfig/vda5050_msgs.pc'
[0.834s] Level 1:colcon.colcon_core.environment:checking '/home/thegodset/fyp/install/vda5050_msgs/lib/python3.10/site-packages'
[0.834s] Level 1:colcon.colcon_core.environment:checking '/home/thegodset/fyp/install/vda5050_msgs/bin'
[0.835s] INFO:colcon.colcon_core.shell:Creating package script '/home/thegodset/fyp/install/vda5050_msgs/share/vda5050_msgs/package.ps1'
[0.835s] INFO:colcon.colcon_core.shell:Creating package descriptor '/home/thegodset/fyp/install/vda5050_msgs/share/vda5050_msgs/package.dsv'
[0.835s] INFO:colcon.colcon_core.shell:Creating package script '/home/thegodset/fyp/install/vda5050_msgs/share/vda5050_msgs/package.sh'
[0.836s] INFO:colcon.colcon_core.shell:Creating package script '/home/thegodset/fyp/install/vda5050_msgs/share/vda5050_msgs/package.bash'
[0.836s] INFO:colcon.colcon_core.shell:Creating package script '/home/thegodset/fyp/install/vda5050_msgs/share/vda5050_msgs/package.zsh'
[0.836s] Level 1:colcon.colcon_core.environment:create_file_with_runtime_dependencies(/home/thegodset/fyp/install/vda5050_msgs/share/colcon-core/packages/vda5050_msgs)
[0.836s] INFO:colcon.colcon_ros.task.ament_cmake.build:Building ROS package in '/home/thegodset/fyp/src/vda5050_connector' with build type 'ament_cmake'
[0.837s] INFO:colcon.colcon_cmake.task.cmake.build:Building CMake package in '/home/thegodset/fyp/src/vda5050_connector'
[0.837s] INFO:colcon.colcon_core.shell:Skip shell extension 'powershell' for command environment: Not usable outside of PowerShell
[0.837s] DEBUG:colcon.colcon_core.shell:Skip shell extension 'dsv' for command environment
[0.847s] DEBUG:colcon.colcon_core.event_handler.log_command:Invoking command in '/home/thegodset/fyp/build/vda5050_connector': AMENT_PREFIX_PATH=/home/thegodset/fyp/install/vda5050_msgs:${AMENT_PREFIX_PATH} CMAKE_PREFIX_PATH=/home/thegodset/fyp/install/vda5050_msgs:/opt/ros/humble LD_LIBRARY_PATH=/home/thegodset/fyp/install/vda5050_msgs/lib:${LD_LIBRARY_PATH} PYTHONPATH=/home/thegodset/fyp/install/vda5050_msgs/local/lib/python3.10/dist-packages:${PYTHONPATH} /usr/bin/cmake --build /home/thegodset/fyp/build/vda5050_connector -- -j16 -l16
[1.273s] DEBUG:colcon.colcon_core.event_handler.log_command:Invoked command in '/home/thegodset/fyp/build/vda5050_connector' returned '0': AMENT_PREFIX_PATH=/home/thegodset/fyp/install/vda5050_msgs:${AMENT_PREFIX_PATH} CMAKE_PREFIX_PATH=/home/thegodset/fyp/install/vda5050_msgs:/opt/ros/humble LD_LIBRARY_PATH=/home/thegodset/fyp/install/vda5050_msgs/lib:${LD_LIBRARY_PATH} PYTHONPATH=/home/thegodset/fyp/install/vda5050_msgs/local/lib/python3.10/dist-packages:${PYTHONPATH} /usr/bin/cmake --build /home/thegodset/fyp/build/vda5050_connector -- -j16 -l16
[1.275s] DEBUG:colcon.colcon_core.event_handler.log_command:Invoking command in '/home/thegodset/fyp/build/vda5050_connector': AMENT_PREFIX_PATH=/home/thegodset/fyp/install/vda5050_msgs:${AMENT_PREFIX_PATH} CMAKE_PREFIX_PATH=/home/thegodset/fyp/install/vda5050_msgs:/opt/ros/humble LD_LIBRARY_PATH=/home/thegodset/fyp/install/vda5050_msgs/lib:${LD_LIBRARY_PATH} PYTHONPATH=/home/thegodset/fyp/install/vda5050_msgs/local/lib/python3.10/dist-packages:${PYTHONPATH} /usr/bin/cmake --install /home/thegodset/fyp/build/vda5050_connector
[1.387s] Level 1:colcon.colcon_core.environment:create_environment_scripts_only(vda5050_connector)
[1.388s] Level 1:colcon.colcon_core.environment:checking '/home/thegodset/fyp/install/vda5050_connector' for CMake module files
[1.391s] DEBUG:colcon.colcon_core.event_handler.log_command:Invoked command in '/home/thegodset/fyp/build/vda5050_connector' returned '0': AMENT_PREFIX_PATH=/home/thegodset/fyp/install/vda5050_msgs:${AMENT_PREFIX_PATH} CMAKE_PREFIX_PATH=/home/thegodset/fyp/install/vda5050_msgs:/opt/ros/humble LD_LIBRARY_PATH=/home/thegodset/fyp/install/vda5050_msgs/lib:${LD_LIBRARY_PATH} PYTHONPATH=/home/thegodset/fyp/install/vda5050_msgs/local/lib/python3.10/dist-packages:${PYTHONPATH} /usr/bin/cmake --install /home/thegodset/fyp/build/vda5050_connector
[1.392s] Level 1:colcon.colcon_core.environment:checking '/home/thegodset/fyp/install/vda5050_connector' for CMake config files
[1.393s] Level 1:colcon.colcon_core.shell:create_environment_hook('vda5050_connector', 'cmake_prefix_path')
[1.393s] INFO:colcon.colcon_core.shell:Creating environment hook '/home/thegodset/fyp/install/vda5050_connector/share/vda5050_connector/hook/cmake_prefix_path.ps1'
[1.394s] INFO:colcon.colcon_core.shell:Creating environment descriptor '/home/thegodset/fyp/install/vda5050_connector/share/vda5050_connector/hook/cmake_prefix_path.dsv'
[1.395s] INFO:colcon.colcon_core.shell:Creating environment hook '/home/thegodset/fyp/install/vda5050_connector/share/vda5050_connector/hook/cmake_prefix_path.sh'
[1.395s] Level 1:colcon.colcon_core.environment:checking '/home/thegodset/fyp/install/vda5050_connector/lib'
[1.395s] Level 1:colcon.colcon_core.shell:create_environment_hook('vda5050_connector', 'ld_library_path_lib')
[1.396s] INFO:colcon.colcon_core.shell:Creating environment hook '/home/thegodset/fyp/install/vda5050_connector/share/vda5050_connector/hook/ld_library_path_lib.ps1'
[1.396s] INFO:colcon.colcon_core.shell:Creating environment descriptor '/home/thegodset/fyp/install/vda5050_connector/share/vda5050_connector/hook/ld_library_path_lib.dsv'
[1.397s] INFO:colcon.colcon_core.shell:Creating environment hook '/home/thegodset/fyp/install/vda5050_connector/share/vda5050_connector/hook/ld_library_path_lib.sh'
[1.397s] Level 1:colcon.colcon_core.environment:checking '/home/thegodset/fyp/install/vda5050_connector/bin'
[1.397s] Level 1:colcon.colcon_core.environment:checking '/home/thegodset/fyp/install/vda5050_connector/lib/pkgconfig/vda5050_connector.pc'
[1.398s] Level 1:colcon.colcon_core.environment:checking '/home/thegodset/fyp/install/vda5050_connector/lib/python3.10/site-packages'
[1.398s] Level 1:colcon.colcon_core.environment:checking '/home/thegodset/fyp/install/vda5050_connector/bin'
[1.398s] INFO:colcon.colcon_core.shell:Creating package script '/home/thegodset/fyp/install/vda5050_connector/share/vda5050_connector/package.ps1'
[1.399s] INFO:colcon.colcon_core.shell:Creating package descriptor '/home/thegodset/fyp/install/vda5050_connector/share/vda5050_connector/package.dsv'
[1.400s] INFO:colcon.colcon_core.shell:Creating package script '/home/thegodset/fyp/install/vda5050_connector/share/vda5050_connector/package.sh'
[1.400s] INFO:colcon.colcon_core.shell:Creating package script '/home/thegodset/fyp/install/vda5050_connector/share/vda5050_connector/package.bash'
[1.401s] INFO:colcon.colcon_core.shell:Creating package script '/home/thegodset/fyp/install/vda5050_connector/share/vda5050_connector/package.zsh'
[1.401s] Level 1:colcon.colcon_core.environment:create_file_with_runtime_dependencies(/home/thegodset/fyp/install/vda5050_connector/share/colcon-core/packages/vda5050_connector)
[1.402s] Level 1:colcon.colcon_core.environment:create_environment_scripts_only(vda5050_connector)
[1.402s] Level 1:colcon.colcon_core.environment:checking '/home/thegodset/fyp/install/vda5050_connector' for CMake module files
[1.403s] Level 1:colcon.colcon_core.environment:checking '/home/thegodset/fyp/install/vda5050_connector' for CMake config files
[1.404s] Level 1:colcon.colcon_core.shell:create_environment_hook('vda5050_connector', 'cmake_prefix_path')
[1.405s] INFO:colcon.colcon_core.shell:Creating environment hook '/home/thegodset/fyp/install/vda5050_connector/share/vda5050_connector/hook/cmake_prefix_path.ps1'
[1.405s] INFO:colcon.colcon_core.shell:Creating environment descriptor '/home/thegodset/fyp/install/vda5050_connector/share/vda5050_connector/hook/cmake_prefix_path.dsv'
[1.406s] INFO:colcon.colcon_core.shell:Creating environment hook '/home/thegodset/fyp/install/vda5050_connector/share/vda5050_connector/hook/cmake_prefix_path.sh'
[1.407s] Level 1:colcon.colcon_core.environment:checking '/home/thegodset/fyp/install/vda5050_connector/lib'
[1.407s] Level 1:colcon.colcon_core.shell:create_environment_hook('vda5050_connector', 'ld_library_path_lib')
[1.407s] INFO:colcon.colcon_core.shell:Creating environment hook '/home/thegodset/fyp/install/vda5050_connector/share/vda5050_connector/hook/ld_library_path_lib.ps1'
[1.408s] INFO:colcon.colcon_core.shell:Creating environment descriptor '/home/thegodset/fyp/install/vda5050_connector/share/vda5050_connector/hook/ld_library_path_lib.dsv'
[1.408s] INFO:colcon.colcon_core.shell:Creating environment hook '/home/thegodset/fyp/install/vda5050_connector/share/vda5050_connector/hook/ld_library_path_lib.sh'
[1.409s] Level 1:colcon.colcon_core.environment:checking '/home/thegodset/fyp/install/vda5050_connector/bin'
[1.409s] Level 1:colcon.colcon_core.environment:checking '/home/thegodset/fyp/install/vda5050_connector/lib/pkgconfig/vda5050_connector.pc'
[1.409s] Level 1:colcon.colcon_core.environment:checking '/home/thegodset/fyp/install/vda5050_connector/lib/python3.10/site-packages'
[1.410s] Level 1:colcon.colcon_core.environment:checking '/home/thegodset/fyp/install/vda5050_connector/bin'
[1.410s] INFO:colcon.colcon_core.shell:Creating package script '/home/thegodset/fyp/install/vda5050_connector/share/vda5050_connector/package.ps1'
[1.411s] INFO:colcon.colcon_core.shell:Creating package descriptor '/home/thegodset/fyp/install/vda5050_connector/share/vda5050_connector/package.dsv'
[1.412s] INFO:colcon.colcon_core.shell:Creating package script '/home/thegodset/fyp/install/vda5050_connector/share/vda5050_connector/package.sh'
[1.412s] INFO:colcon.colcon_core.shell:Creating package script '/home/thegodset/fyp/install/vda5050_connector/share/vda5050_connector/package.bash'
[1.413s] INFO:colcon.colcon_core.shell:Creating package script '/home/thegodset/fyp/install/vda5050_connector/share/vda5050_connector/package.zsh'
[1.413s] Level 1:colcon.colcon_core.environment:create_file_with_runtime_dependencies(/home/thegodset/fyp/install/vda5050_connector/share/colcon-core/packages/vda5050_connector)
[1.414s] INFO:colcon.colcon_ros.task.ament_python.build:Building ROS package in '/home/thegodset/fyp/src/vda5050_adapter' with build type 'ament_python'
[1.414s] Level 1:colcon.colcon_core.shell:create_environment_hook('vda5050_adapter', 'ament_prefix_path')
[1.415s] INFO:colcon.colcon_core.shell:Creating environment hook '/home/thegodset/fyp/install/vda5050_adapter/share/vda5050_adapter/hook/ament_prefix_path.ps1'
[1.416s] INFO:colcon.colcon_core.shell:Creating environment descriptor '/home/thegodset/fyp/install/vda5050_adapter/share/vda5050_adapter/hook/ament_prefix_path.dsv'
[1.417s] INFO:colcon.colcon_core.shell:Creating environment hook '/home/thegodset/fyp/install/vda5050_adapter/share/vda5050_adapter/hook/ament_prefix_path.sh'
[1.418s] INFO:colcon.colcon_core.shell:Skip shell extension 'powershell' for command environment: Not usable outside of PowerShell
[1.418s] DEBUG:colcon.colcon_core.shell:Skip shell extension 'dsv' for command environment
[1.787s] INFO:colcon.colcon_core.task.python.build:Building Python package in '/home/thegodset/fyp/src/vda5050_adapter'
[1.787s] INFO:colcon.colcon_core.shell:Skip shell extension 'powershell' for command environment: Not usable outside of PowerShell
[1.787s] DEBUG:colcon.colcon_core.shell:Skip shell extension 'dsv' for command environment
[2.298s] DEBUG:colcon.colcon_core.event_handler.log_command:Invoking command in '/home/thegodset/fyp/src/vda5050_adapter': AMENT_PREFIX_PATH=/home/thegodset/fyp/install/vda5050_connector:/home/thegodset/fyp/install/vda5050_msgs:${AMENT_PREFIX_PATH} CMAKE_PREFIX_PATH=/home/thegodset/fyp/install/vda5050_connector:/home/thegodset/fyp/install/vda5050_msgs LD_LIBRARY_PATH=/home/thegodset/fyp/install/vda5050_connector/lib:/home/thegodset/fyp/install/vda5050_msgs/lib:${LD_LIBRARY_PATH} PYTHONPATH=/home/thegodset/fyp/build/vda5050_adapter/prefix_override:/usr/lib/python3/dist-packages/colcon_core/task/python/colcon_distutils_commands:/home/thegodset/fyp/install/vda5050_adapter/lib/python3.10/site-packages:/home/thegodset/fyp/install/vda5050_connector/local/lib/python3.10/dist-packages:/home/thegodset/fyp/install/vda5050_msgs/local/lib/python3.10/dist-packages:${PYTHONPATH} /usr/bin/python3 -W ignore:setup.py install is deprecated -W ignore:easy_install command is deprecated setup.py egg_info --egg-base ../../build/vda5050_adapter build --build-base /home/thegodset/fyp/build/vda5050_adapter/build install --record /home/thegodset/fyp/build/vda5050_adapter/install.log --single-version-externally-managed install_data
[2.660s] Level 1:colcon.colcon_core.environment:checking '/home/thegodset/fyp/install/vda5050_adapter' for CMake module files
[2.661s] DEBUG:colcon.colcon_core.event_handler.log_command:Invoked command in '/home/thegodset/fyp/src/vda5050_adapter' returned '0': AMENT_PREFIX_PATH=/home/thegodset/fyp/install/vda5050_connector:/home/thegodset/fyp/install/vda5050_msgs:${AMENT_PREFIX_PATH} CMAKE_PREFIX_PATH=/home/thegodset/fyp/install/vda5050_connector:/home/thegodset/fyp/install/vda5050_msgs LD_LIBRARY_PATH=/home/thegodset/fyp/install/vda5050_connector/lib:/home/thegodset/fyp/install/vda5050_msgs/lib:${LD_LIBRARY_PATH} PYTHONPATH=/home/thegodset/fyp/build/vda5050_adapter/prefix_override:/usr/lib/python3/dist-packages/colcon_core/task/python/colcon_distutils_commands:/home/thegodset/fyp/install/vda5050_adapter/lib/python3.10/site-packages:/home/thegodset/fyp/install/vda5050_connector/local/lib/python3.10/dist-packages:/home/thegodset/fyp/install/vda5050_msgs/local/lib/python3.10/dist-packages:${PYTHONPATH} /usr/bin/python3 -W ignore:setup.py install is deprecated -W ignore:easy_install command is deprecated setup.py egg_info --egg-base ../../build/vda5050_adapter build --build-base /home/thegodset/fyp/build/vda5050_adapter/build install --record /home/thegodset/fyp/build/vda5050_adapter/install.log --single-version-externally-managed install_data
[2.661s] Level 1:colcon.colcon_core.environment:checking '/home/thegodset/fyp/install/vda5050_adapter' for CMake config files
[2.662s] Level 1:colcon.colcon_core.environment:checking '/home/thegodset/fyp/install/vda5050_adapter/lib'
[2.662s] Level 1:colcon.colcon_core.environment:checking '/home/thegodset/fyp/install/vda5050_adapter/bin'
[2.662s] Level 1:colcon.colcon_core.environment:checking '/home/thegodset/fyp/install/vda5050_adapter/lib/pkgconfig/vda5050_adapter.pc'
[2.662s] Level 1:colcon.colcon_core.environment:checking '/home/thegodset/fyp/install/vda5050_adapter/lib/python3.10/site-packages'
[2.662s] Level 1:colcon.colcon_core.shell:create_environment_hook('vda5050_adapter', 'pythonpath')
[2.662s] INFO:colcon.colcon_core.shell:Creating environment hook '/home/thegodset/fyp/install/vda5050_adapter/share/vda5050_adapter/hook/pythonpath.ps1'
[2.663s] INFO:colcon.colcon_core.shell:Creating environment descriptor '/home/thegodset/fyp/install/vda5050_adapter/share/vda5050_adapter/hook/pythonpath.dsv'
[2.664s] INFO:colcon.colcon_core.shell:Creating environment hook '/home/thegodset/fyp/install/vda5050_adapter/share/vda5050_adapter/hook/pythonpath.sh'
[2.664s] Level 1:colcon.colcon_core.environment:checking '/home/thegodset/fyp/install/vda5050_adapter/bin'
[2.665s] Level 1:colcon.colcon_core.environment:create_environment_scripts_only(vda5050_adapter)
[2.665s] INFO:colcon.colcon_core.shell:Creating package script '/home/thegodset/fyp/install/vda5050_adapter/share/vda5050_adapter/package.ps1'
[2.665s] INFO:colcon.colcon_core.shell:Creating package descriptor '/home/thegodset/fyp/install/vda5050_adapter/share/vda5050_adapter/package.dsv'
[2.666s] INFO:colcon.colcon_core.shell:Creating package script '/home/thegodset/fyp/install/vda5050_adapter/share/vda5050_adapter/package.sh'
[2.666s] INFO:colcon.colcon_core.shell:Creating package script '/home/thegodset/fyp/install/vda5050_adapter/share/vda5050_adapter/package.bash'
[2.666s] INFO:colcon.colcon_core.shell:Creating package script '/home/thegodset/fyp/install/vda5050_adapter/share/vda5050_adapter/package.zsh'
[2.667s] Level 1:colcon.colcon_core.environment:create_file_with_runtime_dependencies(/home/thegodset/fyp/install/vda5050_adapter/share/colcon-core/packages/vda5050_adapter)
[16.263s] DEBUG:colcon.colcon_core.event_handler.log_command:Invoked command in '/home/thegodset/fyp/build/turtlebot3_gazebo' returned '0': CMAKE_PREFIX_PATH=/opt/ros/humble /usr/bin/cmake --build /home/thegodset/fyp/build/turtlebot3_gazebo -- -j16 -l16
[16.267s] DEBUG:colcon.colcon_core.event_handler.log_command:Invoking command in '/home/thegodset/fyp/build/turtlebot3_gazebo': CMAKE_PREFIX_PATH=/opt/ros/humble /usr/bin/cmake --install /home/thegodset/fyp/build/turtlebot3_gazebo
[16.287s] Level 1:colcon.colcon_core.environment:create_environment_scripts_only(turtlebot3_gazebo)
[16.287s] Level 1:colcon.colcon_core.environment:checking '/home/thegodset/fyp/install/turtlebot3_gazebo' for CMake module files
[16.290s] DEBUG:colcon.colcon_core.event_handler.log_command:Invoked command in '/home/thegodset/fyp/build/turtlebot3_gazebo' returned '0': CMAKE_PREFIX_PATH=/opt/ros/humble /usr/bin/cmake --install /home/thegodset/fyp/build/turtlebot3_gazebo
[16.290s] Level 1:colcon.colcon_core.environment:checking '/home/thegodset/fyp/install/turtlebot3_gazebo' for CMake config files
[16.291s] Level 1:colcon.colcon_core.shell:create_environment_hook('turtlebot3_gazebo', 'cmake_prefix_path')
[16.291s] INFO:colcon.colcon_core.shell:Creating environment hook '/home/thegodset/fyp/install/turtlebot3_gazebo/share/turtlebot3_gazebo/hook/cmake_prefix_path.ps1'
[16.292s] INFO:colcon.colcon_core.shell:Creating environment descriptor '/home/thegodset/fyp/install/turtlebot3_gazebo/share/turtlebot3_gazebo/hook/cmake_prefix_path.dsv'
[16.292s] INFO:colcon.colcon_core.shell:Creating environment hook '/home/thegodset/fyp/install/turtlebot3_gazebo/share/turtlebot3_gazebo/hook/cmake_prefix_path.sh'
[16.292s] Level 1:colcon.colcon_core.environment:checking '/home/thegodset/fyp/install/turtlebot3_gazebo/lib'
[16.293s] Level 1:colcon.colcon_core.environment:checking '/home/thegodset/fyp/install/turtlebot3_gazebo/bin'
[16.293s] Level 1:colcon.colcon_core.environment:checking '/home/thegodset/fyp/install/turtlebot3_gazebo/lib/pkgconfig/turtlebot3_gazebo.pc'
[16.293s] Level 1:colcon.colcon_core.environment:checking '/home/thegodset/fyp/install/turtlebot3_gazebo/lib/python3.10/site-packages'
[16.293s] Level 1:colcon.colcon_core.environment:checking '/home/thegodset/fyp/install/turtlebot3_gazebo/bin'
[16.293s] INFO:colcon.colcon_core.shell:Creating package script '/home/thegodset/fyp/install/turtlebot3_gazebo/share/turtlebot3_gazebo/package.ps1'
[16.294s] INFO:colcon.colcon_core.shell:Creating package descriptor '/home/thegodset/fyp/install/turtlebot3_gazebo/share/turtlebot3_gazebo/package.dsv'
[16.294s] INFO:colcon.colcon_core.shell:Creating package script '/home/thegodset/fyp/install/turtlebot3_gazebo/share/turtlebot3_gazebo/package.sh'
[16.294s] INFO:colcon.colcon_core.shell:Creating package script '/home/thegodset/fyp/install/turtlebot3_gazebo/share/turtlebot3_gazebo/package.bash'
[16.294s] INFO:colcon.colcon_core.shell:Creating package script '/home/thegodset/fyp/install/turtlebot3_gazebo/share/turtlebot3_gazebo/package.zsh'
[16.295s] Level 1:colcon.colcon_core.environment:create_file_with_runtime_dependencies(/home/thegodset/fyp/install/turtlebot3_gazebo/share/colcon-core/packages/turtlebot3_gazebo)
[16.295s] Level 1:colcon.colcon_core.environment:create_environment_scripts_only(turtlebot3_gazebo)
[16.295s] Level 1:colcon.colcon_core.environment:checking '/home/thegodset/fyp/install/turtlebot3_gazebo' for CMake module files
[16.295s] Level 1:colcon.colcon_core.environment:checking '/home/thegodset/fyp/install/turtlebot3_gazebo' for CMake config files
[16.296s] Level 1:colcon.colcon_core.shell:create_environment_hook('turtlebot3_gazebo', 'cmake_prefix_path')
[16.296s] INFO:colcon.colcon_core.shell:Creating environment hook '/home/thegodset/fyp/install/turtlebot3_gazebo/share/turtlebot3_gazebo/hook/cmake_prefix_path.ps1'
[16.296s] INFO:colcon.colcon_core.shell:Creating environment descriptor '/home/thegodset/fyp/install/turtlebot3_gazebo/share/turtlebot3_gazebo/hook/cmake_prefix_path.dsv'
[16.296s] INFO:colcon.colcon_core.shell:Creating environment hook '/home/thegodset/fyp/install/turtlebot3_gazebo/share/turtlebot3_gazebo/hook/cmake_prefix_path.sh'
[16.297s] Level 1:colcon.colcon_core.environment:checking '/home/thegodset/fyp/install/turtlebot3_gazebo/lib'
[16.297s] Level 1:colcon.colcon_core.environment:checking '/home/thegodset/fyp/install/turtlebot3_gazebo/bin'
[16.297s] Level 1:colcon.colcon_core.environment:checking '/home/thegodset/fyp/install/turtlebot3_gazebo/lib/pkgconfig/turtlebot3_gazebo.pc'
[16.297s] Level 1:colcon.colcon_core.environment:checking '/home/thegodset/fyp/install/turtlebot3_gazebo/lib/python3.10/site-packages'
[16.297s] Level 1:colcon.colcon_core.environment:checking '/home/thegodset/fyp/install/turtlebot3_gazebo/bin'
[16.297s] INFO:colcon.colcon_core.shell:Creating package script '/home/thegodset/fyp/install/turtlebot3_gazebo/share/turtlebot3_gazebo/package.ps1'
[16.297s] INFO:colcon.colcon_core.shell:Creating package descriptor '/home/thegodset/fyp/install/turtlebot3_gazebo/share/turtlebot3_gazebo/package.dsv'
[16.298s] INFO:colcon.colcon_core.shell:Creating package script '/home/thegodset/fyp/install/turtlebot3_gazebo/share/turtlebot3_gazebo/package.sh'
[16.298s] INFO:colcon.colcon_core.shell:Creating package script '/home/thegodset/fyp/install/turtlebot3_gazebo/share/turtlebot3_gazebo/package.bash'
[16.298s] INFO:colcon.colcon_core.shell:Creating package script '/home/thegodset/fyp/install/turtlebot3_gazebo/share/turtlebot3_gazebo/package.zsh'
[16.298s] Level 1:colcon.colcon_core.environment:create_file_with_runtime_dependencies(/home/thegodset/fyp/install/turtlebot3_gazebo/share/colcon-core/packages/turtlebot3_gazebo)
[16.299s] INFO:colcon.colcon_ros.task.ament_cmake.build:Building ROS package in '/home/thegodset/fyp/src/turtlebot3_simulations/turtlebot3_simulations' with build type 'ament_cmake'
[16.299s] INFO:colcon.colcon_cmake.task.cmake.build:Building CMake package in '/home/thegodset/fyp/src/turtlebot3_simulations/turtlebot3_simulations'
[16.299s] INFO:colcon.colcon_core.shell:Skip shell extension 'powershell' for command environment: Not usable outside of PowerShell
[16.299s] DEBUG:colcon.colcon_core.shell:Skip shell extension 'dsv' for command environment
[16.312s] DEBUG:colcon.colcon_core.event_handler.log_command:Invoking command in '/home/thegodset/fyp/build/turtlebot3_simulations': AMENT_PREFIX_PATH=/home/thegodset/fyp/install/turtlebot3_gazebo:/home/thegodset/fyp/install/turtlebot3_fake_node:${AMENT_PREFIX_PATH} CMAKE_PREFIX_PATH=/home/thegodset/fyp/install/turtlebot3_gazebo:/home/thegodset/fyp/install/turtlebot3_fake_node:/opt/ros/humble /usr/bin/cmake --build /home/thegodset/fyp/build/turtlebot3_simulations -- -j16 -l16
[16.339s] DEBUG:colcon.colcon_core.event_handler.log_command:Invoked command in '/home/thegodset/fyp/build/turtlebot3_simulations' returned '0': AMENT_PREFIX_PATH=/home/thegodset/fyp/install/turtlebot3_gazebo:/home/thegodset/fyp/install/turtlebot3_fake_node:${AMENT_PREFIX_PATH} CMAKE_PREFIX_PATH=/home/thegodset/fyp/install/turtlebot3_gazebo:/home/thegodset/fyp/install/turtlebot3_fake_node:/opt/ros/humble /usr/bin/cmake --build /home/thegodset/fyp/build/turtlebot3_simulations -- -j16 -l16
[16.341s] DEBUG:colcon.colcon_core.event_handler.log_command:Invoking command in '/home/thegodset/fyp/build/turtlebot3_simulations': AMENT_PREFIX_PATH=/home/thegodset/fyp/install/turtlebot3_gazebo:/home/thegodset/fyp/install/turtlebot3_fake_node:${AMENT_PREFIX_PATH} CMAKE_PREFIX_PATH=/home/thegodset/fyp/install/turtlebot3_gazebo:/home/thegodset/fyp/install/turtlebot3_fake_node:/opt/ros/humble /usr/bin/cmake --install /home/thegodset/fyp/build/turtlebot3_simulations
[16.346s] Level 1:colcon.colcon_core.environment:create_environment_scripts_only(turtlebot3_simulations)
[16.347s] Level 1:colcon.colcon_core.environment:checking '/home/thegodset/fyp/install/turtlebot3_simulations' for CMake module files
[16.348s] DEBUG:colcon.colcon_core.event_handler.log_command:Invoked command in '/home/thegodset/fyp/build/turtlebot3_simulations' returned '0': AMENT_PREFIX_PATH=/home/thegodset/fyp/install/turtlebot3_gazebo:/home/thegodset/fyp/install/turtlebot3_fake_node:${AMENT_PREFIX_PATH} CMAKE_PREFIX_PATH=/home/thegodset/fyp/install/turtlebot3_gazebo:/home/thegodset/fyp/install/turtlebot3_fake_node:/opt/ros/humble /usr/bin/cmake --install /home/thegodset/fyp/build/turtlebot3_simulations
[16.348s] Level 1:colcon.colcon_core.environment:checking '/home/thegodset/fyp/install/turtlebot3_simulations' for CMake config files
[16.349s] Level 1:colcon.colcon_core.shell:create_environment_hook('turtlebot3_simulations', 'cmake_prefix_path')
[16.349s] INFO:colcon.colcon_core.shell:Creating environment hook '/home/thegodset/fyp/install/turtlebot3_simulations/share/turtlebot3_simulations/hook/cmake_prefix_path.ps1'
[16.349s] INFO:colcon.colcon_core.shell:Creating environment descriptor '/home/thegodset/fyp/install/turtlebot3_simulations/share/turtlebot3_simulations/hook/cmake_prefix_path.dsv'
[16.350s] INFO:colcon.colcon_core.shell:Creating environment hook '/home/thegodset/fyp/install/turtlebot3_simulations/share/turtlebot3_simulations/hook/cmake_prefix_path.sh'
[16.350s] Level 1:colcon.colcon_core.environment:checking '/home/thegodset/fyp/install/turtlebot3_simulations/bin'
[16.350s] Level 1:colcon.colcon_core.environment:checking '/home/thegodset/fyp/install/turtlebot3_simulations/lib/pkgconfig/turtlebot3_simulations.pc'
[16.350s] Level 1:colcon.colcon_core.environment:checking '/home/thegodset/fyp/install/turtlebot3_simulations/lib/python3.10/site-packages'
[16.351s] Level 1:colcon.colcon_core.environment:checking '/home/thegodset/fyp/install/turtlebot3_simulations/bin'
[16.351s] INFO:colcon.colcon_core.shell:Creating package script '/home/thegodset/fyp/install/turtlebot3_simulations/share/turtlebot3_simulations/package.ps1'
[16.351s] INFO:colcon.colcon_core.shell:Creating package descriptor '/home/thegodset/fyp/install/turtlebot3_simulations/share/turtlebot3_simulations/package.dsv'
[16.351s] INFO:colcon.colcon_core.shell:Creating package script '/home/thegodset/fyp/install/turtlebot3_simulations/share/turtlebot3_simulations/package.sh'
[16.352s] INFO:colcon.colcon_core.shell:Creating package script '/home/thegodset/fyp/install/turtlebot3_simulations/share/turtlebot3_simulations/package.bash'
[16.352s] INFO:colcon.colcon_core.shell:Creating package script '/home/thegodset/fyp/install/turtlebot3_simulations/share/turtlebot3_simulations/package.zsh'
[16.352s] Level 1:colcon.colcon_core.environment:create_file_with_runtime_dependencies(/home/thegodset/fyp/install/turtlebot3_simulations/share/colcon-core/packages/turtlebot3_simulations)
[16.353s] Level 1:colcon.colcon_core.environment:create_environment_scripts_only(turtlebot3_simulations)
[16.353s] Level 1:colcon.colcon_core.environment:checking '/home/thegodset/fyp/install/turtlebot3_simulations' for CMake module files
[16.353s] Level 1:colcon.colcon_core.environment:checking '/home/thegodset/fyp/install/turtlebot3_simulations' for CMake config files
[16.353s] Level 1:colcon.colcon_core.shell:create_environment_hook('turtlebot3_simulations', 'cmake_prefix_path')
[16.353s] INFO:colcon.colcon_core.shell:Creating environment hook '/home/thegodset/fyp/install/turtlebot3_simulations/share/turtlebot3_simulations/hook/cmake_prefix_path.ps1'
[16.354s] INFO:colcon.colcon_core.shell:Creating environment descriptor '/home/thegodset/fyp/install/turtlebot3_simulations/share/turtlebot3_simulations/hook/cmake_prefix_path.dsv'
[16.354s] INFO:colcon.colcon_core.shell:Creating environment hook '/home/thegodset/fyp/install/turtlebot3_simulations/share/turtlebot3_simulations/hook/cmake_prefix_path.sh'
[16.354s] Level 1:colcon.colcon_core.environment:checking '/home/thegodset/fyp/install/turtlebot3_simulations/bin'
[16.354s] Level 1:colcon.colcon_core.environment:checking '/home/thegodset/fyp/install/turtlebot3_simulations/lib/pkgconfig/turtlebot3_simulations.pc'
[16.354s] Level 1:colcon.colcon_core.environment:checking '/home/thegodset/fyp/install/turtlebot3_simulations/lib/python3.10/site-packages'
[16.355s] Level 1:colcon.colcon_core.environment:checking '/home/thegodset/fyp/install/turtlebot3_simulations/bin'
[16.355s] INFO:colcon.colcon_core.shell:Creating package script '/home/thegodset/fyp/install/turtlebot3_simulations/share/turtlebot3_simulations/package.ps1'
[16.355s] INFO:colcon.colcon_core.shell:Creating package descriptor '/home/thegodset/fyp/install/turtlebot3_simulations/share/turtlebot3_simulations/package.dsv'
[16.356s] INFO:colcon.colcon_core.shell:Creating package script '/home/thegodset/fyp/install/turtlebot3_simulations/share/turtlebot3_simulations/package.sh'
[16.356s] INFO:colcon.colcon_core.shell:Creating package script '/home/thegodset/fyp/install/turtlebot3_simulations/share/turtlebot3_simulations/package.bash'
[16.356s] INFO:colcon.colcon_core.shell:Creating package script '/home/thegodset/fyp/install/turtlebot3_simulations/share/turtlebot3_simulations/package.zsh'
[16.357s] Level 1:colcon.colcon_core.environment:create_file_with_runtime_dependencies(/home/thegodset/fyp/install/turtlebot3_simulations/share/colcon-core/packages/turtlebot3_simulations)
[16.357s] DEBUG:colcon.colcon_parallel_executor.executor.parallel:closing loop
[16.358s] DEBUG:colcon.colcon_parallel_executor.executor.parallel:loop closed
[16.358s] DEBUG:colcon.colcon_parallel_executor.executor.parallel:run_until_complete finished with '0'
[16.358s] DEBUG:colcon.colcon_core.event_reactor:joining thread
[16.364s] INFO:colcon.colcon_core.plugin_system:Skipping extension 'colcon_notification.desktop_notification.notify_send': Could not find 'notify-send'
[16.364s] INFO:colcon.colcon_core.plugin_system:Skipping extension 'colcon_notification.desktop_notification.terminal_notifier': Not used on non-Darwin systems
[16.364s] INFO:colcon.colcon_core.plugin_system:Skipping extension 'colcon_notification.desktop_notification.win32': Not used on non-Windows systems
[16.364s] INFO:colcon.colcon_notification.desktop_notification:Sending desktop notification using 'notify2'
[16.365s] DEBUG:colcon.colcon_notification.desktop_notification.notify2:Failed to initialize notify2: org.freedesktop.DBus.Error.ServiceUnknown: The name org.freedesktop.Notifications was not provided by any .service files
[16.366s] DEBUG:colcon.colcon_core.event_reactor:joined thread
[16.366s] INFO:colcon.colcon_core.shell:Creating prefix script '/home/thegodset/fyp/install/local_setup.ps1'
[16.367s] INFO:colcon.colcon_core.shell:Creating prefix util module '/home/thegodset/fyp/install/_local_setup_util_ps1.py'
[16.368s] INFO:colcon.colcon_core.shell:Creating prefix chain script '/home/thegodset/fyp/install/setup.ps1'
[16.368s] INFO:colcon.colcon_core.shell:Creating prefix script '/home/thegodset/fyp/install/local_setup.sh'
[16.369s] INFO:colcon.colcon_core.shell:Creating prefix util module '/home/thegodset/fyp/install/_local_setup_util_sh.py'
[16.369s] INFO:colcon.colcon_core.shell:Creating prefix chain script '/home/thegodset/fyp/install/setup.sh'
[16.370s] INFO:colcon.colcon_core.shell:Creating prefix script '/home/thegodset/fyp/install/local_setup.bash'
[16.370s] INFO:colcon.colcon_core.shell:Creating prefix chain script '/home/thegodset/fyp/install/setup.bash'
[16.371s] INFO:colcon.colcon_core.shell:Creating prefix script '/home/thegodset/fyp/install/local_setup.zsh'
[16.371s] INFO:colcon.colcon_core.shell:Creating prefix chain script '/home/thegodset/fyp/install/setup.zsh'
