[0.698s] Invoking command in '/home/thegodset/fyp/src/vda5050_adapter': PYTHONPATH=/home/thegodset/fyp/build/vda5050_adapter/prefix_override:/usr/lib/python3/dist-packages/colcon_core/task/python/colcon_distutils_commands:/home/thegodset/fyp/install/vda5050_adapter/lib/python3.10/site-packages:${PYTHONPATH} /usr/bin/python3 -W ignore:setup.py install is deprecated -W ignore:easy_install command is deprecated setup.py egg_info --egg-base ../../build/vda5050_adapter build --build-base /home/thegodset/fyp/build/vda5050_adapter/build install --record /home/thegodset/fyp/build/vda5050_adapter/install.log --single-version-externally-managed install_data
[0.954s] running egg_info
[0.956s] writing ../../build/vda5050_adapter/vda5050_adapter.egg-info/PKG-INFO
[0.957s] writing dependency_links to ../../build/vda5050_adapter/vda5050_adapter.egg-info/dependency_links.txt
[0.957s] writing entry points to ../../build/vda5050_adapter/vda5050_adapter.egg-info/entry_points.txt
[0.957s] writing requirements to ../../build/vda5050_adapter/vda5050_adapter.egg-info/requires.txt
[0.957s] writing top-level names to ../../build/vda5050_adapter/vda5050_adapter.egg-info/top_level.txt
[0.959s] reading manifest file '../../build/vda5050_adapter/vda5050_adapter.egg-info/SOURCES.txt'
[0.959s] adding license file 'LICENSE'
[0.960s] writing manifest file '../../build/vda5050_adapter/vda5050_adapter.egg-info/SOURCES.txt'
[0.960s] running build
[0.960s] running build_py
[0.961s] running install
[0.961s] running install_lib
[0.963s] running install_data
[0.964s] running install_egg_info
[0.966s] removing '/home/thegodset/fyp/install/vda5050_adapter/lib/python3.10/site-packages/vda5050_adapter-0.0.0-py3.10.egg-info' (and everything under it)
[0.966s] Copying ../../build/vda5050_adapter/vda5050_adapter.egg-info to /home/thegodset/fyp/install/vda5050_adapter/lib/python3.10/site-packages/vda5050_adapter-0.0.0-py3.10.egg-info
[0.967s] running install_scripts
[0.989s] Installing adapter script to /home/thegodset/fyp/install/vda5050_adapter/lib/vda5050_adapter
[0.989s] Installing goal script to /home/thegodset/fyp/install/vda5050_adapter/lib/vda5050_adapter
[0.989s] Installing odometry script to /home/thegodset/fyp/install/vda5050_adapter/lib/vda5050_adapter
[0.990s] writing list of installed files to '/home/thegodset/fyp/build/vda5050_adapter/install.log'
[1.016s] Invoked command in '/home/thegodset/fyp/src/vda5050_adapter' returned '0': PYTHONPATH=/home/thegodset/fyp/build/vda5050_adapter/prefix_override:/usr/lib/python3/dist-packages/colcon_core/task/python/colcon_distutils_commands:/home/thegodset/fyp/install/vda5050_adapter/lib/python3.10/site-packages:${PYTHONPATH} /usr/bin/python3 -W ignore:setup.py install is deprecated -W ignore:easy_install command is deprecated setup.py egg_info --egg-base ../../build/vda5050_adapter build --build-base /home/thegodset/fyp/build/vda5050_adapter/build install --record /home/thegodset/fyp/build/vda5050_adapter/install.log --single-version-externally-managed install_data
