[0.849s] Invoking command in '/home/thegodset/fyp/src/vda5050_adapter': PYTHONPATH=/home/thegodset/fyp/build/vda5050_adapter/prefix_override:/usr/lib/python3/dist-packages/colcon_core/task/python/colcon_distutils_commands:/home/thegodset/fyp/install/vda5050_adapter/lib/python3.10/site-packages:${PYTHONPATH} /usr/bin/python3 -W ignore:setup.py install is deprecated -W ignore:easy_install command is deprecated setup.py egg_info --egg-base ../../build/vda5050_adapter build --build-base /home/thegodset/fyp/build/vda5050_adapter/build install --record /home/thegodset/fyp/build/vda5050_adapter/install.log --single-version-externally-managed install_data
[1.076s] running egg_info
[1.077s] writing ../../build/vda5050_adapter/vda5050_adapter.egg-info/PKG-INFO
[1.078s] writing dependency_links to ../../build/vda5050_adapter/vda5050_adapter.egg-info/dependency_links.txt
[1.079s] writing entry points to ../../build/vda5050_adapter/vda5050_adapter.egg-info/entry_points.txt
[1.079s] writing requirements to ../../build/vda5050_adapter/vda5050_adapter.egg-info/requires.txt
[1.079s] writing top-level names to ../../build/vda5050_adapter/vda5050_adapter.egg-info/top_level.txt
[1.081s] reading manifest file '../../build/vda5050_adapter/vda5050_adapter.egg-info/SOURCES.txt'
[1.082s] adding license file 'LICENSE'
[1.082s] writing manifest file '../../build/vda5050_adapter/vda5050_adapter.egg-info/SOURCES.txt'
[1.082s] running build
[1.082s] running build_py
[1.083s] copying vda5050_adapter/adapter.py -> /home/thegodset/fyp/build/vda5050_adapter/build/lib/vda5050_adapter
[1.084s] copying vda5050_adapter/position_adapter.py -> /home/thegodset/fyp/build/vda5050_adapter/build/lib/vda5050_adapter
[1.085s] running install
[1.086s] running install_lib
[1.086s] copying /home/thegodset/fyp/build/vda5050_adapter/build/lib/vda5050_adapter/adapter.py -> /home/thegodset/fyp/install/vda5050_adapter/lib/python3.10/site-packages/vda5050_adapter
[1.086s] copying /home/thegodset/fyp/build/vda5050_adapter/build/lib/vda5050_adapter/position_adapter.py -> /home/thegodset/fyp/install/vda5050_adapter/lib/python3.10/site-packages/vda5050_adapter
[1.087s] byte-compiling /home/thegodset/fyp/install/vda5050_adapter/lib/python3.10/site-packages/vda5050_adapter/adapter.py to adapter.cpython-310.pyc
[1.088s] byte-compiling /home/thegodset/fyp/install/vda5050_adapter/lib/python3.10/site-packages/vda5050_adapter/position_adapter.py to position_adapter.cpython-310.pyc
[1.089s]   File "/home/thegodset/fyp/install/vda5050_adapter/lib/python3.10/site-packages/vda5050_adapter/position_adapter.py", line 74
[1.089s]     self.position.
[1.089s]                   ^
[1.089s] SyntaxError: invalid syntax
[1.089s] 
[1.089s] running install_data
[1.090s] copying package.xml -> /home/thegodset/fyp/install/vda5050_adapter/share/vda5050_adapter
[1.090s] copying launch/connector.launch.py -> /home/thegodset/fyp/install/vda5050_adapter/share/vda5050_adapter/launch
[1.090s] copying launch/adapter.launch.py -> /home/thegodset/fyp/install/vda5050_adapter/share/vda5050_adapter/launch
[1.091s] copying config/connector.yaml -> /home/thegodset/fyp/install/vda5050_adapter/share/vda5050_adapter/config
[1.091s] copying config/robot.yaml -> /home/thegodset/fyp/install/vda5050_adapter/share/vda5050_adapter/config
[1.091s] running install_egg_info
[1.093s] removing '/home/thegodset/fyp/install/vda5050_adapter/lib/python3.10/site-packages/vda5050_adapter-0.0.0-py3.10.egg-info' (and everything under it)
[1.095s] Copying ../../build/vda5050_adapter/vda5050_adapter.egg-info to /home/thegodset/fyp/install/vda5050_adapter/lib/python3.10/site-packages/vda5050_adapter-0.0.0-py3.10.egg-info
[1.097s] running install_scripts
[1.117s] Installing adapter script to /home/thegodset/fyp/install/vda5050_adapter/lib/vda5050_adapter
[1.118s] writing list of installed files to '/home/thegodset/fyp/build/vda5050_adapter/install.log'
[1.146s] Invoked command in '/home/thegodset/fyp/src/vda5050_adapter' returned '0': PYTHONPATH=/home/thegodset/fyp/build/vda5050_adapter/prefix_override:/usr/lib/python3/dist-packages/colcon_core/task/python/colcon_distutils_commands:/home/thegodset/fyp/install/vda5050_adapter/lib/python3.10/site-packages:${PYTHONPATH} /usr/bin/python3 -W ignore:setup.py install is deprecated -W ignore:easy_install command is deprecated setup.py egg_info --egg-base ../../build/vda5050_adapter build --build-base /home/thegodset/fyp/build/vda5050_adapter/build install --record /home/thegodset/fyp/build/vda5050_adapter/install.log --single-version-externally-managed install_data
