running egg_info
creating ../../build/vda5050_adapter/vda5050_adapter.egg-info
writing ../../build/vda5050_adapter/vda5050_adapter.egg-info/PKG-INFO
writing dependency_links to ../../build/vda5050_adapter/vda5050_adapter.egg-info/dependency_links.txt
writing entry points to ../../build/vda5050_adapter/vda5050_adapter.egg-info/entry_points.txt
writing requirements to ../../build/vda5050_adapter/vda5050_adapter.egg-info/requires.txt
writing top-level names to ../../build/vda5050_adapter/vda5050_adapter.egg-info/top_level.txt
writing manifest file '../../build/vda5050_adapter/vda5050_adapter.egg-info/SOURCES.txt'
reading manifest file '../../build/vda5050_adapter/vda5050_adapter.egg-info/SOURCES.txt'
adding license file 'LICENSE'
writing manifest file '../../build/vda5050_adapter/vda5050_adapter.egg-info/SOURCES.txt'
running build
running build_py
creating /home/thegodset/fyp/build/vda5050_adapter/build
creating /home/thegodset/fyp/build/vda5050_adapter/build/lib
creating /home/thegodset/fyp/build/vda5050_adapter/build/lib/vda5050_adapter
copying vda5050_adapter/__init__.py -> /home/thegodset/fyp/build/vda5050_adapter/build/lib/vda5050_adapter
copying vda5050_adapter/adapter.py -> /home/thegodset/fyp/build/vda5050_adapter/build/lib/vda5050_adapter
copying vda5050_adapter/battery_status.py -> /home/thegodset/fyp/build/vda5050_adapter/build/lib/vda5050_adapter
copying vda5050_adapter/position_adapter.py -> /home/thegodset/fyp/build/vda5050_adapter/build/lib/vda5050_adapter
running install
running install_lib
creating /home/thegodset/fyp/install/vda5050_adapter/lib/python3.10/site-packages/vda5050_adapter
copying /home/thegodset/fyp/build/vda5050_adapter/build/lib/vda5050_adapter/__init__.py -> /home/thegodset/fyp/install/vda5050_adapter/lib/python3.10/site-packages/vda5050_adapter
copying /home/thegodset/fyp/build/vda5050_adapter/build/lib/vda5050_adapter/adapter.py -> /home/thegodset/fyp/install/vda5050_adapter/lib/python3.10/site-packages/vda5050_adapter
copying /home/thegodset/fyp/build/vda5050_adapter/build/lib/vda5050_adapter/battery_status.py -> /home/thegodset/fyp/install/vda5050_adapter/lib/python3.10/site-packages/vda5050_adapter
copying /home/thegodset/fyp/build/vda5050_adapter/build/lib/vda5050_adapter/position_adapter.py -> /home/thegodset/fyp/install/vda5050_adapter/lib/python3.10/site-packages/vda5050_adapter
byte-compiling /home/thegodset/fyp/install/vda5050_adapter/lib/python3.10/site-packages/vda5050_adapter/__init__.py to __init__.cpython-310.pyc
byte-compiling /home/thegodset/fyp/install/vda5050_adapter/lib/python3.10/site-packages/vda5050_adapter/adapter.py to adapter.cpython-310.pyc
byte-compiling /home/thegodset/fyp/install/vda5050_adapter/lib/python3.10/site-packages/vda5050_adapter/battery_status.py to battery_status.cpython-310.pyc
byte-compiling /home/thegodset/fyp/install/vda5050_adapter/lib/python3.10/site-packages/vda5050_adapter/position_adapter.py to position_adapter.cpython-310.pyc
running install_data
creating /home/thegodset/fyp/install/vda5050_adapter/share/ament_index
creating /home/thegodset/fyp/install/vda5050_adapter/share/ament_index/resource_index
creating /home/thegodset/fyp/install/vda5050_adapter/share/ament_index/resource_index/packages
copying resource/vda5050_adapter -> /home/thegodset/fyp/install/vda5050_adapter/share/ament_index/resource_index/packages
copying package.xml -> /home/thegodset/fyp/install/vda5050_adapter/share/vda5050_adapter
creating /home/thegodset/fyp/install/vda5050_adapter/share/vda5050_adapter/launch
copying launch/connector.launch.py -> /home/thegodset/fyp/install/vda5050_adapter/share/vda5050_adapter/launch
copying launch/adapter.launch.py -> /home/thegodset/fyp/install/vda5050_adapter/share/vda5050_adapter/launch
creating /home/thegodset/fyp/install/vda5050_adapter/share/vda5050_adapter/config
copying config/connector.yaml -> /home/thegodset/fyp/install/vda5050_adapter/share/vda5050_adapter/config
running install_egg_info
Copying ../../build/vda5050_adapter/vda5050_adapter.egg-info to /home/thegodset/fyp/install/vda5050_adapter/lib/python3.10/site-packages/vda5050_adapter-0.0.0-py3.10.egg-info
running install_scripts
Installing adapter script to /home/thegodset/fyp/install/vda5050_adapter/lib/vda5050_adapter
writing list of installed files to '/home/thegodset/fyp/build/vda5050_adapter/install.log'
