/home/thegodset/fyp/install/vda5050_adapter/lib/python3.10/site-packages/vda5050_adapter/__init__.py
/home/thegodset/fyp/install/vda5050_adapter/lib/python3.10/site-packages/vda5050_adapter/state.py
/home/thegodset/fyp/install/vda5050_adapter/lib/python3.10/site-packages/vda5050_adapter/odom_position.py
/home/thegodset/fyp/install/vda5050_adapter/lib/python3.10/site-packages/vda5050_adapter/adapter.py
/home/thegodset/fyp/install/vda5050_adapter/lib/python3.10/site-packages/vda5050_adapter/battery_status.py
/home/thegodset/fyp/install/vda5050_adapter/lib/python3.10/site-packages/vda5050_adapter/goal_adapter.py
/home/thegodset/fyp/install/vda5050_adapter/lib/python3.10/site-packages/vda5050_adapter/position_adapter.py
/home/thegodset/fyp/install/vda5050_adapter/lib/python3.10/site-packages/vda5050_adapter/__pycache__/__init__.cpython-310.pyc
/home/thegodset/fyp/install/vda5050_adapter/lib/python3.10/site-packages/vda5050_adapter/__pycache__/state.cpython-310.pyc
/home/thegodset/fyp/install/vda5050_adapter/lib/python3.10/site-packages/vda5050_adapter/__pycache__/odom_position.cpython-310.pyc
/home/thegodset/fyp/install/vda5050_adapter/lib/python3.10/site-packages/vda5050_adapter/__pycache__/adapter.cpython-310.pyc
/home/thegodset/fyp/install/vda5050_adapter/lib/python3.10/site-packages/vda5050_adapter/__pycache__/battery_status.cpython-310.pyc
/home/thegodset/fyp/install/vda5050_adapter/lib/python3.10/site-packages/vda5050_adapter/__pycache__/goal_adapter.cpython-310.pyc
/home/thegodset/fyp/install/vda5050_adapter/lib/python3.10/site-packages/vda5050_adapter/__pycache__/position_adapter.cpython-310.pyc
/home/thegodset/fyp/install/vda5050_adapter/share/ament_index/resource_index/packages/vda5050_adapter
/home/thegodset/fyp/install/vda5050_adapter/share/vda5050_adapter/package.xml
/home/thegodset/fyp/install/vda5050_adapter/share/vda5050_adapter/launch/connector.launch.py
/home/thegodset/fyp/install/vda5050_adapter/share/vda5050_adapter/launch/adapter.launch.py
/home/thegodset/fyp/install/vda5050_adapter/share/vda5050_adapter/config/connector.yaml
/home/thegodset/fyp/install/vda5050_adapter/share/vda5050_adapter/config/robot.yaml
/home/thegodset/fyp/install/vda5050_adapter/lib/python3.10/site-packages/vda5050_adapter-0.0.0-py3.10.egg-info/entry_points.txt
/home/thegodset/fyp/install/vda5050_adapter/lib/python3.10/site-packages/vda5050_adapter-0.0.0-py3.10.egg-info/dependency_links.txt
/home/thegodset/fyp/install/vda5050_adapter/lib/python3.10/site-packages/vda5050_adapter-0.0.0-py3.10.egg-info/SOURCES.txt
/home/thegodset/fyp/install/vda5050_adapter/lib/python3.10/site-packages/vda5050_adapter-0.0.0-py3.10.egg-info/top_level.txt
/home/thegodset/fyp/install/vda5050_adapter/lib/python3.10/site-packages/vda5050_adapter-0.0.0-py3.10.egg-info/PKG-INFO
/home/thegodset/fyp/install/vda5050_adapter/lib/python3.10/site-packages/vda5050_adapter-0.0.0-py3.10.egg-info/zip-safe
/home/thegodset/fyp/install/vda5050_adapter/lib/python3.10/site-packages/vda5050_adapter-0.0.0-py3.10.egg-info/requires.txt
/home/thegodset/fyp/install/vda5050_adapter/lib/vda5050_adapter/adapter
/home/thegodset/fyp/install/vda5050_adapter/lib/vda5050_adapter/goal
/home/thegodset/fyp/install/vda5050_adapter/lib/vda5050_adapter/odometry
