[0.035s] Invoking command in '/home/thegodset/fyp/build/vda5050_connector': CMAKE_PREFIX_PATH=/home/thegodset/fyp/install/vda5050_msgs:/home/thegodset/fyp/install/vda5050_connector:/home/thegodset/fyp/install/turtlebot3_simulations:/home/thegodset/fyp/install/turtlebot3_gazebo:/home/thegodset/fyp/install/turtlebot3_fake_node:/home/thegodset/install/turtlesim:/home/thegodset/install/turtlebot3_navigation2:/home/thegodset/install/turtlebot3_environment_navigation:/home/thegodset/install/turtlebot3_description:/home/thegodset/install/turtlebot3_cartographer:/home/thegodset/install/examples_rclcpp_wait_set:/home/thegodset/install/examples_rclcpp_multithreaded_executor:/home/thegodset/install/examples_rclcpp_minimal_timer:/home/thegodset/install/examples_rclcpp_minimal_subscriber:/home/thegodset/install/examples_rclcpp_minimal_service:/home/thegodset/install/examples_rclcpp_minimal_publisher:/home/thegodset/install/examples_rclcpp_minimal_composition:/home/thegodset/install/examples_rclcpp_minimal_client:/home/thegodset/install/examples_rclcpp_minimal_action_server:/home/thegodset/install/examples_rclcpp_minimal_action_client:/home/thegodset/install/examples_rclcpp_cbg_executor:/home/thegodset/install/examples_rclcpp_async_client:/home/thegodset/install/dynamixel_sdk:/home/thegodset/ros2_ws/install/tutorial_interfaces:/home/thegodset/ros2_ws/install/turtlesim:/home/thegodset/ros2_ws/install/turtlebot3_multi_robot:/home/thegodset/ros2_ws/install/my_opencv_demo:/home/thegodset/ros2_ws/install/more_interfaces:/home/thegodset/ros2_ws/install/examples_rclcpp_wait_set:/home/thegodset/ros2_ws/install/examples_rclcpp_multithreaded_executor:/home/thegodset/ros2_ws/install/examples_rclcpp_minimal_timer:/home/thegodset/ros2_ws/install/examples_rclcpp_minimal_subscriber:/home/thegodset/ros2_ws/install/examples_rclcpp_minimal_service:/home/thegodset/ros2_ws/install/examples_rclcpp_minimal_publisher:/home/thegodset/ros2_ws/install/examples_rclcpp_minimal_composition:/home/thegodset/ros2_ws/install/examples_rclcpp_minimal_client:/home/thegodset/ros2_ws/install/examples_rclcpp_minimal_action_server:/home/thegodset/ros2_ws/install/examples_rclcpp_minimal_action_client:/home/thegodset/ros2_ws/install/examples_rclcpp_cbg_executor:/home/thegodset/ros2_ws/install/examples_rclcpp_async_client:/home/thegodset/ros2_ws/install/action_tutorials_interfaces:/home/thegodset/ros2_assignment/install/ros2_gazebo:/home/thegodset/turtlebot3_ws/install/turtlebot3_simulations:/home/thegodset/turtlebot3_ws/install/turtlebot3_gazebo:/home/thegodset/turtlebot3_ws/install/turtlebot3_fake_node:/home/thegodset/fyp/install/vda5050_adapter:/home/thegodset/install/turtlebot3_teleop:/home/thegodset/install/turtlebot3_example:/home/thegodset/install/launch_testing_examples:/home/thegodset/install/examples_rclpy_pointcloud_publisher:/home/thegodset/install/examples_rclpy_minimal_subscriber:/home/thegodset/install/examples_rclpy_minimal_service:/home/thegodset/install/examples_rclpy_minimal_publisher:/home/thegodset/install/examples_rclpy_minimal_client:/home/thegodset/install/examples_rclpy_minimal_action_server:/home/thegodset/install/examples_rclpy_minimal_action_client:/home/thegodset/install/examples_rclpy_guard_conditions:/home/thegodset/install/examples_rclpy_executors:/home/thegodset/ros2_ws/install/py_srvcli:/home/thegodset/ros2_ws/install/turtlebot_gui_rviz:/home/thegodset/ros2_ws/install/python_parameters:/home/thegodset/ros2_ws/install/py_pubsub:/home/thegodset/ros2_ws/install/my_package:/home/thegodset/ros2_ws/install/my_gui_package:/home/thegodset/ros2_ws/install/launch_testing_examples:/home/thegodset/ros2_ws/install/examples_rclpy_pointcloud_publisher:/home/thegodset/ros2_ws/install/examples_rclpy_minimal_subscriber:/home/thegodset/ros2_ws/install/examples_rclpy_minimal_service:/home/thegodset/ros2_ws/install/examples_rclpy_minimal_publisher:/home/thegodset/ros2_ws/install/examples_rclpy_minimal_client:/home/thegodset/ros2_ws/install/examples_rclpy_minimal_action_server:/home/thegodset/ros2_ws/install/examples_rclpy_minimal_action_client:/home/thegodset/ros2_ws/install/examples_rclpy_guard_conditions:/home/thegodset/ros2_ws/install/examples_rclpy_executors:/home/thegodset/ros2_assignment/install/ros2_map:/home/thegodset/ros2_assignment/install/ros2_assignment:/home/thegodset/dev_ws/install/warehouse_robot_spawner_pkg:/home/thegodset/dev_ws/install/warehouse_robot_controller_pkg:/opt/ros/humble LD_LIBRARY_PATH=/home/thegodset/fyp/install/vda5050_msgs/lib:/home/thegodset/fyp/install/vda5050_connector/lib:/home/thegodset/install/turtlesim/lib:/home/thegodset/install/examples_rclcpp_wait_set/lib:/home/thegodset/install/examples_rclcpp_minimal_subscriber/lib:/home/thegodset/install/examples_rclcpp_minimal_composition/lib:/home/thegodset/install/dynamixel_sdk/lib:/home/thegodset/ros2_ws/install/tutorial_interfaces/lib:/home/thegodset/ros2_ws/install/turtlesim/lib:/home/thegodset/ros2_ws/install/more_interfaces/lib:/home/thegodset/ros2_ws/install/examples_rclcpp_wait_set/lib:/home/thegodset/ros2_ws/install/examples_rclcpp_minimal_subscriber/lib:/home/thegodset/ros2_ws/install/examples_rclcpp_minimal_composition/lib:/usr/lib/x86_64-linux-gnu/gazebo-11/plugins:/opt/ros/humble/opt/rviz_ogre_vendor/lib:/opt/ros/humble/lib/x86_64-linux-gnu:/opt/ros/humble/lib /usr/bin/cmake --build /home/thegodset/fyp/build/vda5050_connector -- -j16 -l16
[0.123s] [  1%] Built target vda5050_connector__cpp
[0.179s] [  4%] Built target gtest
[0.212s] [ 12%] Built target vda5050_connector__rosidl_typesupport_introspection_cpp
[0.242s] [ 20%] Built target vda5050_connector__rosidl_typesupport_fastrtps_cpp
[0.280s] [ 29%] Built target vda5050_connector__rosidl_typesupport_cpp
[0.314s] [ 31%] Built target gtest_main
[0.343s] [ 36%] Built target adapter
[0.381s] [ 36%] Built target ament_cmake_python_copy_vda5050_connector_py
[0.430s] [ 38%] Built target test_handler_execution
[0.950s] running egg_info
[0.951s] writing vda5050_connector_py.egg-info/PKG-INFO
[0.951s] writing dependency_links to vda5050_connector_py.egg-info/dependency_links.txt
[0.951s] writing top-level names to vda5050_connector_py.egg-info/top_level.txt
[0.956s] reading manifest file 'vda5050_connector_py.egg-info/SOURCES.txt'
[0.957s] writing manifest file 'vda5050_connector_py.egg-info/SOURCES.txt'
[1.020s] [ 38%] Built target ament_cmake_python_build_vda5050_connector_py_egg
[1.059s] [ 41%] Built target test_plugin_load
[1.094s] [ 44%] Built target test_node_config
[1.151s] [ 50%] Built target test_plugins
[1.196s] [ 50%] Built target ament_cmake_python_copy_vda5050_connector
[1.223s] [ 58%] Built target vda5050_connector__rosidl_generator_c
[1.702s] running egg_info
[1.703s] writing vda5050_connector.egg-info/PKG-INFO
[1.703s] writing dependency_links to vda5050_connector.egg-info/dependency_links.txt
[1.704s] writing top-level names to vda5050_connector.egg-info/top_level.txt
[1.710s] reading manifest file 'vda5050_connector.egg-info/SOURCES.txt'
[1.712s] writing manifest file 'vda5050_connector.egg-info/SOURCES.txt'
[1.772s] [ 58%] Built target ament_cmake_python_build_vda5050_connector_egg
[1.801s] [ 66%] Built target vda5050_connector__rosidl_typesupport_c
[1.832s] [ 75%] Built target vda5050_connector__rosidl_typesupport_introspection_c
[1.879s] [ 83%] Built target vda5050_connector__rosidl_typesupport_fastrtps_c
[1.910s] [ 83%] Built target vda5050_connector
[1.939s] [ 84%] Built target vda5050_connector__py
[1.976s] [ 91%] Built target vda5050_connector__rosidl_generator_py
[2.028s] [ 94%] Built target vda5050_connector__rosidl_typesupport_fastrtps_c__pyext
[2.057s] [ 97%] Built target vda5050_connector__rosidl_typesupport_c__pyext
[2.090s] [100%] Built target vda5050_connector__rosidl_typesupport_introspection_c__pyext
[2.112s] Invoked command in '/home/thegodset/fyp/build/vda5050_connector' returned '0': CMAKE_PREFIX_PATH=/home/thegodset/fyp/install/vda5050_msgs:/home/thegodset/fyp/install/vda5050_connector:/home/thegodset/fyp/install/turtlebot3_simulations:/home/thegodset/fyp/install/turtlebot3_gazebo:/home/thegodset/fyp/install/turtlebot3_fake_node:/home/thegodset/install/turtlesim:/home/thegodset/install/turtlebot3_navigation2:/home/thegodset/install/turtlebot3_environment_navigation:/home/thegodset/install/turtlebot3_description:/home/thegodset/install/turtlebot3_cartographer:/home/thegodset/install/examples_rclcpp_wait_set:/home/thegodset/install/examples_rclcpp_multithreaded_executor:/home/thegodset/install/examples_rclcpp_minimal_timer:/home/thegodset/install/examples_rclcpp_minimal_subscriber:/home/thegodset/install/examples_rclcpp_minimal_service:/home/thegodset/install/examples_rclcpp_minimal_publisher:/home/thegodset/install/examples_rclcpp_minimal_composition:/home/thegodset/install/examples_rclcpp_minimal_client:/home/thegodset/install/examples_rclcpp_minimal_action_server:/home/thegodset/install/examples_rclcpp_minimal_action_client:/home/thegodset/install/examples_rclcpp_cbg_executor:/home/thegodset/install/examples_rclcpp_async_client:/home/thegodset/install/dynamixel_sdk:/home/thegodset/ros2_ws/install/tutorial_interfaces:/home/thegodset/ros2_ws/install/turtlesim:/home/thegodset/ros2_ws/install/turtlebot3_multi_robot:/home/thegodset/ros2_ws/install/my_opencv_demo:/home/thegodset/ros2_ws/install/more_interfaces:/home/thegodset/ros2_ws/install/examples_rclcpp_wait_set:/home/thegodset/ros2_ws/install/examples_rclcpp_multithreaded_executor:/home/thegodset/ros2_ws/install/examples_rclcpp_minimal_timer:/home/thegodset/ros2_ws/install/examples_rclcpp_minimal_subscriber:/home/thegodset/ros2_ws/install/examples_rclcpp_minimal_service:/home/thegodset/ros2_ws/install/examples_rclcpp_minimal_publisher:/home/thegodset/ros2_ws/install/examples_rclcpp_minimal_composition:/home/thegodset/ros2_ws/install/examples_rclcpp_minimal_client:/home/thegodset/ros2_ws/install/examples_rclcpp_minimal_action_server:/home/thegodset/ros2_ws/install/examples_rclcpp_minimal_action_client:/home/thegodset/ros2_ws/install/examples_rclcpp_cbg_executor:/home/thegodset/ros2_ws/install/examples_rclcpp_async_client:/home/thegodset/ros2_ws/install/action_tutorials_interfaces:/home/thegodset/ros2_assignment/install/ros2_gazebo:/home/thegodset/turtlebot3_ws/install/turtlebot3_simulations:/home/thegodset/turtlebot3_ws/install/turtlebot3_gazebo:/home/thegodset/turtlebot3_ws/install/turtlebot3_fake_node:/home/thegodset/fyp/install/vda5050_adapter:/home/thegodset/install/turtlebot3_teleop:/home/thegodset/install/turtlebot3_example:/home/thegodset/install/launch_testing_examples:/home/thegodset/install/examples_rclpy_pointcloud_publisher:/home/thegodset/install/examples_rclpy_minimal_subscriber:/home/thegodset/install/examples_rclpy_minimal_service:/home/thegodset/install/examples_rclpy_minimal_publisher:/home/thegodset/install/examples_rclpy_minimal_client:/home/thegodset/install/examples_rclpy_minimal_action_server:/home/thegodset/install/examples_rclpy_minimal_action_client:/home/thegodset/install/examples_rclpy_guard_conditions:/home/thegodset/install/examples_rclpy_executors:/home/thegodset/ros2_ws/install/py_srvcli:/home/thegodset/ros2_ws/install/turtlebot_gui_rviz:/home/thegodset/ros2_ws/install/python_parameters:/home/thegodset/ros2_ws/install/py_pubsub:/home/thegodset/ros2_ws/install/my_package:/home/thegodset/ros2_ws/install/my_gui_package:/home/thegodset/ros2_ws/install/launch_testing_examples:/home/thegodset/ros2_ws/install/examples_rclpy_pointcloud_publisher:/home/thegodset/ros2_ws/install/examples_rclpy_minimal_subscriber:/home/thegodset/ros2_ws/install/examples_rclpy_minimal_service:/home/thegodset/ros2_ws/install/examples_rclpy_minimal_publisher:/home/thegodset/ros2_ws/install/examples_rclpy_minimal_client:/home/thegodset/ros2_ws/install/examples_rclpy_minimal_action_server:/home/thegodset/ros2_ws/install/examples_rclpy_minimal_action_client:/home/thegodset/ros2_ws/install/examples_rclpy_guard_conditions:/home/thegodset/ros2_ws/install/examples_rclpy_executors:/home/thegodset/ros2_assignment/install/ros2_map:/home/thegodset/ros2_assignment/install/ros2_assignment:/home/thegodset/dev_ws/install/warehouse_robot_spawner_pkg:/home/thegodset/dev_ws/install/warehouse_robot_controller_pkg:/opt/ros/humble LD_LIBRARY_PATH=/home/thegodset/fyp/install/vda5050_msgs/lib:/home/thegodset/fyp/install/vda5050_connector/lib:/home/thegodset/install/turtlesim/lib:/home/thegodset/install/examples_rclcpp_wait_set/lib:/home/thegodset/install/examples_rclcpp_minimal_subscriber/lib:/home/thegodset/install/examples_rclcpp_minimal_composition/lib:/home/thegodset/install/dynamixel_sdk/lib:/home/thegodset/ros2_ws/install/tutorial_interfaces/lib:/home/thegodset/ros2_ws/install/turtlesim/lib:/home/thegodset/ros2_ws/install/more_interfaces/lib:/home/thegodset/ros2_ws/install/examples_rclcpp_wait_set/lib:/home/thegodset/ros2_ws/install/examples_rclcpp_minimal_subscriber/lib:/home/thegodset/ros2_ws/install/examples_rclcpp_minimal_composition/lib:/usr/lib/x86_64-linux-gnu/gazebo-11/plugins:/opt/ros/humble/opt/rviz_ogre_vendor/lib:/opt/ros/humble/lib/x86_64-linux-gnu:/opt/ros/humble/lib /usr/bin/cmake --build /home/thegodset/fyp/build/vda5050_connector -- -j16 -l16
[2.116s] Invoking command in '/home/thegodset/fyp/build/vda5050_connector': CMAKE_PREFIX_PATH=/home/thegodset/fyp/install/vda5050_msgs:/home/thegodset/fyp/install/vda5050_connector:/home/thegodset/fyp/install/turtlebot3_simulations:/home/thegodset/fyp/install/turtlebot3_gazebo:/home/thegodset/fyp/install/turtlebot3_fake_node:/home/thegodset/install/turtlesim:/home/thegodset/install/turtlebot3_navigation2:/home/thegodset/install/turtlebot3_environment_navigation:/home/thegodset/install/turtlebot3_description:/home/thegodset/install/turtlebot3_cartographer:/home/thegodset/install/examples_rclcpp_wait_set:/home/thegodset/install/examples_rclcpp_multithreaded_executor:/home/thegodset/install/examples_rclcpp_minimal_timer:/home/thegodset/install/examples_rclcpp_minimal_subscriber:/home/thegodset/install/examples_rclcpp_minimal_service:/home/thegodset/install/examples_rclcpp_minimal_publisher:/home/thegodset/install/examples_rclcpp_minimal_composition:/home/thegodset/install/examples_rclcpp_minimal_client:/home/thegodset/install/examples_rclcpp_minimal_action_server:/home/thegodset/install/examples_rclcpp_minimal_action_client:/home/thegodset/install/examples_rclcpp_cbg_executor:/home/thegodset/install/examples_rclcpp_async_client:/home/thegodset/install/dynamixel_sdk:/home/thegodset/ros2_ws/install/tutorial_interfaces:/home/thegodset/ros2_ws/install/turtlesim:/home/thegodset/ros2_ws/install/turtlebot3_multi_robot:/home/thegodset/ros2_ws/install/my_opencv_demo:/home/thegodset/ros2_ws/install/more_interfaces:/home/thegodset/ros2_ws/install/examples_rclcpp_wait_set:/home/thegodset/ros2_ws/install/examples_rclcpp_multithreaded_executor:/home/thegodset/ros2_ws/install/examples_rclcpp_minimal_timer:/home/thegodset/ros2_ws/install/examples_rclcpp_minimal_subscriber:/home/thegodset/ros2_ws/install/examples_rclcpp_minimal_service:/home/thegodset/ros2_ws/install/examples_rclcpp_minimal_publisher:/home/thegodset/ros2_ws/install/examples_rclcpp_minimal_composition:/home/thegodset/ros2_ws/install/examples_rclcpp_minimal_client:/home/thegodset/ros2_ws/install/examples_rclcpp_minimal_action_server:/home/thegodset/ros2_ws/install/examples_rclcpp_minimal_action_client:/home/thegodset/ros2_ws/install/examples_rclcpp_cbg_executor:/home/thegodset/ros2_ws/install/examples_rclcpp_async_client:/home/thegodset/ros2_ws/install/action_tutorials_interfaces:/home/thegodset/ros2_assignment/install/ros2_gazebo:/home/thegodset/turtlebot3_ws/install/turtlebot3_simulations:/home/thegodset/turtlebot3_ws/install/turtlebot3_gazebo:/home/thegodset/turtlebot3_ws/install/turtlebot3_fake_node:/home/thegodset/fyp/install/vda5050_adapter:/home/thegodset/install/turtlebot3_teleop:/home/thegodset/install/turtlebot3_example:/home/thegodset/install/launch_testing_examples:/home/thegodset/install/examples_rclpy_pointcloud_publisher:/home/thegodset/install/examples_rclpy_minimal_subscriber:/home/thegodset/install/examples_rclpy_minimal_service:/home/thegodset/install/examples_rclpy_minimal_publisher:/home/thegodset/install/examples_rclpy_minimal_client:/home/thegodset/install/examples_rclpy_minimal_action_server:/home/thegodset/install/examples_rclpy_minimal_action_client:/home/thegodset/install/examples_rclpy_guard_conditions:/home/thegodset/install/examples_rclpy_executors:/home/thegodset/ros2_ws/install/py_srvcli:/home/thegodset/ros2_ws/install/turtlebot_gui_rviz:/home/thegodset/ros2_ws/install/python_parameters:/home/thegodset/ros2_ws/install/py_pubsub:/home/thegodset/ros2_ws/install/my_package:/home/thegodset/ros2_ws/install/my_gui_package:/home/thegodset/ros2_ws/install/launch_testing_examples:/home/thegodset/ros2_ws/install/examples_rclpy_pointcloud_publisher:/home/thegodset/ros2_ws/install/examples_rclpy_minimal_subscriber:/home/thegodset/ros2_ws/install/examples_rclpy_minimal_service:/home/thegodset/ros2_ws/install/examples_rclpy_minimal_publisher:/home/thegodset/ros2_ws/install/examples_rclpy_minimal_client:/home/thegodset/ros2_ws/install/examples_rclpy_minimal_action_server:/home/thegodset/ros2_ws/install/examples_rclpy_minimal_action_client:/home/thegodset/ros2_ws/install/examples_rclpy_guard_conditions:/home/thegodset/ros2_ws/install/examples_rclpy_executors:/home/thegodset/ros2_assignment/install/ros2_map:/home/thegodset/ros2_assignment/install/ros2_assignment:/home/thegodset/dev_ws/install/warehouse_robot_spawner_pkg:/home/thegodset/dev_ws/install/warehouse_robot_controller_pkg:/opt/ros/humble LD_LIBRARY_PATH=/home/thegodset/fyp/install/vda5050_msgs/lib:/home/thegodset/fyp/install/vda5050_connector/lib:/home/thegodset/install/turtlesim/lib:/home/thegodset/install/examples_rclcpp_wait_set/lib:/home/thegodset/install/examples_rclcpp_minimal_subscriber/lib:/home/thegodset/install/examples_rclcpp_minimal_composition/lib:/home/thegodset/install/dynamixel_sdk/lib:/home/thegodset/ros2_ws/install/tutorial_interfaces/lib:/home/thegodset/ros2_ws/install/turtlesim/lib:/home/thegodset/ros2_ws/install/more_interfaces/lib:/home/thegodset/ros2_ws/install/examples_rclcpp_wait_set/lib:/home/thegodset/ros2_ws/install/examples_rclcpp_minimal_subscriber/lib:/home/thegodset/ros2_ws/install/examples_rclcpp_minimal_composition/lib:/usr/lib/x86_64-linux-gnu/gazebo-11/plugins:/opt/ros/humble/opt/rviz_ogre_vendor/lib:/opt/ros/humble/lib/x86_64-linux-gnu:/opt/ros/humble/lib /usr/bin/cmake --install /home/thegodset/fyp/build/vda5050_connector
[2.127s] -- Install configuration: ""
[2.128s] -- Up-to-date: /home/thegodset/fyp/install/vda5050_connector/share/ament_index/resource_index/rosidl_interfaces/vda5050_connector
[2.129s] -- Up-to-date: /home/thegodset/fyp/install/vda5050_connector/include/vda5050_connector/vda5050_connector
[2.129s] -- Up-to-date: /home/thegodset/fyp/install/vda5050_connector/include/vda5050_connector/vda5050_connector/msg
[2.129s] -- Up-to-date: /home/thegodset/fyp/install/vda5050_connector/include/vda5050_connector/vda5050_connector/msg/rosidl_generator_c__visibility_control.h
[2.130s] -- Up-to-date: /home/thegodset/fyp/install/vda5050_connector/include/vda5050_connector/vda5050_connector/srv
[2.130s] -- Up-to-date: /home/thegodset/fyp/install/vda5050_connector/include/vda5050_connector/vda5050_connector/srv/detail
[2.131s] -- Up-to-date: /home/thegodset/fyp/install/vda5050_connector/include/vda5050_connector/vda5050_connector/srv/detail/get_state__struct.h
[2.131s] -- Up-to-date: /home/thegodset/fyp/install/vda5050_connector/include/vda5050_connector/vda5050_connector/srv/detail/get_state__functions.h
[2.132s] -- Up-to-date: /home/thegodset/fyp/install/vda5050_connector/include/vda5050_connector/vda5050_connector/srv/detail/supported_actions__functions.h
[2.132s] -- Up-to-date: /home/thegodset/fyp/install/vda5050_connector/include/vda5050_connector/vda5050_connector/srv/detail/get_state__functions.c
[2.133s] -- Up-to-date: /home/thegodset/fyp/install/vda5050_connector/include/vda5050_connector/vda5050_connector/srv/detail/get_state__type_support.h
[2.133s] -- Up-to-date: /home/thegodset/fyp/install/vda5050_connector/include/vda5050_connector/vda5050_connector/srv/detail/supported_actions__functions.c
[2.134s] -- Up-to-date: /home/thegodset/fyp/install/vda5050_connector/include/vda5050_connector/vda5050_connector/srv/detail/supported_actions__struct.h
[2.134s] -- Up-to-date: /home/thegodset/fyp/install/vda5050_connector/include/vda5050_connector/vda5050_connector/srv/detail/supported_actions__type_support.h
[2.135s] -- Up-to-date: /home/thegodset/fyp/install/vda5050_connector/include/vda5050_connector/vda5050_connector/srv/supported_actions.h
[2.135s] -- Up-to-date: /home/thegodset/fyp/install/vda5050_connector/include/vda5050_connector/vda5050_connector/srv/get_state.h
[2.135s] -- Up-to-date: /home/thegodset/fyp/install/vda5050_connector/include/vda5050_connector/vda5050_connector/action
[2.135s] -- Up-to-date: /home/thegodset/fyp/install/vda5050_connector/include/vda5050_connector/vda5050_connector/action/detail
[2.136s] -- Up-to-date: /home/thegodset/fyp/install/vda5050_connector/include/vda5050_connector/vda5050_connector/action/detail/navigate_to_node__functions.c
[2.136s] -- Up-to-date: /home/thegodset/fyp/install/vda5050_connector/include/vda5050_connector/vda5050_connector/action/detail/process_vda_action__functions.c
[2.136s] -- Up-to-date: /home/thegodset/fyp/install/vda5050_connector/include/vda5050_connector/vda5050_connector/action/detail/navigate_to_node__struct.h
[2.136s] -- Up-to-date: /home/thegodset/fyp/install/vda5050_connector/include/vda5050_connector/vda5050_connector/action/detail/process_vda_action__struct.h
[2.137s] -- Up-to-date: /home/thegodset/fyp/install/vda5050_connector/include/vda5050_connector/vda5050_connector/action/detail/navigate_to_node__functions.h
[2.137s] -- Up-to-date: /home/thegodset/fyp/install/vda5050_connector/include/vda5050_connector/vda5050_connector/action/detail/navigate_to_node__type_support.h
[2.137s] -- Up-to-date: /home/thegodset/fyp/install/vda5050_connector/include/vda5050_connector/vda5050_connector/action/detail/process_vda_action__type_support.h
[2.137s] -- Up-to-date: /home/thegodset/fyp/install/vda5050_connector/include/vda5050_connector/vda5050_connector/action/detail/process_vda_action__functions.h
[2.137s] -- Up-to-date: /home/thegodset/fyp/install/vda5050_connector/include/vda5050_connector/vda5050_connector/action/navigate_to_node.h
[2.137s] -- Up-to-date: /home/thegodset/fyp/install/vda5050_connector/include/vda5050_connector/vda5050_connector/action/process_vda_action.h
[2.137s] -- Up-to-date: /home/thegodset/fyp/install/vda5050_connector/share/vda5050_connector/environment/library_path.sh
[2.137s] -- Up-to-date: /home/thegodset/fyp/install/vda5050_connector/share/vda5050_connector/environment/library_path.dsv
[2.137s] -- Up-to-date: /home/thegodset/fyp/install/vda5050_connector/lib/libvda5050_connector__rosidl_generator_c.so
[2.137s] -- Up-to-date: /home/thegodset/fyp/install/vda5050_connector/include/vda5050_connector/vda5050_connector
[2.138s] -- Up-to-date: /home/thegodset/fyp/install/vda5050_connector/include/vda5050_connector/vda5050_connector/msg
[2.138s] -- Up-to-date: /home/thegodset/fyp/install/vda5050_connector/include/vda5050_connector/vda5050_connector/msg/rosidl_typesupport_fastrtps_c__visibility_control.h
[2.138s] -- Up-to-date: /home/thegodset/fyp/install/vda5050_connector/include/vda5050_connector/vda5050_connector/srv
[2.138s] -- Up-to-date: /home/thegodset/fyp/install/vda5050_connector/include/vda5050_connector/vda5050_connector/srv/detail
[2.138s] -- Up-to-date: /home/thegodset/fyp/install/vda5050_connector/include/vda5050_connector/vda5050_connector/srv/detail/supported_actions__rosidl_typesupport_fastrtps_c.h
[2.138s] -- Up-to-date: /home/thegodset/fyp/install/vda5050_connector/include/vda5050_connector/vda5050_connector/srv/detail/get_state__rosidl_typesupport_fastrtps_c.h
[2.138s] -- Up-to-date: /home/thegodset/fyp/install/vda5050_connector/include/vda5050_connector/vda5050_connector/action
[2.138s] -- Up-to-date: /home/thegodset/fyp/install/vda5050_connector/include/vda5050_connector/vda5050_connector/action/detail
[2.138s] -- Up-to-date: /home/thegodset/fyp/install/vda5050_connector/include/vda5050_connector/vda5050_connector/action/detail/navigate_to_node__rosidl_typesupport_fastrtps_c.h
[2.138s] -- Up-to-date: /home/thegodset/fyp/install/vda5050_connector/include/vda5050_connector/vda5050_connector/action/detail/process_vda_action__rosidl_typesupport_fastrtps_c.h
[2.138s] -- Up-to-date: /home/thegodset/fyp/install/vda5050_connector/lib/libvda5050_connector__rosidl_typesupport_fastrtps_c.so
[2.138s] -- Up-to-date: /home/thegodset/fyp/install/vda5050_connector/include/vda5050_connector/vda5050_connector
[2.139s] -- Up-to-date: /home/thegodset/fyp/install/vda5050_connector/include/vda5050_connector/vda5050_connector/msg
[2.139s] -- Up-to-date: /home/thegodset/fyp/install/vda5050_connector/include/vda5050_connector/vda5050_connector/msg/rosidl_generator_cpp__visibility_control.hpp
[2.139s] -- Up-to-date: /home/thegodset/fyp/install/vda5050_connector/include/vda5050_connector/vda5050_connector/srv
[2.139s] -- Up-to-date: /home/thegodset/fyp/install/vda5050_connector/include/vda5050_connector/vda5050_connector/srv/detail
[2.139s] -- Up-to-date: /home/thegodset/fyp/install/vda5050_connector/include/vda5050_connector/vda5050_connector/srv/detail/supported_actions__traits.hpp
[2.139s] -- Up-to-date: /home/thegodset/fyp/install/vda5050_connector/include/vda5050_connector/vda5050_connector/srv/detail/supported_actions__type_support.hpp
[2.139s] -- Up-to-date: /home/thegodset/fyp/install/vda5050_connector/include/vda5050_connector/vda5050_connector/srv/detail/supported_actions__struct.hpp
[2.139s] -- Up-to-date: /home/thegodset/fyp/install/vda5050_connector/include/vda5050_connector/vda5050_connector/srv/detail/get_state__struct.hpp
[2.139s] -- Up-to-date: /home/thegodset/fyp/install/vda5050_connector/include/vda5050_connector/vda5050_connector/srv/detail/supported_actions__builder.hpp
[2.139s] -- Up-to-date: /home/thegodset/fyp/install/vda5050_connector/include/vda5050_connector/vda5050_connector/srv/detail/get_state__type_support.hpp
[2.139s] -- Up-to-date: /home/thegodset/fyp/install/vda5050_connector/include/vda5050_connector/vda5050_connector/srv/detail/get_state__builder.hpp
[2.139s] -- Up-to-date: /home/thegodset/fyp/install/vda5050_connector/include/vda5050_connector/vda5050_connector/srv/detail/get_state__traits.hpp
[2.139s] -- Up-to-date: /home/thegodset/fyp/install/vda5050_connector/include/vda5050_connector/vda5050_connector/srv/supported_actions.hpp
[2.140s] -- Up-to-date: /home/thegodset/fyp/install/vda5050_connector/include/vda5050_connector/vda5050_connector/srv/get_state.hpp
[2.140s] -- Up-to-date: /home/thegodset/fyp/install/vda5050_connector/include/vda5050_connector/vda5050_connector/action
[2.140s] -- Up-to-date: /home/thegodset/fyp/install/vda5050_connector/include/vda5050_connector/vda5050_connector/action/detail
[2.140s] -- Up-to-date: /home/thegodset/fyp/install/vda5050_connector/include/vda5050_connector/vda5050_connector/action/detail/navigate_to_node__struct.hpp
[2.140s] -- Up-to-date: /home/thegodset/fyp/install/vda5050_connector/include/vda5050_connector/vda5050_connector/action/detail/navigate_to_node__traits.hpp
[2.140s] -- Up-to-date: /home/thegodset/fyp/install/vda5050_connector/include/vda5050_connector/vda5050_connector/action/detail/process_vda_action__type_support.hpp
[2.140s] -- Up-to-date: /home/thegodset/fyp/install/vda5050_connector/include/vda5050_connector/vda5050_connector/action/detail/process_vda_action__builder.hpp
[2.140s] -- Up-to-date: /home/thegodset/fyp/install/vda5050_connector/include/vda5050_connector/vda5050_connector/action/detail/process_vda_action__struct.hpp
[2.140s] -- Up-to-date: /home/thegodset/fyp/install/vda5050_connector/include/vda5050_connector/vda5050_connector/action/detail/process_vda_action__traits.hpp
[2.140s] -- Up-to-date: /home/thegodset/fyp/install/vda5050_connector/include/vda5050_connector/vda5050_connector/action/detail/navigate_to_node__builder.hpp
[2.141s] -- Up-to-date: /home/thegodset/fyp/install/vda5050_connector/include/vda5050_connector/vda5050_connector/action/detail/navigate_to_node__type_support.hpp
[2.141s] -- Up-to-date: /home/thegodset/fyp/install/vda5050_connector/include/vda5050_connector/vda5050_connector/action/process_vda_action.hpp
[2.141s] -- Up-to-date: /home/thegodset/fyp/install/vda5050_connector/include/vda5050_connector/vda5050_connector/action/navigate_to_node.hpp
[2.141s] -- Up-to-date: /home/thegodset/fyp/install/vda5050_connector/include/vda5050_connector/vda5050_connector
[2.141s] -- Up-to-date: /home/thegodset/fyp/install/vda5050_connector/include/vda5050_connector/vda5050_connector/msg
[2.141s] -- Up-to-date: /home/thegodset/fyp/install/vda5050_connector/include/vda5050_connector/vda5050_connector/msg/rosidl_typesupport_fastrtps_cpp__visibility_control.h
[2.141s] -- Up-to-date: /home/thegodset/fyp/install/vda5050_connector/include/vda5050_connector/vda5050_connector/srv
[2.141s] -- Up-to-date: /home/thegodset/fyp/install/vda5050_connector/include/vda5050_connector/vda5050_connector/srv/detail
[2.142s] -- Up-to-date: /home/thegodset/fyp/install/vda5050_connector/include/vda5050_connector/vda5050_connector/srv/detail/supported_actions__rosidl_typesupport_fastrtps_cpp.hpp
[2.143s] -- Up-to-date: /home/thegodset/fyp/install/vda5050_connector/include/vda5050_connector/vda5050_connector/srv/detail/get_state__rosidl_typesupport_fastrtps_cpp.hpp
[2.143s] -- Up-to-date: /home/thegodset/fyp/install/vda5050_connector/include/vda5050_connector/vda5050_connector/srv/detail/dds_fastrtps
[2.143s] -- Up-to-date: /home/thegodset/fyp/install/vda5050_connector/include/vda5050_connector/vda5050_connector/action
[2.143s] -- Up-to-date: /home/thegodset/fyp/install/vda5050_connector/include/vda5050_connector/vda5050_connector/action/detail
[2.143s] -- Up-to-date: /home/thegodset/fyp/install/vda5050_connector/include/vda5050_connector/vda5050_connector/action/detail/process_vda_action__rosidl_typesupport_fastrtps_cpp.hpp
[2.143s] -- Up-to-date: /home/thegodset/fyp/install/vda5050_connector/include/vda5050_connector/vda5050_connector/action/detail/navigate_to_node__rosidl_typesupport_fastrtps_cpp.hpp
[2.143s] -- Up-to-date: /home/thegodset/fyp/install/vda5050_connector/include/vda5050_connector/vda5050_connector/action/detail/dds_fastrtps
[2.143s] -- Up-to-date: /home/thegodset/fyp/install/vda5050_connector/lib/libvda5050_connector__rosidl_typesupport_fastrtps_cpp.so
[2.144s] -- Up-to-date: /home/thegodset/fyp/install/vda5050_connector/include/vda5050_connector/vda5050_connector
[2.144s] -- Up-to-date: /home/thegodset/fyp/install/vda5050_connector/include/vda5050_connector/vda5050_connector/msg
[2.144s] -- Up-to-date: /home/thegodset/fyp/install/vda5050_connector/include/vda5050_connector/vda5050_connector/msg/rosidl_typesupport_introspection_c__visibility_control.h
[2.144s] -- Up-to-date: /home/thegodset/fyp/install/vda5050_connector/include/vda5050_connector/vda5050_connector/srv
[2.144s] -- Up-to-date: /home/thegodset/fyp/install/vda5050_connector/include/vda5050_connector/vda5050_connector/srv/detail
[2.144s] -- Up-to-date: /home/thegodset/fyp/install/vda5050_connector/include/vda5050_connector/vda5050_connector/srv/detail/get_state__type_support.c
[2.144s] -- Up-to-date: /home/thegodset/fyp/install/vda5050_connector/include/vda5050_connector/vda5050_connector/srv/detail/get_state__rosidl_typesupport_introspection_c.h
[2.144s] -- Up-to-date: /home/thegodset/fyp/install/vda5050_connector/include/vda5050_connector/vda5050_connector/srv/detail/supported_actions__type_support.c
[2.145s] -- Up-to-date: /home/thegodset/fyp/install/vda5050_connector/include/vda5050_connector/vda5050_connector/srv/detail/supported_actions__rosidl_typesupport_introspection_c.h
[2.145s] -- Up-to-date: /home/thegodset/fyp/install/vda5050_connector/include/vda5050_connector/vda5050_connector/action
[2.145s] -- Up-to-date: /home/thegodset/fyp/install/vda5050_connector/include/vda5050_connector/vda5050_connector/action/detail
[2.145s] -- Up-to-date: /home/thegodset/fyp/install/vda5050_connector/include/vda5050_connector/vda5050_connector/action/detail/navigate_to_node__type_support.c
[2.145s] -- Up-to-date: /home/thegodset/fyp/install/vda5050_connector/include/vda5050_connector/vda5050_connector/action/detail/process_vda_action__rosidl_typesupport_introspection_c.h
[2.145s] -- Up-to-date: /home/thegodset/fyp/install/vda5050_connector/include/vda5050_connector/vda5050_connector/action/detail/navigate_to_node__rosidl_typesupport_introspection_c.h
[2.145s] -- Up-to-date: /home/thegodset/fyp/install/vda5050_connector/include/vda5050_connector/vda5050_connector/action/detail/process_vda_action__type_support.c
[2.145s] -- Up-to-date: /home/thegodset/fyp/install/vda5050_connector/lib/libvda5050_connector__rosidl_typesupport_introspection_c.so
[2.145s] -- Up-to-date: /home/thegodset/fyp/install/vda5050_connector/lib/libvda5050_connector__rosidl_typesupport_c.so
[2.145s] -- Up-to-date: /home/thegodset/fyp/install/vda5050_connector/include/vda5050_connector/vda5050_connector
[2.145s] -- Up-to-date: /home/thegodset/fyp/install/vda5050_connector/include/vda5050_connector/vda5050_connector/srv
[2.145s] -- Up-to-date: /home/thegodset/fyp/install/vda5050_connector/include/vda5050_connector/vda5050_connector/srv/detail
[2.145s] -- Up-to-date: /home/thegodset/fyp/install/vda5050_connector/include/vda5050_connector/vda5050_connector/srv/detail/get_state__rosidl_typesupport_introspection_cpp.hpp
[2.145s] -- Up-to-date: /home/thegodset/fyp/install/vda5050_connector/include/vda5050_connector/vda5050_connector/srv/detail/get_state__type_support.cpp
[2.145s] -- Up-to-date: /home/thegodset/fyp/install/vda5050_connector/include/vda5050_connector/vda5050_connector/srv/detail/supported_actions__type_support.cpp
[2.145s] -- Up-to-date: /home/thegodset/fyp/install/vda5050_connector/include/vda5050_connector/vda5050_connector/srv/detail/supported_actions__rosidl_typesupport_introspection_cpp.hpp
[2.145s] -- Up-to-date: /home/thegodset/fyp/install/vda5050_connector/include/vda5050_connector/vda5050_connector/action
[2.146s] -- Up-to-date: /home/thegodset/fyp/install/vda5050_connector/include/vda5050_connector/vda5050_connector/action/detail
[2.146s] -- Up-to-date: /home/thegodset/fyp/install/vda5050_connector/include/vda5050_connector/vda5050_connector/action/detail/process_vda_action__rosidl_typesupport_introspection_cpp.hpp
[2.146s] -- Up-to-date: /home/thegodset/fyp/install/vda5050_connector/include/vda5050_connector/vda5050_connector/action/detail/process_vda_action__type_support.cpp
[2.146s] -- Up-to-date: /home/thegodset/fyp/install/vda5050_connector/include/vda5050_connector/vda5050_connector/action/detail/navigate_to_node__type_support.cpp
[2.146s] -- Up-to-date: /home/thegodset/fyp/install/vda5050_connector/include/vda5050_connector/vda5050_connector/action/detail/navigate_to_node__rosidl_typesupport_introspection_cpp.hpp
[2.146s] -- Up-to-date: /home/thegodset/fyp/install/vda5050_connector/lib/libvda5050_connector__rosidl_typesupport_introspection_cpp.so
[2.146s] -- Up-to-date: /home/thegodset/fyp/install/vda5050_connector/lib/libvda5050_connector__rosidl_typesupport_cpp.so
[2.146s] -- Up-to-date: /home/thegodset/fyp/install/vda5050_connector/share/vda5050_connector/environment/pythonpath.sh
[2.146s] -- Up-to-date: /home/thegodset/fyp/install/vda5050_connector/share/vda5050_connector/environment/pythonpath.dsv
[2.146s] -- Up-to-date: /home/thegodset/fyp/install/vda5050_connector/local/lib/python3.10/dist-packages/vda5050_connector-1.1.1-py3.10.egg-info
[2.146s] -- Installing: /home/thegodset/fyp/install/vda5050_connector/local/lib/python3.10/dist-packages/vda5050_connector-1.1.1-py3.10.egg-info/dependency_links.txt
[2.146s] -- Installing: /home/thegodset/fyp/install/vda5050_connector/local/lib/python3.10/dist-packages/vda5050_connector-1.1.1-py3.10.egg-info/SOURCES.txt
[2.146s] -- Installing: /home/thegodset/fyp/install/vda5050_connector/local/lib/python3.10/dist-packages/vda5050_connector-1.1.1-py3.10.egg-info/top_level.txt
[2.146s] -- Installing: /home/thegodset/fyp/install/vda5050_connector/local/lib/python3.10/dist-packages/vda5050_connector-1.1.1-py3.10.egg-info/PKG-INFO
[2.146s] -- Up-to-date: /home/thegodset/fyp/install/vda5050_connector/local/lib/python3.10/dist-packages/vda5050_connector
[2.146s] -- Up-to-date: /home/thegodset/fyp/install/vda5050_connector/local/lib/python3.10/dist-packages/vda5050_connector/__init__.py
[2.146s] -- Up-to-date: /home/thegodset/fyp/install/vda5050_connector/local/lib/python3.10/dist-packages/vda5050_connector/libvda5050_connector__rosidl_generator_py.so
[2.146s] -- Up-to-date: /home/thegodset/fyp/install/vda5050_connector/local/lib/python3.10/dist-packages/vda5050_connector/vda5050_connector_s__rosidl_typesupport_introspection_c.cpython-310-x86_64-linux-gnu.so
[2.146s] -- Up-to-date: /home/thegodset/fyp/install/vda5050_connector/local/lib/python3.10/dist-packages/vda5050_connector/vda5050_connector_s__rosidl_typesupport_fastrtps_c.cpython-310-x86_64-linux-gnu.so
[2.146s] -- Up-to-date: /home/thegodset/fyp/install/vda5050_connector/local/lib/python3.10/dist-packages/vda5050_connector/srv
[2.147s] -- Up-to-date: /home/thegodset/fyp/install/vda5050_connector/local/lib/python3.10/dist-packages/vda5050_connector/srv/__init__.py
[2.147s] -- Up-to-date: /home/thegodset/fyp/install/vda5050_connector/local/lib/python3.10/dist-packages/vda5050_connector/srv/_get_state_s.c
[2.147s] -- Up-to-date: /home/thegodset/fyp/install/vda5050_connector/local/lib/python3.10/dist-packages/vda5050_connector/srv/_supported_actions.py
[2.147s] -- Up-to-date: /home/thegodset/fyp/install/vda5050_connector/local/lib/python3.10/dist-packages/vda5050_connector/srv/_supported_actions_s.c
[2.147s] -- Up-to-date: /home/thegodset/fyp/install/vda5050_connector/local/lib/python3.10/dist-packages/vda5050_connector/srv/_get_state.py
[2.147s] -- Up-to-date: /home/thegodset/fyp/install/vda5050_connector/local/lib/python3.10/dist-packages/vda5050_connector/vda5050_connector_s__rosidl_typesupport_c.cpython-310-x86_64-linux-gnu.so
[2.147s] -- Up-to-date: /home/thegodset/fyp/install/vda5050_connector/local/lib/python3.10/dist-packages/vda5050_connector/_vda5050_connector_s.ep.rosidl_typesupport_fastrtps_c.c
[2.147s] -- Up-to-date: /home/thegodset/fyp/install/vda5050_connector/local/lib/python3.10/dist-packages/vda5050_connector/action
[2.147s] -- Up-to-date: /home/thegodset/fyp/install/vda5050_connector/local/lib/python3.10/dist-packages/vda5050_connector/action/_process_vda_action_s.c
[2.147s] -- Up-to-date: /home/thegodset/fyp/install/vda5050_connector/local/lib/python3.10/dist-packages/vda5050_connector/action/__init__.py
[2.147s] -- Up-to-date: /home/thegodset/fyp/install/vda5050_connector/local/lib/python3.10/dist-packages/vda5050_connector/action/_process_vda_action.py
[2.147s] -- Up-to-date: /home/thegodset/fyp/install/vda5050_connector/local/lib/python3.10/dist-packages/vda5050_connector/action/_navigate_to_node_s.c
[2.147s] -- Up-to-date: /home/thegodset/fyp/install/vda5050_connector/local/lib/python3.10/dist-packages/vda5050_connector/action/_navigate_to_node.py
[2.147s] -- Up-to-date: /home/thegodset/fyp/install/vda5050_connector/local/lib/python3.10/dist-packages/vda5050_connector/_vda5050_connector_s.ep.rosidl_typesupport_introspection_c.c
[2.147s] -- Up-to-date: /home/thegodset/fyp/install/vda5050_connector/local/lib/python3.10/dist-packages/vda5050_connector/_vda5050_connector_s.ep.rosidl_typesupport_c.c
[2.242s] Listing '/home/thegodset/fyp/install/vda5050_connector/local/lib/python3.10/dist-packages/vda5050_connector'...
[2.242s] Listing '/home/thegodset/fyp/install/vda5050_connector/local/lib/python3.10/dist-packages/vda5050_connector/action'...
[2.242s] Listing '/home/thegodset/fyp/install/vda5050_connector/local/lib/python3.10/dist-packages/vda5050_connector/srv'...
[2.249s] -- Up-to-date: /home/thegodset/fyp/install/vda5050_connector/local/lib/python3.10/dist-packages/vda5050_connector/vda5050_connector_s__rosidl_typesupport_fastrtps_c.cpython-310-x86_64-linux-gnu.so
[2.250s] -- Up-to-date: /home/thegodset/fyp/install/vda5050_connector/local/lib/python3.10/dist-packages/vda5050_connector/vda5050_connector_s__rosidl_typesupport_introspection_c.cpython-310-x86_64-linux-gnu.so
[2.250s] -- Up-to-date: /home/thegodset/fyp/install/vda5050_connector/local/lib/python3.10/dist-packages/vda5050_connector/vda5050_connector_s__rosidl_typesupport_c.cpython-310-x86_64-linux-gnu.so
[2.251s] -- Up-to-date: /home/thegodset/fyp/install/vda5050_connector/lib/libvda5050_connector__rosidl_generator_py.so
[2.251s] -- Up-to-date: /home/thegodset/fyp/install/vda5050_connector/share/vda5050_connector/action/NavigateToNode.idl
[2.251s] -- Up-to-date: /home/thegodset/fyp/install/vda5050_connector/share/vda5050_connector/action/ProcessVDAAction.idl
[2.252s] -- Up-to-date: /home/thegodset/fyp/install/vda5050_connector/share/vda5050_connector/srv/GetState.idl
[2.252s] -- Up-to-date: /home/thegodset/fyp/install/vda5050_connector/share/vda5050_connector/srv/SupportedActions.idl
[2.252s] -- Up-to-date: /home/thegodset/fyp/install/vda5050_connector/share/vda5050_connector/action/NavigateToNode.action
[2.252s] -- Up-to-date: /home/thegodset/fyp/install/vda5050_connector/share/vda5050_connector/action/ProcessVDAAction.action
[2.252s] -- Up-to-date: /home/thegodset/fyp/install/vda5050_connector/share/vda5050_connector/srv/GetState.srv
[2.253s] -- Up-to-date: /home/thegodset/fyp/install/vda5050_connector/share/vda5050_connector/srv/GetState_Request.msg
[2.253s] -- Up-to-date: /home/thegodset/fyp/install/vda5050_connector/share/vda5050_connector/srv/GetState_Response.msg
[2.253s] -- Up-to-date: /home/thegodset/fyp/install/vda5050_connector/share/vda5050_connector/srv/SupportedActions.srv
[2.254s] -- Up-to-date: /home/thegodset/fyp/install/vda5050_connector/share/vda5050_connector/srv/SupportedActions_Request.msg
[2.254s] -- Up-to-date: /home/thegodset/fyp/install/vda5050_connector/share/vda5050_connector/srv/SupportedActions_Response.msg
[2.254s] -- Up-to-date: /home/thegodset/fyp/install/vda5050_connector/include
[2.254s] -- Up-to-date: /home/thegodset/fyp/install/vda5050_connector/include/vda5050_connector
[2.254s] -- Up-to-date: /home/thegodset/fyp/install/vda5050_connector/include/vda5050_connector/visibility_control.h
[2.254s] -- Up-to-date: /home/thegodset/fyp/install/vda5050_connector/include/vda5050_connector/vda_action.hpp
[2.254s] -- Up-to-date: /home/thegodset/fyp/install/vda5050_connector/include/vda5050_connector/adapter.hpp
[2.254s] -- Up-to-date: /home/thegodset/fyp/install/vda5050_connector/include/vda5050_connector/handler.hpp
[2.255s] -- Up-to-date: /home/thegodset/fyp/install/vda5050_connector/include/vda5050_connector/state_handler.hpp
[2.255s] -- Up-to-date: /home/thegodset/fyp/install/vda5050_connector/include/vda5050_connector/nav_to_node.hpp
[2.255s] -- Up-to-date: /home/thegodset/fyp/install/vda5050_connector/include/vda5050_connector/utils.hpp
[2.255s] -- Up-to-date: /home/thegodset/fyp/install/vda5050_connector/lib/libadapter.so
[2.255s] -- Up-to-date: /home/thegodset/fyp/install/vda5050_connector/local/lib/python3.10/dist-packages/vda5050_connector_py-1.1.1-py3.10.egg-info
[2.255s] -- Installing: /home/thegodset/fyp/install/vda5050_connector/local/lib/python3.10/dist-packages/vda5050_connector_py-1.1.1-py3.10.egg-info/dependency_links.txt
[2.255s] -- Installing: /home/thegodset/fyp/install/vda5050_connector/local/lib/python3.10/dist-packages/vda5050_connector_py-1.1.1-py3.10.egg-info/SOURCES.txt
[2.255s] -- Installing: /home/thegodset/fyp/install/vda5050_connector/local/lib/python3.10/dist-packages/vda5050_connector_py-1.1.1-py3.10.egg-info/top_level.txt
[2.255s] -- Installing: /home/thegodset/fyp/install/vda5050_connector/local/lib/python3.10/dist-packages/vda5050_connector_py-1.1.1-py3.10.egg-info/PKG-INFO
[2.255s] -- Up-to-date: /home/thegodset/fyp/install/vda5050_connector/local/lib/python3.10/dist-packages/vda5050_connector_py
[2.255s] -- Up-to-date: /home/thegodset/fyp/install/vda5050_connector/local/lib/python3.10/dist-packages/vda5050_connector_py/vda5050_controller.py
[2.255s] -- Up-to-date: /home/thegodset/fyp/install/vda5050_connector/local/lib/python3.10/dist-packages/vda5050_connector_py/__init__.py
[2.255s] -- Up-to-date: /home/thegodset/fyp/install/vda5050_connector/local/lib/python3.10/dist-packages/vda5050_connector_py/mqtt_bridge.py
[2.255s] -- Up-to-date: /home/thegodset/fyp/install/vda5050_connector/local/lib/python3.10/dist-packages/vda5050_connector_py/utils.py
[2.256s] -- Up-to-date: /home/thegodset/fyp/install/vda5050_connector/local/lib/python3.10/dist-packages/vda5050_connector_py/rewritten_yaml.py
[2.369s] Listing '/home/thegodset/fyp/install/vda5050_connector/local/lib/python3.10/dist-packages/vda5050_connector_py'...
[2.376s] -- Up-to-date: /home/thegodset/fyp/install/vda5050_connector/lib/vda5050_connector/mqtt_bridge.py
[2.377s] -- Up-to-date: /home/thegodset/fyp/install/vda5050_connector/lib/vda5050_connector/vda5050_controller.py
[2.377s] -- Up-to-date: /home/thegodset/fyp/install/vda5050_connector/share/vda5050_connector//config
[2.378s] -- Up-to-date: /home/thegodset/fyp/install/vda5050_connector/share/vda5050_connector//config/connector_example.yaml
[2.378s] -- Up-to-date: /home/thegodset/fyp/install/vda5050_connector/share/vda5050_connector//launch
[2.378s] -- Up-to-date: /home/thegodset/fyp/install/vda5050_connector/share/vda5050_connector//launch/mqtt_bridge.launch.py
[2.378s] -- Up-to-date: /home/thegodset/fyp/install/vda5050_connector/share/vda5050_connector//launch/controller.launch.py
[2.379s] -- Up-to-date: /home/thegodset/fyp/install/vda5050_connector/share/vda5050_connector/test/adapter/plugins_test.xml
[2.379s] -- Up-to-date: /home/thegodset/fyp/install/vda5050_connector/share/ament_index/resource_index/package_run_dependencies/vda5050_connector
[2.379s] -- Up-to-date: /home/thegodset/fyp/install/vda5050_connector/share/ament_index/resource_index/parent_prefix_path/vda5050_connector
[2.379s] -- Up-to-date: /home/thegodset/fyp/install/vda5050_connector/share/vda5050_connector/environment/ament_prefix_path.sh
[2.379s] -- Up-to-date: /home/thegodset/fyp/install/vda5050_connector/share/vda5050_connector/environment/ament_prefix_path.dsv
[2.380s] -- Up-to-date: /home/thegodset/fyp/install/vda5050_connector/share/vda5050_connector/environment/path.sh
[2.380s] -- Up-to-date: /home/thegodset/fyp/install/vda5050_connector/share/vda5050_connector/environment/path.dsv
[2.380s] -- Up-to-date: /home/thegodset/fyp/install/vda5050_connector/share/vda5050_connector/local_setup.bash
[2.380s] -- Up-to-date: /home/thegodset/fyp/install/vda5050_connector/share/vda5050_connector/local_setup.sh
[2.381s] -- Up-to-date: /home/thegodset/fyp/install/vda5050_connector/share/vda5050_connector/local_setup.zsh
[2.381s] -- Up-to-date: /home/thegodset/fyp/install/vda5050_connector/share/vda5050_connector/local_setup.dsv
[2.382s] -- Installing: /home/thegodset/fyp/install/vda5050_connector/share/vda5050_connector/package.dsv
[2.382s] -- Up-to-date: /home/thegodset/fyp/install/vda5050_connector/share/ament_index/resource_index/packages/vda5050_connector
[2.382s] -- Up-to-date: /home/thegodset/fyp/install/vda5050_connector/share/ament_index/resource_index/vda5050_connector__pluginlib__plugin/vda5050_connector
[2.382s] -- Up-to-date: /home/thegodset/fyp/install/vda5050_connector/share/vda5050_connector/cmake/export_vda5050_connector__rosidl_generator_cExport.cmake
[2.382s] -- Up-to-date: /home/thegodset/fyp/install/vda5050_connector/share/vda5050_connector/cmake/export_vda5050_connector__rosidl_generator_cExport-noconfig.cmake
[2.382s] -- Up-to-date: /home/thegodset/fyp/install/vda5050_connector/share/vda5050_connector/cmake/export_vda5050_connector__rosidl_typesupport_fastrtps_cExport.cmake
[2.383s] -- Up-to-date: /home/thegodset/fyp/install/vda5050_connector/share/vda5050_connector/cmake/export_vda5050_connector__rosidl_typesupport_fastrtps_cExport-noconfig.cmake
[2.383s] -- Up-to-date: /home/thegodset/fyp/install/vda5050_connector/share/vda5050_connector/cmake/export_vda5050_connector__rosidl_generator_cppExport.cmake
[2.383s] -- Up-to-date: /home/thegodset/fyp/install/vda5050_connector/share/vda5050_connector/cmake/export_vda5050_connector__rosidl_typesupport_fastrtps_cppExport.cmake
[2.383s] -- Up-to-date: /home/thegodset/fyp/install/vda5050_connector/share/vda5050_connector/cmake/export_vda5050_connector__rosidl_typesupport_fastrtps_cppExport-noconfig.cmake
[2.383s] -- Up-to-date: /home/thegodset/fyp/install/vda5050_connector/share/vda5050_connector/cmake/vda5050_connector__rosidl_typesupport_introspection_cExport.cmake
[2.383s] -- Up-to-date: /home/thegodset/fyp/install/vda5050_connector/share/vda5050_connector/cmake/vda5050_connector__rosidl_typesupport_introspection_cExport-noconfig.cmake
[2.383s] -- Up-to-date: /home/thegodset/fyp/install/vda5050_connector/share/vda5050_connector/cmake/vda5050_connector__rosidl_typesupport_cExport.cmake
[2.384s] -- Up-to-date: /home/thegodset/fyp/install/vda5050_connector/share/vda5050_connector/cmake/vda5050_connector__rosidl_typesupport_cExport-noconfig.cmake
[2.384s] -- Up-to-date: /home/thegodset/fyp/install/vda5050_connector/share/vda5050_connector/cmake/vda5050_connector__rosidl_typesupport_introspection_cppExport.cmake
[2.384s] -- Up-to-date: /home/thegodset/fyp/install/vda5050_connector/share/vda5050_connector/cmake/vda5050_connector__rosidl_typesupport_introspection_cppExport-noconfig.cmake
[2.384s] -- Up-to-date: /home/thegodset/fyp/install/vda5050_connector/share/vda5050_connector/cmake/vda5050_connector__rosidl_typesupport_cppExport.cmake
[2.384s] -- Up-to-date: /home/thegodset/fyp/install/vda5050_connector/share/vda5050_connector/cmake/vda5050_connector__rosidl_typesupport_cppExport-noconfig.cmake
[2.384s] -- Up-to-date: /home/thegodset/fyp/install/vda5050_connector/share/vda5050_connector/cmake/export_vda5050_connector__rosidl_generator_pyExport.cmake
[2.384s] -- Up-to-date: /home/thegodset/fyp/install/vda5050_connector/share/vda5050_connector/cmake/export_vda5050_connector__rosidl_generator_pyExport-noconfig.cmake
[2.384s] -- Up-to-date: /home/thegodset/fyp/install/vda5050_connector/share/vda5050_connector/cmake/export_vda5050_connectorExport.cmake
[2.384s] -- Up-to-date: /home/thegodset/fyp/install/vda5050_connector/share/vda5050_connector/cmake/export_vda5050_connectorExport-noconfig.cmake
[2.384s] -- Up-to-date: /home/thegodset/fyp/install/vda5050_connector/share/vda5050_connector/cmake/rosidl_cmake-extras.cmake
[2.384s] -- Up-to-date: /home/thegodset/fyp/install/vda5050_connector/share/vda5050_connector/cmake/ament_cmake_export_dependencies-extras.cmake
[2.384s] -- Up-to-date: /home/thegodset/fyp/install/vda5050_connector/share/vda5050_connector/cmake/ament_cmake_export_include_directories-extras.cmake
[2.384s] -- Up-to-date: /home/thegodset/fyp/install/vda5050_connector/share/vda5050_connector/cmake/ament_cmake_export_libraries-extras.cmake
[2.385s] -- Up-to-date: /home/thegodset/fyp/install/vda5050_connector/share/vda5050_connector/cmake/ament_cmake_export_targets-extras.cmake
[2.385s] -- Up-to-date: /home/thegodset/fyp/install/vda5050_connector/share/vda5050_connector/cmake/rosidl_cmake_export_typesupport_targets-extras.cmake
[2.385s] -- Up-to-date: /home/thegodset/fyp/install/vda5050_connector/share/vda5050_connector/cmake/rosidl_cmake_export_typesupport_libraries-extras.cmake
[2.385s] -- Up-to-date: /home/thegodset/fyp/install/vda5050_connector/share/vda5050_connector/cmake/vda5050_connectorConfig.cmake
[2.385s] -- Up-to-date: /home/thegodset/fyp/install/vda5050_connector/share/vda5050_connector/cmake/vda5050_connectorConfig-version.cmake
[2.385s] -- Up-to-date: /home/thegodset/fyp/install/vda5050_connector/share/vda5050_connector/package.xml
[2.385s] -- Up-to-date: /home/thegodset/fyp/install/vda5050_connector/lib/libtest_plugins.so
[2.389s] Invoked command in '/home/thegodset/fyp/build/vda5050_connector' returned '0': CMAKE_PREFIX_PATH=/home/thegodset/fyp/install/vda5050_msgs:/home/thegodset/fyp/install/vda5050_connector:/home/thegodset/fyp/install/turtlebot3_simulations:/home/thegodset/fyp/install/turtlebot3_gazebo:/home/thegodset/fyp/install/turtlebot3_fake_node:/home/thegodset/install/turtlesim:/home/thegodset/install/turtlebot3_navigation2:/home/thegodset/install/turtlebot3_environment_navigation:/home/thegodset/install/turtlebot3_description:/home/thegodset/install/turtlebot3_cartographer:/home/thegodset/install/examples_rclcpp_wait_set:/home/thegodset/install/examples_rclcpp_multithreaded_executor:/home/thegodset/install/examples_rclcpp_minimal_timer:/home/thegodset/install/examples_rclcpp_minimal_subscriber:/home/thegodset/install/examples_rclcpp_minimal_service:/home/thegodset/install/examples_rclcpp_minimal_publisher:/home/thegodset/install/examples_rclcpp_minimal_composition:/home/thegodset/install/examples_rclcpp_minimal_client:/home/thegodset/install/examples_rclcpp_minimal_action_server:/home/thegodset/install/examples_rclcpp_minimal_action_client:/home/thegodset/install/examples_rclcpp_cbg_executor:/home/thegodset/install/examples_rclcpp_async_client:/home/thegodset/install/dynamixel_sdk:/home/thegodset/ros2_ws/install/tutorial_interfaces:/home/thegodset/ros2_ws/install/turtlesim:/home/thegodset/ros2_ws/install/turtlebot3_multi_robot:/home/thegodset/ros2_ws/install/my_opencv_demo:/home/thegodset/ros2_ws/install/more_interfaces:/home/thegodset/ros2_ws/install/examples_rclcpp_wait_set:/home/thegodset/ros2_ws/install/examples_rclcpp_multithreaded_executor:/home/thegodset/ros2_ws/install/examples_rclcpp_minimal_timer:/home/thegodset/ros2_ws/install/examples_rclcpp_minimal_subscriber:/home/thegodset/ros2_ws/install/examples_rclcpp_minimal_service:/home/thegodset/ros2_ws/install/examples_rclcpp_minimal_publisher:/home/thegodset/ros2_ws/install/examples_rclcpp_minimal_composition:/home/thegodset/ros2_ws/install/examples_rclcpp_minimal_client:/home/thegodset/ros2_ws/install/examples_rclcpp_minimal_action_server:/home/thegodset/ros2_ws/install/examples_rclcpp_minimal_action_client:/home/thegodset/ros2_ws/install/examples_rclcpp_cbg_executor:/home/thegodset/ros2_ws/install/examples_rclcpp_async_client:/home/thegodset/ros2_ws/install/action_tutorials_interfaces:/home/thegodset/ros2_assignment/install/ros2_gazebo:/home/thegodset/turtlebot3_ws/install/turtlebot3_simulations:/home/thegodset/turtlebot3_ws/install/turtlebot3_gazebo:/home/thegodset/turtlebot3_ws/install/turtlebot3_fake_node:/home/thegodset/fyp/install/vda5050_adapter:/home/thegodset/install/turtlebot3_teleop:/home/thegodset/install/turtlebot3_example:/home/thegodset/install/launch_testing_examples:/home/thegodset/install/examples_rclpy_pointcloud_publisher:/home/thegodset/install/examples_rclpy_minimal_subscriber:/home/thegodset/install/examples_rclpy_minimal_service:/home/thegodset/install/examples_rclpy_minimal_publisher:/home/thegodset/install/examples_rclpy_minimal_client:/home/thegodset/install/examples_rclpy_minimal_action_server:/home/thegodset/install/examples_rclpy_minimal_action_client:/home/thegodset/install/examples_rclpy_guard_conditions:/home/thegodset/install/examples_rclpy_executors:/home/thegodset/ros2_ws/install/py_srvcli:/home/thegodset/ros2_ws/install/turtlebot_gui_rviz:/home/thegodset/ros2_ws/install/python_parameters:/home/thegodset/ros2_ws/install/py_pubsub:/home/thegodset/ros2_ws/install/my_package:/home/thegodset/ros2_ws/install/my_gui_package:/home/thegodset/ros2_ws/install/launch_testing_examples:/home/thegodset/ros2_ws/install/examples_rclpy_pointcloud_publisher:/home/thegodset/ros2_ws/install/examples_rclpy_minimal_subscriber:/home/thegodset/ros2_ws/install/examples_rclpy_minimal_service:/home/thegodset/ros2_ws/install/examples_rclpy_minimal_publisher:/home/thegodset/ros2_ws/install/examples_rclpy_minimal_client:/home/thegodset/ros2_ws/install/examples_rclpy_minimal_action_server:/home/thegodset/ros2_ws/install/examples_rclpy_minimal_action_client:/home/thegodset/ros2_ws/install/examples_rclpy_guard_conditions:/home/thegodset/ros2_ws/install/examples_rclpy_executors:/home/thegodset/ros2_assignment/install/ros2_map:/home/thegodset/ros2_assignment/install/ros2_assignment:/home/thegodset/dev_ws/install/warehouse_robot_spawner_pkg:/home/thegodset/dev_ws/install/warehouse_robot_controller_pkg:/opt/ros/humble LD_LIBRARY_PATH=/home/thegodset/fyp/install/vda5050_msgs/lib:/home/thegodset/fyp/install/vda5050_connector/lib:/home/thegodset/install/turtlesim/lib:/home/thegodset/install/examples_rclcpp_wait_set/lib:/home/thegodset/install/examples_rclcpp_minimal_subscriber/lib:/home/thegodset/install/examples_rclcpp_minimal_composition/lib:/home/thegodset/install/dynamixel_sdk/lib:/home/thegodset/ros2_ws/install/tutorial_interfaces/lib:/home/thegodset/ros2_ws/install/turtlesim/lib:/home/thegodset/ros2_ws/install/more_interfaces/lib:/home/thegodset/ros2_ws/install/examples_rclcpp_wait_set/lib:/home/thegodset/ros2_ws/install/examples_rclcpp_minimal_subscriber/lib:/home/thegodset/ros2_ws/install/examples_rclcpp_minimal_composition/lib:/usr/lib/x86_64-linux-gnu/gazebo-11/plugins:/opt/ros/humble/opt/rviz_ogre_vendor/lib:/opt/ros/humble/lib/x86_64-linux-gnu:/opt/ros/humble/lib /usr/bin/cmake --install /home/thegodset/fyp/build/vda5050_connector
