[0.048s] Invoking command in '/home/thegodset/fyp/build/turtlebot3_gazebo': CMAKE_PREFIX_PATH=${CMAKE_PREFIX_PATH}:/home/thegodset/fyp/install/vda5050_adapter:/home/thegodset/install/turtlebot3_teleop:/home/thegodset/install/turtlebot3_example:/home/thegodset/install/launch_testing_examples:/home/thegodset/install/examples_rclpy_pointcloud_publisher:/home/thegodset/install/examples_rclpy_minimal_subscriber:/home/thegodset/install/examples_rclpy_minimal_service:/home/thegodset/install/examples_rclpy_minimal_publisher:/home/thegodset/install/examples_rclpy_minimal_client:/home/thegodset/install/examples_rclpy_minimal_action_server:/home/thegodset/install/examples_rclpy_minimal_action_client:/home/thegodset/install/examples_rclpy_guard_conditions:/home/thegodset/install/examples_rclpy_executors:/home/thegodset/ros2_ws/install/py_srvcli:/home/thegodset/ros2_ws/install/turtlebot_gui_rviz:/home/thegodset/ros2_ws/install/python_parameters:/home/thegodset/ros2_ws/install/py_pubsub:/home/thegodset/ros2_ws/install/my_package:/home/thegodset/ros2_ws/install/my_gui_package:/home/thegodset/ros2_ws/install/launch_testing_examples:/home/thegodset/ros2_ws/install/examples_rclpy_pointcloud_publisher:/home/thegodset/ros2_ws/install/examples_rclpy_minimal_subscriber:/home/thegodset/ros2_ws/install/examples_rclpy_minimal_service:/home/thegodset/ros2_ws/install/examples_rclpy_minimal_publisher:/home/thegodset/ros2_ws/install/examples_rclpy_minimal_client:/home/thegodset/ros2_ws/install/examples_rclpy_minimal_action_server:/home/thegodset/ros2_ws/install/examples_rclpy_minimal_action_client:/home/thegodset/ros2_ws/install/examples_rclpy_guard_conditions:/home/thegodset/ros2_ws/install/examples_rclpy_executors:/home/thegodset/ros2_assignment/install/ros2_map:/home/thegodset/ros2_assignment/install/ros2_assignment:/home/thegodset/dev_ws/install/warehouse_robot_spawner_pkg:/home/thegodset/dev_ws/install/warehouse_robot_controller_pkg:/opt/ros/humble /usr/bin/cmake --build /home/thegodset/fyp/build/turtlebot3_gazebo -- -j16 -l16
[0.153s] [ 25%] Built target turtlebot3_drive
[0.186s] [ 75%] Built target obstacle1
[0.186s] [ 75%] Built target obstacle2
[0.190s] [100%] Built target obstacles
[0.218s] Invoked command in '/home/thegodset/fyp/build/turtlebot3_gazebo' returned '0': CMAKE_PREFIX_PATH=${CMAKE_PREFIX_PATH}:/home/thegodset/fyp/install/vda5050_adapter:/home/thegodset/install/turtlebot3_teleop:/home/thegodset/install/turtlebot3_example:/home/thegodset/install/launch_testing_examples:/home/thegodset/install/examples_rclpy_pointcloud_publisher:/home/thegodset/install/examples_rclpy_minimal_subscriber:/home/thegodset/install/examples_rclpy_minimal_service:/home/thegodset/install/examples_rclpy_minimal_publisher:/home/thegodset/install/examples_rclpy_minimal_client:/home/thegodset/install/examples_rclpy_minimal_action_server:/home/thegodset/install/examples_rclpy_minimal_action_client:/home/thegodset/install/examples_rclpy_guard_conditions:/home/thegodset/install/examples_rclpy_executors:/home/thegodset/ros2_ws/install/py_srvcli:/home/thegodset/ros2_ws/install/turtlebot_gui_rviz:/home/thegodset/ros2_ws/install/python_parameters:/home/thegodset/ros2_ws/install/py_pubsub:/home/thegodset/ros2_ws/install/my_package:/home/thegodset/ros2_ws/install/my_gui_package:/home/thegodset/ros2_ws/install/launch_testing_examples:/home/thegodset/ros2_ws/install/examples_rclpy_pointcloud_publisher:/home/thegodset/ros2_ws/install/examples_rclpy_minimal_subscriber:/home/thegodset/ros2_ws/install/examples_rclpy_minimal_service:/home/thegodset/ros2_ws/install/examples_rclpy_minimal_publisher:/home/thegodset/ros2_ws/install/examples_rclpy_minimal_client:/home/thegodset/ros2_ws/install/examples_rclpy_minimal_action_server:/home/thegodset/ros2_ws/install/examples_rclpy_minimal_action_client:/home/thegodset/ros2_ws/install/examples_rclpy_guard_conditions:/home/thegodset/ros2_ws/install/examples_rclpy_executors:/home/thegodset/ros2_assignment/install/ros2_map:/home/thegodset/ros2_assignment/install/ros2_assignment:/home/thegodset/dev_ws/install/warehouse_robot_spawner_pkg:/home/thegodset/dev_ws/install/warehouse_robot_controller_pkg:/opt/ros/humble /usr/bin/cmake --build /home/thegodset/fyp/build/turtlebot3_gazebo -- -j16 -l16
[0.220s] Invoking command in '/home/thegodset/fyp/build/turtlebot3_gazebo': CMAKE_PREFIX_PATH=${CMAKE_PREFIX_PATH}:/home/thegodset/fyp/install/vda5050_adapter:/home/thegodset/install/turtlebot3_teleop:/home/thegodset/install/turtlebot3_example:/home/thegodset/install/launch_testing_examples:/home/thegodset/install/examples_rclpy_pointcloud_publisher:/home/thegodset/install/examples_rclpy_minimal_subscriber:/home/thegodset/install/examples_rclpy_minimal_service:/home/thegodset/install/examples_rclpy_minimal_publisher:/home/thegodset/install/examples_rclpy_minimal_client:/home/thegodset/install/examples_rclpy_minimal_action_server:/home/thegodset/install/examples_rclpy_minimal_action_client:/home/thegodset/install/examples_rclpy_guard_conditions:/home/thegodset/install/examples_rclpy_executors:/home/thegodset/ros2_ws/install/py_srvcli:/home/thegodset/ros2_ws/install/turtlebot_gui_rviz:/home/thegodset/ros2_ws/install/python_parameters:/home/thegodset/ros2_ws/install/py_pubsub:/home/thegodset/ros2_ws/install/my_package:/home/thegodset/ros2_ws/install/my_gui_package:/home/thegodset/ros2_ws/install/launch_testing_examples:/home/thegodset/ros2_ws/install/examples_rclpy_pointcloud_publisher:/home/thegodset/ros2_ws/install/examples_rclpy_minimal_subscriber:/home/thegodset/ros2_ws/install/examples_rclpy_minimal_service:/home/thegodset/ros2_ws/install/examples_rclpy_minimal_publisher:/home/thegodset/ros2_ws/install/examples_rclpy_minimal_client:/home/thegodset/ros2_ws/install/examples_rclpy_minimal_action_server:/home/thegodset/ros2_ws/install/examples_rclpy_minimal_action_client:/home/thegodset/ros2_ws/install/examples_rclpy_guard_conditions:/home/thegodset/ros2_ws/install/examples_rclpy_executors:/home/thegodset/ros2_assignment/install/ros2_map:/home/thegodset/ros2_assignment/install/ros2_assignment:/home/thegodset/dev_ws/install/warehouse_robot_spawner_pkg:/home/thegodset/dev_ws/install/warehouse_robot_controller_pkg:/opt/ros/humble /usr/bin/cmake --install /home/thegodset/fyp/build/turtlebot3_gazebo
[0.222s] -- Install configuration: ""
[0.224s] -- Up-to-date: /home/thegodset/fyp/install/turtlebot3_gazebo/lib/turtlebot3_gazebo/turtlebot3_drive
[0.225s] -- Up-to-date: /home/thegodset/fyp/install/turtlebot3_gazebo/share/turtlebot3_gazebo//launch
[0.226s] -- Up-to-date: /home/thegodset/fyp/install/turtlebot3_gazebo/share/turtlebot3_gazebo//launch/turtlebot3_maze.launch.py
[0.226s] -- Up-to-date: /home/thegodset/fyp/install/turtlebot3_gazebo/share/turtlebot3_gazebo//launch/nav2_bringup
[0.226s] -- Up-to-date: /home/thegodset/fyp/install/turtlebot3_gazebo/share/turtlebot3_gazebo//launch/nav2_bringup/navigation_launch.py
[0.226s] -- Up-to-date: /home/thegodset/fyp/install/turtlebot3_gazebo/share/turtlebot3_gazebo//launch/nav2_bringup/rviz_launch.py
[0.227s] -- Up-to-date: /home/thegodset/fyp/install/turtlebot3_gazebo/share/turtlebot3_gazebo//launch/nav2_bringup/localization_launch.py
[0.228s] -- Up-to-date: /home/thegodset/fyp/install/turtlebot3_gazebo/share/turtlebot3_gazebo//launch/nav2_bringup/slam_launch.py
[0.228s] -- Up-to-date: /home/thegodset/fyp/install/turtlebot3_gazebo/share/turtlebot3_gazebo//launch/nav2_bringup/bringup_launch.py
[0.228s] -- Up-to-date: /home/thegodset/fyp/install/turtlebot3_gazebo/share/turtlebot3_gazebo//launch/robot_state_publisher.launch.py
[0.228s] -- Up-to-date: /home/thegodset/fyp/install/turtlebot3_gazebo/share/turtlebot3_gazebo//launch/spawn_turtlebot3.launch.py
[0.229s] -- Up-to-date: /home/thegodset/fyp/install/turtlebot3_gazebo/share/turtlebot3_gazebo//launch/spawn_multiple_entity_with_nav.launch.py
[0.229s] -- Up-to-date: /home/thegodset/fyp/install/turtlebot3_gazebo/share/turtlebot3_gazebo//launch/spawn_multiple_entity.launch.py
[0.229s] -- Up-to-date: /home/thegodset/fyp/install/turtlebot3_gazebo/share/turtlebot3_gazebo//launch/multi_turtlebot3.launch.py
[0.230s] -- Up-to-date: /home/thegodset/fyp/install/turtlebot3_gazebo/share/turtlebot3_gazebo//launch/spawn_multiple_turtlebots_with_rviz.py
[0.230s] -- Up-to-date: /home/thegodset/fyp/install/turtlebot3_gazebo/share/turtlebot3_gazebo//launch/multiple_spawn_with_nav_turtlebot3.launch.py
[0.231s] -- Up-to-date: /home/thegodset/fyp/install/turtlebot3_gazebo/share/turtlebot3_gazebo//launch/multiple_spawn_turtlebot3.launch.py
[0.231s] -- Up-to-date: /home/thegodset/fyp/install/turtlebot3_gazebo/share/turtlebot3_gazebo//models
[0.232s] -- Up-to-date: /home/thegodset/fyp/install/turtlebot3_gazebo/share/turtlebot3_gazebo//models/turtlebot3_waffle_pi
[0.234s] -- Up-to-date: /home/thegodset/fyp/install/turtlebot3_gazebo/share/turtlebot3_gazebo//models/turtlebot3_waffle_pi/model.sdf
[0.235s] -- Up-to-date: /home/thegodset/fyp/install/turtlebot3_gazebo/share/turtlebot3_gazebo//models/turtlebot3_waffle_pi/model.config
[0.235s] -- Up-to-date: /home/thegodset/fyp/install/turtlebot3_gazebo/share/turtlebot3_gazebo//models/turtlebot3_waffle_pi/model-1_4_.sdf
[0.235s] -- Up-to-date: /home/thegodset/fyp/install/turtlebot3_gazebo/share/turtlebot3_gazebo//models/turtlebot3_burger
[0.236s] -- Up-to-date: /home/thegodset/fyp/install/turtlebot3_gazebo/share/turtlebot3_gazebo//models/turtlebot3_burger/model.sdf
[0.236s] -- Up-to-date: /home/thegodset/fyp/install/turtlebot3_gazebo/share/turtlebot3_gazebo//models/turtlebot3_burger/model-1_4.sdf
[0.236s] -- Up-to-date: /home/thegodset/fyp/install/turtlebot3_gazebo/share/turtlebot3_gazebo//models/turtlebot3_burger/model.config
[0.237s] -- Up-to-date: /home/thegodset/fyp/install/turtlebot3_gazebo/share/turtlebot3_gazebo//models/turtlebot3_waffle
[0.237s] -- Up-to-date: /home/thegodset/fyp/install/turtlebot3_gazebo/share/turtlebot3_gazebo//models/turtlebot3_waffle/model.sdf
[0.237s] -- Up-to-date: /home/thegodset/fyp/install/turtlebot3_gazebo/share/turtlebot3_gazebo//models/turtlebot3_waffle/model-1_4.sdf
[0.237s] -- Up-to-date: /home/thegodset/fyp/install/turtlebot3_gazebo/share/turtlebot3_gazebo//models/turtlebot3_waffle/model.config
[0.237s] -- Up-to-date: /home/thegodset/fyp/install/turtlebot3_gazebo/share/turtlebot3_gazebo//models/turtlebot3_dqn_world
[0.237s] -- Up-to-date: /home/thegodset/fyp/install/turtlebot3_gazebo/share/turtlebot3_gazebo//models/turtlebot3_dqn_world/goal_box
[0.237s] -- Up-to-date: /home/thegodset/fyp/install/turtlebot3_gazebo/share/turtlebot3_gazebo//models/turtlebot3_dqn_world/goal_box/model.sdf
[0.238s] -- Up-to-date: /home/thegodset/fyp/install/turtlebot3_gazebo/share/turtlebot3_gazebo//models/turtlebot3_dqn_world/goal_box/model.config
[0.238s] -- Up-to-date: /home/thegodset/fyp/install/turtlebot3_gazebo/share/turtlebot3_gazebo//models/turtlebot3_dqn_world/model.sdf
[0.238s] -- Up-to-date: /home/thegodset/fyp/install/turtlebot3_gazebo/share/turtlebot3_gazebo//models/turtlebot3_dqn_world/inner_walls
[0.238s] -- Up-to-date: /home/thegodset/fyp/install/turtlebot3_gazebo/share/turtlebot3_gazebo//models/turtlebot3_dqn_world/inner_walls/model.sdf
[0.238s] -- Up-to-date: /home/thegodset/fyp/install/turtlebot3_gazebo/share/turtlebot3_gazebo//models/turtlebot3_dqn_world/inner_walls/model.config
[0.238s] -- Up-to-date: /home/thegodset/fyp/install/turtlebot3_gazebo/share/turtlebot3_gazebo//models/turtlebot3_dqn_world/model.config
[0.238s] -- Up-to-date: /home/thegodset/fyp/install/turtlebot3_gazebo/share/turtlebot3_gazebo//models/turtlebot3_dqn_world/obstacles
[0.238s] -- Up-to-date: /home/thegodset/fyp/install/turtlebot3_gazebo/share/turtlebot3_gazebo//models/turtlebot3_dqn_world/obstacles/model.sdf
[0.238s] -- Up-to-date: /home/thegodset/fyp/install/turtlebot3_gazebo/share/turtlebot3_gazebo//models/turtlebot3_dqn_world/obstacles/model.config
[0.239s] -- Up-to-date: /home/thegodset/fyp/install/turtlebot3_gazebo/share/turtlebot3_gazebo//models/turtlebot3_dqn_world/obstacle1
[0.239s] -- Up-to-date: /home/thegodset/fyp/install/turtlebot3_gazebo/share/turtlebot3_gazebo//models/turtlebot3_dqn_world/obstacle1/model.sdf
[0.239s] -- Up-to-date: /home/thegodset/fyp/install/turtlebot3_gazebo/share/turtlebot3_gazebo//models/turtlebot3_dqn_world/obstacle1/model.config
[0.239s] -- Up-to-date: /home/thegodset/fyp/install/turtlebot3_gazebo/share/turtlebot3_gazebo//models/turtlebot3_dqn_world/obstacle2
[0.239s] -- Up-to-date: /home/thegodset/fyp/install/turtlebot3_gazebo/share/turtlebot3_gazebo//models/turtlebot3_dqn_world/obstacle2/model.sdf
[0.239s] -- Up-to-date: /home/thegodset/fyp/install/turtlebot3_gazebo/share/turtlebot3_gazebo//models/turtlebot3_dqn_world/obstacle2/model.config
[0.239s] -- Up-to-date: /home/thegodset/fyp/install/turtlebot3_gazebo/share/turtlebot3_gazebo//models/turtlebot3_dqn_world/obstacle_plugin
[0.239s] -- Up-to-date: /home/thegodset/fyp/install/turtlebot3_gazebo/share/turtlebot3_gazebo//models/turtlebot3_dqn_world/obstacle_plugin/obstacles.cc
[0.240s] -- Up-to-date: /home/thegodset/fyp/install/turtlebot3_gazebo/share/turtlebot3_gazebo//models/turtlebot3_dqn_world/obstacle_plugin/CMakeLists.txt
[0.240s] -- Up-to-date: /home/thegodset/fyp/install/turtlebot3_gazebo/share/turtlebot3_gazebo//models/turtlebot3_dqn_world/obstacle_plugin/obstacle1.cc
[0.240s] -- Up-to-date: /home/thegodset/fyp/install/turtlebot3_gazebo/share/turtlebot3_gazebo//models/turtlebot3_dqn_world/obstacle_plugin/obstacle2.cc
[0.241s] -- Up-to-date: /home/thegodset/fyp/install/turtlebot3_gazebo/share/turtlebot3_gazebo//models/turtlebot3_world
[0.241s] -- Up-to-date: /home/thegodset/fyp/install/turtlebot3_gazebo/share/turtlebot3_gazebo//models/turtlebot3_world/model.sdf
[0.241s] -- Up-to-date: /home/thegodset/fyp/install/turtlebot3_gazebo/share/turtlebot3_gazebo//models/turtlebot3_world/model-1_4.sdf
[0.241s] -- Up-to-date: /home/thegodset/fyp/install/turtlebot3_gazebo/share/turtlebot3_gazebo//models/turtlebot3_world/model.config
[0.241s] -- Up-to-date: /home/thegodset/fyp/install/turtlebot3_gazebo/share/turtlebot3_gazebo//models/turtlebot3_house
[0.241s] -- Up-to-date: /home/thegodset/fyp/install/turtlebot3_gazebo/share/turtlebot3_gazebo//models/turtlebot3_house/model.sdf
[0.241s] -- Up-to-date: /home/thegodset/fyp/install/turtlebot3_gazebo/share/turtlebot3_gazebo//models/turtlebot3_house/model.config
[0.242s] -- Up-to-date: /home/thegodset/fyp/install/turtlebot3_gazebo/share/turtlebot3_gazebo//models/turtlebot3_common
[0.242s] -- Up-to-date: /home/thegodset/fyp/install/turtlebot3_gazebo/share/turtlebot3_gazebo//models/turtlebot3_common/meshes
[0.242s] -- Up-to-date: /home/thegodset/fyp/install/turtlebot3_gazebo/share/turtlebot3_gazebo//models/turtlebot3_common/meshes/burger_base.dae
[0.242s] -- Up-to-date: /home/thegodset/fyp/install/turtlebot3_gazebo/share/turtlebot3_gazebo//models/turtlebot3_common/meshes/lds.dae
[0.242s] -- Up-to-date: /home/thegodset/fyp/install/turtlebot3_gazebo/share/turtlebot3_gazebo//models/turtlebot3_common/meshes/waffle_base.dae
[0.242s] -- Up-to-date: /home/thegodset/fyp/install/turtlebot3_gazebo/share/turtlebot3_gazebo//models/turtlebot3_common/meshes/r200.dae
[0.242s] -- Up-to-date: /home/thegodset/fyp/install/turtlebot3_gazebo/share/turtlebot3_gazebo//models/turtlebot3_common/meshes/waffle_pi_base.dae
[0.242s] -- Up-to-date: /home/thegodset/fyp/install/turtlebot3_gazebo/share/turtlebot3_gazebo//models/turtlebot3_common/meshes/tire.dae
[0.243s] -- Up-to-date: /home/thegodset/fyp/install/turtlebot3_gazebo/share/turtlebot3_gazebo//models/turtlebot3_common/model.config
[0.243s] -- Up-to-date: /home/thegodset/fyp/install/turtlebot3_gazebo/share/turtlebot3_gazebo//rviz
[0.244s] -- Up-to-date: /home/thegodset/fyp/install/turtlebot3_gazebo/share/turtlebot3_gazebo//rviz/multi_nav2_default_view.rviz
[0.244s] -- Up-to-date: /home/thegodset/fyp/install/turtlebot3_gazebo/share/turtlebot3_gazebo//rviz/tb3_gazebo.rviz
[0.244s] -- Up-to-date: /home/thegodset/fyp/install/turtlebot3_gazebo/share/turtlebot3_gazebo//rviz/multi_robot_config.rviz
[0.244s] -- Up-to-date: /home/thegodset/fyp/install/turtlebot3_gazebo/share/turtlebot3_gazebo//rviz/nav2_default_view.rviz
[0.244s] -- Up-to-date: /home/thegodset/fyp/install/turtlebot3_gazebo/share/turtlebot3_gazebo//urdf
[0.245s] -- Up-to-date: /home/thegodset/fyp/install/turtlebot3_gazebo/share/turtlebot3_gazebo//urdf/turtlebot3_waffle_pi.urdf
[0.245s] -- Up-to-date: /home/thegodset/fyp/install/turtlebot3_gazebo/share/turtlebot3_gazebo//urdf/turtlebot3_waffle.urdf
[0.245s] -- Up-to-date: /home/thegodset/fyp/install/turtlebot3_gazebo/share/turtlebot3_gazebo//urdf/turtlebot3_burger.urdf
[0.245s] -- Up-to-date: /home/thegodset/fyp/install/turtlebot3_gazebo/share/turtlebot3_gazebo//urdf/common_properties.urdf
[0.245s] -- Up-to-date: /home/thegodset/fyp/install/turtlebot3_gazebo/share/turtlebot3_gazebo//worlds
[0.246s] -- Up-to-date: /home/thegodset/fyp/install/turtlebot3_gazebo/share/turtlebot3_gazebo//worlds/empty_world.world
[0.246s] -- Up-to-date: /home/thegodset/fyp/install/turtlebot3_gazebo/share/turtlebot3_gazebo//worlds/ROS_Assignment.world
[0.246s] -- Up-to-date: /home/thegodset/fyp/install/turtlebot3_gazebo/share/turtlebot3_gazebo//worlds/maze.world
[0.246s] -- Up-to-date: /home/thegodset/fyp/install/turtlebot3_gazebo/share/turtlebot3_gazebo//params
[0.247s] -- Up-to-date: /home/thegodset/fyp/install/turtlebot3_gazebo/share/turtlebot3_gazebo//params/waffle.yaml
[0.247s] -- Up-to-date: /home/thegodset/fyp/install/turtlebot3_gazebo/share/turtlebot3_gazebo//params/burger.yaml
[0.247s] -- Up-to-date: /home/thegodset/fyp/install/turtlebot3_gazebo/share/turtlebot3_gazebo//params/nav2_params.yaml
[0.248s] -- Up-to-date: /home/thegodset/fyp/install/turtlebot3_gazebo/share/turtlebot3_gazebo//params/waffle_pi.yaml
[0.248s] -- Up-to-date: /home/thegodset/fyp/install/turtlebot3_gazebo/share/turtlebot3_gazebo//map
[0.248s] -- Up-to-date: /home/thegodset/fyp/install/turtlebot3_gazebo/share/turtlebot3_gazebo//map/map_maze.pgm
[0.248s] -- Up-to-date: /home/thegodset/fyp/install/turtlebot3_gazebo/share/turtlebot3_gazebo//map/map_maze.yaml
[0.248s] -- Up-to-date: /home/thegodset/fyp/install/turtlebot3_gazebo/include/
[0.248s] -- Up-to-date: /home/thegodset/fyp/install/turtlebot3_gazebo/include//turtlebot3_gazebo
[0.248s] -- Up-to-date: /home/thegodset/fyp/install/turtlebot3_gazebo/include//turtlebot3_gazebo/turtlebot3_drive.hpp
[0.249s] -- Up-to-date: /home/thegodset/fyp/install/turtlebot3_gazebo/share/ament_index/resource_index/package_run_dependencies/turtlebot3_gazebo
[0.249s] -- Up-to-date: /home/thegodset/fyp/install/turtlebot3_gazebo/share/ament_index/resource_index/parent_prefix_path/turtlebot3_gazebo
[0.249s] -- Up-to-date: /home/thegodset/fyp/install/turtlebot3_gazebo/share/turtlebot3_gazebo/environment/ament_prefix_path.sh
[0.249s] -- Up-to-date: /home/thegodset/fyp/install/turtlebot3_gazebo/share/turtlebot3_gazebo/environment/ament_prefix_path.dsv
[0.250s] -- Up-to-date: /home/thegodset/fyp/install/turtlebot3_gazebo/share/turtlebot3_gazebo/environment/path.sh
[0.250s] -- Up-to-date: /home/thegodset/fyp/install/turtlebot3_gazebo/share/turtlebot3_gazebo/environment/path.dsv
[0.251s] -- Up-to-date: /home/thegodset/fyp/install/turtlebot3_gazebo/share/turtlebot3_gazebo/local_setup.bash
[0.251s] -- Up-to-date: /home/thegodset/fyp/install/turtlebot3_gazebo/share/turtlebot3_gazebo/local_setup.sh
[0.251s] -- Up-to-date: /home/thegodset/fyp/install/turtlebot3_gazebo/share/turtlebot3_gazebo/local_setup.zsh
[0.252s] -- Up-to-date: /home/thegodset/fyp/install/turtlebot3_gazebo/share/turtlebot3_gazebo/local_setup.dsv
[0.254s] -- Installing: /home/thegodset/fyp/install/turtlebot3_gazebo/share/turtlebot3_gazebo/package.dsv
[0.255s] -- Up-to-date: /home/thegodset/fyp/install/turtlebot3_gazebo/share/ament_index/resource_index/packages/turtlebot3_gazebo
[0.255s] -- Up-to-date: /home/thegodset/fyp/install/turtlebot3_gazebo/share/turtlebot3_gazebo/cmake/ament_cmake_export_include_directories-extras.cmake
[0.255s] -- Up-to-date: /home/thegodset/fyp/install/turtlebot3_gazebo/share/turtlebot3_gazebo/cmake/ament_cmake_export_dependencies-extras.cmake
[0.255s] -- Up-to-date: /home/thegodset/fyp/install/turtlebot3_gazebo/share/turtlebot3_gazebo/cmake/turtlebot3_gazeboConfig.cmake
[0.256s] -- Up-to-date: /home/thegodset/fyp/install/turtlebot3_gazebo/share/turtlebot3_gazebo/cmake/turtlebot3_gazeboConfig-version.cmake
[0.256s] -- Up-to-date: /home/thegodset/fyp/install/turtlebot3_gazebo/share/turtlebot3_gazebo/package.xml
[0.276s] Invoked command in '/home/thegodset/fyp/build/turtlebot3_gazebo' returned '0': CMAKE_PREFIX_PATH=${CMAKE_PREFIX_PATH}:/home/thegodset/fyp/install/vda5050_adapter:/home/thegodset/install/turtlebot3_teleop:/home/thegodset/install/turtlebot3_example:/home/thegodset/install/launch_testing_examples:/home/thegodset/install/examples_rclpy_pointcloud_publisher:/home/thegodset/install/examples_rclpy_minimal_subscriber:/home/thegodset/install/examples_rclpy_minimal_service:/home/thegodset/install/examples_rclpy_minimal_publisher:/home/thegodset/install/examples_rclpy_minimal_client:/home/thegodset/install/examples_rclpy_minimal_action_server:/home/thegodset/install/examples_rclpy_minimal_action_client:/home/thegodset/install/examples_rclpy_guard_conditions:/home/thegodset/install/examples_rclpy_executors:/home/thegodset/ros2_ws/install/py_srvcli:/home/thegodset/ros2_ws/install/turtlebot_gui_rviz:/home/thegodset/ros2_ws/install/python_parameters:/home/thegodset/ros2_ws/install/py_pubsub:/home/thegodset/ros2_ws/install/my_package:/home/thegodset/ros2_ws/install/my_gui_package:/home/thegodset/ros2_ws/install/launch_testing_examples:/home/thegodset/ros2_ws/install/examples_rclpy_pointcloud_publisher:/home/thegodset/ros2_ws/install/examples_rclpy_minimal_subscriber:/home/thegodset/ros2_ws/install/examples_rclpy_minimal_service:/home/thegodset/ros2_ws/install/examples_rclpy_minimal_publisher:/home/thegodset/ros2_ws/install/examples_rclpy_minimal_client:/home/thegodset/ros2_ws/install/examples_rclpy_minimal_action_server:/home/thegodset/ros2_ws/install/examples_rclpy_minimal_action_client:/home/thegodset/ros2_ws/install/examples_rclpy_guard_conditions:/home/thegodset/ros2_ws/install/examples_rclpy_executors:/home/thegodset/ros2_assignment/install/ros2_map:/home/thegodset/ros2_assignment/install/ros2_assignment:/home/thegodset/dev_ws/install/warehouse_robot_spawner_pkg:/home/thegodset/dev_ws/install/warehouse_robot_controller_pkg:/opt/ros/humble /usr/bin/cmake --install /home/thegodset/fyp/build/turtlebot3_gazebo
