[1.525s] Invoking command in '/home/thegodset/fyp/src/vda5050_adapter': PYTHONPATH=/home/thegodset/fyp/build/vda5050_adapter/prefix_override:/usr/lib/python3/dist-packages/colcon_core/task/python/colcon_distutils_commands:/home/thegodset/fyp/install/vda5050_adapter/lib/python3.10/site-packages:${PYTHONPATH} /usr/bin/python3 -W ignore:setup.py install is deprecated -W ignore:easy_install command is deprecated setup.py egg_info --egg-base ../../build/vda5050_adapter build --build-base /home/thegodset/fyp/build/vda5050_adapter/build install --record /home/thegodset/fyp/build/vda5050_adapter/install.log --single-version-externally-managed install_data
[2.192s] running egg_info
[2.194s] writing ../../build/vda5050_adapter/vda5050_adapter.egg-info/PKG-INFO
[2.198s] writing dependency_links to ../../build/vda5050_adapter/vda5050_adapter.egg-info/dependency_links.txt
[2.198s] writing entry points to ../../build/vda5050_adapter/vda5050_adapter.egg-info/entry_points.txt
[2.198s] writing requirements to ../../build/vda5050_adapter/vda5050_adapter.egg-info/requires.txt
[2.198s] writing top-level names to ../../build/vda5050_adapter/vda5050_adapter.egg-info/top_level.txt
[2.213s] reading manifest file '../../build/vda5050_adapter/vda5050_adapter.egg-info/SOURCES.txt'
[2.215s] adding license file 'LICENSE'
[2.216s] writing manifest file '../../build/vda5050_adapter/vda5050_adapter.egg-info/SOURCES.txt'
[2.217s] running build
[2.217s] running build_py
[2.220s] running install
[2.220s] running install_lib
[2.229s] running install_data
[2.229s] copying launch/connector.launch.py -> /home/thegodset/fyp/install/vda5050_adapter/share/vda5050_adapter/launch
[2.231s] running install_egg_info
[2.237s] removing '/home/thegodset/fyp/install/vda5050_adapter/lib/python3.10/site-packages/vda5050_adapter-0.0.0-py3.10.egg-info' (and everything under it)
[2.245s] Copying ../../build/vda5050_adapter/vda5050_adapter.egg-info to /home/thegodset/fyp/install/vda5050_adapter/lib/python3.10/site-packages/vda5050_adapter-0.0.0-py3.10.egg-info
[2.249s] running install_scripts
[2.320s] Installing adapter script to /home/thegodset/fyp/install/vda5050_adapter/lib/vda5050_adapter
[2.320s] Installing goal script to /home/thegodset/fyp/install/vda5050_adapter/lib/vda5050_adapter
[2.321s] Installing odometry script to /home/thegodset/fyp/install/vda5050_adapter/lib/vda5050_adapter
[2.321s] writing list of installed files to '/home/thegodset/fyp/build/vda5050_adapter/install.log'
[2.483s] Invoked command in '/home/thegodset/fyp/src/vda5050_adapter' returned '0': PYTHONPATH=/home/thegodset/fyp/build/vda5050_adapter/prefix_override:/usr/lib/python3/dist-packages/colcon_core/task/python/colcon_distutils_commands:/home/thegodset/fyp/install/vda5050_adapter/lib/python3.10/site-packages:${PYTHONPATH} /usr/bin/python3 -W ignore:setup.py install is deprecated -W ignore:easy_install command is deprecated setup.py egg_info --egg-base ../../build/vda5050_adapter build --build-base /home/thegodset/fyp/build/vda5050_adapter/build install --record /home/thegodset/fyp/build/vda5050_adapter/install.log --single-version-externally-managed install_data
