[0.011s] Invoking command in '/home/thegodset/fyp/build/vda5050_connector': CMAKE_PREFIX_PATH=/home/thegodset/fyp/install/vda5050_msgs:/home/thegodset/fyp/install/vda5050_connector:/home/thegodset/fyp/install/turtlebot3_simulations:/home/thegodset/fyp/install/turtlebot3_gazebo:/home/thegodset/fyp/install/turtlebot3_fake_node:/home/thegodset/install/turtlesim:/home/thegodset/install/turtlebot3_navigation2:/home/thegodset/install/turtlebot3_environment_navigation:/home/thegodset/install/turtlebot3_description:/home/thegodset/install/turtlebot3_cartographer:/home/thegodset/install/examples_rclcpp_wait_set:/home/thegodset/install/examples_rclcpp_multithreaded_executor:/home/thegodset/install/examples_rclcpp_minimal_timer:/home/thegodset/install/examples_rclcpp_minimal_subscriber:/home/thegodset/install/examples_rclcpp_minimal_service:/home/thegodset/install/examples_rclcpp_minimal_publisher:/home/thegodset/install/examples_rclcpp_minimal_composition:/home/thegodset/install/examples_rclcpp_minimal_client:/home/thegodset/install/examples_rclcpp_minimal_action_server:/home/thegodset/install/examples_rclcpp_minimal_action_client:/home/thegodset/install/examples_rclcpp_cbg_executor:/home/thegodset/install/examples_rclcpp_async_client:/home/thegodset/install/dynamixel_sdk:/home/thegodset/ros2_assignment/install/ros2_gazebo:/home/thegodset/turtlebot3_ws/install/turtlebot3_simulations:/home/thegodset/turtlebot3_ws/install/turtlebot3_gazebo:/home/thegodset/turtlebot3_ws/install/turtlebot3_fake_node:/home/thegodset/fyp/install/vda5050_adapter:/home/thegodset/install/turtlebot3_teleop:/home/thegodset/install/turtlebot3_example:/home/thegodset/install/launch_testing_examples:/home/thegodset/install/examples_rclpy_pointcloud_publisher:/home/thegodset/install/examples_rclpy_minimal_subscriber:/home/thegodset/install/examples_rclpy_minimal_service:/home/thegodset/install/examples_rclpy_minimal_publisher:/home/thegodset/install/examples_rclpy_minimal_client:/home/thegodset/install/examples_rclpy_minimal_action_server:/home/thegodset/install/examples_rclpy_minimal_action_client:/home/thegodset/install/examples_rclpy_guard_conditions:/home/thegodset/install/examples_rclpy_executors:/home/thegodset/ros2_assignment/install/ros2_map:/home/thegodset/ros2_assignment/install/ros2_assignment:/home/thegodset/dev_ws/install/warehouse_robot_spawner_pkg:/home/thegodset/dev_ws/install/warehouse_robot_controller_pkg:/opt/ros/humble LD_LIBRARY_PATH=/home/thegodset/fyp/install/vda5050_msgs/lib:/home/thegodset/fyp/install/vda5050_connector/lib:/home/thegodset/install/turtlesim/lib:/home/thegodset/install/examples_rclcpp_wait_set/lib:/home/thegodset/install/examples_rclcpp_minimal_subscriber/lib:/home/thegodset/install/examples_rclcpp_minimal_composition/lib:/home/thegodset/install/dynamixel_sdk/lib:/usr/lib/x86_64-linux-gnu/gazebo-11/plugins:/opt/ros/humble/opt/rviz_ogre_vendor/lib:/opt/ros/humble/lib/x86_64-linux-gnu:/opt/ros/humble/lib /usr/bin/cmake --build /home/thegodset/fyp/build/vda5050_connector -- -j16 -l16
[0.056s] [  1%] Built target vda5050_connector__cpp
[0.075s] [  4%] Built target gtest
[0.101s] [ 12%] Built target vda5050_connector__rosidl_typesupport_introspection_cpp
[0.126s] [ 20%] Built target vda5050_connector__rosidl_typesupport_fastrtps_cpp
[0.147s] [ 29%] Built target vda5050_connector__rosidl_typesupport_cpp
[0.164s] [ 31%] Built target gtest_main
[0.193s] [ 36%] Built target adapter
[0.220s] [ 36%] Built target ament_cmake_python_copy_vda5050_connector_py
[0.246s] [ 38%] Built target test_handler_execution
[0.544s] running egg_info
[0.545s] writing vda5050_connector_py.egg-info/PKG-INFO
[0.545s] writing dependency_links to vda5050_connector_py.egg-info/dependency_links.txt
[0.547s] writing top-level names to vda5050_connector_py.egg-info/top_level.txt
[0.552s] reading manifest file 'vda5050_connector_py.egg-info/SOURCES.txt'
[0.553s] writing manifest file 'vda5050_connector_py.egg-info/SOURCES.txt'
[0.591s] [ 38%] Built target ament_cmake_python_build_vda5050_connector_py_egg
[0.629s] [ 41%] Built target test_plugin_load
[0.663s] [ 44%] Built target test_node_config
[0.698s] [ 50%] Built target test_plugins
[0.741s] [ 50%] Built target ament_cmake_python_copy_vda5050_connector
[0.763s] [ 58%] Built target vda5050_connector__rosidl_generator_c
[1.053s] running egg_info
[1.054s] writing vda5050_connector.egg-info/PKG-INFO
[1.054s] writing dependency_links to vda5050_connector.egg-info/dependency_links.txt
[1.054s] writing top-level names to vda5050_connector.egg-info/top_level.txt
[1.057s] reading manifest file 'vda5050_connector.egg-info/SOURCES.txt'
[1.059s] writing manifest file 'vda5050_connector.egg-info/SOURCES.txt'
[1.090s] [ 58%] Built target ament_cmake_python_build_vda5050_connector_egg
[1.113s] [ 66%] Built target vda5050_connector__rosidl_typesupport_c
[1.138s] [ 75%] Built target vda5050_connector__rosidl_typesupport_introspection_c
[1.163s] [ 83%] Built target vda5050_connector__rosidl_typesupport_fastrtps_c
[1.184s] [ 83%] Built target vda5050_connector
[1.204s] [ 84%] Built target vda5050_connector__py
[1.228s] [ 91%] Built target vda5050_connector__rosidl_generator_py
[1.252s] [ 94%] Built target vda5050_connector__rosidl_typesupport_fastrtps_c__pyext
[1.273s] [ 97%] Built target vda5050_connector__rosidl_typesupport_c__pyext
[1.296s] [100%] Built target vda5050_connector__rosidl_typesupport_introspection_c__pyext
[1.307s] Invoked command in '/home/thegodset/fyp/build/vda5050_connector' returned '0': CMAKE_PREFIX_PATH=/home/thegodset/fyp/install/vda5050_msgs:/home/thegodset/fyp/install/vda5050_connector:/home/thegodset/fyp/install/turtlebot3_simulations:/home/thegodset/fyp/install/turtlebot3_gazebo:/home/thegodset/fyp/install/turtlebot3_fake_node:/home/thegodset/install/turtlesim:/home/thegodset/install/turtlebot3_navigation2:/home/thegodset/install/turtlebot3_environment_navigation:/home/thegodset/install/turtlebot3_description:/home/thegodset/install/turtlebot3_cartographer:/home/thegodset/install/examples_rclcpp_wait_set:/home/thegodset/install/examples_rclcpp_multithreaded_executor:/home/thegodset/install/examples_rclcpp_minimal_timer:/home/thegodset/install/examples_rclcpp_minimal_subscriber:/home/thegodset/install/examples_rclcpp_minimal_service:/home/thegodset/install/examples_rclcpp_minimal_publisher:/home/thegodset/install/examples_rclcpp_minimal_composition:/home/thegodset/install/examples_rclcpp_minimal_client:/home/thegodset/install/examples_rclcpp_minimal_action_server:/home/thegodset/install/examples_rclcpp_minimal_action_client:/home/thegodset/install/examples_rclcpp_cbg_executor:/home/thegodset/install/examples_rclcpp_async_client:/home/thegodset/install/dynamixel_sdk:/home/thegodset/ros2_assignment/install/ros2_gazebo:/home/thegodset/turtlebot3_ws/install/turtlebot3_simulations:/home/thegodset/turtlebot3_ws/install/turtlebot3_gazebo:/home/thegodset/turtlebot3_ws/install/turtlebot3_fake_node:/home/thegodset/fyp/install/vda5050_adapter:/home/thegodset/install/turtlebot3_teleop:/home/thegodset/install/turtlebot3_example:/home/thegodset/install/launch_testing_examples:/home/thegodset/install/examples_rclpy_pointcloud_publisher:/home/thegodset/install/examples_rclpy_minimal_subscriber:/home/thegodset/install/examples_rclpy_minimal_service:/home/thegodset/install/examples_rclpy_minimal_publisher:/home/thegodset/install/examples_rclpy_minimal_client:/home/thegodset/install/examples_rclpy_minimal_action_server:/home/thegodset/install/examples_rclpy_minimal_action_client:/home/thegodset/install/examples_rclpy_guard_conditions:/home/thegodset/install/examples_rclpy_executors:/home/thegodset/ros2_assignment/install/ros2_map:/home/thegodset/ros2_assignment/install/ros2_assignment:/home/thegodset/dev_ws/install/warehouse_robot_spawner_pkg:/home/thegodset/dev_ws/install/warehouse_robot_controller_pkg:/opt/ros/humble LD_LIBRARY_PATH=/home/thegodset/fyp/install/vda5050_msgs/lib:/home/thegodset/fyp/install/vda5050_connector/lib:/home/thegodset/install/turtlesim/lib:/home/thegodset/install/examples_rclcpp_wait_set/lib:/home/thegodset/install/examples_rclcpp_minimal_subscriber/lib:/home/thegodset/install/examples_rclcpp_minimal_composition/lib:/home/thegodset/install/dynamixel_sdk/lib:/usr/lib/x86_64-linux-gnu/gazebo-11/plugins:/opt/ros/humble/opt/rviz_ogre_vendor/lib:/opt/ros/humble/lib/x86_64-linux-gnu:/opt/ros/humble/lib /usr/bin/cmake --build /home/thegodset/fyp/build/vda5050_connector -- -j16 -l16
[1.311s] Invoking command in '/home/thegodset/fyp/build/vda5050_connector': CMAKE_PREFIX_PATH=/home/thegodset/fyp/install/vda5050_msgs:/home/thegodset/fyp/install/vda5050_connector:/home/thegodset/fyp/install/turtlebot3_simulations:/home/thegodset/fyp/install/turtlebot3_gazebo:/home/thegodset/fyp/install/turtlebot3_fake_node:/home/thegodset/install/turtlesim:/home/thegodset/install/turtlebot3_navigation2:/home/thegodset/install/turtlebot3_environment_navigation:/home/thegodset/install/turtlebot3_description:/home/thegodset/install/turtlebot3_cartographer:/home/thegodset/install/examples_rclcpp_wait_set:/home/thegodset/install/examples_rclcpp_multithreaded_executor:/home/thegodset/install/examples_rclcpp_minimal_timer:/home/thegodset/install/examples_rclcpp_minimal_subscriber:/home/thegodset/install/examples_rclcpp_minimal_service:/home/thegodset/install/examples_rclcpp_minimal_publisher:/home/thegodset/install/examples_rclcpp_minimal_composition:/home/thegodset/install/examples_rclcpp_minimal_client:/home/thegodset/install/examples_rclcpp_minimal_action_server:/home/thegodset/install/examples_rclcpp_minimal_action_client:/home/thegodset/install/examples_rclcpp_cbg_executor:/home/thegodset/install/examples_rclcpp_async_client:/home/thegodset/install/dynamixel_sdk:/home/thegodset/ros2_assignment/install/ros2_gazebo:/home/thegodset/turtlebot3_ws/install/turtlebot3_simulations:/home/thegodset/turtlebot3_ws/install/turtlebot3_gazebo:/home/thegodset/turtlebot3_ws/install/turtlebot3_fake_node:/home/thegodset/fyp/install/vda5050_adapter:/home/thegodset/install/turtlebot3_teleop:/home/thegodset/install/turtlebot3_example:/home/thegodset/install/launch_testing_examples:/home/thegodset/install/examples_rclpy_pointcloud_publisher:/home/thegodset/install/examples_rclpy_minimal_subscriber:/home/thegodset/install/examples_rclpy_minimal_service:/home/thegodset/install/examples_rclpy_minimal_publisher:/home/thegodset/install/examples_rclpy_minimal_client:/home/thegodset/install/examples_rclpy_minimal_action_server:/home/thegodset/install/examples_rclpy_minimal_action_client:/home/thegodset/install/examples_rclpy_guard_conditions:/home/thegodset/install/examples_rclpy_executors:/home/thegodset/ros2_assignment/install/ros2_map:/home/thegodset/ros2_assignment/install/ros2_assignment:/home/thegodset/dev_ws/install/warehouse_robot_spawner_pkg:/home/thegodset/dev_ws/install/warehouse_robot_controller_pkg:/opt/ros/humble LD_LIBRARY_PATH=/home/thegodset/fyp/install/vda5050_msgs/lib:/home/thegodset/fyp/install/vda5050_connector/lib:/home/thegodset/install/turtlesim/lib:/home/thegodset/install/examples_rclcpp_wait_set/lib:/home/thegodset/install/examples_rclcpp_minimal_subscriber/lib:/home/thegodset/install/examples_rclcpp_minimal_composition/lib:/home/thegodset/install/dynamixel_sdk/lib:/usr/lib/x86_64-linux-gnu/gazebo-11/plugins:/opt/ros/humble/opt/rviz_ogre_vendor/lib:/opt/ros/humble/lib/x86_64-linux-gnu:/opt/ros/humble/lib /usr/bin/cmake --install /home/thegodset/fyp/build/vda5050_connector
[1.319s] -- Install configuration: ""
[1.319s] -- Up-to-date: /home/thegodset/fyp/install/vda5050_connector/share/ament_index/resource_index/rosidl_interfaces/vda5050_connector
[1.320s] -- Up-to-date: /home/thegodset/fyp/install/vda5050_connector/include/vda5050_connector/vda5050_connector
[1.320s] -- Up-to-date: /home/thegodset/fyp/install/vda5050_connector/include/vda5050_connector/vda5050_connector/msg
[1.320s] -- Up-to-date: /home/thegodset/fyp/install/vda5050_connector/include/vda5050_connector/vda5050_connector/msg/rosidl_generator_c__visibility_control.h
[1.321s] -- Up-to-date: /home/thegodset/fyp/install/vda5050_connector/include/vda5050_connector/vda5050_connector/srv
[1.321s] -- Up-to-date: /home/thegodset/fyp/install/vda5050_connector/include/vda5050_connector/vda5050_connector/srv/detail
[1.321s] -- Up-to-date: /home/thegodset/fyp/install/vda5050_connector/include/vda5050_connector/vda5050_connector/srv/detail/get_state__struct.h
[1.321s] -- Up-to-date: /home/thegodset/fyp/install/vda5050_connector/include/vda5050_connector/vda5050_connector/srv/detail/get_state__functions.h
[1.321s] -- Up-to-date: /home/thegodset/fyp/install/vda5050_connector/include/vda5050_connector/vda5050_connector/srv/detail/supported_actions__functions.h
[1.321s] -- Up-to-date: /home/thegodset/fyp/install/vda5050_connector/include/vda5050_connector/vda5050_connector/srv/detail/get_state__functions.c
[1.321s] -- Up-to-date: /home/thegodset/fyp/install/vda5050_connector/include/vda5050_connector/vda5050_connector/srv/detail/get_state__type_support.h
[1.321s] -- Up-to-date: /home/thegodset/fyp/install/vda5050_connector/include/vda5050_connector/vda5050_connector/srv/detail/supported_actions__functions.c
[1.322s] -- Up-to-date: /home/thegodset/fyp/install/vda5050_connector/include/vda5050_connector/vda5050_connector/srv/detail/supported_actions__struct.h
[1.322s] -- Up-to-date: /home/thegodset/fyp/install/vda5050_connector/include/vda5050_connector/vda5050_connector/srv/detail/supported_actions__type_support.h
[1.322s] -- Up-to-date: /home/thegodset/fyp/install/vda5050_connector/include/vda5050_connector/vda5050_connector/srv/supported_actions.h
[1.322s] -- Up-to-date: /home/thegodset/fyp/install/vda5050_connector/include/vda5050_connector/vda5050_connector/srv/get_state.h
[1.322s] -- Up-to-date: /home/thegodset/fyp/install/vda5050_connector/include/vda5050_connector/vda5050_connector/action
[1.322s] -- Up-to-date: /home/thegodset/fyp/install/vda5050_connector/include/vda5050_connector/vda5050_connector/action/detail
[1.322s] -- Up-to-date: /home/thegodset/fyp/install/vda5050_connector/include/vda5050_connector/vda5050_connector/action/detail/navigate_to_node__functions.c
[1.322s] -- Up-to-date: /home/thegodset/fyp/install/vda5050_connector/include/vda5050_connector/vda5050_connector/action/detail/process_vda_action__functions.c
[1.322s] -- Up-to-date: /home/thegodset/fyp/install/vda5050_connector/include/vda5050_connector/vda5050_connector/action/detail/navigate_to_node__struct.h
[1.323s] -- Up-to-date: /home/thegodset/fyp/install/vda5050_connector/include/vda5050_connector/vda5050_connector/action/detail/process_vda_action__struct.h
[1.323s] -- Up-to-date: /home/thegodset/fyp/install/vda5050_connector/include/vda5050_connector/vda5050_connector/action/detail/navigate_to_node__functions.h
[1.323s] -- Up-to-date: /home/thegodset/fyp/install/vda5050_connector/include/vda5050_connector/vda5050_connector/action/detail/navigate_to_node__type_support.h
[1.323s] -- Up-to-date: /home/thegodset/fyp/install/vda5050_connector/include/vda5050_connector/vda5050_connector/action/detail/process_vda_action__type_support.h
[1.323s] -- Up-to-date: /home/thegodset/fyp/install/vda5050_connector/include/vda5050_connector/vda5050_connector/action/detail/process_vda_action__functions.h
[1.323s] -- Up-to-date: /home/thegodset/fyp/install/vda5050_connector/include/vda5050_connector/vda5050_connector/action/navigate_to_node.h
[1.323s] -- Up-to-date: /home/thegodset/fyp/install/vda5050_connector/include/vda5050_connector/vda5050_connector/action/process_vda_action.h
[1.323s] -- Up-to-date: /home/thegodset/fyp/install/vda5050_connector/share/vda5050_connector/environment/library_path.sh
[1.323s] -- Up-to-date: /home/thegodset/fyp/install/vda5050_connector/share/vda5050_connector/environment/library_path.dsv
[1.324s] -- Up-to-date: /home/thegodset/fyp/install/vda5050_connector/lib/libvda5050_connector__rosidl_generator_c.so
[1.324s] -- Up-to-date: /home/thegodset/fyp/install/vda5050_connector/include/vda5050_connector/vda5050_connector
[1.324s] -- Up-to-date: /home/thegodset/fyp/install/vda5050_connector/include/vda5050_connector/vda5050_connector/msg
[1.324s] -- Up-to-date: /home/thegodset/fyp/install/vda5050_connector/include/vda5050_connector/vda5050_connector/msg/rosidl_typesupport_fastrtps_c__visibility_control.h
[1.324s] -- Up-to-date: /home/thegodset/fyp/install/vda5050_connector/include/vda5050_connector/vda5050_connector/srv
[1.324s] -- Up-to-date: /home/thegodset/fyp/install/vda5050_connector/include/vda5050_connector/vda5050_connector/srv/detail
[1.324s] -- Up-to-date: /home/thegodset/fyp/install/vda5050_connector/include/vda5050_connector/vda5050_connector/srv/detail/supported_actions__rosidl_typesupport_fastrtps_c.h
[1.324s] -- Up-to-date: /home/thegodset/fyp/install/vda5050_connector/include/vda5050_connector/vda5050_connector/srv/detail/get_state__rosidl_typesupport_fastrtps_c.h
[1.324s] -- Up-to-date: /home/thegodset/fyp/install/vda5050_connector/include/vda5050_connector/vda5050_connector/action
[1.325s] -- Up-to-date: /home/thegodset/fyp/install/vda5050_connector/include/vda5050_connector/vda5050_connector/action/detail
[1.325s] -- Up-to-date: /home/thegodset/fyp/install/vda5050_connector/include/vda5050_connector/vda5050_connector/action/detail/navigate_to_node__rosidl_typesupport_fastrtps_c.h
[1.325s] -- Up-to-date: /home/thegodset/fyp/install/vda5050_connector/include/vda5050_connector/vda5050_connector/action/detail/process_vda_action__rosidl_typesupport_fastrtps_c.h
[1.326s] -- Up-to-date: /home/thegodset/fyp/install/vda5050_connector/lib/libvda5050_connector__rosidl_typesupport_fastrtps_c.so
[1.326s] -- Up-to-date: /home/thegodset/fyp/install/vda5050_connector/include/vda5050_connector/vda5050_connector
[1.326s] -- Up-to-date: /home/thegodset/fyp/install/vda5050_connector/include/vda5050_connector/vda5050_connector/msg
[1.326s] -- Up-to-date: /home/thegodset/fyp/install/vda5050_connector/include/vda5050_connector/vda5050_connector/msg/rosidl_generator_cpp__visibility_control.hpp
[1.326s] -- Up-to-date: /home/thegodset/fyp/install/vda5050_connector/include/vda5050_connector/vda5050_connector/srv
[1.326s] -- Up-to-date: /home/thegodset/fyp/install/vda5050_connector/include/vda5050_connector/vda5050_connector/srv/detail
[1.326s] -- Up-to-date: /home/thegodset/fyp/install/vda5050_connector/include/vda5050_connector/vda5050_connector/srv/detail/supported_actions__traits.hpp
[1.326s] -- Up-to-date: /home/thegodset/fyp/install/vda5050_connector/include/vda5050_connector/vda5050_connector/srv/detail/supported_actions__type_support.hpp
[1.326s] -- Up-to-date: /home/thegodset/fyp/install/vda5050_connector/include/vda5050_connector/vda5050_connector/srv/detail/supported_actions__struct.hpp
[1.326s] -- Up-to-date: /home/thegodset/fyp/install/vda5050_connector/include/vda5050_connector/vda5050_connector/srv/detail/get_state__struct.hpp
[1.326s] -- Up-to-date: /home/thegodset/fyp/install/vda5050_connector/include/vda5050_connector/vda5050_connector/srv/detail/supported_actions__builder.hpp
[1.326s] -- Up-to-date: /home/thegodset/fyp/install/vda5050_connector/include/vda5050_connector/vda5050_connector/srv/detail/get_state__type_support.hpp
[1.326s] -- Up-to-date: /home/thegodset/fyp/install/vda5050_connector/include/vda5050_connector/vda5050_connector/srv/detail/get_state__builder.hpp
[1.326s] -- Up-to-date: /home/thegodset/fyp/install/vda5050_connector/include/vda5050_connector/vda5050_connector/srv/detail/get_state__traits.hpp
[1.327s] -- Up-to-date: /home/thegodset/fyp/install/vda5050_connector/include/vda5050_connector/vda5050_connector/srv/supported_actions.hpp
[1.327s] -- Up-to-date: /home/thegodset/fyp/install/vda5050_connector/include/vda5050_connector/vda5050_connector/srv/get_state.hpp
[1.327s] -- Up-to-date: /home/thegodset/fyp/install/vda5050_connector/include/vda5050_connector/vda5050_connector/action
[1.327s] -- Up-to-date: /home/thegodset/fyp/install/vda5050_connector/include/vda5050_connector/vda5050_connector/action/detail
[1.327s] -- Up-to-date: /home/thegodset/fyp/install/vda5050_connector/include/vda5050_connector/vda5050_connector/action/detail/navigate_to_node__struct.hpp
[1.327s] -- Up-to-date: /home/thegodset/fyp/install/vda5050_connector/include/vda5050_connector/vda5050_connector/action/detail/navigate_to_node__traits.hpp
[1.327s] -- Up-to-date: /home/thegodset/fyp/install/vda5050_connector/include/vda5050_connector/vda5050_connector/action/detail/process_vda_action__type_support.hpp
[1.327s] -- Up-to-date: /home/thegodset/fyp/install/vda5050_connector/include/vda5050_connector/vda5050_connector/action/detail/process_vda_action__builder.hpp
[1.327s] -- Up-to-date: /home/thegodset/fyp/install/vda5050_connector/include/vda5050_connector/vda5050_connector/action/detail/process_vda_action__struct.hpp
[1.327s] -- Up-to-date: /home/thegodset/fyp/install/vda5050_connector/include/vda5050_connector/vda5050_connector/action/detail/process_vda_action__traits.hpp
[1.327s] -- Up-to-date: /home/thegodset/fyp/install/vda5050_connector/include/vda5050_connector/vda5050_connector/action/detail/navigate_to_node__builder.hpp
[1.327s] -- Up-to-date: /home/thegodset/fyp/install/vda5050_connector/include/vda5050_connector/vda5050_connector/action/detail/navigate_to_node__type_support.hpp
[1.327s] -- Up-to-date: /home/thegodset/fyp/install/vda5050_connector/include/vda5050_connector/vda5050_connector/action/process_vda_action.hpp
[1.327s] -- Up-to-date: /home/thegodset/fyp/install/vda5050_connector/include/vda5050_connector/vda5050_connector/action/navigate_to_node.hpp
[1.327s] -- Up-to-date: /home/thegodset/fyp/install/vda5050_connector/include/vda5050_connector/vda5050_connector
[1.327s] -- Up-to-date: /home/thegodset/fyp/install/vda5050_connector/include/vda5050_connector/vda5050_connector/msg
[1.327s] -- Up-to-date: /home/thegodset/fyp/install/vda5050_connector/include/vda5050_connector/vda5050_connector/msg/rosidl_typesupport_fastrtps_cpp__visibility_control.h
[1.327s] -- Up-to-date: /home/thegodset/fyp/install/vda5050_connector/include/vda5050_connector/vda5050_connector/srv
[1.327s] -- Up-to-date: /home/thegodset/fyp/install/vda5050_connector/include/vda5050_connector/vda5050_connector/srv/detail
[1.327s] -- Up-to-date: /home/thegodset/fyp/install/vda5050_connector/include/vda5050_connector/vda5050_connector/srv/detail/supported_actions__rosidl_typesupport_fastrtps_cpp.hpp
[1.327s] -- Up-to-date: /home/thegodset/fyp/install/vda5050_connector/include/vda5050_connector/vda5050_connector/srv/detail/get_state__rosidl_typesupport_fastrtps_cpp.hpp
[1.327s] -- Up-to-date: /home/thegodset/fyp/install/vda5050_connector/include/vda5050_connector/vda5050_connector/srv/detail/dds_fastrtps
[1.327s] -- Up-to-date: /home/thegodset/fyp/install/vda5050_connector/include/vda5050_connector/vda5050_connector/action
[1.327s] -- Up-to-date: /home/thegodset/fyp/install/vda5050_connector/include/vda5050_connector/vda5050_connector/action/detail
[1.327s] -- Up-to-date: /home/thegodset/fyp/install/vda5050_connector/include/vda5050_connector/vda5050_connector/action/detail/process_vda_action__rosidl_typesupport_fastrtps_cpp.hpp
[1.328s] -- Up-to-date: /home/thegodset/fyp/install/vda5050_connector/include/vda5050_connector/vda5050_connector/action/detail/navigate_to_node__rosidl_typesupport_fastrtps_cpp.hpp
[1.328s] -- Up-to-date: /home/thegodset/fyp/install/vda5050_connector/include/vda5050_connector/vda5050_connector/action/detail/dds_fastrtps
[1.328s] -- Up-to-date: /home/thegodset/fyp/install/vda5050_connector/lib/libvda5050_connector__rosidl_typesupport_fastrtps_cpp.so
[1.328s] -- Up-to-date: /home/thegodset/fyp/install/vda5050_connector/include/vda5050_connector/vda5050_connector
[1.328s] -- Up-to-date: /home/thegodset/fyp/install/vda5050_connector/include/vda5050_connector/vda5050_connector/msg
[1.328s] -- Up-to-date: /home/thegodset/fyp/install/vda5050_connector/include/vda5050_connector/vda5050_connector/msg/rosidl_typesupport_introspection_c__visibility_control.h
[1.328s] -- Up-to-date: /home/thegodset/fyp/install/vda5050_connector/include/vda5050_connector/vda5050_connector/srv
[1.328s] -- Up-to-date: /home/thegodset/fyp/install/vda5050_connector/include/vda5050_connector/vda5050_connector/srv/detail
[1.328s] -- Up-to-date: /home/thegodset/fyp/install/vda5050_connector/include/vda5050_connector/vda5050_connector/srv/detail/get_state__type_support.c
[1.328s] -- Up-to-date: /home/thegodset/fyp/install/vda5050_connector/include/vda5050_connector/vda5050_connector/srv/detail/get_state__rosidl_typesupport_introspection_c.h
[1.328s] -- Up-to-date: /home/thegodset/fyp/install/vda5050_connector/include/vda5050_connector/vda5050_connector/srv/detail/supported_actions__type_support.c
[1.328s] -- Up-to-date: /home/thegodset/fyp/install/vda5050_connector/include/vda5050_connector/vda5050_connector/srv/detail/supported_actions__rosidl_typesupport_introspection_c.h
[1.328s] -- Up-to-date: /home/thegodset/fyp/install/vda5050_connector/include/vda5050_connector/vda5050_connector/action
[1.328s] -- Up-to-date: /home/thegodset/fyp/install/vda5050_connector/include/vda5050_connector/vda5050_connector/action/detail
[1.328s] -- Up-to-date: /home/thegodset/fyp/install/vda5050_connector/include/vda5050_connector/vda5050_connector/action/detail/navigate_to_node__type_support.c
[1.328s] -- Up-to-date: /home/thegodset/fyp/install/vda5050_connector/include/vda5050_connector/vda5050_connector/action/detail/process_vda_action__rosidl_typesupport_introspection_c.h
[1.328s] -- Up-to-date: /home/thegodset/fyp/install/vda5050_connector/include/vda5050_connector/vda5050_connector/action/detail/navigate_to_node__rosidl_typesupport_introspection_c.h
[1.328s] -- Up-to-date: /home/thegodset/fyp/install/vda5050_connector/include/vda5050_connector/vda5050_connector/action/detail/process_vda_action__type_support.c
[1.328s] -- Up-to-date: /home/thegodset/fyp/install/vda5050_connector/lib/libvda5050_connector__rosidl_typesupport_introspection_c.so
[1.328s] -- Up-to-date: /home/thegodset/fyp/install/vda5050_connector/lib/libvda5050_connector__rosidl_typesupport_c.so
[1.328s] -- Up-to-date: /home/thegodset/fyp/install/vda5050_connector/include/vda5050_connector/vda5050_connector
[1.328s] -- Up-to-date: /home/thegodset/fyp/install/vda5050_connector/include/vda5050_connector/vda5050_connector/srv
[1.328s] -- Up-to-date: /home/thegodset/fyp/install/vda5050_connector/include/vda5050_connector/vda5050_connector/srv/detail
[1.328s] -- Up-to-date: /home/thegodset/fyp/install/vda5050_connector/include/vda5050_connector/vda5050_connector/srv/detail/get_state__rosidl_typesupport_introspection_cpp.hpp
[1.328s] -- Up-to-date: /home/thegodset/fyp/install/vda5050_connector/include/vda5050_connector/vda5050_connector/srv/detail/get_state__type_support.cpp
[1.329s] -- Up-to-date: /home/thegodset/fyp/install/vda5050_connector/include/vda5050_connector/vda5050_connector/srv/detail/supported_actions__type_support.cpp
[1.329s] -- Up-to-date: /home/thegodset/fyp/install/vda5050_connector/include/vda5050_connector/vda5050_connector/srv/detail/supported_actions__rosidl_typesupport_introspection_cpp.hpp
[1.329s] -- Up-to-date: /home/thegodset/fyp/install/vda5050_connector/include/vda5050_connector/vda5050_connector/action
[1.329s] -- Up-to-date: /home/thegodset/fyp/install/vda5050_connector/include/vda5050_connector/vda5050_connector/action/detail
[1.329s] -- Up-to-date: /home/thegodset/fyp/install/vda5050_connector/include/vda5050_connector/vda5050_connector/action/detail/process_vda_action__rosidl_typesupport_introspection_cpp.hpp
[1.329s] -- Up-to-date: /home/thegodset/fyp/install/vda5050_connector/include/vda5050_connector/vda5050_connector/action/detail/process_vda_action__type_support.cpp
[1.329s] -- Up-to-date: /home/thegodset/fyp/install/vda5050_connector/include/vda5050_connector/vda5050_connector/action/detail/navigate_to_node__type_support.cpp
[1.329s] -- Up-to-date: /home/thegodset/fyp/install/vda5050_connector/include/vda5050_connector/vda5050_connector/action/detail/navigate_to_node__rosidl_typesupport_introspection_cpp.hpp
[1.329s] -- Up-to-date: /home/thegodset/fyp/install/vda5050_connector/lib/libvda5050_connector__rosidl_typesupport_introspection_cpp.so
[1.329s] -- Up-to-date: /home/thegodset/fyp/install/vda5050_connector/lib/libvda5050_connector__rosidl_typesupport_cpp.so
[1.329s] -- Up-to-date: /home/thegodset/fyp/install/vda5050_connector/share/vda5050_connector/environment/pythonpath.sh
[1.329s] -- Up-to-date: /home/thegodset/fyp/install/vda5050_connector/share/vda5050_connector/environment/pythonpath.dsv
[1.329s] -- Up-to-date: /home/thegodset/fyp/install/vda5050_connector/local/lib/python3.10/dist-packages/vda5050_connector-1.1.1-py3.10.egg-info
[1.329s] -- Installing: /home/thegodset/fyp/install/vda5050_connector/local/lib/python3.10/dist-packages/vda5050_connector-1.1.1-py3.10.egg-info/dependency_links.txt
[1.329s] -- Installing: /home/thegodset/fyp/install/vda5050_connector/local/lib/python3.10/dist-packages/vda5050_connector-1.1.1-py3.10.egg-info/SOURCES.txt
[1.330s] -- Installing: /home/thegodset/fyp/install/vda5050_connector/local/lib/python3.10/dist-packages/vda5050_connector-1.1.1-py3.10.egg-info/top_level.txt
[1.330s] -- Installing: /home/thegodset/fyp/install/vda5050_connector/local/lib/python3.10/dist-packages/vda5050_connector-1.1.1-py3.10.egg-info/PKG-INFO
[1.330s] -- Up-to-date: /home/thegodset/fyp/install/vda5050_connector/local/lib/python3.10/dist-packages/vda5050_connector
[1.330s] -- Up-to-date: /home/thegodset/fyp/install/vda5050_connector/local/lib/python3.10/dist-packages/vda5050_connector/__init__.py
[1.330s] -- Up-to-date: /home/thegodset/fyp/install/vda5050_connector/local/lib/python3.10/dist-packages/vda5050_connector/libvda5050_connector__rosidl_generator_py.so
[1.330s] -- Up-to-date: /home/thegodset/fyp/install/vda5050_connector/local/lib/python3.10/dist-packages/vda5050_connector/vda5050_connector_s__rosidl_typesupport_introspection_c.cpython-310-x86_64-linux-gnu.so
[1.330s] -- Up-to-date: /home/thegodset/fyp/install/vda5050_connector/local/lib/python3.10/dist-packages/vda5050_connector/vda5050_connector_s__rosidl_typesupport_fastrtps_c.cpython-310-x86_64-linux-gnu.so
[1.330s] -- Up-to-date: /home/thegodset/fyp/install/vda5050_connector/local/lib/python3.10/dist-packages/vda5050_connector/srv
[1.330s] -- Up-to-date: /home/thegodset/fyp/install/vda5050_connector/local/lib/python3.10/dist-packages/vda5050_connector/srv/__init__.py
[1.330s] -- Up-to-date: /home/thegodset/fyp/install/vda5050_connector/local/lib/python3.10/dist-packages/vda5050_connector/srv/_get_state_s.c
[1.330s] -- Up-to-date: /home/thegodset/fyp/install/vda5050_connector/local/lib/python3.10/dist-packages/vda5050_connector/srv/_supported_actions.py
[1.330s] -- Up-to-date: /home/thegodset/fyp/install/vda5050_connector/local/lib/python3.10/dist-packages/vda5050_connector/srv/_supported_actions_s.c
[1.331s] -- Up-to-date: /home/thegodset/fyp/install/vda5050_connector/local/lib/python3.10/dist-packages/vda5050_connector/srv/_get_state.py
[1.331s] -- Up-to-date: /home/thegodset/fyp/install/vda5050_connector/local/lib/python3.10/dist-packages/vda5050_connector/vda5050_connector_s__rosidl_typesupport_c.cpython-310-x86_64-linux-gnu.so
[1.331s] -- Up-to-date: /home/thegodset/fyp/install/vda5050_connector/local/lib/python3.10/dist-packages/vda5050_connector/_vda5050_connector_s.ep.rosidl_typesupport_fastrtps_c.c
[1.331s] -- Up-to-date: /home/thegodset/fyp/install/vda5050_connector/local/lib/python3.10/dist-packages/vda5050_connector/action
[1.331s] -- Up-to-date: /home/thegodset/fyp/install/vda5050_connector/local/lib/python3.10/dist-packages/vda5050_connector/action/_process_vda_action_s.c
[1.331s] -- Up-to-date: /home/thegodset/fyp/install/vda5050_connector/local/lib/python3.10/dist-packages/vda5050_connector/action/__init__.py
[1.331s] -- Up-to-date: /home/thegodset/fyp/install/vda5050_connector/local/lib/python3.10/dist-packages/vda5050_connector/action/_process_vda_action.py
[1.331s] -- Up-to-date: /home/thegodset/fyp/install/vda5050_connector/local/lib/python3.10/dist-packages/vda5050_connector/action/_navigate_to_node_s.c
[1.331s] -- Up-to-date: /home/thegodset/fyp/install/vda5050_connector/local/lib/python3.10/dist-packages/vda5050_connector/action/_navigate_to_node.py
[1.331s] -- Up-to-date: /home/thegodset/fyp/install/vda5050_connector/local/lib/python3.10/dist-packages/vda5050_connector/_vda5050_connector_s.ep.rosidl_typesupport_introspection_c.c
[1.331s] -- Up-to-date: /home/thegodset/fyp/install/vda5050_connector/local/lib/python3.10/dist-packages/vda5050_connector/_vda5050_connector_s.ep.rosidl_typesupport_c.c
[1.375s] Listing '/home/thegodset/fyp/install/vda5050_connector/local/lib/python3.10/dist-packages/vda5050_connector'...
[1.375s] Listing '/home/thegodset/fyp/install/vda5050_connector/local/lib/python3.10/dist-packages/vda5050_connector/action'...
[1.375s] Listing '/home/thegodset/fyp/install/vda5050_connector/local/lib/python3.10/dist-packages/vda5050_connector/srv'...
[1.379s] -- Up-to-date: /home/thegodset/fyp/install/vda5050_connector/local/lib/python3.10/dist-packages/vda5050_connector/vda5050_connector_s__rosidl_typesupport_fastrtps_c.cpython-310-x86_64-linux-gnu.so
[1.380s] -- Up-to-date: /home/thegodset/fyp/install/vda5050_connector/local/lib/python3.10/dist-packages/vda5050_connector/vda5050_connector_s__rosidl_typesupport_introspection_c.cpython-310-x86_64-linux-gnu.so
[1.380s] -- Up-to-date: /home/thegodset/fyp/install/vda5050_connector/local/lib/python3.10/dist-packages/vda5050_connector/vda5050_connector_s__rosidl_typesupport_c.cpython-310-x86_64-linux-gnu.so
[1.380s] -- Up-to-date: /home/thegodset/fyp/install/vda5050_connector/lib/libvda5050_connector__rosidl_generator_py.so
[1.380s] -- Up-to-date: /home/thegodset/fyp/install/vda5050_connector/share/vda5050_connector/action/NavigateToNode.idl
[1.380s] -- Up-to-date: /home/thegodset/fyp/install/vda5050_connector/share/vda5050_connector/action/ProcessVDAAction.idl
[1.380s] -- Up-to-date: /home/thegodset/fyp/install/vda5050_connector/share/vda5050_connector/srv/GetState.idl
[1.381s] -- Up-to-date: /home/thegodset/fyp/install/vda5050_connector/share/vda5050_connector/srv/SupportedActions.idl
[1.381s] -- Up-to-date: /home/thegodset/fyp/install/vda5050_connector/share/vda5050_connector/action/NavigateToNode.action
[1.381s] -- Up-to-date: /home/thegodset/fyp/install/vda5050_connector/share/vda5050_connector/action/ProcessVDAAction.action
[1.381s] -- Up-to-date: /home/thegodset/fyp/install/vda5050_connector/share/vda5050_connector/srv/GetState.srv
[1.381s] -- Up-to-date: /home/thegodset/fyp/install/vda5050_connector/share/vda5050_connector/srv/GetState_Request.msg
[1.381s] -- Up-to-date: /home/thegodset/fyp/install/vda5050_connector/share/vda5050_connector/srv/GetState_Response.msg
[1.381s] -- Up-to-date: /home/thegodset/fyp/install/vda5050_connector/share/vda5050_connector/srv/SupportedActions.srv
[1.381s] -- Up-to-date: /home/thegodset/fyp/install/vda5050_connector/share/vda5050_connector/srv/SupportedActions_Request.msg
[1.381s] -- Up-to-date: /home/thegodset/fyp/install/vda5050_connector/share/vda5050_connector/srv/SupportedActions_Response.msg
[1.382s] -- Up-to-date: /home/thegodset/fyp/install/vda5050_connector/include
[1.382s] -- Up-to-date: /home/thegodset/fyp/install/vda5050_connector/include/vda5050_connector
[1.382s] -- Up-to-date: /home/thegodset/fyp/install/vda5050_connector/include/vda5050_connector/visibility_control.h
[1.382s] -- Up-to-date: /home/thegodset/fyp/install/vda5050_connector/include/vda5050_connector/vda_action.hpp
[1.382s] -- Up-to-date: /home/thegodset/fyp/install/vda5050_connector/include/vda5050_connector/adapter.hpp
[1.382s] -- Up-to-date: /home/thegodset/fyp/install/vda5050_connector/include/vda5050_connector/handler.hpp
[1.382s] -- Up-to-date: /home/thegodset/fyp/install/vda5050_connector/include/vda5050_connector/state_handler.hpp
[1.382s] -- Up-to-date: /home/thegodset/fyp/install/vda5050_connector/include/vda5050_connector/nav_to_node.hpp
[1.382s] -- Up-to-date: /home/thegodset/fyp/install/vda5050_connector/include/vda5050_connector/utils.hpp
[1.382s] -- Up-to-date: /home/thegodset/fyp/install/vda5050_connector/lib/libadapter.so
[1.382s] -- Up-to-date: /home/thegodset/fyp/install/vda5050_connector/local/lib/python3.10/dist-packages/vda5050_connector_py-1.1.1-py3.10.egg-info
[1.382s] -- Installing: /home/thegodset/fyp/install/vda5050_connector/local/lib/python3.10/dist-packages/vda5050_connector_py-1.1.1-py3.10.egg-info/dependency_links.txt
[1.382s] -- Installing: /home/thegodset/fyp/install/vda5050_connector/local/lib/python3.10/dist-packages/vda5050_connector_py-1.1.1-py3.10.egg-info/SOURCES.txt
[1.382s] -- Installing: /home/thegodset/fyp/install/vda5050_connector/local/lib/python3.10/dist-packages/vda5050_connector_py-1.1.1-py3.10.egg-info/top_level.txt
[1.382s] -- Installing: /home/thegodset/fyp/install/vda5050_connector/local/lib/python3.10/dist-packages/vda5050_connector_py-1.1.1-py3.10.egg-info/PKG-INFO
[1.382s] -- Up-to-date: /home/thegodset/fyp/install/vda5050_connector/local/lib/python3.10/dist-packages/vda5050_connector_py
[1.382s] -- Up-to-date: /home/thegodset/fyp/install/vda5050_connector/local/lib/python3.10/dist-packages/vda5050_connector_py/vda5050_controller.py
[1.382s] -- Up-to-date: /home/thegodset/fyp/install/vda5050_connector/local/lib/python3.10/dist-packages/vda5050_connector_py/__init__.py
[1.382s] -- Installing: /home/thegodset/fyp/install/vda5050_connector/local/lib/python3.10/dist-packages/vda5050_connector_py/mqtt_bridge.py
[1.382s] -- Up-to-date: /home/thegodset/fyp/install/vda5050_connector/local/lib/python3.10/dist-packages/vda5050_connector_py/utils.py
[1.382s] -- Up-to-date: /home/thegodset/fyp/install/vda5050_connector/local/lib/python3.10/dist-packages/vda5050_connector_py/rewritten_yaml.py
[1.435s] Listing '/home/thegodset/fyp/install/vda5050_connector/local/lib/python3.10/dist-packages/vda5050_connector_py'...
[1.435s] Compiling '/home/thegodset/fyp/install/vda5050_connector/local/lib/python3.10/dist-packages/vda5050_connector_py/mqtt_bridge.py'...
[1.441s] -- Up-to-date: /home/thegodset/fyp/install/vda5050_connector/lib/vda5050_connector/mqtt_bridge.py
[1.441s] -- Up-to-date: /home/thegodset/fyp/install/vda5050_connector/lib/vda5050_connector/vda5050_controller.py
[1.441s] -- Up-to-date: /home/thegodset/fyp/install/vda5050_connector/share/vda5050_connector//config
[1.441s] -- Up-to-date: /home/thegodset/fyp/install/vda5050_connector/share/vda5050_connector//config/connector_example.yaml
[1.441s] -- Up-to-date: /home/thegodset/fyp/install/vda5050_connector/share/vda5050_connector//launch
[1.441s] -- Up-to-date: /home/thegodset/fyp/install/vda5050_connector/share/vda5050_connector//launch/mqtt_bridge.launch.py
[1.441s] -- Up-to-date: /home/thegodset/fyp/install/vda5050_connector/share/vda5050_connector//launch/controller.launch.py
[1.442s] -- Up-to-date: /home/thegodset/fyp/install/vda5050_connector/share/vda5050_connector/test/adapter/plugins_test.xml
[1.442s] -- Up-to-date: /home/thegodset/fyp/install/vda5050_connector/share/ament_index/resource_index/package_run_dependencies/vda5050_connector
[1.443s] -- Up-to-date: /home/thegodset/fyp/install/vda5050_connector/share/ament_index/resource_index/parent_prefix_path/vda5050_connector
[1.443s] -- Up-to-date: /home/thegodset/fyp/install/vda5050_connector/share/vda5050_connector/environment/ament_prefix_path.sh
[1.443s] -- Up-to-date: /home/thegodset/fyp/install/vda5050_connector/share/vda5050_connector/environment/ament_prefix_path.dsv
[1.443s] -- Up-to-date: /home/thegodset/fyp/install/vda5050_connector/share/vda5050_connector/environment/path.sh
[1.444s] -- Up-to-date: /home/thegodset/fyp/install/vda5050_connector/share/vda5050_connector/environment/path.dsv
[1.444s] -- Up-to-date: /home/thegodset/fyp/install/vda5050_connector/share/vda5050_connector/local_setup.bash
[1.444s] -- Up-to-date: /home/thegodset/fyp/install/vda5050_connector/share/vda5050_connector/local_setup.sh
[1.444s] -- Up-to-date: /home/thegodset/fyp/install/vda5050_connector/share/vda5050_connector/local_setup.zsh
[1.444s] -- Up-to-date: /home/thegodset/fyp/install/vda5050_connector/share/vda5050_connector/local_setup.dsv
[1.444s] -- Installing: /home/thegodset/fyp/install/vda5050_connector/share/vda5050_connector/package.dsv
[1.444s] -- Up-to-date: /home/thegodset/fyp/install/vda5050_connector/share/ament_index/resource_index/packages/vda5050_connector
[1.444s] -- Up-to-date: /home/thegodset/fyp/install/vda5050_connector/share/ament_index/resource_index/vda5050_connector__pluginlib__plugin/vda5050_connector
[1.444s] -- Up-to-date: /home/thegodset/fyp/install/vda5050_connector/share/vda5050_connector/cmake/export_vda5050_connector__rosidl_generator_cExport.cmake
[1.444s] -- Up-to-date: /home/thegodset/fyp/install/vda5050_connector/share/vda5050_connector/cmake/export_vda5050_connector__rosidl_generator_cExport-noconfig.cmake
[1.444s] -- Up-to-date: /home/thegodset/fyp/install/vda5050_connector/share/vda5050_connector/cmake/export_vda5050_connector__rosidl_typesupport_fastrtps_cExport.cmake
[1.444s] -- Up-to-date: /home/thegodset/fyp/install/vda5050_connector/share/vda5050_connector/cmake/export_vda5050_connector__rosidl_typesupport_fastrtps_cExport-noconfig.cmake
[1.444s] -- Up-to-date: /home/thegodset/fyp/install/vda5050_connector/share/vda5050_connector/cmake/export_vda5050_connector__rosidl_generator_cppExport.cmake
[1.444s] -- Up-to-date: /home/thegodset/fyp/install/vda5050_connector/share/vda5050_connector/cmake/export_vda5050_connector__rosidl_typesupport_fastrtps_cppExport.cmake
[1.444s] -- Up-to-date: /home/thegodset/fyp/install/vda5050_connector/share/vda5050_connector/cmake/export_vda5050_connector__rosidl_typesupport_fastrtps_cppExport-noconfig.cmake
[1.444s] -- Up-to-date: /home/thegodset/fyp/install/vda5050_connector/share/vda5050_connector/cmake/vda5050_connector__rosidl_typesupport_introspection_cExport.cmake
[1.444s] -- Up-to-date: /home/thegodset/fyp/install/vda5050_connector/share/vda5050_connector/cmake/vda5050_connector__rosidl_typesupport_introspection_cExport-noconfig.cmake
[1.444s] -- Up-to-date: /home/thegodset/fyp/install/vda5050_connector/share/vda5050_connector/cmake/vda5050_connector__rosidl_typesupport_cExport.cmake
[1.444s] -- Up-to-date: /home/thegodset/fyp/install/vda5050_connector/share/vda5050_connector/cmake/vda5050_connector__rosidl_typesupport_cExport-noconfig.cmake
[1.445s] -- Up-to-date: /home/thegodset/fyp/install/vda5050_connector/share/vda5050_connector/cmake/vda5050_connector__rosidl_typesupport_introspection_cppExport.cmake
[1.445s] -- Up-to-date: /home/thegodset/fyp/install/vda5050_connector/share/vda5050_connector/cmake/vda5050_connector__rosidl_typesupport_introspection_cppExport-noconfig.cmake
[1.445s] -- Up-to-date: /home/thegodset/fyp/install/vda5050_connector/share/vda5050_connector/cmake/vda5050_connector__rosidl_typesupport_cppExport.cmake
[1.445s] -- Up-to-date: /home/thegodset/fyp/install/vda5050_connector/share/vda5050_connector/cmake/vda5050_connector__rosidl_typesupport_cppExport-noconfig.cmake
[1.445s] -- Up-to-date: /home/thegodset/fyp/install/vda5050_connector/share/vda5050_connector/cmake/export_vda5050_connector__rosidl_generator_pyExport.cmake
[1.445s] -- Up-to-date: /home/thegodset/fyp/install/vda5050_connector/share/vda5050_connector/cmake/export_vda5050_connector__rosidl_generator_pyExport-noconfig.cmake
[1.445s] -- Up-to-date: /home/thegodset/fyp/install/vda5050_connector/share/vda5050_connector/cmake/export_vda5050_connectorExport.cmake
[1.445s] -- Up-to-date: /home/thegodset/fyp/install/vda5050_connector/share/vda5050_connector/cmake/export_vda5050_connectorExport-noconfig.cmake
[1.445s] -- Up-to-date: /home/thegodset/fyp/install/vda5050_connector/share/vda5050_connector/cmake/rosidl_cmake-extras.cmake
[1.445s] -- Up-to-date: /home/thegodset/fyp/install/vda5050_connector/share/vda5050_connector/cmake/ament_cmake_export_dependencies-extras.cmake
[1.445s] -- Up-to-date: /home/thegodset/fyp/install/vda5050_connector/share/vda5050_connector/cmake/ament_cmake_export_include_directories-extras.cmake
[1.446s] -- Up-to-date: /home/thegodset/fyp/install/vda5050_connector/share/vda5050_connector/cmake/ament_cmake_export_libraries-extras.cmake
[1.446s] -- Up-to-date: /home/thegodset/fyp/install/vda5050_connector/share/vda5050_connector/cmake/ament_cmake_export_targets-extras.cmake
[1.446s] -- Up-to-date: /home/thegodset/fyp/install/vda5050_connector/share/vda5050_connector/cmake/rosidl_cmake_export_typesupport_targets-extras.cmake
[1.446s] -- Up-to-date: /home/thegodset/fyp/install/vda5050_connector/share/vda5050_connector/cmake/rosidl_cmake_export_typesupport_libraries-extras.cmake
[1.446s] -- Up-to-date: /home/thegodset/fyp/install/vda5050_connector/share/vda5050_connector/cmake/vda5050_connectorConfig.cmake
[1.446s] -- Up-to-date: /home/thegodset/fyp/install/vda5050_connector/share/vda5050_connector/cmake/vda5050_connectorConfig-version.cmake
[1.446s] -- Up-to-date: /home/thegodset/fyp/install/vda5050_connector/share/vda5050_connector/package.xml
[1.446s] -- Up-to-date: /home/thegodset/fyp/install/vda5050_connector/lib/libtest_plugins.so
[1.448s] Invoked command in '/home/thegodset/fyp/build/vda5050_connector' returned '0': CMAKE_PREFIX_PATH=/home/thegodset/fyp/install/vda5050_msgs:/home/thegodset/fyp/install/vda5050_connector:/home/thegodset/fyp/install/turtlebot3_simulations:/home/thegodset/fyp/install/turtlebot3_gazebo:/home/thegodset/fyp/install/turtlebot3_fake_node:/home/thegodset/install/turtlesim:/home/thegodset/install/turtlebot3_navigation2:/home/thegodset/install/turtlebot3_environment_navigation:/home/thegodset/install/turtlebot3_description:/home/thegodset/install/turtlebot3_cartographer:/home/thegodset/install/examples_rclcpp_wait_set:/home/thegodset/install/examples_rclcpp_multithreaded_executor:/home/thegodset/install/examples_rclcpp_minimal_timer:/home/thegodset/install/examples_rclcpp_minimal_subscriber:/home/thegodset/install/examples_rclcpp_minimal_service:/home/thegodset/install/examples_rclcpp_minimal_publisher:/home/thegodset/install/examples_rclcpp_minimal_composition:/home/thegodset/install/examples_rclcpp_minimal_client:/home/thegodset/install/examples_rclcpp_minimal_action_server:/home/thegodset/install/examples_rclcpp_minimal_action_client:/home/thegodset/install/examples_rclcpp_cbg_executor:/home/thegodset/install/examples_rclcpp_async_client:/home/thegodset/install/dynamixel_sdk:/home/thegodset/ros2_assignment/install/ros2_gazebo:/home/thegodset/turtlebot3_ws/install/turtlebot3_simulations:/home/thegodset/turtlebot3_ws/install/turtlebot3_gazebo:/home/thegodset/turtlebot3_ws/install/turtlebot3_fake_node:/home/thegodset/fyp/install/vda5050_adapter:/home/thegodset/install/turtlebot3_teleop:/home/thegodset/install/turtlebot3_example:/home/thegodset/install/launch_testing_examples:/home/thegodset/install/examples_rclpy_pointcloud_publisher:/home/thegodset/install/examples_rclpy_minimal_subscriber:/home/thegodset/install/examples_rclpy_minimal_service:/home/thegodset/install/examples_rclpy_minimal_publisher:/home/thegodset/install/examples_rclpy_minimal_client:/home/thegodset/install/examples_rclpy_minimal_action_server:/home/thegodset/install/examples_rclpy_minimal_action_client:/home/thegodset/install/examples_rclpy_guard_conditions:/home/thegodset/install/examples_rclpy_executors:/home/thegodset/ros2_assignment/install/ros2_map:/home/thegodset/ros2_assignment/install/ros2_assignment:/home/thegodset/dev_ws/install/warehouse_robot_spawner_pkg:/home/thegodset/dev_ws/install/warehouse_robot_controller_pkg:/opt/ros/humble LD_LIBRARY_PATH=/home/thegodset/fyp/install/vda5050_msgs/lib:/home/thegodset/fyp/install/vda5050_connector/lib:/home/thegodset/install/turtlesim/lib:/home/thegodset/install/examples_rclcpp_wait_set/lib:/home/thegodset/install/examples_rclcpp_minimal_subscriber/lib:/home/thegodset/install/examples_rclcpp_minimal_composition/lib:/home/thegodset/install/dynamixel_sdk/lib:/usr/lib/x86_64-linux-gnu/gazebo-11/plugins:/opt/ros/humble/opt/rviz_ogre_vendor/lib:/opt/ros/humble/lib/x86_64-linux-gnu:/opt/ros/humble/lib /usr/bin/cmake --install /home/thegodset/fyp/build/vda5050_connector
