[0.905s] Invoking command in '/home/thegodset/fyp/src/vda5050_adapter': PYTHONPATH=/home/thegodset/fyp/build/vda5050_adapter/prefix_override:/usr/lib/python3/dist-packages/colcon_core/task/python/colcon_distutils_commands:/home/thegodset/fyp/install/vda5050_adapter/lib/python3.10/site-packages:${PYTHONPATH} /usr/bin/python3 -W ignore:setup.py install is deprecated -W ignore:easy_install command is deprecated setup.py egg_info --egg-base ../../build/vda5050_adapter build --build-base /home/thegodset/fyp/build/vda5050_adapter/build install --record /home/thegodset/fyp/build/vda5050_adapter/install.log --single-version-externally-managed install_data
[1.186s] running egg_info
[1.187s] writing ../../build/vda5050_adapter/vda5050_adapter.egg-info/PKG-INFO
[1.187s] writing dependency_links to ../../build/vda5050_adapter/vda5050_adapter.egg-info/dependency_links.txt
[1.187s] writing entry points to ../../build/vda5050_adapter/vda5050_adapter.egg-info/entry_points.txt
[1.187s] writing requirements to ../../build/vda5050_adapter/vda5050_adapter.egg-info/requires.txt
[1.187s] writing top-level names to ../../build/vda5050_adapter/vda5050_adapter.egg-info/top_level.txt
[1.189s] reading manifest file '../../build/vda5050_adapter/vda5050_adapter.egg-info/SOURCES.txt'
[1.189s] adding license file 'LICENSE'
[1.190s] writing manifest file '../../build/vda5050_adapter/vda5050_adapter.egg-info/SOURCES.txt'
[1.190s] running build
[1.190s] running build_py
[1.191s] copying vda5050_adapter/odom_position.py -> /home/thegodset/fyp/build/vda5050_adapter/build/lib/vda5050_adapter
[1.191s] running install
[1.191s] running install_lib
[1.192s] copying /home/thegodset/fyp/build/vda5050_adapter/build/lib/vda5050_adapter/odom_position.py -> /home/thegodset/fyp/install/vda5050_adapter/lib/python3.10/site-packages/vda5050_adapter
[1.193s] byte-compiling /home/thegodset/fyp/install/vda5050_adapter/lib/python3.10/site-packages/vda5050_adapter/odom_position.py to odom_position.cpython-310.pyc
[1.195s] running install_data
[1.195s] running install_egg_info
[1.197s] removing '/home/thegodset/fyp/install/vda5050_adapter/lib/python3.10/site-packages/vda5050_adapter-0.0.0-py3.10.egg-info' (and everything under it)
[1.197s] Copying ../../build/vda5050_adapter/vda5050_adapter.egg-info to /home/thegodset/fyp/install/vda5050_adapter/lib/python3.10/site-packages/vda5050_adapter-0.0.0-py3.10.egg-info
[1.198s] running install_scripts
[1.222s] Installing adapter script to /home/thegodset/fyp/install/vda5050_adapter/lib/vda5050_adapter
[1.222s] Installing odometry script to /home/thegodset/fyp/install/vda5050_adapter/lib/vda5050_adapter
[1.222s] writing list of installed files to '/home/thegodset/fyp/build/vda5050_adapter/install.log'
[1.261s] Invoked command in '/home/thegodset/fyp/src/vda5050_adapter' returned '0': PYTHONPATH=/home/thegodset/fyp/build/vda5050_adapter/prefix_override:/usr/lib/python3/dist-packages/colcon_core/task/python/colcon_distutils_commands:/home/thegodset/fyp/install/vda5050_adapter/lib/python3.10/site-packages:${PYTHONPATH} /usr/bin/python3 -W ignore:setup.py install is deprecated -W ignore:easy_install command is deprecated setup.py egg_info --egg-base ../../build/vda5050_adapter build --build-base /home/thegodset/fyp/build/vda5050_adapter/build install --record /home/thegodset/fyp/build/vda5050_adapter/install.log --single-version-externally-managed install_data
