[0.908s] Invoking command in '/home/thegodset/fyp/src/vda5050_adapter': PYTHONPATH=/home/thegodset/fyp/build/vda5050_adapter/prefix_override:/usr/lib/python3/dist-packages/colcon_core/task/python/colcon_distutils_commands:/home/thegodset/fyp/install/vda5050_adapter/lib/python3.10/site-packages:${PYTHONPATH} /usr/bin/python3 -W ignore:setup.py install is deprecated -W ignore:easy_install command is deprecated setup.py egg_info --egg-base ../../build/vda5050_adapter build --build-base /home/thegodset/fyp/build/vda5050_adapter/build install --record /home/thegodset/fyp/build/vda5050_adapter/install.log --single-version-externally-managed install_data
[1.152s] running egg_info
[1.152s] writing ../../build/vda5050_adapter/vda5050_adapter.egg-info/PKG-INFO
[1.153s] writing dependency_links to ../../build/vda5050_adapter/vda5050_adapter.egg-info/dependency_links.txt
[1.153s] writing entry points to ../../build/vda5050_adapter/vda5050_adapter.egg-info/entry_points.txt
[1.153s] writing requirements to ../../build/vda5050_adapter/vda5050_adapter.egg-info/requires.txt
[1.153s] writing top-level names to ../../build/vda5050_adapter/vda5050_adapter.egg-info/top_level.txt
[1.155s] reading manifest file '../../build/vda5050_adapter/vda5050_adapter.egg-info/SOURCES.txt'
[1.155s] adding license file 'LICENSE'
[1.156s] writing manifest file '../../build/vda5050_adapter/vda5050_adapter.egg-info/SOURCES.txt'
[1.156s] running build
[1.156s] running build_py
[1.156s] copying vda5050_adapter/odom_position.py -> /home/thegodset/fyp/build/vda5050_adapter/build/lib/vda5050_adapter
[1.158s] copying vda5050_adapter/adapter.py -> /home/thegodset/fyp/build/vda5050_adapter/build/lib/vda5050_adapter
[1.158s] running install
[1.158s] running install_lib
[1.159s] copying /home/thegodset/fyp/build/vda5050_adapter/build/lib/vda5050_adapter/odom_position.py -> /home/thegodset/fyp/install/vda5050_adapter/lib/python3.10/site-packages/vda5050_adapter
[1.159s] copying /home/thegodset/fyp/build/vda5050_adapter/build/lib/vda5050_adapter/adapter.py -> /home/thegodset/fyp/install/vda5050_adapter/lib/python3.10/site-packages/vda5050_adapter
[1.160s] byte-compiling /home/thegodset/fyp/install/vda5050_adapter/lib/python3.10/site-packages/vda5050_adapter/odom_position.py to odom_position.cpython-310.pyc
[1.161s] byte-compiling /home/thegodset/fyp/install/vda5050_adapter/lib/python3.10/site-packages/vda5050_adapter/adapter.py to adapter.cpython-310.pyc
[1.162s] running install_data
[1.162s] copying launch/connector.launch.py -> /home/thegodset/fyp/install/vda5050_adapter/share/vda5050_adapter/launch
[1.163s] copying launch/adapter.launch.py -> /home/thegodset/fyp/install/vda5050_adapter/share/vda5050_adapter/launch
[1.163s] running install_egg_info
[1.165s] removing '/home/thegodset/fyp/install/vda5050_adapter/lib/python3.10/site-packages/vda5050_adapter-0.0.0-py3.10.egg-info' (and everything under it)
[1.165s] Copying ../../build/vda5050_adapter/vda5050_adapter.egg-info to /home/thegodset/fyp/install/vda5050_adapter/lib/python3.10/site-packages/vda5050_adapter-0.0.0-py3.10.egg-info
[1.167s] running install_scripts
[1.182s] Installing adapter script to /home/thegodset/fyp/install/vda5050_adapter/lib/vda5050_adapter
[1.183s] Installing odometry script to /home/thegodset/fyp/install/vda5050_adapter/lib/vda5050_adapter
[1.183s] writing list of installed files to '/home/thegodset/fyp/build/vda5050_adapter/install.log'
[1.202s] Invoked command in '/home/thegodset/fyp/src/vda5050_adapter' returned '0': PYTHONPATH=/home/thegodset/fyp/build/vda5050_adapter/prefix_override:/usr/lib/python3/dist-packages/colcon_core/task/python/colcon_distutils_commands:/home/thegodset/fyp/install/vda5050_adapter/lib/python3.10/site-packages:${PYTHONPATH} /usr/bin/python3 -W ignore:setup.py install is deprecated -W ignore:easy_install command is deprecated setup.py egg_info --egg-base ../../build/vda5050_adapter build --build-base /home/thegodset/fyp/build/vda5050_adapter/build install --record /home/thegodset/fyp/build/vda5050_adapter/install.log --single-version-externally-managed install_data
