[0.012s] Invoking command in '/home/thegodset/fyp/build/turtlebot3_simulations': AMENT_PREFIX_PATH=/home/thegodset/fyp/install/turtlebot3_gazebo:/home/thegodset/fyp/install/turtlebot3_fake_node:${AMENT_PREFIX_PATH} CMAKE_PREFIX_PATH=/home/thegodset/fyp/install/turtlebot3_gazebo:/home/thegodset/fyp/install/turtlebot3_fake_node:/opt/ros/humble /usr/bin/cmake --build /home/thegodset/fyp/build/turtlebot3_simulations -- -j16 -l16
[0.039s] Invoked command in '/home/thegodset/fyp/build/turtlebot3_simulations' returned '0': AMENT_PREFIX_PATH=/home/thegodset/fyp/install/turtlebot3_gazebo:/home/thegodset/fyp/install/turtlebot3_fake_node:${AMENT_PREFIX_PATH} CMAKE_PREFIX_PATH=/home/thegodset/fyp/install/turtlebot3_gazebo:/home/thegodset/fyp/install/turtlebot3_fake_node:/opt/ros/humble /usr/bin/cmake --build /home/thegodset/fyp/build/turtlebot3_simulations -- -j16 -l16
[0.040s] Invoking command in '/home/thegodset/fyp/build/turtlebot3_simulations': AMENT_PREFIX_PATH=/home/thegodset/fyp/install/turtlebot3_gazebo:/home/thegodset/fyp/install/turtlebot3_fake_node:${AMENT_PREFIX_PATH} CMAKE_PREFIX_PATH=/home/thegodset/fyp/install/turtlebot3_gazebo:/home/thegodset/fyp/install/turtlebot3_fake_node:/opt/ros/humble /usr/bin/cmake --install /home/thegodset/fyp/build/turtlebot3_simulations
[0.044s] -- Install configuration: ""
[0.044s] -- Up-to-date: /home/thegodset/fyp/install/turtlebot3_simulations/share/ament_index/resource_index/package_run_dependencies/turtlebot3_simulations
[0.044s] -- Up-to-date: /home/thegodset/fyp/install/turtlebot3_simulations/share/ament_index/resource_index/parent_prefix_path/turtlebot3_simulations
[0.045s] -- Up-to-date: /home/thegodset/fyp/install/turtlebot3_simulations/share/turtlebot3_simulations/environment/ament_prefix_path.sh
[0.045s] -- Up-to-date: /home/thegodset/fyp/install/turtlebot3_simulations/share/turtlebot3_simulations/environment/ament_prefix_path.dsv
[0.045s] -- Up-to-date: /home/thegodset/fyp/install/turtlebot3_simulations/share/turtlebot3_simulations/environment/path.sh
[0.045s] -- Up-to-date: /home/thegodset/fyp/install/turtlebot3_simulations/share/turtlebot3_simulations/environment/path.dsv
[0.045s] -- Up-to-date: /home/thegodset/fyp/install/turtlebot3_simulations/share/turtlebot3_simulations/local_setup.bash
[0.045s] -- Up-to-date: /home/thegodset/fyp/install/turtlebot3_simulations/share/turtlebot3_simulations/local_setup.sh
[0.045s] -- Up-to-date: /home/thegodset/fyp/install/turtlebot3_simulations/share/turtlebot3_simulations/local_setup.zsh
[0.046s] -- Up-to-date: /home/thegodset/fyp/install/turtlebot3_simulations/share/turtlebot3_simulations/local_setup.dsv
[0.046s] -- Up-to-date: /home/thegodset/fyp/install/turtlebot3_simulations/share/turtlebot3_simulations/package.dsv
[0.046s] -- Up-to-date: /home/thegodset/fyp/install/turtlebot3_simulations/share/ament_index/resource_index/packages/turtlebot3_simulations
[0.047s] -- Up-to-date: /home/thegodset/fyp/install/turtlebot3_simulations/share/turtlebot3_simulations/cmake/turtlebot3_simulationsConfig.cmake
[0.047s] -- Up-to-date: /home/thegodset/fyp/install/turtlebot3_simulations/share/turtlebot3_simulations/cmake/turtlebot3_simulationsConfig-version.cmake
[0.047s] -- Up-to-date: /home/thegodset/fyp/install/turtlebot3_simulations/share/turtlebot3_simulations/package.xml
[0.048s] Invoked command in '/home/thegodset/fyp/build/turtlebot3_simulations' returned '0': AMENT_PREFIX_PATH=/home/thegodset/fyp/install/turtlebot3_gazebo:/home/thegodset/fyp/install/turtlebot3_fake_node:${AMENT_PREFIX_PATH} CMAKE_PREFIX_PATH=/home/thegodset/fyp/install/turtlebot3_gazebo:/home/thegodset/fyp/install/turtlebot3_fake_node:/opt/ros/humble /usr/bin/cmake --install /home/thegodset/fyp/build/turtlebot3_simulations
