[0.626s] Invoking command in '/home/thegodset/fyp/src/vda5050_adapter': PYTHONPATH=/home/thegodset/fyp/build/vda5050_adapter/prefix_override:/usr/lib/python3/dist-packages/colcon_core/task/python/colcon_distutils_commands:/home/thegodset/fyp/install/vda5050_adapter/lib/python3.10/site-packages:${PYTHONPATH} /usr/bin/python3 -W ignore:setup.py install is deprecated -W ignore:easy_install command is deprecated setup.py egg_info --egg-base ../../build/vda5050_adapter build --build-base /home/thegodset/fyp/build/vda5050_adapter/build install --record /home/thegodset/fyp/build/vda5050_adapter/install.log --single-version-externally-managed install_data
[0.871s] running egg_info
[0.872s] writing ../../build/vda5050_adapter/vda5050_adapter.egg-info/PKG-INFO
[0.873s] writing dependency_links to ../../build/vda5050_adapter/vda5050_adapter.egg-info/dependency_links.txt
[0.873s] writing entry points to ../../build/vda5050_adapter/vda5050_adapter.egg-info/entry_points.txt
[0.873s] writing requirements to ../../build/vda5050_adapter/vda5050_adapter.egg-info/requires.txt
[0.873s] writing top-level names to ../../build/vda5050_adapter/vda5050_adapter.egg-info/top_level.txt
[0.876s] reading manifest file '../../build/vda5050_adapter/vda5050_adapter.egg-info/SOURCES.txt'
[0.876s] adding license file 'LICENSE'
[0.877s] writing manifest file '../../build/vda5050_adapter/vda5050_adapter.egg-info/SOURCES.txt'
[0.877s] running build
[0.877s] running build_py
[0.878s] copying vda5050_adapter/odom_position.py -> /home/thegodset/fyp/build/vda5050_adapter/build/lib/vda5050_adapter
[0.878s] running install
[0.878s] running install_lib
[0.879s] copying /home/thegodset/fyp/build/vda5050_adapter/build/lib/vda5050_adapter/odom_position.py -> /home/thegodset/fyp/install/vda5050_adapter/lib/python3.10/site-packages/vda5050_adapter
[0.880s] byte-compiling /home/thegodset/fyp/install/vda5050_adapter/lib/python3.10/site-packages/vda5050_adapter/odom_position.py to odom_position.cpython-310.pyc
[0.881s] running install_data
[0.882s] running install_egg_info
[0.885s] removing '/home/thegodset/fyp/install/vda5050_adapter/lib/python3.10/site-packages/vda5050_adapter-0.0.0-py3.10.egg-info' (and everything under it)
[0.886s] Copying ../../build/vda5050_adapter/vda5050_adapter.egg-info to /home/thegodset/fyp/install/vda5050_adapter/lib/python3.10/site-packages/vda5050_adapter-0.0.0-py3.10.egg-info
[0.887s] running install_scripts
[0.910s] Installing adapter script to /home/thegodset/fyp/install/vda5050_adapter/lib/vda5050_adapter
[0.910s] Installing odometry script to /home/thegodset/fyp/install/vda5050_adapter/lib/vda5050_adapter
[0.911s] writing list of installed files to '/home/thegodset/fyp/build/vda5050_adapter/install.log'
[0.938s] Invoked command in '/home/thegodset/fyp/src/vda5050_adapter' returned '0': PYTHONPATH=/home/thegodset/fyp/build/vda5050_adapter/prefix_override:/usr/lib/python3/dist-packages/colcon_core/task/python/colcon_distutils_commands:/home/thegodset/fyp/install/vda5050_adapter/lib/python3.10/site-packages:${PYTHONPATH} /usr/bin/python3 -W ignore:setup.py install is deprecated -W ignore:easy_install command is deprecated setup.py egg_info --egg-base ../../build/vda5050_adapter build --build-base /home/thegodset/fyp/build/vda5050_adapter/build install --record /home/thegodset/fyp/build/vda5050_adapter/install.log --single-version-externally-managed install_data
