[0.016s] Invoking command in '/home/thegodset/fyp/build/turtlebot3_simulations': AMENT_PREFIX_PATH=/home/thegodset/fyp/install/turtlebot3_gazebo:/home/thegodset/fyp/install/turtlebot3_fake_node:${AMENT_PREFIX_PATH} CMAKE_PREFIX_PATH=/home/thegodset/fyp/install/turtlebot3_gazebo:/home/thegodset/fyp/install/turtlebot3_fake_node:/opt/ros/humble /usr/bin/cmake /home/thegodset/fyp/src/turtlebot3_simulations/turtlebot3_simulations -DCMAKE_INSTALL_PREFIX=/home/thegodset/fyp/install/turtlebot3_simulations
[0.091s] -- The C compiler identification is GNU 11.4.0
[0.139s] -- The CXX compiler identification is GNU 11.4.0
[0.153s] -- Detecting C compiler ABI info
[0.233s] -- Detecting C compiler ABI info - done
[0.240s] -- Check for working C compiler: /usr/bin/cc - skipped
[0.241s] -- Detecting C compile features
[0.242s] -- Detecting C compile features - done
[0.245s] -- Detecting CXX compiler ABI info
[0.303s] -- Detecting CXX compiler ABI info - done
[0.307s] -- Check for working CXX compiler: /usr/bin/c++ - skipped
[0.307s] -- Detecting CXX compile features
[0.308s] -- Detecting CXX compile features - done
[0.318s] -- Found ament_cmake: 1.3.10 (/opt/ros/humble/share/ament_cmake/cmake)
[0.471s] -- Found Python3: /usr/bin/python3 (found version "3.10.12") found components: Interpreter 
[1.152s] -- Configuring done
[1.164s] -- Generating done
[1.170s] -- Build files have been written to: /home/thegodset/fyp/build/turtlebot3_simulations
[1.178s] Invoked command in '/home/thegodset/fyp/build/turtlebot3_simulations' returned '0': AMENT_PREFIX_PATH=/home/thegodset/fyp/install/turtlebot3_gazebo:/home/thegodset/fyp/install/turtlebot3_fake_node:${AMENT_PREFIX_PATH} CMAKE_PREFIX_PATH=/home/thegodset/fyp/install/turtlebot3_gazebo:/home/thegodset/fyp/install/turtlebot3_fake_node:/opt/ros/humble /usr/bin/cmake /home/thegodset/fyp/src/turtlebot3_simulations/turtlebot3_simulations -DCMAKE_INSTALL_PREFIX=/home/thegodset/fyp/install/turtlebot3_simulations
[1.179s] Invoking command in '/home/thegodset/fyp/build/turtlebot3_simulations': AMENT_PREFIX_PATH=/home/thegodset/fyp/install/turtlebot3_gazebo:/home/thegodset/fyp/install/turtlebot3_fake_node:${AMENT_PREFIX_PATH} CMAKE_PREFIX_PATH=/home/thegodset/fyp/install/turtlebot3_gazebo:/home/thegodset/fyp/install/turtlebot3_fake_node:/opt/ros/humble /usr/bin/cmake --build /home/thegodset/fyp/build/turtlebot3_simulations -- -j16 -l16
[1.206s] Invoked command in '/home/thegodset/fyp/build/turtlebot3_simulations' returned '0': AMENT_PREFIX_PATH=/home/thegodset/fyp/install/turtlebot3_gazebo:/home/thegodset/fyp/install/turtlebot3_fake_node:${AMENT_PREFIX_PATH} CMAKE_PREFIX_PATH=/home/thegodset/fyp/install/turtlebot3_gazebo:/home/thegodset/fyp/install/turtlebot3_fake_node:/opt/ros/humble /usr/bin/cmake --build /home/thegodset/fyp/build/turtlebot3_simulations -- -j16 -l16
[1.209s] Invoking command in '/home/thegodset/fyp/build/turtlebot3_simulations': AMENT_PREFIX_PATH=/home/thegodset/fyp/install/turtlebot3_gazebo:/home/thegodset/fyp/install/turtlebot3_fake_node:${AMENT_PREFIX_PATH} CMAKE_PREFIX_PATH=/home/thegodset/fyp/install/turtlebot3_gazebo:/home/thegodset/fyp/install/turtlebot3_fake_node:/opt/ros/humble /usr/bin/cmake --install /home/thegodset/fyp/build/turtlebot3_simulations
[1.212s] -- Install configuration: ""
[1.214s] -- Installing: /home/thegodset/fyp/install/turtlebot3_simulations/share/ament_index/resource_index/package_run_dependencies/turtlebot3_simulations
[1.215s] -- Installing: /home/thegodset/fyp/install/turtlebot3_simulations/share/ament_index/resource_index/parent_prefix_path/turtlebot3_simulations
[1.216s] -- Installing: /home/thegodset/fyp/install/turtlebot3_simulations/share/turtlebot3_simulations/environment/ament_prefix_path.sh
[1.216s] -- Installing: /home/thegodset/fyp/install/turtlebot3_simulations/share/turtlebot3_simulations/environment/ament_prefix_path.dsv
[1.217s] -- Installing: /home/thegodset/fyp/install/turtlebot3_simulations/share/turtlebot3_simulations/environment/path.sh
[1.217s] -- Installing: /home/thegodset/fyp/install/turtlebot3_simulations/share/turtlebot3_simulations/environment/path.dsv
[1.217s] -- Installing: /home/thegodset/fyp/install/turtlebot3_simulations/share/turtlebot3_simulations/local_setup.bash
[1.218s] -- Installing: /home/thegodset/fyp/install/turtlebot3_simulations/share/turtlebot3_simulations/local_setup.sh
[1.218s] -- Installing: /home/thegodset/fyp/install/turtlebot3_simulations/share/turtlebot3_simulations/local_setup.zsh
[1.218s] -- Installing: /home/thegodset/fyp/install/turtlebot3_simulations/share/turtlebot3_simulations/local_setup.dsv
[1.218s] -- Installing: /home/thegodset/fyp/install/turtlebot3_simulations/share/turtlebot3_simulations/package.dsv
[1.218s] -- Installing: /home/thegodset/fyp/install/turtlebot3_simulations/share/ament_index/resource_index/packages/turtlebot3_simulations
[1.219s] -- Installing: /home/thegodset/fyp/install/turtlebot3_simulations/share/turtlebot3_simulations/cmake/turtlebot3_simulationsConfig.cmake
[1.219s] -- Installing: /home/thegodset/fyp/install/turtlebot3_simulations/share/turtlebot3_simulations/cmake/turtlebot3_simulationsConfig-version.cmake
[1.219s] -- Installing: /home/thegodset/fyp/install/turtlebot3_simulations/share/turtlebot3_simulations/package.xml
[1.222s] Invoked command in '/home/thegodset/fyp/build/turtlebot3_simulations' returned '0': AMENT_PREFIX_PATH=/home/thegodset/fyp/install/turtlebot3_gazebo:/home/thegodset/fyp/install/turtlebot3_fake_node:${AMENT_PREFIX_PATH} CMAKE_PREFIX_PATH=/home/thegodset/fyp/install/turtlebot3_gazebo:/home/thegodset/fyp/install/turtlebot3_fake_node:/opt/ros/humble /usr/bin/cmake --install /home/thegodset/fyp/build/turtlebot3_simulations
