[0.851s] Invoking command in '/home/thegodset/fyp/src/vda5050_adapter': PYTHONPATH=/home/thegodset/fyp/build/vda5050_adapter/prefix_override:/usr/lib/python3/dist-packages/colcon_core/task/python/colcon_distutils_commands:/home/thegodset/fyp/install/vda5050_adapter/lib/python3.10/site-packages:${PYTHONPATH} /usr/bin/python3 -W ignore:setup.py install is deprecated -W ignore:easy_install command is deprecated setup.py egg_info --egg-base ../../build/vda5050_adapter build --build-base /home/thegodset/fyp/build/vda5050_adapter/build install --record /home/thegodset/fyp/build/vda5050_adapter/install.log --single-version-externally-managed install_data
[1.188s] running egg_info
[1.189s] creating ../../build/vda5050_adapter/vda5050_adapter.egg-info
[1.189s] writing ../../build/vda5050_adapter/vda5050_adapter.egg-info/PKG-INFO
[1.190s] writing dependency_links to ../../build/vda5050_adapter/vda5050_adapter.egg-info/dependency_links.txt
[1.190s] writing entry points to ../../build/vda5050_adapter/vda5050_adapter.egg-info/entry_points.txt
[1.190s] writing requirements to ../../build/vda5050_adapter/vda5050_adapter.egg-info/requires.txt
[1.190s] writing top-level names to ../../build/vda5050_adapter/vda5050_adapter.egg-info/top_level.txt
[1.191s] writing manifest file '../../build/vda5050_adapter/vda5050_adapter.egg-info/SOURCES.txt'
[1.192s] reading manifest file '../../build/vda5050_adapter/vda5050_adapter.egg-info/SOURCES.txt'
[1.192s] adding license file 'LICENSE'
[1.193s] writing manifest file '../../build/vda5050_adapter/vda5050_adapter.egg-info/SOURCES.txt'
[1.193s] running build
[1.193s] running build_py
[1.194s] creating /home/thegodset/fyp/build/vda5050_adapter/build
[1.194s] creating /home/thegodset/fyp/build/vda5050_adapter/build/lib
[1.195s] creating /home/thegodset/fyp/build/vda5050_adapter/build/lib/vda5050_adapter
[1.195s] copying vda5050_adapter/__init__.py -> /home/thegodset/fyp/build/vda5050_adapter/build/lib/vda5050_adapter
[1.195s] copying vda5050_adapter/adapter.py -> /home/thegodset/fyp/build/vda5050_adapter/build/lib/vda5050_adapter
[1.196s] copying vda5050_adapter/battery_status.py -> /home/thegodset/fyp/build/vda5050_adapter/build/lib/vda5050_adapter
[1.196s] copying vda5050_adapter/order_id.py -> /home/thegodset/fyp/build/vda5050_adapter/build/lib/vda5050_adapter
[1.196s] copying vda5050_adapter/position_adapter.py -> /home/thegodset/fyp/build/vda5050_adapter/build/lib/vda5050_adapter
[1.197s] running install
[1.197s] running install_lib
[1.198s] creating /home/thegodset/fyp/install/vda5050_adapter/lib/python3.10/site-packages/vda5050_adapter
[1.198s] copying /home/thegodset/fyp/build/vda5050_adapter/build/lib/vda5050_adapter/__init__.py -> /home/thegodset/fyp/install/vda5050_adapter/lib/python3.10/site-packages/vda5050_adapter
[1.199s] copying /home/thegodset/fyp/build/vda5050_adapter/build/lib/vda5050_adapter/adapter.py -> /home/thegodset/fyp/install/vda5050_adapter/lib/python3.10/site-packages/vda5050_adapter
[1.199s] copying /home/thegodset/fyp/build/vda5050_adapter/build/lib/vda5050_adapter/battery_status.py -> /home/thegodset/fyp/install/vda5050_adapter/lib/python3.10/site-packages/vda5050_adapter
[1.199s] copying /home/thegodset/fyp/build/vda5050_adapter/build/lib/vda5050_adapter/order_id.py -> /home/thegodset/fyp/install/vda5050_adapter/lib/python3.10/site-packages/vda5050_adapter
[1.200s] copying /home/thegodset/fyp/build/vda5050_adapter/build/lib/vda5050_adapter/position_adapter.py -> /home/thegodset/fyp/install/vda5050_adapter/lib/python3.10/site-packages/vda5050_adapter
[1.201s] byte-compiling /home/thegodset/fyp/install/vda5050_adapter/lib/python3.10/site-packages/vda5050_adapter/__init__.py to __init__.cpython-310.pyc
[1.201s] byte-compiling /home/thegodset/fyp/install/vda5050_adapter/lib/python3.10/site-packages/vda5050_adapter/adapter.py to adapter.cpython-310.pyc
[1.202s] byte-compiling /home/thegodset/fyp/install/vda5050_adapter/lib/python3.10/site-packages/vda5050_adapter/battery_status.py to battery_status.cpython-310.pyc
[1.204s] byte-compiling /home/thegodset/fyp/install/vda5050_adapter/lib/python3.10/site-packages/vda5050_adapter/order_id.py to order_id.cpython-310.pyc
[1.206s] byte-compiling /home/thegodset/fyp/install/vda5050_adapter/lib/python3.10/site-packages/vda5050_adapter/position_adapter.py to position_adapter.cpython-310.pyc
[1.209s] running install_data
[1.211s] creating /home/thegodset/fyp/install/vda5050_adapter/share/ament_index
[1.211s] creating /home/thegodset/fyp/install/vda5050_adapter/share/ament_index/resource_index
[1.211s] creating /home/thegodset/fyp/install/vda5050_adapter/share/ament_index/resource_index/packages
[1.212s] copying resource/vda5050_adapter -> /home/thegodset/fyp/install/vda5050_adapter/share/ament_index/resource_index/packages
[1.213s] copying package.xml -> /home/thegodset/fyp/install/vda5050_adapter/share/vda5050_adapter
[1.214s] creating /home/thegodset/fyp/install/vda5050_adapter/share/vda5050_adapter/launch
[1.214s] copying launch/connector.launch.py -> /home/thegodset/fyp/install/vda5050_adapter/share/vda5050_adapter/launch
[1.215s] copying launch/adapter.launch.py -> /home/thegodset/fyp/install/vda5050_adapter/share/vda5050_adapter/launch
[1.215s] creating /home/thegodset/fyp/install/vda5050_adapter/share/vda5050_adapter/config
[1.215s] copying config/connector.yaml -> /home/thegodset/fyp/install/vda5050_adapter/share/vda5050_adapter/config
[1.216s] copying config/robot.yaml -> /home/thegodset/fyp/install/vda5050_adapter/share/vda5050_adapter/config
[1.217s] running install_egg_info
[1.220s] Copying ../../build/vda5050_adapter/vda5050_adapter.egg-info to /home/thegodset/fyp/install/vda5050_adapter/lib/python3.10/site-packages/vda5050_adapter-0.0.0-py3.10.egg-info
[1.221s] running install_scripts
[1.249s] Installing adapter script to /home/thegodset/fyp/install/vda5050_adapter/lib/vda5050_adapter
[1.249s] Installing odometry script to /home/thegodset/fyp/install/vda5050_adapter/lib/vda5050_adapter
[1.250s] writing list of installed files to '/home/thegodset/fyp/build/vda5050_adapter/install.log'
[1.283s] Invoked command in '/home/thegodset/fyp/src/vda5050_adapter' returned '0': PYTHONPATH=/home/thegodset/fyp/build/vda5050_adapter/prefix_override:/usr/lib/python3/dist-packages/colcon_core/task/python/colcon_distutils_commands:/home/thegodset/fyp/install/vda5050_adapter/lib/python3.10/site-packages:${PYTHONPATH} /usr/bin/python3 -W ignore:setup.py install is deprecated -W ignore:easy_install command is deprecated setup.py egg_info --egg-base ../../build/vda5050_adapter build --build-base /home/thegodset/fyp/build/vda5050_adapter/build install --record /home/thegodset/fyp/build/vda5050_adapter/install.log --single-version-externally-managed install_data
