[0.014s] Invoking command in '/home/thegodset/fyp/build/turtlebot3_fake_node': CMAKE_PREFIX_PATH=/opt/ros/humble /usr/bin/cmake /home/thegodset/fyp/src/turtlebot3_simulations/turtlebot3_fake_node -DCMAKE_INSTALL_PREFIX=/home/thegodset/fyp/install/turtlebot3_fake_node
[0.049s] -- The C compiler identification is GNU 11.4.0
[0.088s] -- The CXX compiler identification is GNU 11.4.0
[0.094s] -- Detecting C compiler ABI info
[0.139s] -- Detecting C compiler ABI info - done
[0.147s] -- Check for working C compiler: /usr/bin/cc - skipped
[0.148s] -- Detecting C compile features
[0.148s] -- Detecting C compile features - done
[0.150s] -- Detecting CXX compiler ABI info
[0.203s] -- Detecting CXX compiler ABI info - done
[0.208s] -- Check for working CXX compiler: /usr/bin/c++ - skipped
[0.208s] -- Detecting CXX compile features
[0.209s] -- Detecting CXX compile features - done
[0.211s] -- Found ament_cmake: 1.3.10 (/opt/ros/humble/share/ament_cmake/cmake)
[0.311s] -- Found Python3: /usr/bin/python3 (found version "3.10.12") found components: Interpreter 
[0.375s] -- Found geometry_msgs: 4.2.4 (/opt/ros/humble/share/geometry_msgs/cmake)
[0.403s] -- Found rosidl_generator_c: 3.1.5 (/opt/ros/humble/share/rosidl_generator_c/cmake)
[0.407s] -- Found rosidl_adapter: 3.1.5 (/opt/ros/humble/share/rosidl_adapter/cmake)
[0.412s] -- Found rosidl_generator_cpp: 3.1.5 (/opt/ros/humble/share/rosidl_generator_cpp/cmake)
[0.421s] -- Using all available rosidl_typesupport_c: rosidl_typesupport_fastrtps_c;rosidl_typesupport_introspection_c
[0.435s] -- Using all available rosidl_typesupport_cpp: rosidl_typesupport_fastrtps_cpp;rosidl_typesupport_introspection_cpp
[0.469s] -- Found nav_msgs: 4.2.4 (/opt/ros/humble/share/nav_msgs/cmake)
[0.484s] -- Found rclcpp: 16.0.10 (/opt/ros/humble/share/rclcpp/cmake)
[0.522s] -- Found rmw_implementation_cmake: 6.1.2 (/opt/ros/humble/share/rmw_implementation_cmake/cmake)
[0.525s] -- Found rmw_cyclonedds_cpp: 1.3.4 (/opt/ros/humble/share/rmw_cyclonedds_cpp/cmake)
[0.540s] -- Using RMW implementation 'rmw_cyclonedds_cpp' as default
[0.547s] -- Looking for pthread.h
[0.599s] -- Looking for pthread.h - found
[0.600s] -- Performing Test CMAKE_HAVE_LIBC_PTHREAD
[0.654s] -- Performing Test CMAKE_HAVE_LIBC_PTHREAD - Success
[0.655s] -- Found Threads: TRUE  
[0.691s] -- Found sensor_msgs: 4.2.4 (/opt/ros/humble/share/sensor_msgs/cmake)
[0.703s] -- Found tf2: 0.25.8 (/opt/ros/humble/share/tf2/cmake)
[0.712s] -- Found tf2_msgs: 0.25.8 (/opt/ros/humble/share/tf2_msgs/cmake)
[0.750s] -- Found turtlebot3_msgs: 2.2.3 (/opt/ros/humble/share/turtlebot3_msgs/cmake)
[0.815s] -- Configuring done
[0.829s] -- Generating done
[0.834s] -- Build files have been written to: /home/thegodset/fyp/build/turtlebot3_fake_node
[0.841s] Invoked command in '/home/thegodset/fyp/build/turtlebot3_fake_node' returned '0': CMAKE_PREFIX_PATH=/opt/ros/humble /usr/bin/cmake /home/thegodset/fyp/src/turtlebot3_simulations/turtlebot3_fake_node -DCMAKE_INSTALL_PREFIX=/home/thegodset/fyp/install/turtlebot3_fake_node
[0.842s] Invoking command in '/home/thegodset/fyp/build/turtlebot3_fake_node': CMAKE_PREFIX_PATH=/opt/ros/humble /usr/bin/cmake --build /home/thegodset/fyp/build/turtlebot3_fake_node -- -j16 -l16
[0.877s] [ 50%] [32mBuilding CXX object CMakeFiles/turtlebot3_fake_node.dir/src/turtlebot3_fake_node.cpp.o[0m
[16.840s] [100%] [32m[1mLinking CXX executable turtlebot3_fake_node[0m
[18.490s] [100%] Built target turtlebot3_fake_node
[18.558s] Invoked command in '/home/thegodset/fyp/build/turtlebot3_fake_node' returned '0': CMAKE_PREFIX_PATH=/opt/ros/humble /usr/bin/cmake --build /home/thegodset/fyp/build/turtlebot3_fake_node -- -j16 -l16
[18.625s] Invoking command in '/home/thegodset/fyp/build/turtlebot3_fake_node': CMAKE_PREFIX_PATH=/opt/ros/humble /usr/bin/cmake --install /home/thegodset/fyp/build/turtlebot3_fake_node
[18.669s] -- Install configuration: ""
[18.672s] -- Installing: /home/thegodset/fyp/install/turtlebot3_fake_node/lib/turtlebot3_fake_node/turtlebot3_fake_node
[18.693s] -- Set runtime path of "/home/thegodset/fyp/install/turtlebot3_fake_node/lib/turtlebot3_fake_node/turtlebot3_fake_node" to ""
[18.694s] -- Installing: /home/thegodset/fyp/install/turtlebot3_fake_node/share/turtlebot3_fake_node/launch
[18.697s] -- Installing: /home/thegodset/fyp/install/turtlebot3_fake_node/share/turtlebot3_fake_node/launch/rviz2.launch.py
[18.699s] -- Installing: /home/thegodset/fyp/install/turtlebot3_fake_node/share/turtlebot3_fake_node/launch/turtlebot3_fake_node.launch.py
[18.701s] -- Installing: /home/thegodset/fyp/install/turtlebot3_fake_node/share/turtlebot3_fake_node/param
[18.702s] -- Installing: /home/thegodset/fyp/install/turtlebot3_fake_node/share/turtlebot3_fake_node/param/waffle.yaml
[18.703s] -- Installing: /home/thegodset/fyp/install/turtlebot3_fake_node/share/turtlebot3_fake_node/param/burger.yaml
[18.706s] -- Installing: /home/thegodset/fyp/install/turtlebot3_fake_node/share/turtlebot3_fake_node/param/waffle_pi.yaml
[18.708s] -- Installing: /home/thegodset/fyp/install/turtlebot3_fake_node/include/
[18.709s] -- Installing: /home/thegodset/fyp/install/turtlebot3_fake_node/include//turtlebot3_fake_node
[18.711s] -- Installing: /home/thegodset/fyp/install/turtlebot3_fake_node/include//turtlebot3_fake_node/turtlebot3_fake_node.hpp
[18.715s] -- Installing: /home/thegodset/fyp/install/turtlebot3_fake_node/share/ament_index/resource_index/package_run_dependencies/turtlebot3_fake_node
[18.717s] -- Installing: /home/thegodset/fyp/install/turtlebot3_fake_node/share/ament_index/resource_index/parent_prefix_path/turtlebot3_fake_node
[18.720s] -- Installing: /home/thegodset/fyp/install/turtlebot3_fake_node/share/turtlebot3_fake_node/environment/ament_prefix_path.sh
[18.723s] -- Installing: /home/thegodset/fyp/install/turtlebot3_fake_node/share/turtlebot3_fake_node/environment/ament_prefix_path.dsv
[18.724s] -- Installing: /home/thegodset/fyp/install/turtlebot3_fake_node/share/turtlebot3_fake_node/environment/path.sh
[18.726s] -- Installing: /home/thegodset/fyp/install/turtlebot3_fake_node/share/turtlebot3_fake_node/environment/path.dsv
[18.727s] -- Installing: /home/thegodset/fyp/install/turtlebot3_fake_node/share/turtlebot3_fake_node/local_setup.bash
[18.727s] -- Installing: /home/thegodset/fyp/install/turtlebot3_fake_node/share/turtlebot3_fake_node/local_setup.sh
[18.728s] -- Installing: /home/thegodset/fyp/install/turtlebot3_fake_node/share/turtlebot3_fake_node/local_setup.zsh
[18.728s] -- Installing: /home/thegodset/fyp/install/turtlebot3_fake_node/share/turtlebot3_fake_node/local_setup.dsv
[18.728s] -- Installing: /home/thegodset/fyp/install/turtlebot3_fake_node/share/turtlebot3_fake_node/package.dsv
[18.729s] -- Installing: /home/thegodset/fyp/install/turtlebot3_fake_node/share/ament_index/resource_index/packages/turtlebot3_fake_node
[18.730s] -- Installing: /home/thegodset/fyp/install/turtlebot3_fake_node/share/turtlebot3_fake_node/cmake/ament_cmake_export_include_directories-extras.cmake
[18.730s] -- Installing: /home/thegodset/fyp/install/turtlebot3_fake_node/share/turtlebot3_fake_node/cmake/ament_cmake_export_dependencies-extras.cmake
[18.730s] -- Installing: /home/thegodset/fyp/install/turtlebot3_fake_node/share/turtlebot3_fake_node/cmake/turtlebot3_fake_nodeConfig.cmake
[18.731s] -- Installing: /home/thegodset/fyp/install/turtlebot3_fake_node/share/turtlebot3_fake_node/cmake/turtlebot3_fake_nodeConfig-version.cmake
[18.731s] -- Installing: /home/thegodset/fyp/install/turtlebot3_fake_node/share/turtlebot3_fake_node/package.xml
[18.738s] Invoked command in '/home/thegodset/fyp/build/turtlebot3_fake_node' returned '0': CMAKE_PREFIX_PATH=/opt/ros/humble /usr/bin/cmake --install /home/thegodset/fyp/build/turtlebot3_fake_node
