[  0%] Built target vda5050_msgs__cpp
[ 12%] Built target vda5050_msgs__rosidl_generator_c
[ 24%] Built target vda5050_msgs__rosidl_typesupport_cpp
[ 41%] Built target vda5050_msgs__rosidl_typesupport_fastrtps_cpp
[ 49%] Built target vda5050_msgs__rosidl_typesupport_c
[ 62%] Built target vda5050_msgs__rosidl_typesupport_introspection_cpp
[ 62%] Built target ament_cmake_python_copy_vda5050_msgs
[ 75%] Built target vda5050_msgs__rosidl_typesupport_introspection_c
[ 88%] Built target vda5050_msgs__rosidl_typesupport_fastrtps_c
[ 88%] Built target vda5050_msgs
[ 88%] Built target vda5050_msgs__py
[100%] Built target vda5050_msgs__rosidl_generator_py
[100%] Built target vda5050_msgs__rosidl_typesupport_introspection_c__pyext
[100%] Built target vda5050_msgs__rosidl_typesupport_fastrtps_c__pyext
[100%] Built target vda5050_msgs__rosidl_typesupport_c__pyext
running egg_info
writing vda5050_msgs.egg-info/PKG-INFO
writing dependency_links to vda5050_msgs.egg-info/dependency_links.txt
writing top-level names to vda5050_msgs.egg-info/top_level.txt
reading manifest file 'vda5050_msgs.egg-info/SOURCES.txt'
writing manifest file 'vda5050_msgs.egg-info/SOURCES.txt'
[100%] Built target ament_cmake_python_build_vda5050_msgs_egg
