[0.028s] Invoking command in '/home/thegodset/fyp/build/vda5050_msgs': CMAKE_PREFIX_PATH=${CMAKE_PREFIX_PATH}:/home/thegodset/fyp/install/vda5050_adapter:/home/thegodset/install/turtlebot3_teleop:/home/thegodset/install/turtlebot3_example:/home/thegodset/install/launch_testing_examples:/home/thegodset/install/examples_rclpy_pointcloud_publisher:/home/thegodset/install/examples_rclpy_minimal_subscriber:/home/thegodset/install/examples_rclpy_minimal_service:/home/thegodset/install/examples_rclpy_minimal_publisher:/home/thegodset/install/examples_rclpy_minimal_client:/home/thegodset/install/examples_rclpy_minimal_action_server:/home/thegodset/install/examples_rclpy_minimal_action_client:/home/thegodset/install/examples_rclpy_guard_conditions:/home/thegodset/install/examples_rclpy_executors:/home/thegodset/ros2_assignment/install/ros2_map:/home/thegodset/ros2_assignment/install/ros2_assignment:/home/thegodset/dev_ws/install/warehouse_robot_spawner_pkg:/home/thegodset/dev_ws/install/warehouse_robot_controller_pkg:/opt/ros/humble /usr/bin/cmake --build /home/thegodset/fyp/build/vda5050_msgs -- -j16 -l16
[0.110s] [  0%] Built target vda5050_msgs__cpp
[0.122s] [ 12%] Built target vda5050_msgs__rosidl_generator_c
[0.156s] [ 24%] Built target vda5050_msgs__rosidl_typesupport_cpp
[0.157s] [ 41%] Built target vda5050_msgs__rosidl_typesupport_fastrtps_cpp
[0.157s] [ 49%] Built target vda5050_msgs__rosidl_typesupport_c
[0.159s] [ 62%] Built target vda5050_msgs__rosidl_typesupport_introspection_cpp
[0.160s] [ 62%] Built target ament_cmake_python_copy_vda5050_msgs
[0.161s] [ 75%] Built target vda5050_msgs__rosidl_typesupport_introspection_c
[0.169s] [ 88%] Built target vda5050_msgs__rosidl_typesupport_fastrtps_c
[0.186s] [ 88%] Built target vda5050_msgs
[0.209s] [ 88%] Built target vda5050_msgs__py
[0.247s] [100%] Built target vda5050_msgs__rosidl_generator_py
[0.267s] [100%] Built target vda5050_msgs__rosidl_typesupport_introspection_c__pyext
[0.268s] [100%] Built target vda5050_msgs__rosidl_typesupport_fastrtps_c__pyext
[0.268s] [100%] Built target vda5050_msgs__rosidl_typesupport_c__pyext
[0.417s] running egg_info
[0.418s] writing vda5050_msgs.egg-info/PKG-INFO
[0.418s] writing dependency_links to vda5050_msgs.egg-info/dependency_links.txt
[0.418s] writing top-level names to vda5050_msgs.egg-info/top_level.txt
[0.421s] reading manifest file 'vda5050_msgs.egg-info/SOURCES.txt'
[0.422s] writing manifest file 'vda5050_msgs.egg-info/SOURCES.txt'
[0.447s] [100%] Built target ament_cmake_python_build_vda5050_msgs_egg
