[0.021s] Invoking command in '/home/thegodset/fyp/build/turtlebot3_gazebo': CMAKE_PREFIX_PATH=/opt/ros/humble /usr/bin/cmake --build /home/thegodset/fyp/build/turtlebot3_gazebo -- -j16 -l16
[0.046s] -- Found ament_cmake: 1.3.10 (/opt/ros/humble/share/ament_cmake/cmake)
[0.178s] -- Checking for module 'gazebo'
[0.199s] --   Found gazebo, version 11.10.2
[0.242s] -- Found gazebo_ros_pkgs: 3.7.0 (/opt/ros/humble/share/gazebo_ros_pkgs/cmake)
[0.242s] -- Found geometry_msgs: 4.2.4 (/opt/ros/humble/share/geometry_msgs/cmake)
[0.260s] -- Found rosidl_generator_c: 3.1.5 (/opt/ros/humble/share/rosidl_generator_c/cmake)
[0.262s] -- Found rosidl_adapter: 3.1.5 (/opt/ros/humble/share/rosidl_adapter/cmake)
[0.266s] -- Found rosidl_generator_cpp: 3.1.5 (/opt/ros/humble/share/rosidl_generator_cpp/cmake)
[0.272s] -- Using all available rosidl_typesupport_c: rosidl_typesupport_fastrtps_c;rosidl_typesupport_introspection_c
[0.280s] -- Using all available rosidl_typesupport_cpp: rosidl_typesupport_fastrtps_cpp;rosidl_typesupport_introspection_cpp
[0.308s] -- Found nav_msgs: 4.2.4 (/opt/ros/humble/share/nav_msgs/cmake)
[0.319s] -- Found rclcpp: 16.0.10 (/opt/ros/humble/share/rclcpp/cmake)
[0.340s] -- Found rmw_implementation_cmake: 6.1.2 (/opt/ros/humble/share/rmw_implementation_cmake/cmake)
[0.341s] -- Found rmw_cyclonedds_cpp: 1.3.4 (/opt/ros/humble/share/rmw_cyclonedds_cpp/cmake)
[0.358s] -- Using RMW implementation 'rmw_cyclonedds_cpp' as default
[0.422s] -- Found sensor_msgs: 4.2.4 (/opt/ros/humble/share/sensor_msgs/cmake)
[0.422s] -- Found tf2: 0.25.8 (/opt/ros/humble/share/tf2/cmake)
[0.484s] -- Configuring done
[0.516s] -- Generating done
[0.524s] -- Build files have been written to: /home/thegodset/fyp/build/turtlebot3_gazebo
[0.550s] [35m[1mConsolidate compiler generated dependencies of target turtlebot3_drive[0m
[0.551s] [35m[1mConsolidate compiler generated dependencies of target obstacle2[0m
[0.551s] [35m[1mConsolidate compiler generated dependencies of target obstacles[0m
[0.552s] [35m[1mConsolidate compiler generated dependencies of target obstacle1[0m
[0.569s] [ 12%] [32mBuilding CXX object CMakeFiles/turtlebot3_drive.dir/src/turtlebot3_drive.cpp.o[0m
[0.596s] [ 37%] [32mBuilding CXX object CMakeFiles/obstacles.dir/models/turtlebot3_dqn_world/obstacle_plugin/obstacles.cc.o[0m
[0.596s] [ 37%] [32mBuilding CXX object CMakeFiles/obstacle2.dir/models/turtlebot3_dqn_world/obstacle_plugin/obstacle2.cc.o[0m
[0.598s] [ 50%] [32mBuilding CXX object CMakeFiles/obstacle1.dir/models/turtlebot3_dqn_world/obstacle_plugin/obstacle1.cc.o[0m
[14.882s] [ 62%] [32m[1mLinking CXX executable turtlebot3_drive[0m
[15.072s] [ 75%] [32m[1mLinking CXX shared library libobstacle2.so[0m
[15.145s] [ 87%] [32m[1mLinking CXX shared library libobstacle1.so[0m
[15.288s] [ 87%] Built target obstacle2
[15.347s] [ 87%] Built target obstacle1
[15.479s] [ 87%] Built target turtlebot3_drive
[15.736s] [100%] [32m[1mLinking CXX shared library libobstacles.so[0m
[15.867s] [100%] Built target obstacles
[15.878s] Invoked command in '/home/thegodset/fyp/build/turtlebot3_gazebo' returned '0': CMAKE_PREFIX_PATH=/opt/ros/humble /usr/bin/cmake --build /home/thegodset/fyp/build/turtlebot3_gazebo -- -j16 -l16
[15.882s] Invoking command in '/home/thegodset/fyp/build/turtlebot3_gazebo': CMAKE_PREFIX_PATH=/opt/ros/humble /usr/bin/cmake --install /home/thegodset/fyp/build/turtlebot3_gazebo
[15.887s] -- Install configuration: ""
[15.888s] -- Installing: /home/thegodset/fyp/install/turtlebot3_gazebo/lib/turtlebot3_gazebo/turtlebot3_drive
[15.892s] -- Set runtime path of "/home/thegodset/fyp/install/turtlebot3_gazebo/lib/turtlebot3_gazebo/turtlebot3_drive" to ""
[15.892s] -- Up-to-date: /home/thegodset/fyp/install/turtlebot3_gazebo/share/turtlebot3_gazebo//launch
[15.893s] -- Up-to-date: /home/thegodset/fyp/install/turtlebot3_gazebo/share/turtlebot3_gazebo//launch/turtlebot3_maze.launch.py
[15.893s] -- Up-to-date: /home/thegodset/fyp/install/turtlebot3_gazebo/share/turtlebot3_gazebo//launch/nav2_bringup
[15.893s] -- Up-to-date: /home/thegodset/fyp/install/turtlebot3_gazebo/share/turtlebot3_gazebo//launch/nav2_bringup/navigation_launch.py
[15.893s] -- Up-to-date: /home/thegodset/fyp/install/turtlebot3_gazebo/share/turtlebot3_gazebo//launch/nav2_bringup/rviz_launch.py
[15.893s] -- Up-to-date: /home/thegodset/fyp/install/turtlebot3_gazebo/share/turtlebot3_gazebo//launch/nav2_bringup/localization_launch.py
[15.893s] -- Up-to-date: /home/thegodset/fyp/install/turtlebot3_gazebo/share/turtlebot3_gazebo//launch/nav2_bringup/slam_launch.py
[15.893s] -- Up-to-date: /home/thegodset/fyp/install/turtlebot3_gazebo/share/turtlebot3_gazebo//launch/nav2_bringup/bringup_launch.py
[15.893s] -- Up-to-date: /home/thegodset/fyp/install/turtlebot3_gazebo/share/turtlebot3_gazebo//launch/robot_state_publisher.launch.py
[15.893s] -- Up-to-date: /home/thegodset/fyp/install/turtlebot3_gazebo/share/turtlebot3_gazebo//launch/turtlebot3_dqn_stage1.launch.py
[15.893s] -- Up-to-date: /home/thegodset/fyp/install/turtlebot3_gazebo/share/turtlebot3_gazebo//launch/turtlebot3_dqn_stage3.launch.py
[15.893s] -- Up-to-date: /home/thegodset/fyp/install/turtlebot3_gazebo/share/turtlebot3_gazebo//launch/spawn_turtlebot3.launch.py
[15.893s] -- Up-to-date: /home/thegodset/fyp/install/turtlebot3_gazebo/share/turtlebot3_gazebo//launch/turtlebot3_dqn_stage4.launch.py
[15.893s] -- Up-to-date: /home/thegodset/fyp/install/turtlebot3_gazebo/share/turtlebot3_gazebo//launch/turtlebot3_dqn_stage2.launch.py
[15.893s] -- Up-to-date: /home/thegodset/fyp/install/turtlebot3_gazebo/share/turtlebot3_gazebo//launch/turtlebot3_world.launch.py
[15.893s] -- Up-to-date: /home/thegodset/fyp/install/turtlebot3_gazebo/share/turtlebot3_gazebo//launch/turtlebot3_house.launch.py
[15.893s] -- Up-to-date: /home/thegodset/fyp/install/turtlebot3_gazebo/share/turtlebot3_gazebo//launch/spawn_multiple_entity.launch.py
[15.893s] -- Up-to-date: /home/thegodset/fyp/install/turtlebot3_gazebo/share/turtlebot3_gazebo//launch/multiple_spawn_with_nav_turtlebot3.launch.py
[15.894s] -- Up-to-date: /home/thegodset/fyp/install/turtlebot3_gazebo/share/turtlebot3_gazebo//launch/multiple_spawn_turtlebot3.launch.py
[15.894s] -- Up-to-date: /home/thegodset/fyp/install/turtlebot3_gazebo/share/turtlebot3_gazebo//launch/empty_world.launch.py
[15.894s] -- Up-to-date: /home/thegodset/fyp/install/turtlebot3_gazebo/share/turtlebot3_gazebo//models
[15.894s] -- Up-to-date: /home/thegodset/fyp/install/turtlebot3_gazebo/share/turtlebot3_gazebo//models/turtlebot3_waffle_pi
[15.894s] -- Up-to-date: /home/thegodset/fyp/install/turtlebot3_gazebo/share/turtlebot3_gazebo//models/turtlebot3_waffle_pi/model.sdf
[15.894s] -- Up-to-date: /home/thegodset/fyp/install/turtlebot3_gazebo/share/turtlebot3_gazebo//models/turtlebot3_waffle_pi/model.config
[15.894s] -- Up-to-date: /home/thegodset/fyp/install/turtlebot3_gazebo/share/turtlebot3_gazebo//models/turtlebot3_waffle_pi/model-1_4_.sdf
[15.894s] -- Up-to-date: /home/thegodset/fyp/install/turtlebot3_gazebo/share/turtlebot3_gazebo//models/turtlebot3_burger
[15.895s] -- Up-to-date: /home/thegodset/fyp/install/turtlebot3_gazebo/share/turtlebot3_gazebo//models/turtlebot3_burger/model.sdf
[15.895s] -- Up-to-date: /home/thegodset/fyp/install/turtlebot3_gazebo/share/turtlebot3_gazebo//models/turtlebot3_burger/model-1_4.sdf
[15.895s] -- Up-to-date: /home/thegodset/fyp/install/turtlebot3_gazebo/share/turtlebot3_gazebo//models/turtlebot3_burger/model.config
[15.895s] -- Up-to-date: /home/thegodset/fyp/install/turtlebot3_gazebo/share/turtlebot3_gazebo//models/turtlebot3_waffle
[15.895s] -- Up-to-date: /home/thegodset/fyp/install/turtlebot3_gazebo/share/turtlebot3_gazebo//models/turtlebot3_waffle/model.sdf
[15.895s] -- Up-to-date: /home/thegodset/fyp/install/turtlebot3_gazebo/share/turtlebot3_gazebo//models/turtlebot3_waffle/model-1_4.sdf
[15.895s] -- Up-to-date: /home/thegodset/fyp/install/turtlebot3_gazebo/share/turtlebot3_gazebo//models/turtlebot3_waffle/model.config
[15.896s] -- Up-to-date: /home/thegodset/fyp/install/turtlebot3_gazebo/share/turtlebot3_gazebo//models/turtlebot3_dqn_world
[15.896s] -- Up-to-date: /home/thegodset/fyp/install/turtlebot3_gazebo/share/turtlebot3_gazebo//models/turtlebot3_dqn_world/goal_box
[15.896s] -- Up-to-date: /home/thegodset/fyp/install/turtlebot3_gazebo/share/turtlebot3_gazebo//models/turtlebot3_dqn_world/goal_box/model.sdf
[15.896s] -- Up-to-date: /home/thegodset/fyp/install/turtlebot3_gazebo/share/turtlebot3_gazebo//models/turtlebot3_dqn_world/goal_box/model.config
[15.896s] -- Up-to-date: /home/thegodset/fyp/install/turtlebot3_gazebo/share/turtlebot3_gazebo//models/turtlebot3_dqn_world/model.sdf
[15.896s] -- Up-to-date: /home/thegodset/fyp/install/turtlebot3_gazebo/share/turtlebot3_gazebo//models/turtlebot3_dqn_world/inner_walls
[15.896s] -- Up-to-date: /home/thegodset/fyp/install/turtlebot3_gazebo/share/turtlebot3_gazebo//models/turtlebot3_dqn_world/inner_walls/model.sdf
[15.896s] -- Up-to-date: /home/thegodset/fyp/install/turtlebot3_gazebo/share/turtlebot3_gazebo//models/turtlebot3_dqn_world/inner_walls/model.config
[15.896s] -- Up-to-date: /home/thegodset/fyp/install/turtlebot3_gazebo/share/turtlebot3_gazebo//models/turtlebot3_dqn_world/model.config
[15.897s] -- Up-to-date: /home/thegodset/fyp/install/turtlebot3_gazebo/share/turtlebot3_gazebo//models/turtlebot3_dqn_world/obstacles
[15.897s] -- Up-to-date: /home/thegodset/fyp/install/turtlebot3_gazebo/share/turtlebot3_gazebo//models/turtlebot3_dqn_world/obstacles/model.sdf
[15.897s] -- Up-to-date: /home/thegodset/fyp/install/turtlebot3_gazebo/share/turtlebot3_gazebo//models/turtlebot3_dqn_world/obstacles/model.config
[15.897s] -- Up-to-date: /home/thegodset/fyp/install/turtlebot3_gazebo/share/turtlebot3_gazebo//models/turtlebot3_dqn_world/obstacle1
[15.897s] -- Up-to-date: /home/thegodset/fyp/install/turtlebot3_gazebo/share/turtlebot3_gazebo//models/turtlebot3_dqn_world/obstacle1/model.sdf
[15.897s] -- Up-to-date: /home/thegodset/fyp/install/turtlebot3_gazebo/share/turtlebot3_gazebo//models/turtlebot3_dqn_world/obstacle1/model.config
[15.897s] -- Up-to-date: /home/thegodset/fyp/install/turtlebot3_gazebo/share/turtlebot3_gazebo//models/turtlebot3_dqn_world/obstacle2
[15.897s] -- Up-to-date: /home/thegodset/fyp/install/turtlebot3_gazebo/share/turtlebot3_gazebo//models/turtlebot3_dqn_world/obstacle2/model.sdf
[15.897s] -- Up-to-date: /home/thegodset/fyp/install/turtlebot3_gazebo/share/turtlebot3_gazebo//models/turtlebot3_dqn_world/obstacle2/model.config
[15.897s] -- Up-to-date: /home/thegodset/fyp/install/turtlebot3_gazebo/share/turtlebot3_gazebo//models/turtlebot3_dqn_world/obstacle_plugin
[15.897s] -- Up-to-date: /home/thegodset/fyp/install/turtlebot3_gazebo/share/turtlebot3_gazebo//models/turtlebot3_dqn_world/obstacle_plugin/obstacles.cc
[15.898s] -- Up-to-date: /home/thegodset/fyp/install/turtlebot3_gazebo/share/turtlebot3_gazebo//models/turtlebot3_dqn_world/obstacle_plugin/CMakeLists.txt
[15.898s] -- Up-to-date: /home/thegodset/fyp/install/turtlebot3_gazebo/share/turtlebot3_gazebo//models/turtlebot3_dqn_world/obstacle_plugin/obstacle1.cc
[15.898s] -- Up-to-date: /home/thegodset/fyp/install/turtlebot3_gazebo/share/turtlebot3_gazebo//models/turtlebot3_dqn_world/obstacle_plugin/obstacle2.cc
[15.898s] -- Up-to-date: /home/thegodset/fyp/install/turtlebot3_gazebo/share/turtlebot3_gazebo//models/turtlebot3_world
[15.898s] -- Up-to-date: /home/thegodset/fyp/install/turtlebot3_gazebo/share/turtlebot3_gazebo//models/turtlebot3_world/model.sdf
[15.898s] -- Up-to-date: /home/thegodset/fyp/install/turtlebot3_gazebo/share/turtlebot3_gazebo//models/turtlebot3_world/model-1_4.sdf
[15.898s] -- Up-to-date: /home/thegodset/fyp/install/turtlebot3_gazebo/share/turtlebot3_gazebo//models/turtlebot3_world/model.config
[15.898s] -- Up-to-date: /home/thegodset/fyp/install/turtlebot3_gazebo/share/turtlebot3_gazebo//models/turtlebot3_house
[15.898s] -- Up-to-date: /home/thegodset/fyp/install/turtlebot3_gazebo/share/turtlebot3_gazebo//models/turtlebot3_house/model.sdf
[15.898s] -- Up-to-date: /home/thegodset/fyp/install/turtlebot3_gazebo/share/turtlebot3_gazebo//models/turtlebot3_house/model.config
[15.898s] -- Up-to-date: /home/thegodset/fyp/install/turtlebot3_gazebo/share/turtlebot3_gazebo//models/turtlebot3_common
[15.898s] -- Up-to-date: /home/thegodset/fyp/install/turtlebot3_gazebo/share/turtlebot3_gazebo//models/turtlebot3_common/meshes
[15.898s] -- Up-to-date: /home/thegodset/fyp/install/turtlebot3_gazebo/share/turtlebot3_gazebo//models/turtlebot3_common/meshes/burger_base.dae
[15.898s] -- Up-to-date: /home/thegodset/fyp/install/turtlebot3_gazebo/share/turtlebot3_gazebo//models/turtlebot3_common/meshes/lds.dae
[15.898s] -- Up-to-date: /home/thegodset/fyp/install/turtlebot3_gazebo/share/turtlebot3_gazebo//models/turtlebot3_common/meshes/waffle_base.dae
[15.898s] -- Up-to-date: /home/thegodset/fyp/install/turtlebot3_gazebo/share/turtlebot3_gazebo//models/turtlebot3_common/meshes/r200.dae
[15.898s] -- Up-to-date: /home/thegodset/fyp/install/turtlebot3_gazebo/share/turtlebot3_gazebo//models/turtlebot3_common/meshes/waffle_pi_base.dae
[15.898s] -- Up-to-date: /home/thegodset/fyp/install/turtlebot3_gazebo/share/turtlebot3_gazebo//models/turtlebot3_common/meshes/tire.dae
[15.898s] -- Up-to-date: /home/thegodset/fyp/install/turtlebot3_gazebo/share/turtlebot3_gazebo//models/turtlebot3_common/model.config
[15.898s] -- Up-to-date: /home/thegodset/fyp/install/turtlebot3_gazebo/share/turtlebot3_gazebo//rviz
[15.898s] -- Up-to-date: /home/thegodset/fyp/install/turtlebot3_gazebo/share/turtlebot3_gazebo//rviz/multi_nav2_default_view.rviz
[15.899s] -- Up-to-date: /home/thegodset/fyp/install/turtlebot3_gazebo/share/turtlebot3_gazebo//rviz/tb3_gazebo.rviz
[15.899s] -- Up-to-date: /home/thegodset/fyp/install/turtlebot3_gazebo/share/turtlebot3_gazebo//rviz/nav2_default_view.rviz
[15.899s] -- Up-to-date: /home/thegodset/fyp/install/turtlebot3_gazebo/share/turtlebot3_gazebo//urdf
[15.899s] -- Up-to-date: /home/thegodset/fyp/install/turtlebot3_gazebo/share/turtlebot3_gazebo//urdf/turtlebot3_waffle_pi.urdf
[15.899s] -- Up-to-date: /home/thegodset/fyp/install/turtlebot3_gazebo/share/turtlebot3_gazebo//urdf/turtlebot3_waffle.urdf
[15.899s] -- Up-to-date: /home/thegodset/fyp/install/turtlebot3_gazebo/share/turtlebot3_gazebo//urdf/turtlebot3_burger.urdf
[15.899s] -- Up-to-date: /home/thegodset/fyp/install/turtlebot3_gazebo/share/turtlebot3_gazebo//urdf/common_properties.urdf
[15.899s] -- Up-to-date: /home/thegodset/fyp/install/turtlebot3_gazebo/share/turtlebot3_gazebo//worlds
[15.899s] -- Up-to-date: /home/thegodset/fyp/install/turtlebot3_gazebo/share/turtlebot3_gazebo//worlds/turtlebot3_test.world
[15.900s] -- Up-to-date: /home/thegodset/fyp/install/turtlebot3_gazebo/share/turtlebot3_gazebo//worlds/turtlebot3_house.world
[15.900s] -- Up-to-date: /home/thegodset/fyp/install/turtlebot3_gazebo/share/turtlebot3_gazebo//worlds/turtlebot3_dqn_stage1.world
[15.900s] -- Up-to-date: /home/thegodset/fyp/install/turtlebot3_gazebo/share/turtlebot3_gazebo//worlds/turtlebot3_dqn_stage2.world
[15.900s] -- Up-to-date: /home/thegodset/fyp/install/turtlebot3_gazebo/share/turtlebot3_gazebo//worlds/turtlebot3_dqn_stage4.world
[15.900s] -- Up-to-date: /home/thegodset/fyp/install/turtlebot3_gazebo/share/turtlebot3_gazebo//worlds/turtlebot3_world.world
[15.900s] -- Up-to-date: /home/thegodset/fyp/install/turtlebot3_gazebo/share/turtlebot3_gazebo//worlds/empty_world.world
[15.900s] -- Up-to-date: /home/thegodset/fyp/install/turtlebot3_gazebo/share/turtlebot3_gazebo//worlds/ROS_Assignment.world
[15.900s] -- Up-to-date: /home/thegodset/fyp/install/turtlebot3_gazebo/share/turtlebot3_gazebo//worlds/turtlebot3_dqn_stage3.world
[15.900s] -- Up-to-date: /home/thegodset/fyp/install/turtlebot3_gazebo/share/turtlebot3_gazebo//worlds/maze.world
[15.901s] -- Up-to-date: /home/thegodset/fyp/install/turtlebot3_gazebo/share/turtlebot3_gazebo//params
[15.901s] -- Up-to-date: /home/thegodset/fyp/install/turtlebot3_gazebo/share/turtlebot3_gazebo//params/nav2_params.yaml
[15.901s] -- Up-to-date: /home/thegodset/fyp/install/turtlebot3_gazebo/include/
[15.901s] -- Up-to-date: /home/thegodset/fyp/install/turtlebot3_gazebo/include//turtlebot3_gazebo
[15.901s] -- Up-to-date: /home/thegodset/fyp/install/turtlebot3_gazebo/include//turtlebot3_gazebo/turtlebot3_drive.hpp
[15.901s] -- Up-to-date: /home/thegodset/fyp/install/turtlebot3_gazebo/share/ament_index/resource_index/package_run_dependencies/turtlebot3_gazebo
[15.903s] -- Up-to-date: /home/thegodset/fyp/install/turtlebot3_gazebo/share/ament_index/resource_index/parent_prefix_path/turtlebot3_gazebo
[15.903s] -- Up-to-date: /home/thegodset/fyp/install/turtlebot3_gazebo/share/turtlebot3_gazebo/environment/ament_prefix_path.sh
[15.903s] -- Installing: /home/thegodset/fyp/install/turtlebot3_gazebo/share/turtlebot3_gazebo/environment/ament_prefix_path.dsv
[15.903s] -- Up-to-date: /home/thegodset/fyp/install/turtlebot3_gazebo/share/turtlebot3_gazebo/environment/path.sh
[15.903s] -- Installing: /home/thegodset/fyp/install/turtlebot3_gazebo/share/turtlebot3_gazebo/environment/path.dsv
[15.903s] -- Up-to-date: /home/thegodset/fyp/install/turtlebot3_gazebo/share/turtlebot3_gazebo/local_setup.bash
[15.903s] -- Up-to-date: /home/thegodset/fyp/install/turtlebot3_gazebo/share/turtlebot3_gazebo/local_setup.sh
[15.903s] -- Up-to-date: /home/thegodset/fyp/install/turtlebot3_gazebo/share/turtlebot3_gazebo/local_setup.zsh
[15.903s] -- Installing: /home/thegodset/fyp/install/turtlebot3_gazebo/share/turtlebot3_gazebo/local_setup.dsv
[15.903s] -- Installing: /home/thegodset/fyp/install/turtlebot3_gazebo/share/turtlebot3_gazebo/package.dsv
[15.904s] -- Up-to-date: /home/thegodset/fyp/install/turtlebot3_gazebo/share/ament_index/resource_index/packages/turtlebot3_gazebo
[15.904s] -- Up-to-date: /home/thegodset/fyp/install/turtlebot3_gazebo/share/turtlebot3_gazebo/cmake/ament_cmake_export_include_directories-extras.cmake
[15.904s] -- Up-to-date: /home/thegodset/fyp/install/turtlebot3_gazebo/share/turtlebot3_gazebo/cmake/ament_cmake_export_dependencies-extras.cmake
[15.904s] -- Up-to-date: /home/thegodset/fyp/install/turtlebot3_gazebo/share/turtlebot3_gazebo/cmake/turtlebot3_gazeboConfig.cmake
[15.904s] -- Up-to-date: /home/thegodset/fyp/install/turtlebot3_gazebo/share/turtlebot3_gazebo/cmake/turtlebot3_gazeboConfig-version.cmake
[15.904s] -- Up-to-date: /home/thegodset/fyp/install/turtlebot3_gazebo/share/turtlebot3_gazebo/package.xml
[15.905s] Invoked command in '/home/thegodset/fyp/build/turtlebot3_gazebo' returned '0': CMAKE_PREFIX_PATH=/opt/ros/humble /usr/bin/cmake --install /home/thegodset/fyp/build/turtlebot3_gazebo
