[0.009s] Invoking command in '/home/thegodset/fyp/build/vda5050_connector': AMENT_PREFIX_PATH=/home/thegodset/fyp/install/vda5050_msgs:${AMENT_PREFIX_PATH} CMAKE_PREFIX_PATH=/home/thegodset/fyp/install/vda5050_msgs:/opt/ros/humble LD_LIBRARY_PATH=/home/thegodset/fyp/install/vda5050_msgs/lib:${LD_LIBRARY_PATH} PYTHONPATH=/home/thegodset/fyp/install/vda5050_msgs/local/lib/python3.10/dist-packages:${PYTHONPATH} /usr/bin/cmake /home/thegodset/fyp/src/vda5050_connector -DCMAKE_INSTALL_PREFIX=/home/thegodset/fyp/install/vda5050_connector
[0.046s] -- The C compiler identification is GNU 11.4.0
[0.082s] -- The CXX compiler identification is GNU 11.4.0
[0.087s] -- Detecting C compiler ABI info
[0.144s] -- Detecting C compiler ABI info - done
[0.149s] -- Check for working C compiler: /usr/bin/cc - skipped
[0.150s] -- Detecting C compile features
[0.150s] -- Detecting C compile features - done
[0.152s] -- Detecting CXX compiler ABI info
[0.231s] -- Detecting CXX compiler ABI info - done
[0.236s] -- Check for working CXX compiler: /usr/bin/c++ - skipped
[0.236s] -- Detecting CXX compile features
[0.237s] -- Detecting CXX compile features - done
[0.238s] -- Found ament_cmake: 1.3.10 (/opt/ros/humble/share/ament_cmake/cmake)
[0.355s] -- Found Python3: /usr/bin/python3 (found version "3.10.12") found components: Interpreter 
[0.423s] -- Found ament_cmake_ros: 0.10.0 (/opt/ros/humble/share/ament_cmake_ros/cmake)
[0.434s] -- Found pluginlib: 5.1.0 (/opt/ros/humble/share/pluginlib/cmake)
[0.495s] -- Found rclcpp_action: 16.0.10 (/opt/ros/humble/share/rclcpp_action/cmake)
[0.537s] -- Found rosidl_generator_c: 3.1.5 (/opt/ros/humble/share/rosidl_generator_c/cmake)
[0.545s] -- Found rosidl_adapter: 3.1.5 (/opt/ros/humble/share/rosidl_adapter/cmake)
[0.555s] -- Found rosidl_generator_cpp: 3.1.5 (/opt/ros/humble/share/rosidl_generator_cpp/cmake)
[0.568s] -- Using all available rosidl_typesupport_c: rosidl_typesupport_fastrtps_c;rosidl_typesupport_introspection_c
[0.580s] -- Using all available rosidl_typesupport_cpp: rosidl_typesupport_fastrtps_cpp;rosidl_typesupport_introspection_cpp
[0.671s] -- Found rmw_implementation_cmake: 6.1.2 (/opt/ros/humble/share/rmw_implementation_cmake/cmake)
[0.677s] -- Found rmw_cyclonedds_cpp: 1.3.4 (/opt/ros/humble/share/rmw_cyclonedds_cpp/cmake)
[0.709s] -- Using RMW implementation 'rmw_cyclonedds_cpp' as default
[0.719s] -- Looking for pthread.h
[0.776s] -- Looking for pthread.h - found
[0.776s] -- Performing Test CMAKE_HAVE_LIBC_PTHREAD
[0.823s] -- Performing Test CMAKE_HAVE_LIBC_PTHREAD - Success
[0.824s] -- Found Threads: TRUE  
[0.895s] -- Found rclpy: 3.3.14 (/opt/ros/humble/share/rclpy/cmake)
[0.897s] -- Found rosidl_default_generators: 1.2.0 (/opt/ros/humble/share/rosidl_default_generators/cmake)
[0.909s] -- Found tf2: 0.25.8 (/opt/ros/humble/share/tf2/cmake)
[0.934s] -- Found vda5050_msgs: 0.0.0 (/home/thegodset/fyp/install/vda5050_msgs/share/vda5050_msgs/cmake)
[1.232s] -- Found ament_cmake_cppcheck: 0.12.11 (/opt/ros/humble/share/ament_cmake_cppcheck/cmake)
[1.241s] -- Found ament_cmake_cpplint: 0.12.11 (/opt/ros/humble/share/ament_cmake_cpplint/cmake)
[1.244s] -- Found ament_cmake_uncrustify: 0.12.11 (/opt/ros/humble/share/ament_cmake_uncrustify/cmake)
[1.697s] -- Using all available rosidl_typesupport_c: rosidl_typesupport_fastrtps_c;rosidl_typesupport_introspection_c
[1.862s] -- Using all available rosidl_typesupport_cpp: rosidl_typesupport_fastrtps_cpp;rosidl_typesupport_introspection_cpp
[1.879s] -- Found PythonInterp: /usr/bin/python3 (found suitable version "3.10.12", minimum required is "3.6") 
[1.884s] -- Found python_cmake_module: 0.10.0 (/opt/ros/humble/share/python_cmake_module/cmake)
[1.903s] -- Found PythonLibs: /usr/lib/x86_64-linux-gnu/libpython3.10.so (found suitable version "3.10.12", minimum required is "3.5") 
[1.903s] -- Using PYTHON_EXECUTABLE: /usr/bin/python3
[1.903s] -- Using PYTHON_INCLUDE_DIRS: /usr/include/python3.10
[1.903s] -- Using PYTHON_LIBRARIES: /usr/lib/x86_64-linux-gnu/libpython3.10.so
[1.920s] -- Found PythonExtra: .so  
[1.992s] -- Found ament_cmake_flake8: 0.12.11 (/opt/ros/humble/share/ament_cmake_flake8/cmake)
[1.998s] -- Found ament_cmake_pep257: 0.12.11 (/opt/ros/humble/share/ament_cmake_pep257/cmake)
[2.003s] -- Found ament_cmake_clang_format: 0.12.11 (/opt/ros/humble/share/ament_cmake_clang_format/cmake)
[2.005s] -- Found ament_cmake_copyright: 0.12.11 (/opt/ros/humble/share/ament_cmake_copyright/cmake)
[2.402s] -- Found gtest sources under '/opt/ros/humble/src/gtest_vendor': C++ tests using 'Google Test' will be built
[2.422s] -- Configuring done
[2.549s] -- Generating done
[2.585s] -- Build files have been written to: /home/thegodset/fyp/build/vda5050_connector
[2.599s] Invoked command in '/home/thegodset/fyp/build/vda5050_connector' returned '0': AMENT_PREFIX_PATH=/home/thegodset/fyp/install/vda5050_msgs:${AMENT_PREFIX_PATH} CMAKE_PREFIX_PATH=/home/thegodset/fyp/install/vda5050_msgs:/opt/ros/humble LD_LIBRARY_PATH=/home/thegodset/fyp/install/vda5050_msgs/lib:${LD_LIBRARY_PATH} PYTHONPATH=/home/thegodset/fyp/install/vda5050_msgs/local/lib/python3.10/dist-packages:${PYTHONPATH} /usr/bin/cmake /home/thegodset/fyp/src/vda5050_connector -DCMAKE_INSTALL_PREFIX=/home/thegodset/fyp/install/vda5050_connector
[2.599s] Invoking command in '/home/thegodset/fyp/build/vda5050_connector': AMENT_PREFIX_PATH=/home/thegodset/fyp/install/vda5050_msgs:${AMENT_PREFIX_PATH} CMAKE_PREFIX_PATH=/home/thegodset/fyp/install/vda5050_msgs:/opt/ros/humble LD_LIBRARY_PATH=/home/thegodset/fyp/install/vda5050_msgs/lib:${LD_LIBRARY_PATH} PYTHONPATH=/home/thegodset/fyp/install/vda5050_msgs/local/lib/python3.10/dist-packages:${PYTHONPATH} /usr/bin/cmake --build /home/thegodset/fyp/build/vda5050_connector -- -j16 -l16
[2.625s] [  1%] [34m[1mGenerating C code for ROS interfaces[0m
[2.631s] [  2%] [32mBuilding CXX object gtest/CMakeFiles/gtest.dir/src/gtest-all.cc.o[0m
[2.631s] [  4%] [34m[1mGenerating C++ code for ROS interfaces[0m
[2.631s] [  5%] [32mBuilding CXX object gtest/CMakeFiles/gtest_main.dir/src/gtest_main.cc.o[0m
[2.638s] [  5%] Built target ament_cmake_python_copy_vda5050_connector
[2.645s] [  5%] Built target ament_cmake_python_copy_vda5050_connector_py
[3.047s] running egg_info
[3.047s] running egg_info
[3.048s] creating vda5050_connector.egg-info
[3.048s] creating vda5050_connector_py.egg-info
[3.048s] writing vda5050_connector.egg-info/PKG-INFO
[3.049s] writing vda5050_connector_py.egg-info/PKG-INFO
[3.049s] writing dependency_links to vda5050_connector_py.egg-info/dependency_links.txt
[3.049s] writing dependency_links to vda5050_connector.egg-info/dependency_links.txt
[3.049s] writing top-level names to vda5050_connector_py.egg-info/top_level.txt
[3.050s] writing top-level names to vda5050_connector.egg-info/top_level.txt
[3.050s] writing manifest file 'vda5050_connector.egg-info/SOURCES.txt'
[3.050s] writing manifest file 'vda5050_connector_py.egg-info/SOURCES.txt'
[3.054s] reading manifest file 'vda5050_connector_py.egg-info/SOURCES.txt'
[3.054s] reading manifest file 'vda5050_connector.egg-info/SOURCES.txt'
[3.054s] writing manifest file 'vda5050_connector_py.egg-info/SOURCES.txt'
[3.055s] writing manifest file 'vda5050_connector.egg-info/SOURCES.txt'
[3.084s] [  5%] Built target ament_cmake_python_build_vda5050_connector_py_egg
[3.085s] [  5%] Built target ament_cmake_python_build_vda5050_connector_egg
[3.450s] [  5%] Built target vda5050_connector__cpp
[3.460s] [  6%] [34m[1mGenerating C++ type support dispatch for ROS interfaces[0m
[3.461s] [  8%] [34m[1mGenerating C++ introspection for ROS interfaces[0m
[3.462s] [  9%] [34m[1mGenerating C++ type support for eProsima Fast-RTPS[0m
[3.502s] [ 13%] [32mBuilding C object CMakeFiles/vda5050_connector__rosidl_generator_c.dir/rosidl_generator_c/vda5050_connector/srv/detail/get_state__functions.c.o[0m
[3.502s] [ 13%] [32mBuilding C object CMakeFiles/vda5050_connector__rosidl_generator_c.dir/rosidl_generator_c/vda5050_connector/srv/detail/supported_actions__functions.c.o[0m
[3.503s] [ 13%] [32mBuilding C object CMakeFiles/vda5050_connector__rosidl_generator_c.dir/rosidl_generator_c/vda5050_connector/action/detail/process_vda_action__functions.c.o[0m
[3.508s] [ 15%] [32mBuilding C object CMakeFiles/vda5050_connector__rosidl_generator_c.dir/rosidl_generator_c/vda5050_connector/action/detail/navigate_to_node__functions.c.o[0m
[3.661s] [ 16%] [32m[1mLinking CXX static library libgtest_main.a[0m
[3.675s] [ 18%] [32m[1mLinking C shared library libvda5050_connector__rosidl_generator_c.so[0m
[3.698s] [ 18%] Built target gtest_main
[3.719s] [ 18%] Built target vda5050_connector__rosidl_generator_c
[3.730s] [ 20%] [34m[1mGenerating C type support dispatch for ROS interfaces[0m
[3.730s] [ 20%] [34m[1mGenerating C type support for eProsima Fast-RTPS[0m
[3.732s] [ 22%] [34m[1mGenerating C introspection for ROS interfaces[0m
[4.040s] [ 25%] [32mBuilding CXX object CMakeFiles/vda5050_connector__rosidl_typesupport_cpp.dir/rosidl_typesupport_cpp/vda5050_connector/action/process_vda_action__type_support.cpp.o[0m
[4.040s] [ 25%] [32mBuilding CXX object CMakeFiles/vda5050_connector__rosidl_typesupport_cpp.dir/rosidl_typesupport_cpp/vda5050_connector/action/navigate_to_node__type_support.cpp.o[0m
[4.044s] [ 27%] [32mBuilding CXX object CMakeFiles/vda5050_connector__rosidl_typesupport_cpp.dir/rosidl_typesupport_cpp/vda5050_connector/srv/get_state__type_support.cpp.o[0m
[4.045s] [ 27%] [32mBuilding CXX object CMakeFiles/vda5050_connector__rosidl_typesupport_cpp.dir/rosidl_typesupport_cpp/vda5050_connector/srv/supported_actions__type_support.cpp.o[0m
[4.227s] [ 33%] [32mBuilding CXX object CMakeFiles/vda5050_connector__rosidl_typesupport_introspection_cpp.dir/rosidl_typesupport_introspection_cpp/vda5050_connector/srv/detail/get_state__type_support.cpp.o[0m
[4.227s] [ 33%] [32mBuilding CXX object CMakeFiles/vda5050_connector__rosidl_typesupport_introspection_cpp.dir/rosidl_typesupport_introspection_cpp/vda5050_connector/action/detail/navigate_to_node__type_support.cpp.o[0m
[4.227s] [ 33%] [32mBuilding CXX object CMakeFiles/vda5050_connector__rosidl_typesupport_introspection_cpp.dir/rosidl_typesupport_introspection_cpp/vda5050_connector/srv/detail/supported_actions__type_support.cpp.o[0m
[4.227s] [ 33%] [32mBuilding CXX object CMakeFiles/vda5050_connector__rosidl_typesupport_introspection_cpp.dir/rosidl_typesupport_introspection_cpp/vda5050_connector/action/detail/process_vda_action__type_support.cpp.o[0m
[4.396s] [ 34%] [32mBuilding CXX object CMakeFiles/vda5050_connector__rosidl_typesupport_c.dir/rosidl_typesupport_c/vda5050_connector/srv/get_state__type_support.cpp.o[0m
[4.402s] [ 36%] [32mBuilding CXX object CMakeFiles/vda5050_connector__rosidl_typesupport_c.dir/rosidl_typesupport_c/vda5050_connector/action/navigate_to_node__type_support.cpp.o[0m
[4.416s] [ 37%] [32mBuilding CXX object CMakeFiles/vda5050_connector__rosidl_typesupport_c.dir/rosidl_typesupport_c/vda5050_connector/action/process_vda_action__type_support.cpp.o[0m
[4.426s] [ 38%] [32mBuilding CXX object CMakeFiles/vda5050_connector__rosidl_typesupport_c.dir/rosidl_typesupport_c/vda5050_connector/srv/supported_actions__type_support.cpp.o[0m
[4.497s] [ 40%] [32m[1mLinking CXX shared library libvda5050_connector__rosidl_typesupport_c.so[0m
[4.520s] [ 41%] [32mBuilding CXX object CMakeFiles/vda5050_connector__rosidl_typesupport_fastrtps_cpp.dir/rosidl_typesupport_fastrtps_cpp/vda5050_connector/action/detail/dds_fastrtps/navigate_to_node__type_support.cpp.o[0m
[4.523s] [ 43%] [32mBuilding CXX object CMakeFiles/vda5050_connector__rosidl_typesupport_fastrtps_cpp.dir/rosidl_typesupport_fastrtps_cpp/vda5050_connector/action/detail/dds_fastrtps/process_vda_action__type_support.cpp.o[0m
[4.534s] [ 44%] [32mBuilding CXX object CMakeFiles/vda5050_connector__rosidl_typesupport_fastrtps_cpp.dir/rosidl_typesupport_fastrtps_cpp/vda5050_connector/srv/detail/dds_fastrtps/get_state__type_support.cpp.o[0m
[4.536s] [ 45%] [32mBuilding CXX object CMakeFiles/vda5050_connector__rosidl_typesupport_fastrtps_cpp.dir/rosidl_typesupport_fastrtps_cpp/vda5050_connector/srv/detail/dds_fastrtps/supported_actions__type_support.cpp.o[0m
[4.561s] [ 45%] Built target vda5050_connector__rosidl_typesupport_c
[4.796s] [ 47%] [32mBuilding C object CMakeFiles/vda5050_connector__rosidl_typesupport_introspection_c.dir/rosidl_typesupport_introspection_c/vda5050_connector/action/detail/navigate_to_node__type_support.c.o[0m
[4.796s] [ 48%] [32mBuilding C object CMakeFiles/vda5050_connector__rosidl_typesupport_introspection_c.dir/rosidl_typesupport_introspection_c/vda5050_connector/action/detail/process_vda_action__type_support.c.o[0m
[4.826s] [ 50%] [32mBuilding C object CMakeFiles/vda5050_connector__rosidl_typesupport_introspection_c.dir/rosidl_typesupport_introspection_c/vda5050_connector/srv/detail/supported_actions__type_support.c.o[0m
[4.830s] [ 51%] [32mBuilding C object CMakeFiles/vda5050_connector__rosidl_typesupport_introspection_c.dir/rosidl_typesupport_introspection_c/vda5050_connector/srv/detail/get_state__type_support.c.o[0m
[4.871s] [ 52%] [32mBuilding CXX object CMakeFiles/vda5050_connector__rosidl_typesupport_fastrtps_c.dir/rosidl_typesupport_fastrtps_c/vda5050_connector/action/detail/navigate_to_node__type_support_c.cpp.o[0m
[4.887s] [ 54%] [32mBuilding CXX object CMakeFiles/vda5050_connector__rosidl_typesupport_fastrtps_c.dir/rosidl_typesupport_fastrtps_c/vda5050_connector/action/detail/process_vda_action__type_support_c.cpp.o[0m
[4.921s] [ 55%] [32mBuilding CXX object CMakeFiles/vda5050_connector__rosidl_typesupport_fastrtps_c.dir/rosidl_typesupport_fastrtps_c/vda5050_connector/srv/detail/get_state__type_support_c.cpp.o[0m
[4.935s] [ 56%] [32mBuilding CXX object CMakeFiles/vda5050_connector__rosidl_typesupport_fastrtps_c.dir/rosidl_typesupport_fastrtps_c/vda5050_connector/srv/detail/supported_actions__type_support_c.cpp.o[0m
[4.953s] [ 58%] [32m[1mLinking C shared library libvda5050_connector__rosidl_typesupport_introspection_c.so[0m
[4.966s] [ 59%] [32m[1mLinking CXX shared library libvda5050_connector__rosidl_typesupport_cpp.so[0m
[5.116s] [ 59%] Built target vda5050_connector__rosidl_typesupport_introspection_c
[5.134s] [ 59%] Built target vda5050_connector__rosidl_typesupport_cpp
[5.213s] [ 61%] [32mBuilding CXX object CMakeFiles/adapter.dir/src/adapter.cpp.o[0m
[5.226s] [ 62%] [32mBuilding CXX object CMakeFiles/adapter.dir/src/utils.cpp.o[0m
[5.571s] [ 63%] [32m[1mLinking CXX shared library libvda5050_connector__rosidl_typesupport_introspection_cpp.so[0m
[5.735s] [ 63%] Built target vda5050_connector__rosidl_typesupport_introspection_cpp
[5.741s] [ 65%] [32m[1mLinking CXX shared library libvda5050_connector__rosidl_typesupport_fastrtps_c.so[0m
[5.788s] [ 66%] [32m[1mLinking CXX shared library libvda5050_connector__rosidl_typesupport_fastrtps_cpp.so[0m
[5.870s] [ 66%] Built target vda5050_connector__rosidl_typesupport_fastrtps_c
[5.912s] [ 66%] Built target vda5050_connector__rosidl_typesupport_fastrtps_cpp
[5.930s] [ 66%] Built target vda5050_connector
[5.948s] [ 68%] [34m[1mGenerating Python code for ROS interfaces[0m
[7.061s] [ 69%] [32m[1mLinking CXX static library libgtest.a[0m
[7.114s] [ 69%] Built target gtest
[7.402s] [ 69%] Built target vda5050_connector__py
[7.418s] [ 70%] [32mBuilding C object CMakeFiles/vda5050_connector__rosidl_generator_py.dir/rosidl_generator_py/vda5050_connector/action/_navigate_to_node_s.c.o[0m
[7.418s] [ 72%] [32mBuilding C object CMakeFiles/vda5050_connector__rosidl_generator_py.dir/rosidl_generator_py/vda5050_connector/action/_process_vda_action_s.c.o[0m
[7.419s] [ 73%] [32mBuilding C object CMakeFiles/vda5050_connector__rosidl_generator_py.dir/rosidl_generator_py/vda5050_connector/srv/_supported_actions_s.c.o[0m
[7.422s] [ 75%] [32mBuilding C object CMakeFiles/vda5050_connector__rosidl_generator_py.dir/rosidl_generator_py/vda5050_connector/srv/_get_state_s.c.o[0m
[7.562s] [ 76%] [32m[1mLinking C shared library rosidl_generator_py/vda5050_connector/libvda5050_connector__rosidl_generator_py.so[0m
[7.601s] [ 76%] Built target vda5050_connector__rosidl_generator_py
[7.617s] [ 77%] [32mBuilding C object CMakeFiles/vda5050_connector__rosidl_typesupport_fastrtps_c__pyext.dir/rosidl_generator_py/vda5050_connector/_vda5050_connector_s.ep.rosidl_typesupport_fastrtps_c.c.o[0m
[7.618s] [ 79%] [32mBuilding C object CMakeFiles/vda5050_connector__rosidl_typesupport_introspection_c__pyext.dir/rosidl_generator_py/vda5050_connector/_vda5050_connector_s.ep.rosidl_typesupport_introspection_c.c.o[0m
[7.620s] [ 80%] [32mBuilding C object CMakeFiles/vda5050_connector__rosidl_typesupport_c__pyext.dir/rosidl_generator_py/vda5050_connector/_vda5050_connector_s.ep.rosidl_typesupport_c.c.o[0m
[7.784s] [ 81%] [32m[1mLinking C shared library rosidl_generator_py/vda5050_connector/vda5050_connector_s__rosidl_typesupport_c.cpython-310-x86_64-linux-gnu.so[0m
[7.789s] [ 84%] [32m[1mLinking C shared library rosidl_generator_py/vda5050_connector/vda5050_connector_s__rosidl_typesupport_introspection_c.cpython-310-x86_64-linux-gnu.so[0m
[7.789s] [ 84%] [32m[1mLinking C shared library rosidl_generator_py/vda5050_connector/vda5050_connector_s__rosidl_typesupport_fastrtps_c.cpython-310-x86_64-linux-gnu.so[0m
[7.831s] [ 84%] Built target vda5050_connector__rosidl_typesupport_c__pyext
[7.832s] [ 84%] Built target vda5050_connector__rosidl_typesupport_introspection_c__pyext
[7.834s] [ 84%] Built target vda5050_connector__rosidl_typesupport_fastrtps_c__pyext
[13.526s] [ 86%] [32m[1mLinking CXX shared library libadapter.so[0m
[13.838s] [ 86%] Built target adapter
[13.851s] [ 87%] [32mBuilding CXX object test/adapter/CMakeFiles/test_node_config.dir/node_config/node_config_test.cpp.o[0m
[13.851s] [ 90%] [32mBuilding CXX object test/adapter/CMakeFiles/test_plugins.dir/common/stub_nav_to_node.cpp.o[0m
[13.851s] [ 90%] [32mBuilding CXX object test/adapter/CMakeFiles/test_plugins.dir/common/stub_state_handlers.cpp.o[0m
[13.852s] [ 91%] [32mBuilding CXX object test/adapter/CMakeFiles/test_plugins.dir/common/stub_vda_actions.cpp.o[0m
[13.853s] [ 93%] [32mBuilding CXX object test/adapter/CMakeFiles/test_plugin_load.dir/plugin_load/plugin_load_test.cpp.o[0m
[13.868s] [ 94%] [32mBuilding CXX object test/adapter/CMakeFiles/test_handler_execution.dir/handler_execution/handler_execution_test.cpp.o[0m
[19.133s] [ 95%] [32m[1mLinking CXX executable test_node_config[0m
[19.350s] [ 97%] [32m[1mLinking CXX executable test_handler_execution[0m
[19.362s] [ 97%] Built target test_node_config
[19.571s] [ 97%] Built target test_handler_execution
[19.725s] [ 98%] [32m[1mLinking CXX executable test_plugin_load[0m
[19.959s] [ 98%] Built target test_plugin_load
[21.469s] [100%] [32m[1mLinking CXX shared library libtest_plugins.so[0m
[21.798s] [100%] Built target test_plugins
[21.806s] Invoked command in '/home/thegodset/fyp/build/vda5050_connector' returned '0': AMENT_PREFIX_PATH=/home/thegodset/fyp/install/vda5050_msgs:${AMENT_PREFIX_PATH} CMAKE_PREFIX_PATH=/home/thegodset/fyp/install/vda5050_msgs:/opt/ros/humble LD_LIBRARY_PATH=/home/thegodset/fyp/install/vda5050_msgs/lib:${LD_LIBRARY_PATH} PYTHONPATH=/home/thegodset/fyp/install/vda5050_msgs/local/lib/python3.10/dist-packages:${PYTHONPATH} /usr/bin/cmake --build /home/thegodset/fyp/build/vda5050_connector -- -j16 -l16
[21.809s] Invoking command in '/home/thegodset/fyp/build/vda5050_connector': AMENT_PREFIX_PATH=/home/thegodset/fyp/install/vda5050_msgs:${AMENT_PREFIX_PATH} CMAKE_PREFIX_PATH=/home/thegodset/fyp/install/vda5050_msgs:/opt/ros/humble LD_LIBRARY_PATH=/home/thegodset/fyp/install/vda5050_msgs/lib:${LD_LIBRARY_PATH} PYTHONPATH=/home/thegodset/fyp/install/vda5050_msgs/local/lib/python3.10/dist-packages:${PYTHONPATH} /usr/bin/cmake --install /home/thegodset/fyp/build/vda5050_connector
[21.814s] -- Install configuration: ""
[21.815s] -- Installing: /home/thegodset/fyp/install/vda5050_connector/share/ament_index/resource_index/rosidl_interfaces/vda5050_connector
[21.815s] -- Installing: /home/thegodset/fyp/install/vda5050_connector/include/vda5050_connector/vda5050_connector
[21.816s] -- Installing: /home/thegodset/fyp/install/vda5050_connector/include/vda5050_connector/vda5050_connector/msg
[21.816s] -- Installing: /home/thegodset/fyp/install/vda5050_connector/include/vda5050_connector/vda5050_connector/msg/rosidl_generator_c__visibility_control.h
[21.816s] -- Installing: /home/thegodset/fyp/install/vda5050_connector/include/vda5050_connector/vda5050_connector/srv
[21.816s] -- Installing: /home/thegodset/fyp/install/vda5050_connector/include/vda5050_connector/vda5050_connector/srv/detail
[21.816s] -- Installing: /home/thegodset/fyp/install/vda5050_connector/include/vda5050_connector/vda5050_connector/srv/detail/get_state__struct.h
[21.817s] -- Installing: /home/thegodset/fyp/install/vda5050_connector/include/vda5050_connector/vda5050_connector/srv/detail/get_state__functions.h
[21.819s] -- Installing: /home/thegodset/fyp/install/vda5050_connector/include/vda5050_connector/vda5050_connector/srv/detail/supported_actions__functions.h
[21.819s] -- Installing: /home/thegodset/fyp/install/vda5050_connector/include/vda5050_connector/vda5050_connector/srv/detail/get_state__functions.c
[21.819s] -- Installing: /home/thegodset/fyp/install/vda5050_connector/include/vda5050_connector/vda5050_connector/srv/detail/get_state__type_support.h
[21.819s] -- Installing: /home/thegodset/fyp/install/vda5050_connector/include/vda5050_connector/vda5050_connector/srv/detail/supported_actions__functions.c
[21.819s] -- Installing: /home/thegodset/fyp/install/vda5050_connector/include/vda5050_connector/vda5050_connector/srv/detail/supported_actions__struct.h
[21.819s] -- Installing: /home/thegodset/fyp/install/vda5050_connector/include/vda5050_connector/vda5050_connector/srv/detail/supported_actions__type_support.h
[21.819s] -- Installing: /home/thegodset/fyp/install/vda5050_connector/include/vda5050_connector/vda5050_connector/srv/supported_actions.h
[21.819s] -- Installing: /home/thegodset/fyp/install/vda5050_connector/include/vda5050_connector/vda5050_connector/srv/get_state.h
[21.819s] -- Installing: /home/thegodset/fyp/install/vda5050_connector/include/vda5050_connector/vda5050_connector/action
[21.819s] -- Installing: /home/thegodset/fyp/install/vda5050_connector/include/vda5050_connector/vda5050_connector/action/detail
[21.820s] -- Installing: /home/thegodset/fyp/install/vda5050_connector/include/vda5050_connector/vda5050_connector/action/detail/navigate_to_node__functions.c
[21.820s] -- Installing: /home/thegodset/fyp/install/vda5050_connector/include/vda5050_connector/vda5050_connector/action/detail/process_vda_action__functions.c
[21.820s] -- Installing: /home/thegodset/fyp/install/vda5050_connector/include/vda5050_connector/vda5050_connector/action/detail/navigate_to_node__struct.h
[21.820s] -- Installing: /home/thegodset/fyp/install/vda5050_connector/include/vda5050_connector/vda5050_connector/action/detail/process_vda_action__struct.h
[21.820s] -- Installing: /home/thegodset/fyp/install/vda5050_connector/include/vda5050_connector/vda5050_connector/action/detail/navigate_to_node__functions.h
[21.820s] -- Installing: /home/thegodset/fyp/install/vda5050_connector/include/vda5050_connector/vda5050_connector/action/detail/navigate_to_node__type_support.h
[21.820s] -- Installing: /home/thegodset/fyp/install/vda5050_connector/include/vda5050_connector/vda5050_connector/action/detail/process_vda_action__type_support.h
[21.820s] -- Installing: /home/thegodset/fyp/install/vda5050_connector/include/vda5050_connector/vda5050_connector/action/detail/process_vda_action__functions.h
[21.820s] -- Installing: /home/thegodset/fyp/install/vda5050_connector/include/vda5050_connector/vda5050_connector/action/navigate_to_node.h
[21.820s] -- Installing: /home/thegodset/fyp/install/vda5050_connector/include/vda5050_connector/vda5050_connector/action/process_vda_action.h
[21.821s] -- Installing: /home/thegodset/fyp/install/vda5050_connector/share/vda5050_connector/environment/library_path.sh
[21.821s] -- Installing: /home/thegodset/fyp/install/vda5050_connector/share/vda5050_connector/environment/library_path.dsv
[21.821s] -- Installing: /home/thegodset/fyp/install/vda5050_connector/lib/libvda5050_connector__rosidl_generator_c.so
[21.821s] -- Set runtime path of "/home/thegodset/fyp/install/vda5050_connector/lib/libvda5050_connector__rosidl_generator_c.so" to ""
[21.822s] -- Up-to-date: /home/thegodset/fyp/install/vda5050_connector/include/vda5050_connector/vda5050_connector
[21.822s] -- Up-to-date: /home/thegodset/fyp/install/vda5050_connector/include/vda5050_connector/vda5050_connector/msg
[21.822s] -- Installing: /home/thegodset/fyp/install/vda5050_connector/include/vda5050_connector/vda5050_connector/msg/rosidl_typesupport_fastrtps_c__visibility_control.h
[21.822s] -- Up-to-date: /home/thegodset/fyp/install/vda5050_connector/include/vda5050_connector/vda5050_connector/srv
[21.822s] -- Up-to-date: /home/thegodset/fyp/install/vda5050_connector/include/vda5050_connector/vda5050_connector/srv/detail
[21.822s] -- Installing: /home/thegodset/fyp/install/vda5050_connector/include/vda5050_connector/vda5050_connector/srv/detail/supported_actions__rosidl_typesupport_fastrtps_c.h
[21.822s] -- Installing: /home/thegodset/fyp/install/vda5050_connector/include/vda5050_connector/vda5050_connector/srv/detail/get_state__rosidl_typesupport_fastrtps_c.h
[21.822s] -- Up-to-date: /home/thegodset/fyp/install/vda5050_connector/include/vda5050_connector/vda5050_connector/action
[21.822s] -- Up-to-date: /home/thegodset/fyp/install/vda5050_connector/include/vda5050_connector/vda5050_connector/action/detail
[21.822s] -- Installing: /home/thegodset/fyp/install/vda5050_connector/include/vda5050_connector/vda5050_connector/action/detail/navigate_to_node__rosidl_typesupport_fastrtps_c.h
[21.822s] -- Installing: /home/thegodset/fyp/install/vda5050_connector/include/vda5050_connector/vda5050_connector/action/detail/process_vda_action__rosidl_typesupport_fastrtps_c.h
[21.822s] -- Installing: /home/thegodset/fyp/install/vda5050_connector/lib/libvda5050_connector__rosidl_typesupport_fastrtps_c.so
[21.823s] -- Set runtime path of "/home/thegodset/fyp/install/vda5050_connector/lib/libvda5050_connector__rosidl_typesupport_fastrtps_c.so" to ""
[21.823s] -- Up-to-date: /home/thegodset/fyp/install/vda5050_connector/include/vda5050_connector/vda5050_connector
[21.823s] -- Up-to-date: /home/thegodset/fyp/install/vda5050_connector/include/vda5050_connector/vda5050_connector/srv
[21.824s] -- Up-to-date: /home/thegodset/fyp/install/vda5050_connector/include/vda5050_connector/vda5050_connector/srv/detail
[21.824s] -- Installing: /home/thegodset/fyp/install/vda5050_connector/include/vda5050_connector/vda5050_connector/srv/detail/supported_actions__traits.hpp
[21.824s] -- Installing: /home/thegodset/fyp/install/vda5050_connector/include/vda5050_connector/vda5050_connector/srv/detail/supported_actions__struct.hpp
[21.824s] -- Installing: /home/thegodset/fyp/install/vda5050_connector/include/vda5050_connector/vda5050_connector/srv/detail/get_state__struct.hpp
[21.824s] -- Installing: /home/thegodset/fyp/install/vda5050_connector/include/vda5050_connector/vda5050_connector/srv/detail/supported_actions__builder.hpp
[21.824s] -- Installing: /home/thegodset/fyp/install/vda5050_connector/include/vda5050_connector/vda5050_connector/srv/detail/get_state__builder.hpp
[21.824s] -- Installing: /home/thegodset/fyp/install/vda5050_connector/include/vda5050_connector/vda5050_connector/srv/detail/get_state__traits.hpp
[21.824s] -- Installing: /home/thegodset/fyp/install/vda5050_connector/include/vda5050_connector/vda5050_connector/srv/supported_actions.hpp
[21.824s] -- Installing: /home/thegodset/fyp/install/vda5050_connector/include/vda5050_connector/vda5050_connector/srv/get_state.hpp
[21.825s] -- Up-to-date: /home/thegodset/fyp/install/vda5050_connector/include/vda5050_connector/vda5050_connector/action
[21.825s] -- Up-to-date: /home/thegodset/fyp/install/vda5050_connector/include/vda5050_connector/vda5050_connector/action/detail
[21.825s] -- Installing: /home/thegodset/fyp/install/vda5050_connector/include/vda5050_connector/vda5050_connector/action/detail/navigate_to_node__struct.hpp
[21.825s] -- Installing: /home/thegodset/fyp/install/vda5050_connector/include/vda5050_connector/vda5050_connector/action/detail/navigate_to_node__traits.hpp
[21.825s] -- Installing: /home/thegodset/fyp/install/vda5050_connector/include/vda5050_connector/vda5050_connector/action/detail/process_vda_action__builder.hpp
[21.825s] -- Installing: /home/thegodset/fyp/install/vda5050_connector/include/vda5050_connector/vda5050_connector/action/detail/process_vda_action__struct.hpp
[21.825s] -- Installing: /home/thegodset/fyp/install/vda5050_connector/include/vda5050_connector/vda5050_connector/action/detail/process_vda_action__traits.hpp
[21.825s] -- Installing: /home/thegodset/fyp/install/vda5050_connector/include/vda5050_connector/vda5050_connector/action/detail/navigate_to_node__builder.hpp
[21.825s] -- Installing: /home/thegodset/fyp/install/vda5050_connector/include/vda5050_connector/vda5050_connector/action/process_vda_action.hpp
[21.825s] -- Installing: /home/thegodset/fyp/install/vda5050_connector/include/vda5050_connector/vda5050_connector/action/navigate_to_node.hpp
[21.825s] -- Up-to-date: /home/thegodset/fyp/install/vda5050_connector/include/vda5050_connector/vda5050_connector
[21.825s] -- Up-to-date: /home/thegodset/fyp/install/vda5050_connector/include/vda5050_connector/vda5050_connector/msg
[21.825s] -- Installing: /home/thegodset/fyp/install/vda5050_connector/include/vda5050_connector/vda5050_connector/msg/rosidl_typesupport_fastrtps_cpp__visibility_control.h
[21.825s] -- Up-to-date: /home/thegodset/fyp/install/vda5050_connector/include/vda5050_connector/vda5050_connector/srv
[21.826s] -- Up-to-date: /home/thegodset/fyp/install/vda5050_connector/include/vda5050_connector/vda5050_connector/srv/detail
[21.826s] -- Installing: /home/thegodset/fyp/install/vda5050_connector/include/vda5050_connector/vda5050_connector/srv/detail/supported_actions__rosidl_typesupport_fastrtps_cpp.hpp
[21.826s] -- Installing: /home/thegodset/fyp/install/vda5050_connector/include/vda5050_connector/vda5050_connector/srv/detail/get_state__rosidl_typesupport_fastrtps_cpp.hpp
[21.826s] -- Installing: /home/thegodset/fyp/install/vda5050_connector/include/vda5050_connector/vda5050_connector/srv/detail/dds_fastrtps
[21.826s] -- Up-to-date: /home/thegodset/fyp/install/vda5050_connector/include/vda5050_connector/vda5050_connector/action
[21.826s] -- Up-to-date: /home/thegodset/fyp/install/vda5050_connector/include/vda5050_connector/vda5050_connector/action/detail
[21.826s] -- Installing: /home/thegodset/fyp/install/vda5050_connector/include/vda5050_connector/vda5050_connector/action/detail/process_vda_action__rosidl_typesupport_fastrtps_cpp.hpp
[21.826s] -- Installing: /home/thegodset/fyp/install/vda5050_connector/include/vda5050_connector/vda5050_connector/action/detail/navigate_to_node__rosidl_typesupport_fastrtps_cpp.hpp
[21.826s] -- Installing: /home/thegodset/fyp/install/vda5050_connector/include/vda5050_connector/vda5050_connector/action/detail/dds_fastrtps
[21.826s] -- Installing: /home/thegodset/fyp/install/vda5050_connector/lib/libvda5050_connector__rosidl_typesupport_fastrtps_cpp.so
[21.826s] -- Set runtime path of "/home/thegodset/fyp/install/vda5050_connector/lib/libvda5050_connector__rosidl_typesupport_fastrtps_cpp.so" to ""
[21.826s] -- Up-to-date: /home/thegodset/fyp/install/vda5050_connector/include/vda5050_connector/vda5050_connector
[21.826s] -- Up-to-date: /home/thegodset/fyp/install/vda5050_connector/include/vda5050_connector/vda5050_connector/msg
[21.827s] -- Installing: /home/thegodset/fyp/install/vda5050_connector/include/vda5050_connector/vda5050_connector/msg/rosidl_typesupport_introspection_c__visibility_control.h
[21.827s] -- Up-to-date: /home/thegodset/fyp/install/vda5050_connector/include/vda5050_connector/vda5050_connector/srv
[21.827s] -- Up-to-date: /home/thegodset/fyp/install/vda5050_connector/include/vda5050_connector/vda5050_connector/srv/detail
[21.827s] -- Installing: /home/thegodset/fyp/install/vda5050_connector/include/vda5050_connector/vda5050_connector/srv/detail/get_state__type_support.c
[21.827s] -- Installing: /home/thegodset/fyp/install/vda5050_connector/include/vda5050_connector/vda5050_connector/srv/detail/get_state__rosidl_typesupport_introspection_c.h
[21.827s] -- Installing: /home/thegodset/fyp/install/vda5050_connector/include/vda5050_connector/vda5050_connector/srv/detail/supported_actions__type_support.c
[21.827s] -- Installing: /home/thegodset/fyp/install/vda5050_connector/include/vda5050_connector/vda5050_connector/srv/detail/supported_actions__rosidl_typesupport_introspection_c.h
[21.827s] -- Up-to-date: /home/thegodset/fyp/install/vda5050_connector/include/vda5050_connector/vda5050_connector/action
[21.827s] -- Up-to-date: /home/thegodset/fyp/install/vda5050_connector/include/vda5050_connector/vda5050_connector/action/detail
[21.827s] -- Installing: /home/thegodset/fyp/install/vda5050_connector/include/vda5050_connector/vda5050_connector/action/detail/navigate_to_node__type_support.c
[21.827s] -- Installing: /home/thegodset/fyp/install/vda5050_connector/include/vda5050_connector/vda5050_connector/action/detail/process_vda_action__rosidl_typesupport_introspection_c.h
[21.827s] -- Installing: /home/thegodset/fyp/install/vda5050_connector/include/vda5050_connector/vda5050_connector/action/detail/navigate_to_node__rosidl_typesupport_introspection_c.h
[21.827s] -- Installing: /home/thegodset/fyp/install/vda5050_connector/include/vda5050_connector/vda5050_connector/action/detail/process_vda_action__type_support.c
[21.828s] -- Installing: /home/thegodset/fyp/install/vda5050_connector/lib/libvda5050_connector__rosidl_typesupport_introspection_c.so
[21.828s] -- Set runtime path of "/home/thegodset/fyp/install/vda5050_connector/lib/libvda5050_connector__rosidl_typesupport_introspection_c.so" to ""
[21.828s] -- Installing: /home/thegodset/fyp/install/vda5050_connector/lib/libvda5050_connector__rosidl_typesupport_c.so
[21.828s] -- Set runtime path of "/home/thegodset/fyp/install/vda5050_connector/lib/libvda5050_connector__rosidl_typesupport_c.so" to ""
[21.828s] -- Up-to-date: /home/thegodset/fyp/install/vda5050_connector/include/vda5050_connector/vda5050_connector
[21.828s] -- Up-to-date: /home/thegodset/fyp/install/vda5050_connector/include/vda5050_connector/vda5050_connector/srv
[21.828s] -- Up-to-date: /home/thegodset/fyp/install/vda5050_connector/include/vda5050_connector/vda5050_connector/srv/detail
[21.828s] -- Installing: /home/thegodset/fyp/install/vda5050_connector/include/vda5050_connector/vda5050_connector/srv/detail/get_state__rosidl_typesupport_introspection_cpp.hpp
[21.829s] -- Installing: /home/thegodset/fyp/install/vda5050_connector/include/vda5050_connector/vda5050_connector/srv/detail/get_state__type_support.cpp
[21.829s] -- Installing: /home/thegodset/fyp/install/vda5050_connector/include/vda5050_connector/vda5050_connector/srv/detail/supported_actions__type_support.cpp
[21.829s] -- Installing: /home/thegodset/fyp/install/vda5050_connector/include/vda5050_connector/vda5050_connector/srv/detail/supported_actions__rosidl_typesupport_introspection_cpp.hpp
[21.830s] -- Up-to-date: /home/thegodset/fyp/install/vda5050_connector/include/vda5050_connector/vda5050_connector/action
[21.830s] -- Up-to-date: /home/thegodset/fyp/install/vda5050_connector/include/vda5050_connector/vda5050_connector/action/detail
[21.830s] -- Installing: /home/thegodset/fyp/install/vda5050_connector/include/vda5050_connector/vda5050_connector/action/detail/process_vda_action__rosidl_typesupport_introspection_cpp.hpp
[21.830s] -- Installing: /home/thegodset/fyp/install/vda5050_connector/include/vda5050_connector/vda5050_connector/action/detail/process_vda_action__type_support.cpp
[21.830s] -- Installing: /home/thegodset/fyp/install/vda5050_connector/include/vda5050_connector/vda5050_connector/action/detail/navigate_to_node__type_support.cpp
[21.830s] -- Installing: /home/thegodset/fyp/install/vda5050_connector/include/vda5050_connector/vda5050_connector/action/detail/navigate_to_node__rosidl_typesupport_introspection_cpp.hpp
[21.831s] -- Installing: /home/thegodset/fyp/install/vda5050_connector/lib/libvda5050_connector__rosidl_typesupport_introspection_cpp.so
[21.831s] -- Set runtime path of "/home/thegodset/fyp/install/vda5050_connector/lib/libvda5050_connector__rosidl_typesupport_introspection_cpp.so" to ""
[21.831s] -- Installing: /home/thegodset/fyp/install/vda5050_connector/lib/libvda5050_connector__rosidl_typesupport_cpp.so
[21.832s] -- Set runtime path of "/home/thegodset/fyp/install/vda5050_connector/lib/libvda5050_connector__rosidl_typesupport_cpp.so" to ""
[21.832s] -- Installing: /home/thegodset/fyp/install/vda5050_connector/share/vda5050_connector/environment/pythonpath.sh
[21.832s] -- Installing: /home/thegodset/fyp/install/vda5050_connector/share/vda5050_connector/environment/pythonpath.dsv
[21.833s] -- Installing: /home/thegodset/fyp/install/vda5050_connector/local/lib/python3.10/dist-packages/vda5050_connector-1.1.1-py3.10.egg-info
[21.834s] -- Installing: /home/thegodset/fyp/install/vda5050_connector/local/lib/python3.10/dist-packages/vda5050_connector-1.1.1-py3.10.egg-info/dependency_links.txt
[21.834s] -- Installing: /home/thegodset/fyp/install/vda5050_connector/local/lib/python3.10/dist-packages/vda5050_connector-1.1.1-py3.10.egg-info/SOURCES.txt
[21.835s] -- Installing: /home/thegodset/fyp/install/vda5050_connector/local/lib/python3.10/dist-packages/vda5050_connector-1.1.1-py3.10.egg-info/top_level.txt
[21.835s] -- Installing: /home/thegodset/fyp/install/vda5050_connector/local/lib/python3.10/dist-packages/vda5050_connector-1.1.1-py3.10.egg-info/PKG-INFO
[21.835s] -- Installing: /home/thegodset/fyp/install/vda5050_connector/local/lib/python3.10/dist-packages/vda5050_connector
[21.835s] -- Installing: /home/thegodset/fyp/install/vda5050_connector/local/lib/python3.10/dist-packages/vda5050_connector/__init__.py
[21.836s] -- Installing: /home/thegodset/fyp/install/vda5050_connector/local/lib/python3.10/dist-packages/vda5050_connector/libvda5050_connector__rosidl_generator_py.so
[21.836s] -- Installing: /home/thegodset/fyp/install/vda5050_connector/local/lib/python3.10/dist-packages/vda5050_connector/vda5050_connector_s__rosidl_typesupport_introspection_c.cpython-310-x86_64-linux-gnu.so
[21.837s] -- Installing: /home/thegodset/fyp/install/vda5050_connector/local/lib/python3.10/dist-packages/vda5050_connector/vda5050_connector_s__rosidl_typesupport_fastrtps_c.cpython-310-x86_64-linux-gnu.so
[21.837s] -- Installing: /home/thegodset/fyp/install/vda5050_connector/local/lib/python3.10/dist-packages/vda5050_connector/srv
[21.837s] -- Installing: /home/thegodset/fyp/install/vda5050_connector/local/lib/python3.10/dist-packages/vda5050_connector/srv/__init__.py
[21.838s] -- Installing: /home/thegodset/fyp/install/vda5050_connector/local/lib/python3.10/dist-packages/vda5050_connector/srv/_get_state_s.c
[21.838s] -- Installing: /home/thegodset/fyp/install/vda5050_connector/local/lib/python3.10/dist-packages/vda5050_connector/srv/_supported_actions.py
[21.838s] -- Installing: /home/thegodset/fyp/install/vda5050_connector/local/lib/python3.10/dist-packages/vda5050_connector/srv/_supported_actions_s.c
[21.838s] -- Installing: /home/thegodset/fyp/install/vda5050_connector/local/lib/python3.10/dist-packages/vda5050_connector/srv/_get_state.py
[21.838s] -- Installing: /home/thegodset/fyp/install/vda5050_connector/local/lib/python3.10/dist-packages/vda5050_connector/vda5050_connector_s__rosidl_typesupport_c.cpython-310-x86_64-linux-gnu.so
[21.839s] -- Installing: /home/thegodset/fyp/install/vda5050_connector/local/lib/python3.10/dist-packages/vda5050_connector/_vda5050_connector_s.ep.rosidl_typesupport_fastrtps_c.c
[21.839s] -- Installing: /home/thegodset/fyp/install/vda5050_connector/local/lib/python3.10/dist-packages/vda5050_connector/action
[21.840s] -- Installing: /home/thegodset/fyp/install/vda5050_connector/local/lib/python3.10/dist-packages/vda5050_connector/action/_process_vda_action_s.c
[21.840s] -- Installing: /home/thegodset/fyp/install/vda5050_connector/local/lib/python3.10/dist-packages/vda5050_connector/action/__init__.py
[21.840s] -- Installing: /home/thegodset/fyp/install/vda5050_connector/local/lib/python3.10/dist-packages/vda5050_connector/action/_process_vda_action.py
[21.843s] -- Installing: /home/thegodset/fyp/install/vda5050_connector/local/lib/python3.10/dist-packages/vda5050_connector/action/_navigate_to_node_s.c
[21.843s] -- Installing: /home/thegodset/fyp/install/vda5050_connector/local/lib/python3.10/dist-packages/vda5050_connector/action/_navigate_to_node.py
[21.843s] -- Installing: /home/thegodset/fyp/install/vda5050_connector/local/lib/python3.10/dist-packages/vda5050_connector/_vda5050_connector_s.ep.rosidl_typesupport_introspection_c.c
[21.843s] -- Installing: /home/thegodset/fyp/install/vda5050_connector/local/lib/python3.10/dist-packages/vda5050_connector/_vda5050_connector_s.ep.rosidl_typesupport_c.c
[21.879s] Listing '/home/thegodset/fyp/install/vda5050_connector/local/lib/python3.10/dist-packages/vda5050_connector'...
[21.879s] Compiling '/home/thegodset/fyp/install/vda5050_connector/local/lib/python3.10/dist-packages/vda5050_connector/__init__.py'...
[21.879s] Listing '/home/thegodset/fyp/install/vda5050_connector/local/lib/python3.10/dist-packages/vda5050_connector/action'...
[21.879s] Compiling '/home/thegodset/fyp/install/vda5050_connector/local/lib/python3.10/dist-packages/vda5050_connector/action/__init__.py'...
[21.879s] Compiling '/home/thegodset/fyp/install/vda5050_connector/local/lib/python3.10/dist-packages/vda5050_connector/action/_navigate_to_node.py'...
[21.879s] Compiling '/home/thegodset/fyp/install/vda5050_connector/local/lib/python3.10/dist-packages/vda5050_connector/action/_process_vda_action.py'...
[21.879s] Listing '/home/thegodset/fyp/install/vda5050_connector/local/lib/python3.10/dist-packages/vda5050_connector/srv'...
[21.879s] Compiling '/home/thegodset/fyp/install/vda5050_connector/local/lib/python3.10/dist-packages/vda5050_connector/srv/__init__.py'...
[21.879s] Compiling '/home/thegodset/fyp/install/vda5050_connector/local/lib/python3.10/dist-packages/vda5050_connector/srv/_get_state.py'...
[21.879s] Compiling '/home/thegodset/fyp/install/vda5050_connector/local/lib/python3.10/dist-packages/vda5050_connector/srv/_supported_actions.py'...
[21.882s] -- Installing: /home/thegodset/fyp/install/vda5050_connector/local/lib/python3.10/dist-packages/vda5050_connector/vda5050_connector_s__rosidl_typesupport_fastrtps_c.cpython-310-x86_64-linux-gnu.so
[21.882s] -- Set runtime path of "/home/thegodset/fyp/install/vda5050_connector/local/lib/python3.10/dist-packages/vda5050_connector/vda5050_connector_s__rosidl_typesupport_fastrtps_c.cpython-310-x86_64-linux-gnu.so" to ""
[21.882s] -- Installing: /home/thegodset/fyp/install/vda5050_connector/local/lib/python3.10/dist-packages/vda5050_connector/vda5050_connector_s__rosidl_typesupport_introspection_c.cpython-310-x86_64-linux-gnu.so
[21.883s] -- Set runtime path of "/home/thegodset/fyp/install/vda5050_connector/local/lib/python3.10/dist-packages/vda5050_connector/vda5050_connector_s__rosidl_typesupport_introspection_c.cpython-310-x86_64-linux-gnu.so" to ""
[21.883s] -- Installing: /home/thegodset/fyp/install/vda5050_connector/local/lib/python3.10/dist-packages/vda5050_connector/vda5050_connector_s__rosidl_typesupport_c.cpython-310-x86_64-linux-gnu.so
[21.883s] -- Set runtime path of "/home/thegodset/fyp/install/vda5050_connector/local/lib/python3.10/dist-packages/vda5050_connector/vda5050_connector_s__rosidl_typesupport_c.cpython-310-x86_64-linux-gnu.so" to ""
[21.883s] -- Installing: /home/thegodset/fyp/install/vda5050_connector/lib/libvda5050_connector__rosidl_generator_py.so
[21.884s] -- Set runtime path of "/home/thegodset/fyp/install/vda5050_connector/lib/libvda5050_connector__rosidl_generator_py.so" to ""
[21.885s] -- Installing: /home/thegodset/fyp/install/vda5050_connector/share/vda5050_connector/action/NavigateToNode.idl
[21.885s] -- Installing: /home/thegodset/fyp/install/vda5050_connector/share/vda5050_connector/action/ProcessVDAAction.idl
[21.887s] -- Installing: /home/thegodset/fyp/install/vda5050_connector/share/vda5050_connector/srv/GetState.idl
[21.888s] -- Installing: /home/thegodset/fyp/install/vda5050_connector/share/vda5050_connector/srv/SupportedActions.idl
[21.888s] -- Installing: /home/thegodset/fyp/install/vda5050_connector/share/vda5050_connector/action/NavigateToNode.action
[21.888s] -- Installing: /home/thegodset/fyp/install/vda5050_connector/share/vda5050_connector/action/ProcessVDAAction.action
[21.889s] -- Installing: /home/thegodset/fyp/install/vda5050_connector/share/vda5050_connector/srv/GetState.srv
[21.889s] -- Installing: /home/thegodset/fyp/install/vda5050_connector/share/vda5050_connector/srv/GetState_Request.msg
[21.889s] -- Installing: /home/thegodset/fyp/install/vda5050_connector/share/vda5050_connector/srv/GetState_Response.msg
[21.890s] -- Installing: /home/thegodset/fyp/install/vda5050_connector/share/vda5050_connector/srv/SupportedActions.srv
[21.890s] -- Installing: /home/thegodset/fyp/install/vda5050_connector/share/vda5050_connector/srv/SupportedActions_Request.msg
[21.892s] -- Installing: /home/thegodset/fyp/install/vda5050_connector/share/vda5050_connector/srv/SupportedActions_Response.msg
[21.892s] -- Up-to-date: /home/thegodset/fyp/install/vda5050_connector/include
[21.892s] -- Up-to-date: /home/thegodset/fyp/install/vda5050_connector/include/vda5050_connector
[21.892s] -- Installing: /home/thegodset/fyp/install/vda5050_connector/include/vda5050_connector/visibility_control.h
[21.892s] -- Installing: /home/thegodset/fyp/install/vda5050_connector/include/vda5050_connector/vda_action.hpp
[21.893s] -- Installing: /home/thegodset/fyp/install/vda5050_connector/include/vda5050_connector/adapter.hpp
[21.895s] -- Installing: /home/thegodset/fyp/install/vda5050_connector/include/vda5050_connector/handler.hpp
[21.895s] -- Installing: /home/thegodset/fyp/install/vda5050_connector/include/vda5050_connector/state_handler.hpp
[21.895s] -- Installing: /home/thegodset/fyp/install/vda5050_connector/include/vda5050_connector/nav_to_node.hpp
[21.895s] -- Installing: /home/thegodset/fyp/install/vda5050_connector/include/vda5050_connector/utils.hpp
[21.897s] -- Installing: /home/thegodset/fyp/install/vda5050_connector/lib/libadapter.so
[21.901s] -- Set runtime path of "/home/thegodset/fyp/install/vda5050_connector/lib/libadapter.so" to ""
[21.901s] -- Installing: /home/thegodset/fyp/install/vda5050_connector/local/lib/python3.10/dist-packages/vda5050_connector_py-1.1.1-py3.10.egg-info
[21.901s] -- Installing: /home/thegodset/fyp/install/vda5050_connector/local/lib/python3.10/dist-packages/vda5050_connector_py-1.1.1-py3.10.egg-info/dependency_links.txt
[21.901s] -- Installing: /home/thegodset/fyp/install/vda5050_connector/local/lib/python3.10/dist-packages/vda5050_connector_py-1.1.1-py3.10.egg-info/SOURCES.txt
[21.902s] -- Installing: /home/thegodset/fyp/install/vda5050_connector/local/lib/python3.10/dist-packages/vda5050_connector_py-1.1.1-py3.10.egg-info/top_level.txt
[21.902s] -- Installing: /home/thegodset/fyp/install/vda5050_connector/local/lib/python3.10/dist-packages/vda5050_connector_py-1.1.1-py3.10.egg-info/PKG-INFO
[21.902s] -- Installing: /home/thegodset/fyp/install/vda5050_connector/local/lib/python3.10/dist-packages/vda5050_connector_py
[21.903s] -- Installing: /home/thegodset/fyp/install/vda5050_connector/local/lib/python3.10/dist-packages/vda5050_connector_py/vda5050_controller.py
[21.903s] -- Installing: /home/thegodset/fyp/install/vda5050_connector/local/lib/python3.10/dist-packages/vda5050_connector_py/__init__.py
[21.903s] -- Installing: /home/thegodset/fyp/install/vda5050_connector/local/lib/python3.10/dist-packages/vda5050_connector_py/mqtt_bridge.py
[21.903s] -- Installing: /home/thegodset/fyp/install/vda5050_connector/local/lib/python3.10/dist-packages/vda5050_connector_py/utils.py
[21.903s] -- Installing: /home/thegodset/fyp/install/vda5050_connector/local/lib/python3.10/dist-packages/vda5050_connector_py/rewritten_yaml.py
[21.931s] Listing '/home/thegodset/fyp/install/vda5050_connector/local/lib/python3.10/dist-packages/vda5050_connector_py'...
[21.931s] Compiling '/home/thegodset/fyp/install/vda5050_connector/local/lib/python3.10/dist-packages/vda5050_connector_py/__init__.py'...
[21.931s] Compiling '/home/thegodset/fyp/install/vda5050_connector/local/lib/python3.10/dist-packages/vda5050_connector_py/mqtt_bridge.py'...
[21.931s] Compiling '/home/thegodset/fyp/install/vda5050_connector/local/lib/python3.10/dist-packages/vda5050_connector_py/rewritten_yaml.py'...
[21.931s] Compiling '/home/thegodset/fyp/install/vda5050_connector/local/lib/python3.10/dist-packages/vda5050_connector_py/utils.py'...
[21.931s] Compiling '/home/thegodset/fyp/install/vda5050_connector/local/lib/python3.10/dist-packages/vda5050_connector_py/vda5050_controller.py'...
[21.935s] -- Installing: /home/thegodset/fyp/install/vda5050_connector/lib/vda5050_connector/mqtt_bridge.py
[21.935s] -- Installing: /home/thegodset/fyp/install/vda5050_connector/lib/vda5050_connector/vda5050_controller.py
[21.935s] -- Installing: /home/thegodset/fyp/install/vda5050_connector/share/vda5050_connector//config
[21.935s] -- Installing: /home/thegodset/fyp/install/vda5050_connector/share/vda5050_connector//config/connector_example.yaml
[21.936s] -- Installing: /home/thegodset/fyp/install/vda5050_connector/share/vda5050_connector//launch
[21.937s] -- Installing: /home/thegodset/fyp/install/vda5050_connector/share/vda5050_connector//launch/mqtt_bridge.launch.py
[21.937s] -- Installing: /home/thegodset/fyp/install/vda5050_connector/share/vda5050_connector//launch/controller.launch.py
[21.938s] -- Installing: /home/thegodset/fyp/install/vda5050_connector/share/vda5050_connector/test/adapter/plugins_test.xml
[21.939s] -- Installing: /home/thegodset/fyp/install/vda5050_connector/share/ament_index/resource_index/package_run_dependencies/vda5050_connector
[21.940s] -- Installing: /home/thegodset/fyp/install/vda5050_connector/share/ament_index/resource_index/parent_prefix_path/vda5050_connector
[21.940s] -- Installing: /home/thegodset/fyp/install/vda5050_connector/share/vda5050_connector/environment/ament_prefix_path.sh
[21.941s] -- Installing: /home/thegodset/fyp/install/vda5050_connector/share/vda5050_connector/environment/ament_prefix_path.dsv
[21.941s] -- Installing: /home/thegodset/fyp/install/vda5050_connector/share/vda5050_connector/environment/path.sh
[21.941s] -- Installing: /home/thegodset/fyp/install/vda5050_connector/share/vda5050_connector/environment/path.dsv
[21.941s] -- Installing: /home/thegodset/fyp/install/vda5050_connector/share/vda5050_connector/local_setup.bash
[21.942s] -- Installing: /home/thegodset/fyp/install/vda5050_connector/share/vda5050_connector/local_setup.sh
[21.942s] -- Installing: /home/thegodset/fyp/install/vda5050_connector/share/vda5050_connector/local_setup.zsh
[21.942s] -- Installing: /home/thegodset/fyp/install/vda5050_connector/share/vda5050_connector/local_setup.dsv
[21.942s] -- Installing: /home/thegodset/fyp/install/vda5050_connector/share/vda5050_connector/package.dsv
[21.942s] -- Installing: /home/thegodset/fyp/install/vda5050_connector/share/ament_index/resource_index/packages/vda5050_connector
[21.943s] -- Installing: /home/thegodset/fyp/install/vda5050_connector/share/ament_index/resource_index/vda5050_connector__pluginlib__plugin/vda5050_connector
[21.944s] -- Installing: /home/thegodset/fyp/install/vda5050_connector/share/vda5050_connector/cmake/export_vda5050_connector__rosidl_generator_cExport.cmake
[21.946s] -- Installing: /home/thegodset/fyp/install/vda5050_connector/share/vda5050_connector/cmake/export_vda5050_connector__rosidl_generator_cExport-noconfig.cmake
[21.946s] -- Installing: /home/thegodset/fyp/install/vda5050_connector/share/vda5050_connector/cmake/export_vda5050_connector__rosidl_typesupport_fastrtps_cExport.cmake
[21.947s] -- Installing: /home/thegodset/fyp/install/vda5050_connector/share/vda5050_connector/cmake/export_vda5050_connector__rosidl_typesupport_fastrtps_cExport-noconfig.cmake
[21.947s] -- Installing: /home/thegodset/fyp/install/vda5050_connector/share/vda5050_connector/cmake/export_vda5050_connector__rosidl_generator_cppExport.cmake
[21.948s] -- Installing: /home/thegodset/fyp/install/vda5050_connector/share/vda5050_connector/cmake/export_vda5050_connector__rosidl_typesupport_fastrtps_cppExport.cmake
[21.948s] -- Installing: /home/thegodset/fyp/install/vda5050_connector/share/vda5050_connector/cmake/export_vda5050_connector__rosidl_typesupport_fastrtps_cppExport-noconfig.cmake
[21.948s] -- Installing: /home/thegodset/fyp/install/vda5050_connector/share/vda5050_connector/cmake/vda5050_connector__rosidl_typesupport_introspection_cExport.cmake
[21.949s] -- Installing: /home/thegodset/fyp/install/vda5050_connector/share/vda5050_connector/cmake/vda5050_connector__rosidl_typesupport_introspection_cExport-noconfig.cmake
[21.949s] -- Installing: /home/thegodset/fyp/install/vda5050_connector/share/vda5050_connector/cmake/vda5050_connector__rosidl_typesupport_cExport.cmake
[21.950s] -- Installing: /home/thegodset/fyp/install/vda5050_connector/share/vda5050_connector/cmake/vda5050_connector__rosidl_typesupport_cExport-noconfig.cmake
[21.950s] -- Installing: /home/thegodset/fyp/install/vda5050_connector/share/vda5050_connector/cmake/vda5050_connector__rosidl_typesupport_introspection_cppExport.cmake
[21.950s] -- Installing: /home/thegodset/fyp/install/vda5050_connector/share/vda5050_connector/cmake/vda5050_connector__rosidl_typesupport_introspection_cppExport-noconfig.cmake
[21.951s] -- Installing: /home/thegodset/fyp/install/vda5050_connector/share/vda5050_connector/cmake/vda5050_connector__rosidl_typesupport_cppExport.cmake
[21.951s] -- Installing: /home/thegodset/fyp/install/vda5050_connector/share/vda5050_connector/cmake/vda5050_connector__rosidl_typesupport_cppExport-noconfig.cmake
[21.951s] -- Installing: /home/thegodset/fyp/install/vda5050_connector/share/vda5050_connector/cmake/export_vda5050_connector__rosidl_generator_pyExport.cmake
[21.951s] -- Installing: /home/thegodset/fyp/install/vda5050_connector/share/vda5050_connector/cmake/export_vda5050_connector__rosidl_generator_pyExport-noconfig.cmake
[21.952s] -- Installing: /home/thegodset/fyp/install/vda5050_connector/share/vda5050_connector/cmake/export_vda5050_connectorExport.cmake
[21.952s] -- Installing: /home/thegodset/fyp/install/vda5050_connector/share/vda5050_connector/cmake/export_vda5050_connectorExport-noconfig.cmake
[21.952s] -- Installing: /home/thegodset/fyp/install/vda5050_connector/share/vda5050_connector/cmake/rosidl_cmake-extras.cmake
[21.953s] -- Installing: /home/thegodset/fyp/install/vda5050_connector/share/vda5050_connector/cmake/ament_cmake_export_dependencies-extras.cmake
[21.954s] -- Installing: /home/thegodset/fyp/install/vda5050_connector/share/vda5050_connector/cmake/ament_cmake_export_include_directories-extras.cmake
[21.954s] -- Installing: /home/thegodset/fyp/install/vda5050_connector/share/vda5050_connector/cmake/ament_cmake_export_libraries-extras.cmake
[21.954s] -- Installing: /home/thegodset/fyp/install/vda5050_connector/share/vda5050_connector/cmake/ament_cmake_export_targets-extras.cmake
[21.954s] -- Installing: /home/thegodset/fyp/install/vda5050_connector/share/vda5050_connector/cmake/rosidl_cmake_export_typesupport_targets-extras.cmake
[21.955s] -- Installing: /home/thegodset/fyp/install/vda5050_connector/share/vda5050_connector/cmake/rosidl_cmake_export_typesupport_libraries-extras.cmake
[21.955s] -- Installing: /home/thegodset/fyp/install/vda5050_connector/share/vda5050_connector/cmake/vda5050_connectorConfig.cmake
[21.955s] -- Installing: /home/thegodset/fyp/install/vda5050_connector/share/vda5050_connector/cmake/vda5050_connectorConfig-version.cmake
[21.955s] -- Installing: /home/thegodset/fyp/install/vda5050_connector/share/vda5050_connector/package.xml
[21.955s] -- Installing: /home/thegodset/fyp/install/vda5050_connector/lib/libtest_plugins.so
[21.959s] -- Set runtime path of "/home/thegodset/fyp/install/vda5050_connector/lib/libtest_plugins.so" to ""
[21.963s] Invoked command in '/home/thegodset/fyp/build/vda5050_connector' returned '0': AMENT_PREFIX_PATH=/home/thegodset/fyp/install/vda5050_msgs:${AMENT_PREFIX_PATH} CMAKE_PREFIX_PATH=/home/thegodset/fyp/install/vda5050_msgs:/opt/ros/humble LD_LIBRARY_PATH=/home/thegodset/fyp/install/vda5050_msgs/lib:${LD_LIBRARY_PATH} PYTHONPATH=/home/thegodset/fyp/install/vda5050_msgs/local/lib/python3.10/dist-packages:${PYTHONPATH} /usr/bin/cmake --install /home/thegodset/fyp/build/vda5050_connector
