[0.731s] Invoking command in '/home/thegodset/fyp/src/vda5050_adapter': AMENT_PREFIX_PATH=/home/thegodset/fyp/install/vda5050_connector:/home/thegodset/fyp/install/vda5050_msgs:${AMENT_PREFIX_PATH} CMAKE_PREFIX_PATH=/home/thegodset/fyp/install/vda5050_connector:/home/thegodset/fyp/install/vda5050_msgs LD_LIBRARY_PATH=/home/thegodset/fyp/install/vda5050_connector/lib:/home/thegodset/fyp/install/vda5050_msgs/lib:${LD_LIBRARY_PATH} PYTHONPATH=/home/thegodset/fyp/build/vda5050_adapter/prefix_override:/usr/lib/python3/dist-packages/colcon_core/task/python/colcon_distutils_commands:/home/thegodset/fyp/install/vda5050_adapter/lib/python3.10/site-packages:/home/thegodset/fyp/install/vda5050_connector/local/lib/python3.10/dist-packages:/home/thegodset/fyp/install/vda5050_msgs/local/lib/python3.10/dist-packages:${PYTHONPATH} /usr/bin/python3 -W ignore:setup.py install is deprecated -W ignore:easy_install command is deprecated setup.py egg_info --egg-base ../../build/vda5050_adapter build --build-base /home/thegodset/fyp/build/vda5050_adapter/build install --record /home/thegodset/fyp/build/vda5050_adapter/install.log --single-version-externally-managed install_data
[0.911s] running egg_info
[0.911s] writing ../../build/vda5050_adapter/vda5050_adapter.egg-info/PKG-INFO
[0.913s] writing dependency_links to ../../build/vda5050_adapter/vda5050_adapter.egg-info/dependency_links.txt
[0.913s] writing entry points to ../../build/vda5050_adapter/vda5050_adapter.egg-info/entry_points.txt
[0.913s] writing requirements to ../../build/vda5050_adapter/vda5050_adapter.egg-info/requires.txt
[0.913s] writing top-level names to ../../build/vda5050_adapter/vda5050_adapter.egg-info/top_level.txt
[0.914s] reading manifest file '../../build/vda5050_adapter/vda5050_adapter.egg-info/SOURCES.txt'
[0.914s] adding license file 'LICENSE'
[0.915s] writing manifest file '../../build/vda5050_adapter/vda5050_adapter.egg-info/SOURCES.txt'
[0.915s] running build
[0.915s] running build_py
[0.915s] copying vda5050_adapter/adapter.py -> /home/thegodset/fyp/build/vda5050_adapter/build/lib/vda5050_adapter
[0.916s] running install
[0.916s] running install_lib
[0.916s] copying /home/thegodset/fyp/build/vda5050_adapter/build/lib/vda5050_adapter/adapter.py -> /home/thegodset/fyp/install/vda5050_adapter/lib/python3.10/site-packages/vda5050_adapter
[0.917s] byte-compiling /home/thegodset/fyp/install/vda5050_adapter/lib/python3.10/site-packages/vda5050_adapter/adapter.py to adapter.cpython-310.pyc
[0.918s] running install_data
[0.918s] copying launch/connector.launch.py -> /home/thegodset/fyp/install/vda5050_adapter/share/vda5050_adapter/launch
[0.918s] copying launch/adapter.launch.py -> /home/thegodset/fyp/install/vda5050_adapter/share/vda5050_adapter/launch
[0.918s] copying config/robot.yaml -> /home/thegodset/fyp/install/vda5050_adapter/share/vda5050_adapter/config
[0.919s] running install_egg_info
[0.920s] removing '/home/thegodset/fyp/install/vda5050_adapter/lib/python3.10/site-packages/vda5050_adapter-0.0.0-py3.10.egg-info' (and everything under it)
[0.922s] Copying ../../build/vda5050_adapter/vda5050_adapter.egg-info to /home/thegodset/fyp/install/vda5050_adapter/lib/python3.10/site-packages/vda5050_adapter-0.0.0-py3.10.egg-info
[0.923s] running install_scripts
[0.938s] Installing adapter script to /home/thegodset/fyp/install/vda5050_adapter/lib/vda5050_adapter
[0.939s] writing list of installed files to '/home/thegodset/fyp/build/vda5050_adapter/install.log'
[0.958s] Invoked command in '/home/thegodset/fyp/src/vda5050_adapter' returned '0': AMENT_PREFIX_PATH=/home/thegodset/fyp/install/vda5050_connector:/home/thegodset/fyp/install/vda5050_msgs:${AMENT_PREFIX_PATH} CMAKE_PREFIX_PATH=/home/thegodset/fyp/install/vda5050_connector:/home/thegodset/fyp/install/vda5050_msgs LD_LIBRARY_PATH=/home/thegodset/fyp/install/vda5050_connector/lib:/home/thegodset/fyp/install/vda5050_msgs/lib:${LD_LIBRARY_PATH} PYTHONPATH=/home/thegodset/fyp/build/vda5050_adapter/prefix_override:/usr/lib/python3/dist-packages/colcon_core/task/python/colcon_distutils_commands:/home/thegodset/fyp/install/vda5050_adapter/lib/python3.10/site-packages:/home/thegodset/fyp/install/vda5050_connector/local/lib/python3.10/dist-packages:/home/thegodset/fyp/install/vda5050_msgs/local/lib/python3.10/dist-packages:${PYTHONPATH} /usr/bin/python3 -W ignore:setup.py install is deprecated -W ignore:easy_install command is deprecated setup.py egg_info --egg-base ../../build/vda5050_adapter build --build-base /home/thegodset/fyp/build/vda5050_adapter/build install --record /home/thegodset/fyp/build/vda5050_adapter/install.log --single-version-externally-managed install_data
