[0.020s] Invoking command in '/home/thegodset/fyp/build/vda5050_connector': CMAKE_PREFIX_PATH=/home/thegodset/fyp/install/vda5050_msgs:/home/thegodset/fyp/install/vda5050_connector:/home/thegodset/fyp/install/turtlebot3_simulations:/home/thegodset/fyp/install/turtlebot3_gazebo:/home/thegodset/fyp/install/turtlebot3_fake_node:/home/thegodset/install/turtlesim:/home/thegodset/install/turtlebot3_navigation2:/home/thegodset/install/turtlebot3_environment_navigation:/home/thegodset/install/turtlebot3_description:/home/thegodset/install/turtlebot3_cartographer:/home/thegodset/install/examples_rclcpp_wait_set:/home/thegodset/install/examples_rclcpp_multithreaded_executor:/home/thegodset/install/examples_rclcpp_minimal_timer:/home/thegodset/install/examples_rclcpp_minimal_subscriber:/home/thegodset/install/examples_rclcpp_minimal_service:/home/thegodset/install/examples_rclcpp_minimal_publisher:/home/thegodset/install/examples_rclcpp_minimal_composition:/home/thegodset/install/examples_rclcpp_minimal_client:/home/thegodset/install/examples_rclcpp_minimal_action_server:/home/thegodset/install/examples_rclcpp_minimal_action_client:/home/thegodset/install/examples_rclcpp_cbg_executor:/home/thegodset/install/examples_rclcpp_async_client:/home/thegodset/install/dynamixel_sdk:/home/thegodset/ros2_ws/install/tutorial_interfaces:/home/thegodset/ros2_ws/install/turtlesim:/home/thegodset/ros2_ws/install/turtlebot3_multi_robot:/home/thegodset/ros2_ws/install/my_opencv_demo:/home/thegodset/ros2_ws/install/more_interfaces:/home/thegodset/ros2_ws/install/examples_rclcpp_wait_set:/home/thegodset/ros2_ws/install/examples_rclcpp_multithreaded_executor:/home/thegodset/ros2_ws/install/examples_rclcpp_minimal_timer:/home/thegodset/ros2_ws/install/examples_rclcpp_minimal_subscriber:/home/thegodset/ros2_ws/install/examples_rclcpp_minimal_service:/home/thegodset/ros2_ws/install/examples_rclcpp_minimal_publisher:/home/thegodset/ros2_ws/install/examples_rclcpp_minimal_composition:/home/thegodset/ros2_ws/install/examples_rclcpp_minimal_client:/home/thegodset/ros2_ws/install/examples_rclcpp_minimal_action_server:/home/thegodset/ros2_ws/install/examples_rclcpp_minimal_action_client:/home/thegodset/ros2_ws/install/examples_rclcpp_cbg_executor:/home/thegodset/ros2_ws/install/examples_rclcpp_async_client:/home/thegodset/ros2_ws/install/action_tutorials_interfaces:/home/thegodset/ros2_assignment/install/ros2_gazebo:/home/thegodset/turtlebot3_ws/install/turtlebot3_simulations:/home/thegodset/turtlebot3_ws/install/turtlebot3_gazebo:/home/thegodset/turtlebot3_ws/install/turtlebot3_fake_node:/home/thegodset/fyp/install/vda5050_adapter:/home/thegodset/install/turtlebot3_teleop:/home/thegodset/install/turtlebot3_example:/home/thegodset/install/launch_testing_examples:/home/thegodset/install/examples_rclpy_pointcloud_publisher:/home/thegodset/install/examples_rclpy_minimal_subscriber:/home/thegodset/install/examples_rclpy_minimal_service:/home/thegodset/install/examples_rclpy_minimal_publisher:/home/thegodset/install/examples_rclpy_minimal_client:/home/thegodset/install/examples_rclpy_minimal_action_server:/home/thegodset/install/examples_rclpy_minimal_action_client:/home/thegodset/install/examples_rclpy_guard_conditions:/home/thegodset/install/examples_rclpy_executors:/home/thegodset/ros2_ws/install/py_srvcli:/home/thegodset/ros2_ws/install/turtlebot_gui_rviz:/home/thegodset/ros2_ws/install/python_parameters:/home/thegodset/ros2_ws/install/py_pubsub:/home/thegodset/ros2_ws/install/my_package:/home/thegodset/ros2_ws/install/my_gui_package:/home/thegodset/ros2_ws/install/launch_testing_examples:/home/thegodset/ros2_ws/install/examples_rclpy_pointcloud_publisher:/home/thegodset/ros2_ws/install/examples_rclpy_minimal_subscriber:/home/thegodset/ros2_ws/install/examples_rclpy_minimal_service:/home/thegodset/ros2_ws/install/examples_rclpy_minimal_publisher:/home/thegodset/ros2_ws/install/examples_rclpy_minimal_client:/home/thegodset/ros2_ws/install/examples_rclpy_minimal_action_server:/home/thegodset/ros2_ws/install/examples_rclpy_minimal_action_client:/home/thegodset/ros2_ws/install/examples_rclpy_guard_conditions:/home/thegodset/ros2_ws/install/examples_rclpy_executors:/home/thegodset/ros2_assignment/install/ros2_map:/home/thegodset/ros2_assignment/install/ros2_assignment:/home/thegodset/dev_ws/install/warehouse_robot_spawner_pkg:/home/thegodset/dev_ws/install/warehouse_robot_controller_pkg:/opt/ros/humble LD_LIBRARY_PATH=/home/thegodset/fyp/install/vda5050_msgs/lib:/home/thegodset/fyp/install/vda5050_connector/lib:/home/thegodset/install/turtlesim/lib:/home/thegodset/install/examples_rclcpp_wait_set/lib:/home/thegodset/install/examples_rclcpp_minimal_subscriber/lib:/home/thegodset/install/examples_rclcpp_minimal_composition/lib:/home/thegodset/install/dynamixel_sdk/lib:/home/thegodset/ros2_ws/install/tutorial_interfaces/lib:/home/thegodset/ros2_ws/install/turtlesim/lib:/home/thegodset/ros2_ws/install/more_interfaces/lib:/home/thegodset/ros2_ws/install/examples_rclcpp_wait_set/lib:/home/thegodset/ros2_ws/install/examples_rclcpp_minimal_subscriber/lib:/home/thegodset/ros2_ws/install/examples_rclcpp_minimal_composition/lib:/usr/lib/x86_64-linux-gnu/gazebo-11/plugins:/opt/ros/humble/opt/rviz_ogre_vendor/lib:/opt/ros/humble/lib/x86_64-linux-gnu:/opt/ros/humble/lib /usr/bin/cmake --build /home/thegodset/fyp/build/vda5050_connector -- -j16 -l16
[0.077s] [  1%] Built target vda5050_connector__cpp
[0.077s] [ 12%] Built target vda5050_connector__rosidl_generator_c
[0.077s] [ 12%] Built target gtest_main
[0.078s] [ 15%] Built target gtest
[0.088s] [ 15%] Built target ament_cmake_python_copy_vda5050_connector_py
[0.093s] [ 15%] Built target ament_cmake_python_copy_vda5050_connector
[0.104s] [ 23%] Built target vda5050_connector__rosidl_typesupport_c
[0.105s] [ 47%] Built target vda5050_connector__rosidl_typesupport_fastrtps_c
[0.105s] [ 45%] Built target vda5050_connector__rosidl_typesupport_introspection_c
[0.105s] [ 48%] Built target vda5050_connector__rosidl_typesupport_cpp
[0.106s] [ 56%] Built target vda5050_connector__rosidl_typesupport_fastrtps_cpp
[0.106s] [ 65%] Built target vda5050_connector__rosidl_typesupport_introspection_cpp
[0.127s] [ 65%] Built target vda5050_connector
[0.134s] [ 69%] Built target adapter
[0.155s] [ 70%] Built target vda5050_connector__py
[0.166s] [ 76%] Built target test_plugins
[0.167s] [ 79%] Built target test_node_config
[0.167s] [ 83%] Built target test_plugin_load
[0.167s] [ 84%] Built target test_handler_execution
[0.178s] [ 91%] Built target vda5050_connector__rosidl_generator_py
[0.199s] [ 98%] Built target vda5050_connector__rosidl_typesupport_fastrtps_c__pyext
[0.199s] [ 98%] Built target vda5050_connector__rosidl_typesupport_c__pyext
[0.199s] [100%] Built target vda5050_connector__rosidl_typesupport_introspection_c__pyext
[0.431s] running egg_info
[0.433s] writing vda5050_connector_py.egg-info/PKG-INFO
[0.435s] writing dependency_links to vda5050_connector_py.egg-info/dependency_links.txt
[0.436s] writing top-level names to vda5050_connector_py.egg-info/top_level.txt
[0.439s] reading manifest file 'vda5050_connector_py.egg-info/SOURCES.txt'
[0.441s] writing manifest file 'vda5050_connector_py.egg-info/SOURCES.txt'
[0.458s] running egg_info
[0.459s] writing vda5050_connector.egg-info/PKG-INFO
[0.460s] writing dependency_links to vda5050_connector.egg-info/dependency_links.txt
[0.460s] writing top-level names to vda5050_connector.egg-info/top_level.txt
[0.462s] reading manifest file 'vda5050_connector.egg-info/SOURCES.txt'
[0.463s] writing manifest file 'vda5050_connector.egg-info/SOURCES.txt'
[0.482s] [100%] Built target ament_cmake_python_build_vda5050_connector_py_egg
[0.505s] [100%] Built target ament_cmake_python_build_vda5050_connector_egg
[0.516s] Invoked command in '/home/thegodset/fyp/build/vda5050_connector' returned '0': CMAKE_PREFIX_PATH=/home/thegodset/fyp/install/vda5050_msgs:/home/thegodset/fyp/install/vda5050_connector:/home/thegodset/fyp/install/turtlebot3_simulations:/home/thegodset/fyp/install/turtlebot3_gazebo:/home/thegodset/fyp/install/turtlebot3_fake_node:/home/thegodset/install/turtlesim:/home/thegodset/install/turtlebot3_navigation2:/home/thegodset/install/turtlebot3_environment_navigation:/home/thegodset/install/turtlebot3_description:/home/thegodset/install/turtlebot3_cartographer:/home/thegodset/install/examples_rclcpp_wait_set:/home/thegodset/install/examples_rclcpp_multithreaded_executor:/home/thegodset/install/examples_rclcpp_minimal_timer:/home/thegodset/install/examples_rclcpp_minimal_subscriber:/home/thegodset/install/examples_rclcpp_minimal_service:/home/thegodset/install/examples_rclcpp_minimal_publisher:/home/thegodset/install/examples_rclcpp_minimal_composition:/home/thegodset/install/examples_rclcpp_minimal_client:/home/thegodset/install/examples_rclcpp_minimal_action_server:/home/thegodset/install/examples_rclcpp_minimal_action_client:/home/thegodset/install/examples_rclcpp_cbg_executor:/home/thegodset/install/examples_rclcpp_async_client:/home/thegodset/install/dynamixel_sdk:/home/thegodset/ros2_ws/install/tutorial_interfaces:/home/thegodset/ros2_ws/install/turtlesim:/home/thegodset/ros2_ws/install/turtlebot3_multi_robot:/home/thegodset/ros2_ws/install/my_opencv_demo:/home/thegodset/ros2_ws/install/more_interfaces:/home/thegodset/ros2_ws/install/examples_rclcpp_wait_set:/home/thegodset/ros2_ws/install/examples_rclcpp_multithreaded_executor:/home/thegodset/ros2_ws/install/examples_rclcpp_minimal_timer:/home/thegodset/ros2_ws/install/examples_rclcpp_minimal_subscriber:/home/thegodset/ros2_ws/install/examples_rclcpp_minimal_service:/home/thegodset/ros2_ws/install/examples_rclcpp_minimal_publisher:/home/thegodset/ros2_ws/install/examples_rclcpp_minimal_composition:/home/thegodset/ros2_ws/install/examples_rclcpp_minimal_client:/home/thegodset/ros2_ws/install/examples_rclcpp_minimal_action_server:/home/thegodset/ros2_ws/install/examples_rclcpp_minimal_action_client:/home/thegodset/ros2_ws/install/examples_rclcpp_cbg_executor:/home/thegodset/ros2_ws/install/examples_rclcpp_async_client:/home/thegodset/ros2_ws/install/action_tutorials_interfaces:/home/thegodset/ros2_assignment/install/ros2_gazebo:/home/thegodset/turtlebot3_ws/install/turtlebot3_simulations:/home/thegodset/turtlebot3_ws/install/turtlebot3_gazebo:/home/thegodset/turtlebot3_ws/install/turtlebot3_fake_node:/home/thegodset/fyp/install/vda5050_adapter:/home/thegodset/install/turtlebot3_teleop:/home/thegodset/install/turtlebot3_example:/home/thegodset/install/launch_testing_examples:/home/thegodset/install/examples_rclpy_pointcloud_publisher:/home/thegodset/install/examples_rclpy_minimal_subscriber:/home/thegodset/install/examples_rclpy_minimal_service:/home/thegodset/install/examples_rclpy_minimal_publisher:/home/thegodset/install/examples_rclpy_minimal_client:/home/thegodset/install/examples_rclpy_minimal_action_server:/home/thegodset/install/examples_rclpy_minimal_action_client:/home/thegodset/install/examples_rclpy_guard_conditions:/home/thegodset/install/examples_rclpy_executors:/home/thegodset/ros2_ws/install/py_srvcli:/home/thegodset/ros2_ws/install/turtlebot_gui_rviz:/home/thegodset/ros2_ws/install/python_parameters:/home/thegodset/ros2_ws/install/py_pubsub:/home/thegodset/ros2_ws/install/my_package:/home/thegodset/ros2_ws/install/my_gui_package:/home/thegodset/ros2_ws/install/launch_testing_examples:/home/thegodset/ros2_ws/install/examples_rclpy_pointcloud_publisher:/home/thegodset/ros2_ws/install/examples_rclpy_minimal_subscriber:/home/thegodset/ros2_ws/install/examples_rclpy_minimal_service:/home/thegodset/ros2_ws/install/examples_rclpy_minimal_publisher:/home/thegodset/ros2_ws/install/examples_rclpy_minimal_client:/home/thegodset/ros2_ws/install/examples_rclpy_minimal_action_server:/home/thegodset/ros2_ws/install/examples_rclpy_minimal_action_client:/home/thegodset/ros2_ws/install/examples_rclpy_guard_conditions:/home/thegodset/ros2_ws/install/examples_rclpy_executors:/home/thegodset/ros2_assignment/install/ros2_map:/home/thegodset/ros2_assignment/install/ros2_assignment:/home/thegodset/dev_ws/install/warehouse_robot_spawner_pkg:/home/thegodset/dev_ws/install/warehouse_robot_controller_pkg:/opt/ros/humble LD_LIBRARY_PATH=/home/thegodset/fyp/install/vda5050_msgs/lib:/home/thegodset/fyp/install/vda5050_connector/lib:/home/thegodset/install/turtlesim/lib:/home/thegodset/install/examples_rclcpp_wait_set/lib:/home/thegodset/install/examples_rclcpp_minimal_subscriber/lib:/home/thegodset/install/examples_rclcpp_minimal_composition/lib:/home/thegodset/install/dynamixel_sdk/lib:/home/thegodset/ros2_ws/install/tutorial_interfaces/lib:/home/thegodset/ros2_ws/install/turtlesim/lib:/home/thegodset/ros2_ws/install/more_interfaces/lib:/home/thegodset/ros2_ws/install/examples_rclcpp_wait_set/lib:/home/thegodset/ros2_ws/install/examples_rclcpp_minimal_subscriber/lib:/home/thegodset/ros2_ws/install/examples_rclcpp_minimal_composition/lib:/usr/lib/x86_64-linux-gnu/gazebo-11/plugins:/opt/ros/humble/opt/rviz_ogre_vendor/lib:/opt/ros/humble/lib/x86_64-linux-gnu:/opt/ros/humble/lib /usr/bin/cmake --build /home/thegodset/fyp/build/vda5050_connector -- -j16 -l16
[0.519s] Invoking command in '/home/thegodset/fyp/build/vda5050_connector': CMAKE_PREFIX_PATH=/home/thegodset/fyp/install/vda5050_msgs:/home/thegodset/fyp/install/vda5050_connector:/home/thegodset/fyp/install/turtlebot3_simulations:/home/thegodset/fyp/install/turtlebot3_gazebo:/home/thegodset/fyp/install/turtlebot3_fake_node:/home/thegodset/install/turtlesim:/home/thegodset/install/turtlebot3_navigation2:/home/thegodset/install/turtlebot3_environment_navigation:/home/thegodset/install/turtlebot3_description:/home/thegodset/install/turtlebot3_cartographer:/home/thegodset/install/examples_rclcpp_wait_set:/home/thegodset/install/examples_rclcpp_multithreaded_executor:/home/thegodset/install/examples_rclcpp_minimal_timer:/home/thegodset/install/examples_rclcpp_minimal_subscriber:/home/thegodset/install/examples_rclcpp_minimal_service:/home/thegodset/install/examples_rclcpp_minimal_publisher:/home/thegodset/install/examples_rclcpp_minimal_composition:/home/thegodset/install/examples_rclcpp_minimal_client:/home/thegodset/install/examples_rclcpp_minimal_action_server:/home/thegodset/install/examples_rclcpp_minimal_action_client:/home/thegodset/install/examples_rclcpp_cbg_executor:/home/thegodset/install/examples_rclcpp_async_client:/home/thegodset/install/dynamixel_sdk:/home/thegodset/ros2_ws/install/tutorial_interfaces:/home/thegodset/ros2_ws/install/turtlesim:/home/thegodset/ros2_ws/install/turtlebot3_multi_robot:/home/thegodset/ros2_ws/install/my_opencv_demo:/home/thegodset/ros2_ws/install/more_interfaces:/home/thegodset/ros2_ws/install/examples_rclcpp_wait_set:/home/thegodset/ros2_ws/install/examples_rclcpp_multithreaded_executor:/home/thegodset/ros2_ws/install/examples_rclcpp_minimal_timer:/home/thegodset/ros2_ws/install/examples_rclcpp_minimal_subscriber:/home/thegodset/ros2_ws/install/examples_rclcpp_minimal_service:/home/thegodset/ros2_ws/install/examples_rclcpp_minimal_publisher:/home/thegodset/ros2_ws/install/examples_rclcpp_minimal_composition:/home/thegodset/ros2_ws/install/examples_rclcpp_minimal_client:/home/thegodset/ros2_ws/install/examples_rclcpp_minimal_action_server:/home/thegodset/ros2_ws/install/examples_rclcpp_minimal_action_client:/home/thegodset/ros2_ws/install/examples_rclcpp_cbg_executor:/home/thegodset/ros2_ws/install/examples_rclcpp_async_client:/home/thegodset/ros2_ws/install/action_tutorials_interfaces:/home/thegodset/ros2_assignment/install/ros2_gazebo:/home/thegodset/turtlebot3_ws/install/turtlebot3_simulations:/home/thegodset/turtlebot3_ws/install/turtlebot3_gazebo:/home/thegodset/turtlebot3_ws/install/turtlebot3_fake_node:/home/thegodset/fyp/install/vda5050_adapter:/home/thegodset/install/turtlebot3_teleop:/home/thegodset/install/turtlebot3_example:/home/thegodset/install/launch_testing_examples:/home/thegodset/install/examples_rclpy_pointcloud_publisher:/home/thegodset/install/examples_rclpy_minimal_subscriber:/home/thegodset/install/examples_rclpy_minimal_service:/home/thegodset/install/examples_rclpy_minimal_publisher:/home/thegodset/install/examples_rclpy_minimal_client:/home/thegodset/install/examples_rclpy_minimal_action_server:/home/thegodset/install/examples_rclpy_minimal_action_client:/home/thegodset/install/examples_rclpy_guard_conditions:/home/thegodset/install/examples_rclpy_executors:/home/thegodset/ros2_ws/install/py_srvcli:/home/thegodset/ros2_ws/install/turtlebot_gui_rviz:/home/thegodset/ros2_ws/install/python_parameters:/home/thegodset/ros2_ws/install/py_pubsub:/home/thegodset/ros2_ws/install/my_package:/home/thegodset/ros2_ws/install/my_gui_package:/home/thegodset/ros2_ws/install/launch_testing_examples:/home/thegodset/ros2_ws/install/examples_rclpy_pointcloud_publisher:/home/thegodset/ros2_ws/install/examples_rclpy_minimal_subscriber:/home/thegodset/ros2_ws/install/examples_rclpy_minimal_service:/home/thegodset/ros2_ws/install/examples_rclpy_minimal_publisher:/home/thegodset/ros2_ws/install/examples_rclpy_minimal_client:/home/thegodset/ros2_ws/install/examples_rclpy_minimal_action_server:/home/thegodset/ros2_ws/install/examples_rclpy_minimal_action_client:/home/thegodset/ros2_ws/install/examples_rclpy_guard_conditions:/home/thegodset/ros2_ws/install/examples_rclpy_executors:/home/thegodset/ros2_assignment/install/ros2_map:/home/thegodset/ros2_assignment/install/ros2_assignment:/home/thegodset/dev_ws/install/warehouse_robot_spawner_pkg:/home/thegodset/dev_ws/install/warehouse_robot_controller_pkg:/opt/ros/humble LD_LIBRARY_PATH=/home/thegodset/fyp/install/vda5050_msgs/lib:/home/thegodset/fyp/install/vda5050_connector/lib:/home/thegodset/install/turtlesim/lib:/home/thegodset/install/examples_rclcpp_wait_set/lib:/home/thegodset/install/examples_rclcpp_minimal_subscriber/lib:/home/thegodset/install/examples_rclcpp_minimal_composition/lib:/home/thegodset/install/dynamixel_sdk/lib:/home/thegodset/ros2_ws/install/tutorial_interfaces/lib:/home/thegodset/ros2_ws/install/turtlesim/lib:/home/thegodset/ros2_ws/install/more_interfaces/lib:/home/thegodset/ros2_ws/install/examples_rclcpp_wait_set/lib:/home/thegodset/ros2_ws/install/examples_rclcpp_minimal_subscriber/lib:/home/thegodset/ros2_ws/install/examples_rclcpp_minimal_composition/lib:/usr/lib/x86_64-linux-gnu/gazebo-11/plugins:/opt/ros/humble/opt/rviz_ogre_vendor/lib:/opt/ros/humble/lib/x86_64-linux-gnu:/opt/ros/humble/lib /usr/bin/cmake --install /home/thegodset/fyp/build/vda5050_connector
[0.529s] -- Install configuration: ""
[0.529s] -- Up-to-date: /home/thegodset/fyp/install/vda5050_connector/share/ament_index/resource_index/rosidl_interfaces/vda5050_connector
[0.530s] -- Up-to-date: /home/thegodset/fyp/install/vda5050_connector/include/vda5050_connector/vda5050_connector
[0.530s] -- Up-to-date: /home/thegodset/fyp/install/vda5050_connector/include/vda5050_connector/vda5050_connector/msg
[0.530s] -- Up-to-date: /home/thegodset/fyp/install/vda5050_connector/include/vda5050_connector/vda5050_connector/msg/rosidl_generator_c__visibility_control.h
[0.530s] -- Up-to-date: /home/thegodset/fyp/install/vda5050_connector/include/vda5050_connector/vda5050_connector/srv
[0.531s] -- Up-to-date: /home/thegodset/fyp/install/vda5050_connector/include/vda5050_connector/vda5050_connector/srv/detail
[0.531s] -- Up-to-date: /home/thegodset/fyp/install/vda5050_connector/include/vda5050_connector/vda5050_connector/srv/detail/get_state__struct.h
[0.531s] -- Up-to-date: /home/thegodset/fyp/install/vda5050_connector/include/vda5050_connector/vda5050_connector/srv/detail/get_state__functions.h
[0.531s] -- Up-to-date: /home/thegodset/fyp/install/vda5050_connector/include/vda5050_connector/vda5050_connector/srv/detail/supported_actions__functions.h
[0.531s] -- Up-to-date: /home/thegodset/fyp/install/vda5050_connector/include/vda5050_connector/vda5050_connector/srv/detail/get_state__functions.c
[0.532s] -- Up-to-date: /home/thegodset/fyp/install/vda5050_connector/include/vda5050_connector/vda5050_connector/srv/detail/get_state__type_support.h
[0.532s] -- Up-to-date: /home/thegodset/fyp/install/vda5050_connector/include/vda5050_connector/vda5050_connector/srv/detail/supported_actions__functions.c
[0.532s] -- Up-to-date: /home/thegodset/fyp/install/vda5050_connector/include/vda5050_connector/vda5050_connector/srv/detail/supported_actions__struct.h
[0.532s] -- Up-to-date: /home/thegodset/fyp/install/vda5050_connector/include/vda5050_connector/vda5050_connector/srv/detail/supported_actions__type_support.h
[0.532s] -- Up-to-date: /home/thegodset/fyp/install/vda5050_connector/include/vda5050_connector/vda5050_connector/srv/supported_actions.h
[0.533s] -- Up-to-date: /home/thegodset/fyp/install/vda5050_connector/include/vda5050_connector/vda5050_connector/srv/get_state.h
[0.533s] -- Up-to-date: /home/thegodset/fyp/install/vda5050_connector/include/vda5050_connector/vda5050_connector/action
[0.533s] -- Up-to-date: /home/thegodset/fyp/install/vda5050_connector/include/vda5050_connector/vda5050_connector/action/detail
[0.533s] -- Up-to-date: /home/thegodset/fyp/install/vda5050_connector/include/vda5050_connector/vda5050_connector/action/detail/navigate_to_node__functions.c
[0.533s] -- Up-to-date: /home/thegodset/fyp/install/vda5050_connector/include/vda5050_connector/vda5050_connector/action/detail/process_vda_action__functions.c
[0.533s] -- Up-to-date: /home/thegodset/fyp/install/vda5050_connector/include/vda5050_connector/vda5050_connector/action/detail/navigate_to_node__struct.h
[0.533s] -- Up-to-date: /home/thegodset/fyp/install/vda5050_connector/include/vda5050_connector/vda5050_connector/action/detail/process_vda_action__struct.h
[0.533s] -- Up-to-date: /home/thegodset/fyp/install/vda5050_connector/include/vda5050_connector/vda5050_connector/action/detail/navigate_to_node__functions.h
[0.534s] -- Up-to-date: /home/thegodset/fyp/install/vda5050_connector/include/vda5050_connector/vda5050_connector/action/detail/navigate_to_node__type_support.h
[0.534s] -- Up-to-date: /home/thegodset/fyp/install/vda5050_connector/include/vda5050_connector/vda5050_connector/action/detail/process_vda_action__type_support.h
[0.534s] -- Up-to-date: /home/thegodset/fyp/install/vda5050_connector/include/vda5050_connector/vda5050_connector/action/detail/process_vda_action__functions.h
[0.534s] -- Up-to-date: /home/thegodset/fyp/install/vda5050_connector/include/vda5050_connector/vda5050_connector/action/navigate_to_node.h
[0.534s] -- Up-to-date: /home/thegodset/fyp/install/vda5050_connector/include/vda5050_connector/vda5050_connector/action/process_vda_action.h
[0.534s] -- Up-to-date: /home/thegodset/fyp/install/vda5050_connector/share/vda5050_connector/environment/library_path.sh
[0.534s] -- Up-to-date: /home/thegodset/fyp/install/vda5050_connector/share/vda5050_connector/environment/library_path.dsv
[0.534s] -- Up-to-date: /home/thegodset/fyp/install/vda5050_connector/lib/libvda5050_connector__rosidl_generator_c.so
[0.535s] -- Up-to-date: /home/thegodset/fyp/install/vda5050_connector/include/vda5050_connector/vda5050_connector
[0.535s] -- Up-to-date: /home/thegodset/fyp/install/vda5050_connector/include/vda5050_connector/vda5050_connector/msg
[0.535s] -- Up-to-date: /home/thegodset/fyp/install/vda5050_connector/include/vda5050_connector/vda5050_connector/msg/rosidl_typesupport_fastrtps_c__visibility_control.h
[0.535s] -- Up-to-date: /home/thegodset/fyp/install/vda5050_connector/include/vda5050_connector/vda5050_connector/srv
[0.535s] -- Up-to-date: /home/thegodset/fyp/install/vda5050_connector/include/vda5050_connector/vda5050_connector/srv/detail
[0.535s] -- Up-to-date: /home/thegodset/fyp/install/vda5050_connector/include/vda5050_connector/vda5050_connector/srv/detail/supported_actions__rosidl_typesupport_fastrtps_c.h
[0.535s] -- Up-to-date: /home/thegodset/fyp/install/vda5050_connector/include/vda5050_connector/vda5050_connector/srv/detail/get_state__rosidl_typesupport_fastrtps_c.h
[0.535s] -- Up-to-date: /home/thegodset/fyp/install/vda5050_connector/include/vda5050_connector/vda5050_connector/action
[0.535s] -- Up-to-date: /home/thegodset/fyp/install/vda5050_connector/include/vda5050_connector/vda5050_connector/action/detail
[0.535s] -- Up-to-date: /home/thegodset/fyp/install/vda5050_connector/include/vda5050_connector/vda5050_connector/action/detail/navigate_to_node__rosidl_typesupport_fastrtps_c.h
[0.535s] -- Up-to-date: /home/thegodset/fyp/install/vda5050_connector/include/vda5050_connector/vda5050_connector/action/detail/process_vda_action__rosidl_typesupport_fastrtps_c.h
[0.535s] -- Up-to-date: /home/thegodset/fyp/install/vda5050_connector/lib/libvda5050_connector__rosidl_typesupport_fastrtps_c.so
[0.535s] -- Up-to-date: /home/thegodset/fyp/install/vda5050_connector/include/vda5050_connector/vda5050_connector
[0.535s] -- Up-to-date: /home/thegodset/fyp/install/vda5050_connector/include/vda5050_connector/vda5050_connector/msg
[0.535s] -- Up-to-date: /home/thegodset/fyp/install/vda5050_connector/include/vda5050_connector/vda5050_connector/msg/rosidl_generator_cpp__visibility_control.hpp
[0.535s] -- Up-to-date: /home/thegodset/fyp/install/vda5050_connector/include/vda5050_connector/vda5050_connector/srv
[0.536s] -- Up-to-date: /home/thegodset/fyp/install/vda5050_connector/include/vda5050_connector/vda5050_connector/srv/detail
[0.536s] -- Up-to-date: /home/thegodset/fyp/install/vda5050_connector/include/vda5050_connector/vda5050_connector/srv/detail/supported_actions__traits.hpp
[0.536s] -- Up-to-date: /home/thegodset/fyp/install/vda5050_connector/include/vda5050_connector/vda5050_connector/srv/detail/supported_actions__type_support.hpp
[0.536s] -- Up-to-date: /home/thegodset/fyp/install/vda5050_connector/include/vda5050_connector/vda5050_connector/srv/detail/supported_actions__struct.hpp
[0.536s] -- Up-to-date: /home/thegodset/fyp/install/vda5050_connector/include/vda5050_connector/vda5050_connector/srv/detail/get_state__struct.hpp
[0.536s] -- Up-to-date: /home/thegodset/fyp/install/vda5050_connector/include/vda5050_connector/vda5050_connector/srv/detail/supported_actions__builder.hpp
[0.536s] -- Up-to-date: /home/thegodset/fyp/install/vda5050_connector/include/vda5050_connector/vda5050_connector/srv/detail/get_state__type_support.hpp
[0.536s] -- Up-to-date: /home/thegodset/fyp/install/vda5050_connector/include/vda5050_connector/vda5050_connector/srv/detail/get_state__builder.hpp
[0.536s] -- Up-to-date: /home/thegodset/fyp/install/vda5050_connector/include/vda5050_connector/vda5050_connector/srv/detail/get_state__traits.hpp
[0.536s] -- Up-to-date: /home/thegodset/fyp/install/vda5050_connector/include/vda5050_connector/vda5050_connector/srv/supported_actions.hpp
[0.536s] -- Up-to-date: /home/thegodset/fyp/install/vda5050_connector/include/vda5050_connector/vda5050_connector/srv/get_state.hpp
[0.536s] -- Up-to-date: /home/thegodset/fyp/install/vda5050_connector/include/vda5050_connector/vda5050_connector/action
[0.536s] -- Up-to-date: /home/thegodset/fyp/install/vda5050_connector/include/vda5050_connector/vda5050_connector/action/detail
[0.536s] -- Up-to-date: /home/thegodset/fyp/install/vda5050_connector/include/vda5050_connector/vda5050_connector/action/detail/navigate_to_node__struct.hpp
[0.536s] -- Up-to-date: /home/thegodset/fyp/install/vda5050_connector/include/vda5050_connector/vda5050_connector/action/detail/navigate_to_node__traits.hpp
[0.536s] -- Up-to-date: /home/thegodset/fyp/install/vda5050_connector/include/vda5050_connector/vda5050_connector/action/detail/process_vda_action__type_support.hpp
[0.536s] -- Up-to-date: /home/thegodset/fyp/install/vda5050_connector/include/vda5050_connector/vda5050_connector/action/detail/process_vda_action__builder.hpp
[0.536s] -- Up-to-date: /home/thegodset/fyp/install/vda5050_connector/include/vda5050_connector/vda5050_connector/action/detail/process_vda_action__struct.hpp
[0.537s] -- Up-to-date: /home/thegodset/fyp/install/vda5050_connector/include/vda5050_connector/vda5050_connector/action/detail/process_vda_action__traits.hpp
[0.537s] -- Up-to-date: /home/thegodset/fyp/install/vda5050_connector/include/vda5050_connector/vda5050_connector/action/detail/navigate_to_node__builder.hpp
[0.537s] -- Up-to-date: /home/thegodset/fyp/install/vda5050_connector/include/vda5050_connector/vda5050_connector/action/detail/navigate_to_node__type_support.hpp
[0.537s] -- Up-to-date: /home/thegodset/fyp/install/vda5050_connector/include/vda5050_connector/vda5050_connector/action/process_vda_action.hpp
[0.537s] -- Up-to-date: /home/thegodset/fyp/install/vda5050_connector/include/vda5050_connector/vda5050_connector/action/navigate_to_node.hpp
[0.537s] -- Up-to-date: /home/thegodset/fyp/install/vda5050_connector/include/vda5050_connector/vda5050_connector
[0.537s] -- Up-to-date: /home/thegodset/fyp/install/vda5050_connector/include/vda5050_connector/vda5050_connector/msg
[0.537s] -- Up-to-date: /home/thegodset/fyp/install/vda5050_connector/include/vda5050_connector/vda5050_connector/msg/rosidl_typesupport_fastrtps_cpp__visibility_control.h
[0.537s] -- Up-to-date: /home/thegodset/fyp/install/vda5050_connector/include/vda5050_connector/vda5050_connector/srv
[0.537s] -- Up-to-date: /home/thegodset/fyp/install/vda5050_connector/include/vda5050_connector/vda5050_connector/srv/detail
[0.537s] -- Up-to-date: /home/thegodset/fyp/install/vda5050_connector/include/vda5050_connector/vda5050_connector/srv/detail/supported_actions__rosidl_typesupport_fastrtps_cpp.hpp
[0.538s] -- Up-to-date: /home/thegodset/fyp/install/vda5050_connector/include/vda5050_connector/vda5050_connector/srv/detail/get_state__rosidl_typesupport_fastrtps_cpp.hpp
[0.538s] -- Up-to-date: /home/thegodset/fyp/install/vda5050_connector/include/vda5050_connector/vda5050_connector/srv/detail/dds_fastrtps
[0.538s] -- Up-to-date: /home/thegodset/fyp/install/vda5050_connector/include/vda5050_connector/vda5050_connector/action
[0.538s] -- Up-to-date: /home/thegodset/fyp/install/vda5050_connector/include/vda5050_connector/vda5050_connector/action/detail
[0.538s] -- Up-to-date: /home/thegodset/fyp/install/vda5050_connector/include/vda5050_connector/vda5050_connector/action/detail/process_vda_action__rosidl_typesupport_fastrtps_cpp.hpp
[0.538s] -- Up-to-date: /home/thegodset/fyp/install/vda5050_connector/include/vda5050_connector/vda5050_connector/action/detail/navigate_to_node__rosidl_typesupport_fastrtps_cpp.hpp
[0.538s] -- Up-to-date: /home/thegodset/fyp/install/vda5050_connector/include/vda5050_connector/vda5050_connector/action/detail/dds_fastrtps
[0.538s] -- Up-to-date: /home/thegodset/fyp/install/vda5050_connector/lib/libvda5050_connector__rosidl_typesupport_fastrtps_cpp.so
[0.538s] -- Up-to-date: /home/thegodset/fyp/install/vda5050_connector/include/vda5050_connector/vda5050_connector
[0.538s] -- Up-to-date: /home/thegodset/fyp/install/vda5050_connector/include/vda5050_connector/vda5050_connector/msg
[0.538s] -- Up-to-date: /home/thegodset/fyp/install/vda5050_connector/include/vda5050_connector/vda5050_connector/msg/rosidl_typesupport_introspection_c__visibility_control.h
[0.538s] -- Up-to-date: /home/thegodset/fyp/install/vda5050_connector/include/vda5050_connector/vda5050_connector/srv
[0.538s] -- Up-to-date: /home/thegodset/fyp/install/vda5050_connector/include/vda5050_connector/vda5050_connector/srv/detail
[0.538s] -- Up-to-date: /home/thegodset/fyp/install/vda5050_connector/include/vda5050_connector/vda5050_connector/srv/detail/get_state__type_support.c
[0.538s] -- Up-to-date: /home/thegodset/fyp/install/vda5050_connector/include/vda5050_connector/vda5050_connector/srv/detail/get_state__rosidl_typesupport_introspection_c.h
[0.538s] -- Up-to-date: /home/thegodset/fyp/install/vda5050_connector/include/vda5050_connector/vda5050_connector/srv/detail/supported_actions__type_support.c
[0.538s] -- Up-to-date: /home/thegodset/fyp/install/vda5050_connector/include/vda5050_connector/vda5050_connector/srv/detail/supported_actions__rosidl_typesupport_introspection_c.h
[0.538s] -- Up-to-date: /home/thegodset/fyp/install/vda5050_connector/include/vda5050_connector/vda5050_connector/action
[0.538s] -- Up-to-date: /home/thegodset/fyp/install/vda5050_connector/include/vda5050_connector/vda5050_connector/action/detail
[0.538s] -- Up-to-date: /home/thegodset/fyp/install/vda5050_connector/include/vda5050_connector/vda5050_connector/action/detail/navigate_to_node__type_support.c
[0.538s] -- Up-to-date: /home/thegodset/fyp/install/vda5050_connector/include/vda5050_connector/vda5050_connector/action/detail/process_vda_action__rosidl_typesupport_introspection_c.h
[0.538s] -- Up-to-date: /home/thegodset/fyp/install/vda5050_connector/include/vda5050_connector/vda5050_connector/action/detail/navigate_to_node__rosidl_typesupport_introspection_c.h
[0.538s] -- Up-to-date: /home/thegodset/fyp/install/vda5050_connector/include/vda5050_connector/vda5050_connector/action/detail/process_vda_action__type_support.c
[0.538s] -- Up-to-date: /home/thegodset/fyp/install/vda5050_connector/lib/libvda5050_connector__rosidl_typesupport_introspection_c.so
[0.538s] -- Up-to-date: /home/thegodset/fyp/install/vda5050_connector/lib/libvda5050_connector__rosidl_typesupport_c.so
[0.538s] -- Up-to-date: /home/thegodset/fyp/install/vda5050_connector/include/vda5050_connector/vda5050_connector
[0.538s] -- Up-to-date: /home/thegodset/fyp/install/vda5050_connector/include/vda5050_connector/vda5050_connector/srv
[0.538s] -- Up-to-date: /home/thegodset/fyp/install/vda5050_connector/include/vda5050_connector/vda5050_connector/srv/detail
[0.538s] -- Up-to-date: /home/thegodset/fyp/install/vda5050_connector/include/vda5050_connector/vda5050_connector/srv/detail/get_state__rosidl_typesupport_introspection_cpp.hpp
[0.539s] -- Up-to-date: /home/thegodset/fyp/install/vda5050_connector/include/vda5050_connector/vda5050_connector/srv/detail/get_state__type_support.cpp
[0.539s] -- Up-to-date: /home/thegodset/fyp/install/vda5050_connector/include/vda5050_connector/vda5050_connector/srv/detail/supported_actions__type_support.cpp
[0.539s] -- Up-to-date: /home/thegodset/fyp/install/vda5050_connector/include/vda5050_connector/vda5050_connector/srv/detail/supported_actions__rosidl_typesupport_introspection_cpp.hpp
[0.539s] -- Up-to-date: /home/thegodset/fyp/install/vda5050_connector/include/vda5050_connector/vda5050_connector/action
[0.539s] -- Up-to-date: /home/thegodset/fyp/install/vda5050_connector/include/vda5050_connector/vda5050_connector/action/detail
[0.539s] -- Up-to-date: /home/thegodset/fyp/install/vda5050_connector/include/vda5050_connector/vda5050_connector/action/detail/process_vda_action__rosidl_typesupport_introspection_cpp.hpp
[0.539s] -- Up-to-date: /home/thegodset/fyp/install/vda5050_connector/include/vda5050_connector/vda5050_connector/action/detail/process_vda_action__type_support.cpp
[0.539s] -- Up-to-date: /home/thegodset/fyp/install/vda5050_connector/include/vda5050_connector/vda5050_connector/action/detail/navigate_to_node__type_support.cpp
[0.539s] -- Up-to-date: /home/thegodset/fyp/install/vda5050_connector/include/vda5050_connector/vda5050_connector/action/detail/navigate_to_node__rosidl_typesupport_introspection_cpp.hpp
[0.539s] -- Up-to-date: /home/thegodset/fyp/install/vda5050_connector/lib/libvda5050_connector__rosidl_typesupport_introspection_cpp.so
[0.539s] -- Up-to-date: /home/thegodset/fyp/install/vda5050_connector/lib/libvda5050_connector__rosidl_typesupport_cpp.so
[0.539s] -- Up-to-date: /home/thegodset/fyp/install/vda5050_connector/share/vda5050_connector/environment/pythonpath.sh
[0.539s] -- Up-to-date: /home/thegodset/fyp/install/vda5050_connector/share/vda5050_connector/environment/pythonpath.dsv
[0.539s] -- Up-to-date: /home/thegodset/fyp/install/vda5050_connector/local/lib/python3.10/dist-packages/vda5050_connector-1.1.1-py3.10.egg-info
[0.539s] -- Installing: /home/thegodset/fyp/install/vda5050_connector/local/lib/python3.10/dist-packages/vda5050_connector-1.1.1-py3.10.egg-info/dependency_links.txt
[0.539s] -- Installing: /home/thegodset/fyp/install/vda5050_connector/local/lib/python3.10/dist-packages/vda5050_connector-1.1.1-py3.10.egg-info/SOURCES.txt
[0.539s] -- Installing: /home/thegodset/fyp/install/vda5050_connector/local/lib/python3.10/dist-packages/vda5050_connector-1.1.1-py3.10.egg-info/top_level.txt
[0.539s] -- Installing: /home/thegodset/fyp/install/vda5050_connector/local/lib/python3.10/dist-packages/vda5050_connector-1.1.1-py3.10.egg-info/PKG-INFO
[0.539s] -- Up-to-date: /home/thegodset/fyp/install/vda5050_connector/local/lib/python3.10/dist-packages/vda5050_connector
[0.539s] -- Up-to-date: /home/thegodset/fyp/install/vda5050_connector/local/lib/python3.10/dist-packages/vda5050_connector/__init__.py
[0.539s] -- Up-to-date: /home/thegodset/fyp/install/vda5050_connector/local/lib/python3.10/dist-packages/vda5050_connector/libvda5050_connector__rosidl_generator_py.so
[0.539s] -- Up-to-date: /home/thegodset/fyp/install/vda5050_connector/local/lib/python3.10/dist-packages/vda5050_connector/vda5050_connector_s__rosidl_typesupport_introspection_c.cpython-310-x86_64-linux-gnu.so
[0.539s] -- Up-to-date: /home/thegodset/fyp/install/vda5050_connector/local/lib/python3.10/dist-packages/vda5050_connector/vda5050_connector_s__rosidl_typesupport_fastrtps_c.cpython-310-x86_64-linux-gnu.so
[0.539s] -- Up-to-date: /home/thegodset/fyp/install/vda5050_connector/local/lib/python3.10/dist-packages/vda5050_connector/srv
[0.540s] -- Up-to-date: /home/thegodset/fyp/install/vda5050_connector/local/lib/python3.10/dist-packages/vda5050_connector/srv/__init__.py
[0.540s] -- Up-to-date: /home/thegodset/fyp/install/vda5050_connector/local/lib/python3.10/dist-packages/vda5050_connector/srv/_get_state_s.c
[0.540s] -- Up-to-date: /home/thegodset/fyp/install/vda5050_connector/local/lib/python3.10/dist-packages/vda5050_connector/srv/_supported_actions.py
[0.540s] -- Up-to-date: /home/thegodset/fyp/install/vda5050_connector/local/lib/python3.10/dist-packages/vda5050_connector/srv/_supported_actions_s.c
[0.540s] -- Up-to-date: /home/thegodset/fyp/install/vda5050_connector/local/lib/python3.10/dist-packages/vda5050_connector/srv/_get_state.py
[0.540s] -- Up-to-date: /home/thegodset/fyp/install/vda5050_connector/local/lib/python3.10/dist-packages/vda5050_connector/vda5050_connector_s__rosidl_typesupport_c.cpython-310-x86_64-linux-gnu.so
[0.540s] -- Up-to-date: /home/thegodset/fyp/install/vda5050_connector/local/lib/python3.10/dist-packages/vda5050_connector/_vda5050_connector_s.ep.rosidl_typesupport_fastrtps_c.c
[0.540s] -- Up-to-date: /home/thegodset/fyp/install/vda5050_connector/local/lib/python3.10/dist-packages/vda5050_connector/action
[0.540s] -- Up-to-date: /home/thegodset/fyp/install/vda5050_connector/local/lib/python3.10/dist-packages/vda5050_connector/action/_process_vda_action_s.c
[0.540s] -- Up-to-date: /home/thegodset/fyp/install/vda5050_connector/local/lib/python3.10/dist-packages/vda5050_connector/action/__init__.py
[0.540s] -- Up-to-date: /home/thegodset/fyp/install/vda5050_connector/local/lib/python3.10/dist-packages/vda5050_connector/action/_process_vda_action.py
[0.540s] -- Up-to-date: /home/thegodset/fyp/install/vda5050_connector/local/lib/python3.10/dist-packages/vda5050_connector/action/_navigate_to_node_s.c
[0.540s] -- Up-to-date: /home/thegodset/fyp/install/vda5050_connector/local/lib/python3.10/dist-packages/vda5050_connector/action/_navigate_to_node.py
[0.540s] -- Up-to-date: /home/thegodset/fyp/install/vda5050_connector/local/lib/python3.10/dist-packages/vda5050_connector/_vda5050_connector_s.ep.rosidl_typesupport_introspection_c.c
[0.540s] -- Up-to-date: /home/thegodset/fyp/install/vda5050_connector/local/lib/python3.10/dist-packages/vda5050_connector/_vda5050_connector_s.ep.rosidl_typesupport_c.c
[0.582s] Listing '/home/thegodset/fyp/install/vda5050_connector/local/lib/python3.10/dist-packages/vda5050_connector'...
[0.582s] Listing '/home/thegodset/fyp/install/vda5050_connector/local/lib/python3.10/dist-packages/vda5050_connector/action'...
[0.582s] Listing '/home/thegodset/fyp/install/vda5050_connector/local/lib/python3.10/dist-packages/vda5050_connector/srv'...
[0.587s] -- Up-to-date: /home/thegodset/fyp/install/vda5050_connector/local/lib/python3.10/dist-packages/vda5050_connector/vda5050_connector_s__rosidl_typesupport_fastrtps_c.cpython-310-x86_64-linux-gnu.so
[0.587s] -- Up-to-date: /home/thegodset/fyp/install/vda5050_connector/local/lib/python3.10/dist-packages/vda5050_connector/vda5050_connector_s__rosidl_typesupport_introspection_c.cpython-310-x86_64-linux-gnu.so
[0.588s] -- Up-to-date: /home/thegodset/fyp/install/vda5050_connector/local/lib/python3.10/dist-packages/vda5050_connector/vda5050_connector_s__rosidl_typesupport_c.cpython-310-x86_64-linux-gnu.so
[0.588s] -- Up-to-date: /home/thegodset/fyp/install/vda5050_connector/lib/libvda5050_connector__rosidl_generator_py.so
[0.588s] -- Up-to-date: /home/thegodset/fyp/install/vda5050_connector/share/vda5050_connector/action/NavigateToNode.idl
[0.589s] -- Up-to-date: /home/thegodset/fyp/install/vda5050_connector/share/vda5050_connector/action/ProcessVDAAction.idl
[0.589s] -- Up-to-date: /home/thegodset/fyp/install/vda5050_connector/share/vda5050_connector/srv/GetState.idl
[0.589s] -- Up-to-date: /home/thegodset/fyp/install/vda5050_connector/share/vda5050_connector/srv/SupportedActions.idl
[0.589s] -- Up-to-date: /home/thegodset/fyp/install/vda5050_connector/share/vda5050_connector/action/NavigateToNode.action
[0.590s] -- Up-to-date: /home/thegodset/fyp/install/vda5050_connector/share/vda5050_connector/action/ProcessVDAAction.action
[0.590s] -- Up-to-date: /home/thegodset/fyp/install/vda5050_connector/share/vda5050_connector/srv/GetState.srv
[0.590s] -- Up-to-date: /home/thegodset/fyp/install/vda5050_connector/share/vda5050_connector/srv/GetState_Request.msg
[0.590s] -- Up-to-date: /home/thegodset/fyp/install/vda5050_connector/share/vda5050_connector/srv/GetState_Response.msg
[0.590s] -- Up-to-date: /home/thegodset/fyp/install/vda5050_connector/share/vda5050_connector/srv/SupportedActions.srv
[0.590s] -- Up-to-date: /home/thegodset/fyp/install/vda5050_connector/share/vda5050_connector/srv/SupportedActions_Request.msg
[0.590s] -- Up-to-date: /home/thegodset/fyp/install/vda5050_connector/share/vda5050_connector/srv/SupportedActions_Response.msg
[0.590s] -- Up-to-date: /home/thegodset/fyp/install/vda5050_connector/include
[0.590s] -- Up-to-date: /home/thegodset/fyp/install/vda5050_connector/include/vda5050_connector
[0.590s] -- Up-to-date: /home/thegodset/fyp/install/vda5050_connector/include/vda5050_connector/visibility_control.h
[0.591s] -- Up-to-date: /home/thegodset/fyp/install/vda5050_connector/include/vda5050_connector/vda_action.hpp
[0.591s] -- Up-to-date: /home/thegodset/fyp/install/vda5050_connector/include/vda5050_connector/adapter.hpp
[0.591s] -- Up-to-date: /home/thegodset/fyp/install/vda5050_connector/include/vda5050_connector/handler.hpp
[0.591s] -- Up-to-date: /home/thegodset/fyp/install/vda5050_connector/include/vda5050_connector/state_handler.hpp
[0.591s] -- Up-to-date: /home/thegodset/fyp/install/vda5050_connector/include/vda5050_connector/nav_to_node.hpp
[0.591s] -- Up-to-date: /home/thegodset/fyp/install/vda5050_connector/include/vda5050_connector/utils.hpp
[0.591s] -- Up-to-date: /home/thegodset/fyp/install/vda5050_connector/lib/libadapter.so
[0.591s] -- Up-to-date: /home/thegodset/fyp/install/vda5050_connector/local/lib/python3.10/dist-packages/vda5050_connector_py-1.1.1-py3.10.egg-info
[0.591s] -- Installing: /home/thegodset/fyp/install/vda5050_connector/local/lib/python3.10/dist-packages/vda5050_connector_py-1.1.1-py3.10.egg-info/dependency_links.txt
[0.591s] -- Installing: /home/thegodset/fyp/install/vda5050_connector/local/lib/python3.10/dist-packages/vda5050_connector_py-1.1.1-py3.10.egg-info/SOURCES.txt
[0.591s] -- Installing: /home/thegodset/fyp/install/vda5050_connector/local/lib/python3.10/dist-packages/vda5050_connector_py-1.1.1-py3.10.egg-info/top_level.txt
[0.591s] -- Installing: /home/thegodset/fyp/install/vda5050_connector/local/lib/python3.10/dist-packages/vda5050_connector_py-1.1.1-py3.10.egg-info/PKG-INFO
[0.591s] -- Up-to-date: /home/thegodset/fyp/install/vda5050_connector/local/lib/python3.10/dist-packages/vda5050_connector_py
[0.591s] -- Up-to-date: /home/thegodset/fyp/install/vda5050_connector/local/lib/python3.10/dist-packages/vda5050_connector_py/vda5050_controller.py
[0.591s] -- Up-to-date: /home/thegodset/fyp/install/vda5050_connector/local/lib/python3.10/dist-packages/vda5050_connector_py/__init__.py
[0.591s] -- Up-to-date: /home/thegodset/fyp/install/vda5050_connector/local/lib/python3.10/dist-packages/vda5050_connector_py/mqtt_bridge.py
[0.591s] -- Up-to-date: /home/thegodset/fyp/install/vda5050_connector/local/lib/python3.10/dist-packages/vda5050_connector_py/utils.py
[0.591s] -- Up-to-date: /home/thegodset/fyp/install/vda5050_connector/local/lib/python3.10/dist-packages/vda5050_connector_py/rewritten_yaml.py
[0.633s] Listing '/home/thegodset/fyp/install/vda5050_connector/local/lib/python3.10/dist-packages/vda5050_connector_py'...
[0.637s] -- Up-to-date: /home/thegodset/fyp/install/vda5050_connector/lib/vda5050_connector/mqtt_bridge.py
[0.637s] -- Up-to-date: /home/thegodset/fyp/install/vda5050_connector/lib/vda5050_connector/vda5050_controller.py
[0.637s] -- Up-to-date: /home/thegodset/fyp/install/vda5050_connector/share/vda5050_connector//config
[0.637s] -- Up-to-date: /home/thegodset/fyp/install/vda5050_connector/share/vda5050_connector//config/connector_example.yaml
[0.637s] -- Up-to-date: /home/thegodset/fyp/install/vda5050_connector/share/vda5050_connector//launch
[0.637s] -- Up-to-date: /home/thegodset/fyp/install/vda5050_connector/share/vda5050_connector//launch/mqtt_bridge.launch.py
[0.637s] -- Up-to-date: /home/thegodset/fyp/install/vda5050_connector/share/vda5050_connector//launch/controller.launch.py
[0.638s] -- Up-to-date: /home/thegodset/fyp/install/vda5050_connector/share/vda5050_connector/test/adapter/plugins_test.xml
[0.638s] -- Up-to-date: /home/thegodset/fyp/install/vda5050_connector/share/ament_index/resource_index/package_run_dependencies/vda5050_connector
[0.638s] -- Up-to-date: /home/thegodset/fyp/install/vda5050_connector/share/ament_index/resource_index/parent_prefix_path/vda5050_connector
[0.638s] -- Up-to-date: /home/thegodset/fyp/install/vda5050_connector/share/vda5050_connector/environment/ament_prefix_path.sh
[0.638s] -- Up-to-date: /home/thegodset/fyp/install/vda5050_connector/share/vda5050_connector/environment/ament_prefix_path.dsv
[0.638s] -- Up-to-date: /home/thegodset/fyp/install/vda5050_connector/share/vda5050_connector/environment/path.sh
[0.638s] -- Up-to-date: /home/thegodset/fyp/install/vda5050_connector/share/vda5050_connector/environment/path.dsv
[0.638s] -- Up-to-date: /home/thegodset/fyp/install/vda5050_connector/share/vda5050_connector/local_setup.bash
[0.638s] -- Up-to-date: /home/thegodset/fyp/install/vda5050_connector/share/vda5050_connector/local_setup.sh
[0.639s] -- Up-to-date: /home/thegodset/fyp/install/vda5050_connector/share/vda5050_connector/local_setup.zsh
[0.639s] -- Up-to-date: /home/thegodset/fyp/install/vda5050_connector/share/vda5050_connector/local_setup.dsv
[0.639s] -- Installing: /home/thegodset/fyp/install/vda5050_connector/share/vda5050_connector/package.dsv
[0.639s] -- Up-to-date: /home/thegodset/fyp/install/vda5050_connector/share/ament_index/resource_index/packages/vda5050_connector
[0.639s] -- Up-to-date: /home/thegodset/fyp/install/vda5050_connector/share/ament_index/resource_index/vda5050_connector__pluginlib__plugin/vda5050_connector
[0.639s] -- Up-to-date: /home/thegodset/fyp/install/vda5050_connector/share/vda5050_connector/cmake/export_vda5050_connector__rosidl_generator_cExport.cmake
[0.639s] -- Up-to-date: /home/thegodset/fyp/install/vda5050_connector/share/vda5050_connector/cmake/export_vda5050_connector__rosidl_generator_cExport-noconfig.cmake
[0.639s] -- Up-to-date: /home/thegodset/fyp/install/vda5050_connector/share/vda5050_connector/cmake/export_vda5050_connector__rosidl_typesupport_fastrtps_cExport.cmake
[0.639s] -- Up-to-date: /home/thegodset/fyp/install/vda5050_connector/share/vda5050_connector/cmake/export_vda5050_connector__rosidl_typesupport_fastrtps_cExport-noconfig.cmake
[0.639s] -- Up-to-date: /home/thegodset/fyp/install/vda5050_connector/share/vda5050_connector/cmake/export_vda5050_connector__rosidl_generator_cppExport.cmake
[0.639s] -- Up-to-date: /home/thegodset/fyp/install/vda5050_connector/share/vda5050_connector/cmake/export_vda5050_connector__rosidl_typesupport_fastrtps_cppExport.cmake
[0.639s] -- Up-to-date: /home/thegodset/fyp/install/vda5050_connector/share/vda5050_connector/cmake/export_vda5050_connector__rosidl_typesupport_fastrtps_cppExport-noconfig.cmake
[0.640s] -- Up-to-date: /home/thegodset/fyp/install/vda5050_connector/share/vda5050_connector/cmake/vda5050_connector__rosidl_typesupport_introspection_cExport.cmake
[0.640s] -- Up-to-date: /home/thegodset/fyp/install/vda5050_connector/share/vda5050_connector/cmake/vda5050_connector__rosidl_typesupport_introspection_cExport-noconfig.cmake
[0.640s] -- Up-to-date: /home/thegodset/fyp/install/vda5050_connector/share/vda5050_connector/cmake/vda5050_connector__rosidl_typesupport_cExport.cmake
[0.640s] -- Up-to-date: /home/thegodset/fyp/install/vda5050_connector/share/vda5050_connector/cmake/vda5050_connector__rosidl_typesupport_cExport-noconfig.cmake
[0.640s] -- Up-to-date: /home/thegodset/fyp/install/vda5050_connector/share/vda5050_connector/cmake/vda5050_connector__rosidl_typesupport_introspection_cppExport.cmake
[0.640s] -- Up-to-date: /home/thegodset/fyp/install/vda5050_connector/share/vda5050_connector/cmake/vda5050_connector__rosidl_typesupport_introspection_cppExport-noconfig.cmake
[0.640s] -- Up-to-date: /home/thegodset/fyp/install/vda5050_connector/share/vda5050_connector/cmake/vda5050_connector__rosidl_typesupport_cppExport.cmake
[0.640s] -- Up-to-date: /home/thegodset/fyp/install/vda5050_connector/share/vda5050_connector/cmake/vda5050_connector__rosidl_typesupport_cppExport-noconfig.cmake
[0.640s] -- Up-to-date: /home/thegodset/fyp/install/vda5050_connector/share/vda5050_connector/cmake/export_vda5050_connector__rosidl_generator_pyExport.cmake
[0.640s] -- Up-to-date: /home/thegodset/fyp/install/vda5050_connector/share/vda5050_connector/cmake/export_vda5050_connector__rosidl_generator_pyExport-noconfig.cmake
[0.640s] -- Up-to-date: /home/thegodset/fyp/install/vda5050_connector/share/vda5050_connector/cmake/export_vda5050_connectorExport.cmake
[0.640s] -- Up-to-date: /home/thegodset/fyp/install/vda5050_connector/share/vda5050_connector/cmake/export_vda5050_connectorExport-noconfig.cmake
[0.640s] -- Up-to-date: /home/thegodset/fyp/install/vda5050_connector/share/vda5050_connector/cmake/rosidl_cmake-extras.cmake
[0.640s] -- Up-to-date: /home/thegodset/fyp/install/vda5050_connector/share/vda5050_connector/cmake/ament_cmake_export_dependencies-extras.cmake
[0.640s] -- Up-to-date: /home/thegodset/fyp/install/vda5050_connector/share/vda5050_connector/cmake/ament_cmake_export_include_directories-extras.cmake
[0.640s] -- Up-to-date: /home/thegodset/fyp/install/vda5050_connector/share/vda5050_connector/cmake/ament_cmake_export_libraries-extras.cmake
[0.640s] -- Up-to-date: /home/thegodset/fyp/install/vda5050_connector/share/vda5050_connector/cmake/ament_cmake_export_targets-extras.cmake
[0.640s] -- Up-to-date: /home/thegodset/fyp/install/vda5050_connector/share/vda5050_connector/cmake/rosidl_cmake_export_typesupport_targets-extras.cmake
[0.641s] -- Up-to-date: /home/thegodset/fyp/install/vda5050_connector/share/vda5050_connector/cmake/rosidl_cmake_export_typesupport_libraries-extras.cmake
[0.641s] -- Up-to-date: /home/thegodset/fyp/install/vda5050_connector/share/vda5050_connector/cmake/vda5050_connectorConfig.cmake
[0.641s] -- Up-to-date: /home/thegodset/fyp/install/vda5050_connector/share/vda5050_connector/cmake/vda5050_connectorConfig-version.cmake
[0.641s] -- Up-to-date: /home/thegodset/fyp/install/vda5050_connector/share/vda5050_connector/package.xml
[0.641s] -- Up-to-date: /home/thegodset/fyp/install/vda5050_connector/lib/libtest_plugins.so
[0.644s] Invoked command in '/home/thegodset/fyp/build/vda5050_connector' returned '0': CMAKE_PREFIX_PATH=/home/thegodset/fyp/install/vda5050_msgs:/home/thegodset/fyp/install/vda5050_connector:/home/thegodset/fyp/install/turtlebot3_simulations:/home/thegodset/fyp/install/turtlebot3_gazebo:/home/thegodset/fyp/install/turtlebot3_fake_node:/home/thegodset/install/turtlesim:/home/thegodset/install/turtlebot3_navigation2:/home/thegodset/install/turtlebot3_environment_navigation:/home/thegodset/install/turtlebot3_description:/home/thegodset/install/turtlebot3_cartographer:/home/thegodset/install/examples_rclcpp_wait_set:/home/thegodset/install/examples_rclcpp_multithreaded_executor:/home/thegodset/install/examples_rclcpp_minimal_timer:/home/thegodset/install/examples_rclcpp_minimal_subscriber:/home/thegodset/install/examples_rclcpp_minimal_service:/home/thegodset/install/examples_rclcpp_minimal_publisher:/home/thegodset/install/examples_rclcpp_minimal_composition:/home/thegodset/install/examples_rclcpp_minimal_client:/home/thegodset/install/examples_rclcpp_minimal_action_server:/home/thegodset/install/examples_rclcpp_minimal_action_client:/home/thegodset/install/examples_rclcpp_cbg_executor:/home/thegodset/install/examples_rclcpp_async_client:/home/thegodset/install/dynamixel_sdk:/home/thegodset/ros2_ws/install/tutorial_interfaces:/home/thegodset/ros2_ws/install/turtlesim:/home/thegodset/ros2_ws/install/turtlebot3_multi_robot:/home/thegodset/ros2_ws/install/my_opencv_demo:/home/thegodset/ros2_ws/install/more_interfaces:/home/thegodset/ros2_ws/install/examples_rclcpp_wait_set:/home/thegodset/ros2_ws/install/examples_rclcpp_multithreaded_executor:/home/thegodset/ros2_ws/install/examples_rclcpp_minimal_timer:/home/thegodset/ros2_ws/install/examples_rclcpp_minimal_subscriber:/home/thegodset/ros2_ws/install/examples_rclcpp_minimal_service:/home/thegodset/ros2_ws/install/examples_rclcpp_minimal_publisher:/home/thegodset/ros2_ws/install/examples_rclcpp_minimal_composition:/home/thegodset/ros2_ws/install/examples_rclcpp_minimal_client:/home/thegodset/ros2_ws/install/examples_rclcpp_minimal_action_server:/home/thegodset/ros2_ws/install/examples_rclcpp_minimal_action_client:/home/thegodset/ros2_ws/install/examples_rclcpp_cbg_executor:/home/thegodset/ros2_ws/install/examples_rclcpp_async_client:/home/thegodset/ros2_ws/install/action_tutorials_interfaces:/home/thegodset/ros2_assignment/install/ros2_gazebo:/home/thegodset/turtlebot3_ws/install/turtlebot3_simulations:/home/thegodset/turtlebot3_ws/install/turtlebot3_gazebo:/home/thegodset/turtlebot3_ws/install/turtlebot3_fake_node:/home/thegodset/fyp/install/vda5050_adapter:/home/thegodset/install/turtlebot3_teleop:/home/thegodset/install/turtlebot3_example:/home/thegodset/install/launch_testing_examples:/home/thegodset/install/examples_rclpy_pointcloud_publisher:/home/thegodset/install/examples_rclpy_minimal_subscriber:/home/thegodset/install/examples_rclpy_minimal_service:/home/thegodset/install/examples_rclpy_minimal_publisher:/home/thegodset/install/examples_rclpy_minimal_client:/home/thegodset/install/examples_rclpy_minimal_action_server:/home/thegodset/install/examples_rclpy_minimal_action_client:/home/thegodset/install/examples_rclpy_guard_conditions:/home/thegodset/install/examples_rclpy_executors:/home/thegodset/ros2_ws/install/py_srvcli:/home/thegodset/ros2_ws/install/turtlebot_gui_rviz:/home/thegodset/ros2_ws/install/python_parameters:/home/thegodset/ros2_ws/install/py_pubsub:/home/thegodset/ros2_ws/install/my_package:/home/thegodset/ros2_ws/install/my_gui_package:/home/thegodset/ros2_ws/install/launch_testing_examples:/home/thegodset/ros2_ws/install/examples_rclpy_pointcloud_publisher:/home/thegodset/ros2_ws/install/examples_rclpy_minimal_subscriber:/home/thegodset/ros2_ws/install/examples_rclpy_minimal_service:/home/thegodset/ros2_ws/install/examples_rclpy_minimal_publisher:/home/thegodset/ros2_ws/install/examples_rclpy_minimal_client:/home/thegodset/ros2_ws/install/examples_rclpy_minimal_action_server:/home/thegodset/ros2_ws/install/examples_rclpy_minimal_action_client:/home/thegodset/ros2_ws/install/examples_rclpy_guard_conditions:/home/thegodset/ros2_ws/install/examples_rclpy_executors:/home/thegodset/ros2_assignment/install/ros2_map:/home/thegodset/ros2_assignment/install/ros2_assignment:/home/thegodset/dev_ws/install/warehouse_robot_spawner_pkg:/home/thegodset/dev_ws/install/warehouse_robot_controller_pkg:/opt/ros/humble LD_LIBRARY_PATH=/home/thegodset/fyp/install/vda5050_msgs/lib:/home/thegodset/fyp/install/vda5050_connector/lib:/home/thegodset/install/turtlesim/lib:/home/thegodset/install/examples_rclcpp_wait_set/lib:/home/thegodset/install/examples_rclcpp_minimal_subscriber/lib:/home/thegodset/install/examples_rclcpp_minimal_composition/lib:/home/thegodset/install/dynamixel_sdk/lib:/home/thegodset/ros2_ws/install/tutorial_interfaces/lib:/home/thegodset/ros2_ws/install/turtlesim/lib:/home/thegodset/ros2_ws/install/more_interfaces/lib:/home/thegodset/ros2_ws/install/examples_rclcpp_wait_set/lib:/home/thegodset/ros2_ws/install/examples_rclcpp_minimal_subscriber/lib:/home/thegodset/ros2_ws/install/examples_rclcpp_minimal_composition/lib:/usr/lib/x86_64-linux-gnu/gazebo-11/plugins:/opt/ros/humble/opt/rviz_ogre_vendor/lib:/opt/ros/humble/lib/x86_64-linux-gnu:/opt/ros/humble/lib /usr/bin/cmake --install /home/thegodset/fyp/build/vda5050_connector
